#
# There is insufficient memory for the Java Runtime Environment to continue.
# Native memory allocation (mmap) failed to map 65536 bytes. Error detail: Failed to commit metaspace.
# Possible reasons:
#   The system is out of physical RAM or swap space
#   This process is running with CompressedOops enabled, and the Java Heap may be blocking the growth of the native heap
# Possible solutions:
#   Reduce memory load on the system
#   Increase physical memory or swap space
#   Check if swap backing store is full
#   Decrease Java heap size (-Xmx/-Xms)
#   Decrease number of Java threads
#   Decrease Java thread stack sizes (-Xss)
#   Set larger code cache with -XX:ReservedCodeCacheSize=
#   JVM is running with Unscaled Compressed Oops mode in which the Java heap is
#     placed in the first 4GB address space. The Java Heap base address is the
#     maximum limit for the native heap growth. Please use -XX:HeapBaseMinAddress
#     to set the Java Heap base and to place the Java Heap above 4GB virtual address.
# This output file may be truncated or incomplete.
#
#  Out of Memory Error (virtualSpaceNode.cpp:110), pid=10708, tid=2368
#
# JRE version: OpenJDK Runtime Environment Corretto-17.0.11.9.1 (17.0.11+9) (build 17.0.11+9-LTS)
# Java VM: OpenJDK 64-Bit Server VM Corretto-17.0.11.9.1 (17.0.11+9-LTS, mixed mode, emulated-client, sharing, tiered, compressed oops, compressed class ptrs, g1 gc, windows-amd64)
# No core dump will be written. Minidumps are not enabled by default on client versions of Windows
#

---------------  S U M M A R Y ------------

Command Line: -XX:TieredStopAtLevel=1 -Dspring.output.ansi.enabled=always -Dcom.sun.management.jmxremote -Dspring.jmx.enabled=true -Dspring.liveBeansView.mbeanDomain -Dspring.application.admin.enabled=true -Dmanagement.endpoints.jmx.exposure.include=* -javaagent:C:\Program Files\JetBrains\IntelliJ IDEA 2024.1.1\lib\idea_rt.jar=51431:C:\Program Files\JetBrains\IntelliJ IDEA 2024.1.1\bin -Dfile.encoding=UTF-8 com.emtech.Fixed.Assets.Emtech.Fixed.Assets.EmtechFixedAssetsApplication

Host: Intel(R) Core(TM) i5-2467M CPU @ 1.60GHz, 4 cores, 3G,  Windows 10 , 64 bit Build 19041 (10.0.19041.3636)
Time: Tue May 21 15:46:35 2024 E. Africa Standard Time elapsed time: 10.474281 seconds (0d 0h 0m 10s)

---------------  T H R E A D  ---------------

Current thread (0x0000027ca02bb8e0):  JavaThread "main" [_thread_in_vm, id=2368, stack(0x000000d6e9700000,0x000000d6e9800000)]

Stack: [0x000000d6e9700000,0x000000d6e9800000]
Native frames: (J=compiled Java code, j=interpreted, Vv=VM code, C=native code)
V  [jvm.dll+0x67d009]
V  [jvm.dll+0x83489a]
V  [jvm.dll+0x83635e]
V  [jvm.dll+0x8369c3]
V  [jvm.dll+0x2479df]
V  [jvm.dll+0x83055b]
V  [jvm.dll+0x621936]
V  [jvm.dll+0x1c1a2e]
V  [jvm.dll+0x624291]
V  [jvm.dll+0x6222d6]
V  [jvm.dll+0x23be9f]
V  [jvm.dll+0x62c165]
V  [jvm.dll+0x1eb9fb]
V  [jvm.dll+0x1ebf35]
V  [jvm.dll+0x1ec9f0]
V  [jvm.dll+0x1e1df1]
V  [jvm.dll+0x54211e]
V  [jvm.dll+0x7ae9e8]
V  [jvm.dll+0x7aead4]
V  [jvm.dll+0x4102a5]
V  [jvm.dll+0x416419]
C  [java.dll+0x17ec]

Java frames: (J=compiled Java code, j=interpreted, Vv=VM code)
J 1212  java.lang.ClassLoader.defineClass1(Ljava/lang/ClassLoader;Ljava/lang/String;[BIILjava/security/ProtectionDomain;Ljava/lang/String;)Ljava/lang/Class; java.base@17.0.11 (0 bytes) @ 0x0000027ca993cce3 [0x0000027ca993cc20+0x00000000000000c3]
J 1219 c1 java.lang.ClassLoader.defineClass(Ljava/lang/String;[BIILjava/security/ProtectionDomain;)Ljava/lang/Class; java.base@17.0.11 (43 bytes) @ 0x0000027ca993f35c [0x0000027ca993f260+0x00000000000000fc]
J 1144 c1 jdk.internal.loader.BuiltinClassLoader.defineClass(Ljava/lang/String;Ljdk/internal/loader/Resource;)Ljava/lang/Class; java.base@17.0.11 (121 bytes) @ 0x0000027ca99227e4 [0x0000027ca9922320+0x00000000000004c4]
J 1136 c1 jdk.internal.loader.BuiltinClassLoader.findClassOnClassPathOrNull(Ljava/lang/String;)Ljava/lang/Class; java.base@17.0.11 (64 bytes) @ 0x0000027ca991f8dc [0x0000027ca991f620+0x00000000000002bc]
J 939 c1 jdk.internal.loader.BuiltinClassLoader.loadClassOrNull(Ljava/lang/String;Z)Ljava/lang/Class; java.base@17.0.11 (143 bytes) @ 0x0000027ca98c495c [0x0000027ca98c4500+0x000000000000045c]
J 1041 c1 jdk.internal.loader.ClassLoaders$AppClassLoader.loadClass(Ljava/lang/String;Z)Ljava/lang/Class; java.base@17.0.11 (40 bytes) @ 0x0000027ca98f84a4 [0x0000027ca98f8360+0x0000000000000144]
J 1035 c1 java.lang.ClassLoader.loadClass(Ljava/lang/String;)Ljava/lang/Class; java.base@17.0.11 (7 bytes) @ 0x0000027ca98f41e4 [0x0000027ca98f41a0+0x0000000000000044]
v  ~StubRoutines::call_stub
j  org.hibernate.internal.SessionFactoryImpl.<init>(Lorg/hibernate/boot/spi/MetadataImplementor;Lorg/hibernate/boot/spi/SessionFactoryOptions;Lorg/hibernate/boot/spi/BootstrapContext;)V+450
j  org.hibernate.boot.internal.SessionFactoryBuilderImpl.build()Lorg/hibernate/SessionFactory;+16
j  org.hibernate.jpa.boot.internal.EntityManagerFactoryBuilderImpl.build()Ljakarta/persistence/EntityManagerFactory;+22
j  org.springframework.orm.jpa.vendor.SpringHibernateJpaPersistenceProvider.createContainerEntityManagerFactory(Ljakarta/persistence/spi/PersistenceUnitInfo;Ljava/util/Map;)Ljakarta/persistence/EntityManagerFactory;+59
j  org.springframework.orm.jpa.LocalContainerEntityManagerFactoryBean.createNativeEntityManagerFactory()Ljakarta/persistence/EntityManagerFactory;+111
j  org.springframework.orm.jpa.AbstractEntityManagerFactoryBean.buildNativeEntityManagerFactory()Ljakarta/persistence/EntityManagerFactory;+1
j  org.springframework.orm.jpa.AbstractEntityManagerFactoryBean.afterPropertiesSet()V+192
j  org.springframework.orm.jpa.LocalContainerEntityManagerFactoryBean.afterPropertiesSet()V+84
j  org.springframework.beans.factory.support.AbstractAutowireCapableBeanFactory.invokeInitMethods(Ljava/lang/String;Ljava/lang/Object;Lorg/springframework/beans/factory/support/RootBeanDefinition;)V+56
j  org.springframework.beans.factory.support.AbstractAutowireCapableBeanFactory.initializeBean(Ljava/lang/String;Ljava/lang/Object;Lorg/springframework/beans/factory/support/RootBeanDefinition;)Ljava/lang/Object;+34
j  org.springframework.beans.factory.support.AbstractAutowireCapableBeanFactory.doCreateBean(Ljava/lang/String;Lorg/springframework/beans/factory/support/RootBeanDefinition;[Ljava/lang/Object;)Ljava/lang/Object;+228
j  org.springframework.beans.factory.support.AbstractAutowireCapableBeanFactory.createBean(Ljava/lang/String;Lorg/springframework/beans/factory/support/RootBeanDefinition;[Ljava/lang/Object;)Ljava/lang/Object;+153
j  org.springframework.beans.factory.support.AbstractBeanFactory.lambda$doGetBean$0(Ljava/lang/String;Lorg/springframework/beans/factory/support/RootBeanDefinition;[Ljava/lang/Object;)Ljava/lang/Object;+4
j  org.springframework.beans.factory.support.AbstractBeanFactory$$Lambda$323+0x0000027cb3208aa8.getObject()Ljava/lang/Object;+16
j  org.springframework.beans.factory.support.DefaultSingletonBeanRegistry.getSingleton(Ljava/lang/String;Lorg/springframework/beans/factory/ObjectFactory;)Ljava/lang/Object;+114
J 2588 c1 org.springframework.beans.factory.support.AbstractBeanFactory.doGetBean(Ljava/lang/String;Ljava/lang/Class;[Ljava/lang/Object;Z)Ljava/lang/Object; (740 bytes) @ 0x0000027ca9bfffc4 [0x0000027ca9bffa00+0x00000000000005c4]
j  org.springframework.beans.factory.support.AbstractBeanFactory.getBean(Ljava/lang/String;)Ljava/lang/Object;+5
j  org.springframework.context.support.AbstractApplicationContext.getBean(Ljava/lang/String;)Ljava/lang/Object;+9
j  org.springframework.context.support.AbstractApplicationContext.finishBeanFactoryInitialization(Lorg/springframework/beans/factory/config/ConfigurableListableBeanFactory;)V+106
j  org.springframework.context.support.AbstractApplicationContext.refresh()V+94
j  org.springframework.boot.web.servlet.context.ServletWebServerApplicationContext.refresh()V+1
j  org.springframework.boot.SpringApplication.refresh(Lorg/springframework/context/ConfigurableApplicationContext;)V+1
j  org.springframework.boot.SpringApplication.refreshContext(Lorg/springframework/context/ConfigurableApplicationContext;)V+16
j  org.springframework.boot.SpringApplication.run([Ljava/lang/String;)Lorg/springframework/context/ConfigurableApplicationContext;+110
j  org.springframework.boot.SpringApplication.run([Ljava/lang/Class;[Ljava/lang/String;)Lorg/springframework/context/ConfigurableApplicationContext;+9
j  org.springframework.boot.SpringApplication.run(Ljava/lang/Class;[Ljava/lang/String;)Lorg/springframework/context/ConfigurableApplicationContext;+9
j  com.emtech.Fixed.Assets.Emtech.Fixed.Assets.EmtechFixedAssetsApplication.main([Ljava/lang/String;)V+3
v  ~StubRoutines::call_stub

Compiled method (n/a)   10510 1212     n 0       java.lang.ClassLoader::defineClass1 (native)
 total in heap  [0x0000027ca993ca90,0x0000027ca993cf70] = 1248
 relocation     [0x0000027ca993cbe8,0x0000027ca993cc20] = 56
 main code      [0x0000027ca993cc20,0x0000027ca993cf70] = 848

[Constant Pool (empty)]

[MachCode]
[Entry Point]
  # {method} {0x0000027cb2010f28} 'defineClass1' '(Ljava/lang/ClassLoader;Ljava/lang/String;[BIILjava/security/ProtectionDomain;Ljava/lang/String;)Ljava/lang/Class;' in 'java/lang/ClassLoader'
  # parm0:    rdx:rdx   = 'java/lang/ClassLoader'
  # parm1:    r8:r8     = 'java/lang/String'
  # parm2:    r9:r9     = '[B'
  # parm3:    rdi       = int
  # parm4:    rsi       = int
  # parm5:    rcx:rcx   = 'java/security/ProtectionDomain'
  # parm6:    [sp+0xa0]   = 'java/lang/String'  (sp of caller)
  0x0000027ca993cc20: 448b 5208 | 49bb 0000 | 00b2 7c02 | 0000 4d03 | d349 3bc2 | 0f84 0600 

  0x0000027ca993cc38: ;   {runtime_call ic_miss_stub}
  0x0000027ca993cc38: 0000 e941 | 44cf ff90 
[Verified Entry Point]
  0x0000027ca993cc40: 8984 2400 | 90ff ff55 | 488b ec48 | 81ec 9000 | 0000 4881 | 7d10 0000 | 0000 488d | 4510 480f 
  0x0000027ca993cc60: 4445 1048 | 8944 2440 | 4889 4c24 | 7048 83f9 | 0048 8d44 | 2470 480f | 4444 2470 | 4889 4424 
  0x0000027ca993cc80: 3848 8974 | 2430 4889 | 7c24 284c | 894c 2458 | 4983 f900 | 488d 4424 | 5848 0f44 | 4424 5848 
  0x0000027ca993cca0: 8944 2420 | 4c89 4424 | 5049 83f8 | 004c 8d4c | 2450 4c0f | 444c 2450 | 4889 5424 | 4848 83fa 
  0x0000027ca993ccc0: 004c 8d44 | 2448 4c0f | 4444 2448 

  0x0000027ca993cccc: ;   {oop(a 'java/lang/Class'{0x00000000c11bb320} = 'java/lang/ClassLoader')}
  0x0000027ca993cccc: 49be 20b3 | 1bc1 0000 | 0000 4c89 | 7424 784c | 8d74 2478 | 498b d6c5 

  0x0000027ca993cce4: ;   {internal_word}
  0x0000027ca993cce4: f877 49ba | e3cc 93a9 | 7c02 0000 | 4d89 97a0 | 0200 0049 | 89a7 9802 

  0x0000027ca993ccfc: ;   {external_word}
  0x0000027ca993ccfc: 0000 49ba | f935 05ad | f97f 0000 | 4180 3a00 | 0f84 5200 | 0000 5241 

  0x0000027ca993cd14: ;   {metadata({method} {0x0000027cb2010f28} 'defineClass1' '(Ljava/lang/ClassLoader;Ljava/lang/String;[BIILjava/security/ProtectionDomain;Ljava/lang/String;)Ljava/lang/Class;' in 'java/lang/ClassLoader')}
  0x0000027ca993cd14: 5041 5148 | ba20 0f01 | b27c 0200 | 0049 8bcf | 4883 ec20 | f7c4 0f00 | 0000 0f84 | 1a00 0000 
  0x0000027ca993cd34: 4883 ec08 

  0x0000027ca993cd38: ;   {runtime_call}
  0x0000027ca993cd38: 49ba c02e | bbac f97f | 0000 41ff | d248 83c4 | 08e9 0d00 

  0x0000027ca993cd4c: ;   {runtime_call}
  0x0000027ca993cd4c: 0000 49ba | c02e bbac | f97f 0000 | 41ff d248 | 83c4 2041 | 5941 585a | 498d 8fb8 | 0200 0041 
  0x0000027ca993cd6c: c787 4803 | 0000 0400 

  0x0000027ca993cd74: ;   {runtime_call}
  0x0000027ca993cd74: 0000 49ba | ac16 5bd1 | f97f 0000 | 41ff d2c5 | f877 41c7 | 8748 0300 | 0005 0000 | 00f0 8344 
  0x0000027ca993cd94: 24c0 0049 | 3baf 5003 | 0000 0f87 | 1100 0000 | 4181 bf38 | 0300 0000 | 0000 000f | 842c 0000 
  0x0000027ca993cdb4: 00c5 f877 | 4889 45f8 | 498b cf4c | 8be4 4883 | ec20 4883 

  0x0000027ca993cdc8: ;   {runtime_call}
  0x0000027ca993cdc8: e4f0 49ba | c042 cbac | f97f 0000 | 41ff d249 | 8be4 4d33 | e448 8b45 | f841 c787 | 4803 0000 
  0x0000027ca993cde8: 0800 0000 | 4181 bfb8 | 0300 0002 | 0000 000f | 843f 0100 

  0x0000027ca993cdfc: ;   {external_word}
  0x0000027ca993cdfc: 0049 baf9 | 3505 adf9 | 7f00 0041 | 803a 000f | 8450 0000 | 0048 8945 

  0x0000027ca993ce14: ;   {metadata({method} {0x0000027cb2010f28} 'defineClass1' '(Ljava/lang/ClassLoader;Ljava/lang/String;[BIILjava/security/ProtectionDomain;Ljava/lang/String;)Ljava/lang/Class;' in 'java/lang/ClassLoader')}
  0x0000027ca993ce14: f848 ba20 | 0f01 b27c | 0200 0049 | 8bcf 4883 | ec20 f7c4 | 0f00 0000 | 0f84 1a00 | 0000 4883 
  0x0000027ca993ce34: ;   {runtime_call}
  0x0000027ca993ce34: ec08 49ba | c02e bbac | f97f 0000 | 41ff d248 | 83c4 08e9 | 0d00 0000 

  0x0000027ca993ce4c: ;   {runtime_call}
  0x0000027ca993ce4c: 49ba c02e | bbac f97f | 0000 41ff | d248 83c4 | 2048 8b45 | f849 c787 | 9802 0000 | 0000 0000 
  0x0000027ca993ce6c: 49c7 87a0 | 0200 0000 | 0000 00c5 | f877 4885 | c00f 8493 | 0000 0048 | f7c0 0100 | 0000 0f84 
  0x0000027ca993ce8c: 8300 0000 | 488b 40ff | 4180 7f38 | 000f 846f | 0000 0048 | 83f8 000f | 8465 0000 | 0049 8b4f 
  0x0000027ca993ceac: 2048 83f9 | 000f 8414 | 0000 0048 | 83e9 0849 | 894f 2049 | 034f 3048 | 8901 e943 | 0000 0050 
  0x0000027ca993cecc: 498b d748 | 8bc8 4883 | ec20 f7c4 | 0f00 0000 | 0f84 1a00 | 0000 4883 

  0x0000027ca993cee4: ;   {runtime_call}
  0x0000027ca993cee4: ec08 49ba | 4049 7aac | f97f 0000 | 41ff d248 | 83c4 08e9 | 0d00 0000 

  0x0000027ca993cefc: ;   {runtime_call}
  0x0000027ca993cefc: 49ba 4049 | 7aac f97f | 0000 41ff | d248 83c4 | 2058 e903 | 0000 0048 | 8b00 498b | 8fd8 0000 
  0x0000027ca993cf1c: 00c7 8100 | 0100 0000 | 0000 00c9 | 4981 7f08 | 0000 0000 | 0f85 0100 

  0x0000027ca993cf34: ;   {runtime_call StubRoutines (1)}
  0x0000027ca993cf34: 0000 c3e9 | c43f caff | c5f8 7748 | 8945 f84c | 8be4 4883 | ec20 4883 

  0x0000027ca993cf4c: ;   {runtime_call}
  0x0000027ca993cf4c: e4f0 49ba | 405f bbac | f97f 0000 | 41ff d249 | 8be4 4d33 | e448 8b45 | f8e9 93fe | ffff f4f4 
  0x0000027ca993cf6c: f4f4 f4f4 
[/MachCode]


Compiled method (c1)   10530 1219       1       java.lang.ClassLoader::defineClass (43 bytes)
 total in heap  [0x0000027ca993f090,0x0000027ca993f630] = 1440
 relocation     [0x0000027ca993f1e8,0x0000027ca993f248] = 96
 main code      [0x0000027ca993f260,0x0000027ca993f400] = 416
 stub code      [0x0000027ca993f400,0x0000027ca993f478] = 120
 metadata       [0x0000027ca993f478,0x0000027ca993f4a8] = 48
 scopes data    [0x0000027ca993f4a8,0x0000027ca993f560] = 184
 scopes pcs     [0x0000027ca993f560,0x0000027ca993f600] = 160
 dependencies   [0x0000027ca993f600,0x0000027ca993f608] = 8
 nul chk table  [0x0000027ca993f608,0x0000027ca993f630] = 40

[Constant Pool (empty)]

[MachCode]
[Entry Point]
  # {method} {0x0000027cb2010cc0} 'defineClass' '(Ljava/lang/String;[BIILjava/security/ProtectionDomain;)Ljava/lang/Class;' in 'java/lang/ClassLoader'
  # this:     rdx:rdx   = 'java/lang/ClassLoader'
  # parm0:    r8:r8     = 'java/lang/String'
  # parm1:    r9:r9     = '[B'
  # parm2:    rdi       = int
  # parm3:    rsi       = int
  # parm4:    rcx:rcx   = 'java/security/ProtectionDomain'
  #           [sp+0xc0]  (sp of caller)
  0x0000027ca993f260: 448b 5208 | 49bb 0000 | 00b2 7c02 | 0000 4d03 | d34c 3bd0 

  0x0000027ca993f274: ;   {runtime_call ic_miss_stub}
  0x0000027ca993f274: 0f85 061e | cfff 660f | 1f44 0000 
[Verified Entry Point]
  0x0000027ca993f280: 8984 2400 | 90ff ff55 | 4881 ecb0 | 0000 0048 | 8954 2478 | 89b4 2494 | 0000 0089 | bc24 9000 
  0x0000027ca993f2a0: 0000 4c89 | 8c24 8800 | 0000 498b | d84c 8bc3 | 4c8b c948 | 8bca 488b | d148 899c | 2480 0000 
  0x0000027ca993f2c0: 0066 0f1f 

  0x0000027ca993f2c4: ;   {optimized virtual_call}
  0x0000027ca993f2c4: 4400 00e8 

  0x0000027ca993f2c8: ; ImmutableOopMap {[120]=Oop [136]=Oop [128]=Oop }
                      ;*invokevirtual preDefineClass {reexecute=0 rethrow=0 return_oop=0}
                      ; - java.lang.ClassLoader::defineClass@4 (line 1015)
  0x0000027ca993f2c8: f41d feff | 4889 8424 | 9800 0000 

  0x0000027ca993f2d4: ; implicit exception: dispatches to 0x0000027ca993f39a
  0x0000027ca993f2d4: 448b 4010 | 4983 f800 | 0f85 0f00 

  0x0000027ca993f2e0: ;   {oop(NULL)}
  0x0000027ca993f2e0: 0000 48bb | 0000 0000 | 0000 0000 | e936 0000 | 0045 8b40 | 0c49 83f8 | 000f 850f 

  0x0000027ca993f2fc: ;   {oop(NULL)}
  0x0000027ca993f2fc: 0000 0048 | bb00 0000 | 0000 0000 | 00e9 1900 | 0000 418b | 5038 483b 

  0x0000027ca993f314: ;   {optimized virtual_call}
  0x0000027ca993f314: 0266 90e8 

  0x0000027ca993f318: ; ImmutableOopMap {[120]=Oop [136]=Oop [128]=Oop [152]=Oop }
                      ;*invokevirtual toExternalForm {reexecute=0 rethrow=0 return_oop=0}
                      ; - java.net.URL::toExternalForm@5 (line 1039)
                      ; - java.net.URL::toString@1 (line 1025)
                      ; - java.lang.ClassLoader::defineClassSourceLocation@22 (line 917)
                      ; - java.lang.ClassLoader::defineClass@12 (line 1016)
  0x0000027ca993f318: 04f3 fbff | 488b d848 | 8b84 2498 | 0000 008b | b424 9400 | 0000 8bbc | 2490 0000 | 004c 8b8c 
  0x0000027ca993f338: 2488 0000 | 004c 8b84 | 2480 0000 | 0048 8b54 | 2478 4c8b | da49 8bd3 | 488b c848 

  0x0000027ca993f354: ;   {static_call}
  0x0000027ca993f354: 891c 24e8 

  0x0000027ca993f358: ; ImmutableOopMap {[152]=Oop [120]=Oop }
                      ;*invokestatic defineClass1 {reexecute=0 rethrow=0 return_oop=0}
                      ; - java.lang.ClassLoader::defineClass@27 (line 1017)
  0x0000027ca993f358: e4d8 ffff | 4c8b c04c | 8b8c 2498 | 0000 0048 | 8b54 2478 | 4889 8424 | a000 0000 

  0x0000027ca993f374: ;   {optimized virtual_call}
  0x0000027ca993f374: 6666 90e8 

  0x0000027ca993f378: ; ImmutableOopMap {[160]=Oop }
                      ;*invokevirtual postDefineClass {reexecute=0 rethrow=0 return_oop=0}
                      ; - java.lang.ClassLoader::defineClass@37 (line 1018)
  0x0000027ca993f378: 0418 feff | 488b 8424 | a000 0000 | 4881 c4b0 | 0000 005d 

  0x0000027ca993f38c: ;   {poll_return}
  0x0000027ca993f38c: 493b a750 | 0300 000f | 8715 0000 

  0x0000027ca993f398: ;   {runtime_call throw_null_pointer_exception Runtime1 stub}
  0x0000027ca993f398: 00c3 e881 

  0x0000027ca993f39c: ; ImmutableOopMap {[120]=Oop [136]=Oop [128]=Oop rax=Oop [152]=Oop }
                      ;*invokevirtual getCodeSource {reexecute=0 rethrow=0 return_oop=0}
                      ; - java.lang.ClassLoader::defineClassSourceLocation@1 (line 914)
                      ; - java.lang.ClassLoader::defineClass@12 (line 1016)
                      ;   {runtime_call throw_null_pointer_exception Runtime1 stub}
  0x0000027ca993f39c: 1cd9 ffe8 

  0x0000027ca993f3a0: ; ImmutableOopMap {[120]=Oop [136]=Oop [128]=Oop rax=Oop [152]=Oop }
                      ;*invokevirtual getLocation {reexecute=0 rethrow=0 return_oop=0}
                      ; - java.lang.ClassLoader::defineClassSourceLocation@12 (line 916)
                      ; - java.lang.ClassLoader::defineClass@12 (line 1016)
  0x0000027ca993f3a0: 7c1c d9ff 

  0x0000027ca993f3a4: ;   {runtime_call throw_null_pointer_exception Runtime1 stub}
  0x0000027ca993f3a4: e877 1cd9 

  0x0000027ca993f3a8: ; ImmutableOopMap {[120]=Oop [136]=Oop [128]=Oop [152]=Oop r8=Oop }
                      ;*invokevirtual toString {reexecute=0 rethrow=0 return_oop=0}
                      ; - java.lang.ClassLoader::defineClassSourceLocation@22 (line 917)
                      ; - java.lang.ClassLoader::defineClass@12 (line 1016)
                      ;   {runtime_call throw_null_pointer_exception Runtime1 stub}
  0x0000027ca993f3a8: ffe8 721c 

  0x0000027ca993f3ac: ; ImmutableOopMap {[120]=Oop [136]=Oop [128]=Oop [152]=Oop r8=Oop rdx=Oop }
                      ;*invokevirtual toExternalForm {reexecute=0 rethrow=0 return_oop=0}
                      ; - java.net.URL::toExternalForm@5 (line 1039)
                      ; - java.net.URL::toString@1 (line 1025)
                      ; - java.lang.ClassLoader::defineClassSourceLocation@22 (line 917)
                      ; - java.lang.ClassLoader::defineClass@12 (line 1016)
                      ;   {internal_word}
  0x0000027ca993f3ac: d9ff 49ba | 8cf3 93a9 | 7c02 0000 | 4d89 9768 

  0x0000027ca993f3bc: ;   {runtime_call SafepointBlob}
  0x0000027ca993f3bc: 0300 00e9 | 3c86 cfff | 9090 498b | 87e0 0300 | 0049 c787 | e003 0000 | 0000 0000 | 49c7 87e8 
  0x0000027ca993f3dc: 0300 0000 | 0000 0048 | 81c4 b000 

  0x0000027ca993f3e8: ;   {runtime_call unwind_exception Runtime1 stub}
  0x0000027ca993f3e8: 0000 5de9 | 100d d9ff | f4f4 f4f4 | f4f4 f4f4 | f4f4 f4f4 | f4f4 f4f4 
[Stub Code]
  0x0000027ca993f400: ;   {no_reloc}
  0x0000027ca993f400: 0f1f 4400 

  0x0000027ca993f404: ;   {static_stub}
  0x0000027ca993f404: 0048 bb00 | 0000 0000 

  0x0000027ca993f40c: ;   {runtime_call}
  0x0000027ca993f40c: 0000 00e9 | fbff ffff 

  0x0000027ca993f414: ;   {static_stub}
  0x0000027ca993f414: 9048 bb00 | 0000 0000 

  0x0000027ca993f41c: ;   {runtime_call}
  0x0000027ca993f41c: 0000 00e9 | fbff ffff 

  0x0000027ca993f424: ;   {static_stub}
  0x0000027ca993f424: 9048 bb00 | 0000 0000 

  0x0000027ca993f42c: ;   {runtime_call}
  0x0000027ca993f42c: 0000 00e9 | fbff ffff 

  0x0000027ca993f434: ;   {static_stub}
  0x0000027ca993f434: 9048 bb00 | 0000 0000 

  0x0000027ca993f43c: ;   {runtime_call}
  0x0000027ca993f43c: 0000 00e9 | fbff ffff 
[Exception Handler]
  0x0000027ca993f444: ;   {runtime_call handle_exception_from_callee Runtime1 stub}
  0x0000027ca993f444: e8b7 39d9 

  0x0000027ca993f448: ;   {external_word}
  0x0000027ca993f448: ff48 b940 | 9adf acf9 | 7f00 0048 

  0x0000027ca993f454: ;   {runtime_call}
  0x0000027ca993f454: 83e4 f049 | ba20 27a8 | acf9 7f00 | 0041 ffd2 

  0x0000027ca993f464: ;   {section_word}
  0x0000027ca993f464: f449 ba65 | f493 a97c | 0200 0041 

  0x0000027ca993f470: ;   {runtime_call DeoptimizationBlob}
  0x0000027ca993f470: 52e9 2a78 | cfff f4f4 
[/MachCode]


Compiled method (c1)   10548 1144       1       jdk.internal.loader.BuiltinClassLoader::defineClass (121 bytes)
 total in heap  [0x0000027ca9922090,0x0000027ca9922f08] = 3704
 relocation     [0x0000027ca99221e8,0x0000027ca9922318] = 304
 main code      [0x0000027ca9922320,0x0000027ca9922940] = 1568
 stub code      [0x0000027ca9922940,0x0000027ca9922a88] = 328
 metadata       [0x0000027ca9922a88,0x0000027ca9922ad0] = 72
 scopes data    [0x0000027ca9922ad0,0x0000027ca9922d28] = 600
 scopes pcs     [0x0000027ca9922d28,0x0000027ca9922ec8] = 416
 dependencies   [0x0000027ca9922ec8,0x0000027ca9922ed0] = 8
 handler table  [0x0000027ca9922ed0,0x0000027ca9922ee8] = 24
 nul chk table  [0x0000027ca9922ee8,0x0000027ca9922f08] = 32

[Constant Pool (empty)]

[MachCode]
[Entry Point]
  # {method} {0x0000027cb2435c58} 'defineClass' '(Ljava/lang/String;Ljdk/internal/loader/Resource;)Ljava/lang/Class;' in 'jdk/internal/loader/BuiltinClassLoader'
  # this:     rdx:rdx   = 'jdk/internal/loader/BuiltinClassLoader'
  # parm0:    r8:r8     = 'java/lang/String'
  # parm1:    r9:r9     = 'jdk/internal/loader/Resource'
  #           [sp+0x110]  (sp of caller)
  0x0000027ca9922320: 448b 5208 | 49bb 0000 | 00b2 7c02 | 0000 4d03 | d34c 3bd0 

  0x0000027ca9922334: ;   {runtime_call ic_miss_stub}
  0x0000027ca9922334: 0f85 46ed | d0ff 660f | 1f44 0000 
[Verified Entry Point]
  0x0000027ca9922340: 8984 2400 | 90ff ff55 | 4881 ec00 | 0100 0048 | 8994 24a0 | 0000 004c | 8984 2490 | 0000 004c 
  0x0000027ca9922360: 898c 2498 | 0000 0049 | 8bd1 6666 | 9048 b8ff | ffff ffff 

  0x0000027ca9922374: ;   {virtual_call}
  0x0000027ca9922374: ffff ffe8 

  0x0000027ca9922378: ; ImmutableOopMap {[152]=Oop [160]=Oop [144]=Oop }
                      ;*invokevirtual getCodeSourceURL {reexecute=0 rethrow=0 return_oop=0}
                      ; - jdk.internal.loader.BuiltinClassLoader::defineClass@1 (line 842)
  0x0000027ca9922378: cc0b 2700 | 4889 8424 | a800 0000 | 4c8b 8424 | 9000 0000 

  0x0000027ca992238c: ; implicit exception: dispatches to 0x0000027ca9922843
  0x0000027ca992238c: 418b 7014 

  0x0000027ca9922390: ; implicit exception: dispatches to 0x0000027ca9922848
  0x0000027ca9922390: 8b56 0c45 | 0fbe 4810 | 498b c9c1 | e118 c1f9 | 18d3 fa48 | 8bfa ffcf | 4183 f900 | ba00 0000 
  0x0000027ca99223b0: 000f 8505 | 0000 00ba | 0100 0000 | 83e2 0183 | fa00 488b | d641 b82e | 0000 004c | 8bcf 0f84 
  0x0000027ca99223d0: 0d00 0000 

  0x0000027ca99223d4: ;   {static_call}
  0x0000027ca99223d4: 6666 90e8 

  0x0000027ca99223d8: ; ImmutableOopMap {[152]=Oop [160]=Oop [168]=Oop [144]=Oop }
                      ;*invokestatic lastIndexOf {reexecute=0 rethrow=0 return_oop=0}
                      ; - java.lang.String::lastIndexOf@13 (line 2489)
                      ; - java.lang.String::lastIndexOf@8 (line 2451)
                      ; - jdk.internal.loader.BuiltinClassLoader::defineClass@8 (line 845)
  0x0000027ca99223d8: 44b3 e8ff | e90b 0000 | 0066 0f1f 

  0x0000027ca99223e4: ;   {static_call}
  0x0000027ca99223e4: 4400 00e8 

  0x0000027ca99223e8: ; ImmutableOopMap {[152]=Oop [160]=Oop [168]=Oop [144]=Oop }
                      ;*invokestatic lastIndexOf {reexecute=0 rethrow=0 return_oop=0}
                      ; - java.lang.String::lastIndexOf@25 (line 2490)
                      ; - java.lang.String::lastIndexOf@8 (line 2451)
                      ; - jdk.internal.loader.BuiltinClassLoader::defineClass@8 (line 845)
  0x0000027ca99223e8: 94f5 d0ff | 83f8 ff0f | 8467 0000 | 0041 b800 | 0000 004c | 8bc8 488b | 9424 9000 

  0x0000027ca9922404: ;   {optimized virtual_call}
  0x0000027ca9922404: 0000 90e8 

  0x0000027ca9922408: ; ImmutableOopMap {[152]=Oop [160]=Oop [168]=Oop [144]=Oop }
                      ;*invokevirtual substring {reexecute=0 rethrow=0 return_oop=0}
                      ; - jdk.internal.loader.BuiltinClassLoader::defineClass@23 (line 847)
  0x0000027ca9922408: f47a e7ff | 488b 9424 | 9800 0000 | 4889 8424 | b000 0000 | 9048 b8ff | ffff ffff 

  0x0000027ca9922424: ;   {virtual_call}
  0x0000027ca9922424: ffff ffe8 

  0x0000027ca9922428: ; ImmutableOopMap {[152]=Oop [160]=Oop [168]=Oop [144]=Oop [176]=Oop }
                      ;*invokevirtual getManifest {reexecute=0 rethrow=0 return_oop=0}
                      ; - jdk.internal.loader.BuiltinClassLoader::defineClass@29 (line 848)
  0x0000027ca9922428: 4c0b 2700 | 4c8b 8424 | b000 0000 | 4c8b c848 | 8bbc 24a8 | 0000 0048 | 8b94 24a0 | 0000 0066 
  0x0000027ca9922448: 0f1f 4400 | 0048 b838 | dc07 b27c 

  0x0000027ca9922454: ;   {virtual_call}
  0x0000027ca9922454: 0200 00e8 

  0x0000027ca9922458: ; ImmutableOopMap {[152]=Oop [160]=Oop [168]=Oop [144]=Oop }
                      ;*invokevirtual defineOrCheckPackage {reexecute=0 rethrow=0 return_oop=0}
                      ; - jdk.internal.loader.BuiltinClassLoader::defineClass@40 (line 849)
  0x0000027ca9922458: c4fa ffff | 4c8b 8c24 | 9800 0000 | 488d 9424 | e000 0000 | 4c89 4a08 | 498b 0148 | 83c8 0148 
  0x0000027ca9922478: 8902 f049 | 0fb1 110f | 8413 0000 | 0048 2bc4 | 4881 e007 | f0ff ff48 | 8902 0f85 | b503 0000 
  0x0000027ca9922498: 418b 510c | 4883 fa00 | 0f85 4700 | 0000 498b | d10f 1f40 | 0048 b8ff | ffff ffff 

  0x0000027ca99224b4: ;   {virtual_call}
  0x0000027ca99224b4: ffff ffe8 

  0x0000027ca99224b8: ; ImmutableOopMap {[160]=Oop [168]=Oop [144]=Oop [152]=Oop [232]=Oop }
                      ;*invokevirtual getInputStream {reexecute=0 rethrow=0 return_oop=0}
                      ; - jdk.internal.loader.Resource::cachedInputStream@9 (line 77)
                      ; - jdk.internal.loader.Resource::getByteBuffer@1 (line 163)
                      ; - jdk.internal.loader.BuiltinClassLoader::defineClass@45 (line 853)
  0x0000027ca99224b8: b482 dbff | 410f be57 | 3883 fa00 | 4c8b 8c24 | 9800 0000 | 0f85 8e03 | 0000 4c8b | d045 8951 
  0x0000027ca99224d8: 0c49 8bd1 | 4833 d048 | c1ea 1448 | 83fa 000f | 858f 0300 | 0041 8b51 | 0c48 8d84 | 24e0 0000 
  0x0000027ca99224f8: 0048 8b30 | 4885 f60f | 840f 0000 | 0048 8b78 | 08f0 480f | b137 0f85 | 8003 0000 | 4883 fa00 
  0x0000027ca9922518: 0f84 4400 

  0x0000027ca992251c: ;   {metadata('sun/nio/ByteBuffered')}
  0x0000027ca992251c: 0000 48b8 | 40dd 0db2 | 7c02 0000 | 8b5a 0849 | ba00 0000 | b27c 0200 | 0049 03da | 483b 4320 
  0x0000027ca992253c: 0f84 2500 | 0000 483b | d80f 841c | 0000 0053 

  0x0000027ca992254c: ;   {runtime_call slow_subtype_check Runtime1 stub}
  0x0000027ca992254c: 50e8 ae14 | dbff 5b5b | 83fb 000f | 8405 0000 | 00e9 0500 | 0000 4833 | f6eb 0a48 | be01 0000 
  0x0000027ca992256c: 0000 0000 | 0083 fe00 | 0f84 6700 | 0000 4883 | fa00 0f84 | 4400 0000 

  0x0000027ca9922584: ;   {metadata('sun/nio/ByteBuffered')}
  0x0000027ca9922584: 48bb 40dd | 0db2 7c02 | 0000 8b7a | 0849 ba00 | 0000 b27c | 0200 0049 | 03fa 483b | 5f20 0f84 
  0x0000027ca99225a4: 2000 0000 | 483b fb0f | 8417 0000 

  0x0000027ca99225b0: ;   {runtime_call slow_subtype_check Runtime1 stub}
  0x0000027ca99225b0: 0057 53e8 | 4814 dbff | 5f5f 83ff | 000f 84e7 | 0200 00e9 | 0000 0000 | 0f1f 4400 | 0048 b8ff 
  0x0000027ca99225d0: ffff ffff 

  0x0000027ca99225d4: ;   {virtual_call}
  0x0000027ca99225d4: ffff ffe8 

  0x0000027ca99225d8: ; ImmutableOopMap {[160]=Oop [168]=Oop [144]=Oop [152]=Oop }
                      ;*invokeinterface getByteBuffer {reexecute=0 rethrow=0 return_oop=0}
                      ; - jdk.internal.loader.Resource::getByteBuffer@16 (line 165)
                      ; - jdk.internal.loader.BuiltinClassLoader::defineClass@45 (line 853)
  0x0000027ca99225d8: a4f0 d0ff | e90a 0000 

  0x0000027ca99225e0: ;   {oop(NULL)}
  0x0000027ca99225e0: 0048 b800 | 0000 0000 | 0000 0048 | 83f8 000f | 84e5 0000 | 0048 8984 | 24b8 0000 | 0048 8b94 
  0x0000027ca9922600: 2498 0000 | 0048 b8ff | ffff ffff 

  0x0000027ca992260c: ;   {virtual_call}
  0x0000027ca992260c: ffff ffe8 

  0x0000027ca9922610: ; ImmutableOopMap {[160]=Oop [168]=Oop [144]=Oop [184]=Oop }
                      ;*invokevirtual getCodeSigners {reexecute=0 rethrow=0 return_oop=0}
                      ; - jdk.internal.loader.BuiltinClassLoader::defineClass@56 (line 855)
  0x0000027ca9922610: 6cf0 d0ff 

  0x0000027ca9922614: ;   {metadata('java/security/CodeSource')}
  0x0000027ca9922614: 4c8b c848 | bab0 ee00 | b27c 0200 | 0049 8b87 | 0801 0000 | 488d 7828 | 493b bf18 | 0100 000f 
  0x0000027ca9922634: 877a 0200 | 0049 89bf | 0801 0000 | 48c7 0001 | 0000 0048 | 8bca 49ba | 0000 00b2 | 7c02 0000 
  0x0000027ca9922654: 492b ca89 | 4808 4833 | c989 480c | 4833 c948 | 8948 1048 | 8948 1848 | 8948 204c | 8b84 24a8 
  0x0000027ca9922674: 0000 0048 | 8bd0 4889 | 8424 c000 | 0000 0f1f 

  0x0000027ca9922684: ;   {optimized virtual_call}
  0x0000027ca9922684: 4400 00e8 

  0x0000027ca9922688: ; ImmutableOopMap {[160]=Oop [144]=Oop [184]=Oop [192]=Oop }
                      ;*invokespecial <init> {reexecute=0 rethrow=0 return_oop=0}
                      ; - jdk.internal.loader.BuiltinClassLoader::defineClass@68 (line 856)
  0x0000027ca9922688: f4ec d0ff | 4c8b 8424 | c000 0000 | 488b 9424 | a000 0000 

  0x0000027ca992269c: ;   {optimized virtual_call}
  0x0000027ca992269c: 6666 90e8 

  0x0000027ca99226a0: ; ImmutableOopMap {[160]=Oop [144]=Oop [184]=Oop }
                      ;*invokevirtual getProtectionDomain {reexecute=0 rethrow=0 return_oop=0}
                      ; - java.security.SecureClassLoader::defineClass@5 (line 182)
                      ; - jdk.internal.loader.BuiltinClassLoader::defineClass@79 (line 857)
  0x0000027ca99226a0: dcec d0ff | 4c8b 8424 | 9000 0000 | 4c8b 8c24 | b800 0000 | 488b f848 | 8b94 24a0 

  0x0000027ca99226bc: ;   {optimized virtual_call}
  0x0000027ca99226bc: 0000 00e8 

  0x0000027ca99226c0: ; ImmutableOopMap {}
                      ;*invokevirtual defineClass {reexecute=0 rethrow=0 return_oop=0}
                      ; - java.security.SecureClassLoader::defineClass@8 (line 182)
                      ; - jdk.internal.loader.BuiltinClassLoader::defineClass@79 (line 857)
  0x0000027ca99226c0: bcec d0ff | 4881 c400 | 0100 005d 

  0x0000027ca99226cc: ;   {poll_return}
  0x0000027ca99226cc: 493b a750 | 0300 000f | 87e7 0100 | 00c3 4c8b | 8c24 9800 | 0000 498b | d148 b8ff | ffff ffff 
  0x0000027ca99226ec: ;   {virtual_call}
  0x0000027ca99226ec: ffff ffe8 

  0x0000027ca99226f0: ; ImmutableOopMap {[160]=Oop [144]=Oop [152]=Oop [168]=Oop }
                      ;*invokevirtual getBytes {reexecute=0 rethrow=0 return_oop=0}
                      ; - jdk.internal.loader.BuiltinClassLoader::defineClass@84 (line 859)
  0x0000027ca99226f0: e486 dbff | 4889 8424 | c800 0000 | 488b 9424 | 9800 0000 | 9048 b8ff | ffff ffff 

  0x0000027ca992270c: ;   {virtual_call}
  0x0000027ca992270c: ffff ffe8 

  0x0000027ca9922710: ; ImmutableOopMap {[160]=Oop [144]=Oop [168]=Oop [200]=Oop }
                      ;*invokevirtual getCodeSigners {reexecute=0 rethrow=0 return_oop=0}
                      ; - jdk.internal.loader.BuiltinClassLoader::defineClass@90 (line 860)
  0x0000027ca9922710: ec80 dbff 

  0x0000027ca9922714: ;   {metadata('java/security/CodeSource')}
  0x0000027ca9922714: 4c8b c848 | bab0 ee00 | b27c 0200 | 0049 8b87 | 0801 0000 | 488d 7828 | 493b bf18 | 0100 000f 
  0x0000027ca9922734: 879d 0100 | 0049 89bf | 0801 0000 | 48c7 0001 | 0000 0048 | 8bca 49ba | 0000 00b2 | 7c02 0000 
  0x0000027ca9922754: 492b ca89 | 4808 4833 | c989 480c | 4833 c948 | 8948 1048 | 8948 1848 | 8948 204c | 8b84 24a8 
  0x0000027ca9922774: 0000 0048 | 8bd0 4889 | 8424 d000 | 0000 0f1f 

  0x0000027ca9922784: ;   {optimized virtual_call}
  0x0000027ca9922784: 4400 00e8 

  0x0000027ca9922788: ; ImmutableOopMap {[160]=Oop [144]=Oop [200]=Oop [208]=Oop }
                      ;*invokespecial <init> {reexecute=0 rethrow=0 return_oop=0}
                      ; - jdk.internal.loader.BuiltinClassLoader::defineClass@102 (line 861)
  0x0000027ca9922788: f4be ffff | 488b 8424 | c800 0000 

  0x0000027ca9922794: ; implicit exception: dispatches to 0x0000027ca99228e3
  0x0000027ca9922794: 8b70 0c4c | 8b84 24d0 | 0000 0048 | 8b94 24a0 | 0000 0089 | b424 d800 

  0x0000027ca99227ac: ;   {optimized virtual_call}
  0x0000027ca99227ac: 0000 90e8 

  0x0000027ca99227b0: ; ImmutableOopMap {[160]=Oop [144]=Oop [200]=Oop }
                      ;*invokevirtual getProtectionDomain {reexecute=0 rethrow=0 return_oop=0}
                      ; - java.security.SecureClassLoader::defineClass@9 (line 150)
                      ; - jdk.internal.loader.BuiltinClassLoader::defineClass@117 (line 862)
  0x0000027ca99227b0: acc4 ffff | 4c8b 8424 | 9000 0000 | 4c8b 8c24 | c800 0000 | bf00 0000 | 008b b424 | d800 0000 
  0x0000027ca99227d0: 488b c848 | 8b94 24a0 | 0000 000f 

  0x0000027ca99227dc: ;   {optimized virtual_call}
  0x0000027ca99227dc: 1f40 00e8 

  0x0000027ca99227e0: ; ImmutableOopMap {}
                      ;*invokevirtual defineClass {reexecute=0 rethrow=0 return_oop=0}
                      ; - java.security.SecureClassLoader::defineClass@12 (line 150)
                      ; - jdk.internal.loader.BuiltinClassLoader::defineClass@117 (line 862)
  0x0000027ca99227e0: 9cca 0100 | 4881 c400 | 0100 005d 

  0x0000027ca99227ec: ;   {poll_return}
  0x0000027ca99227ec: 493b a750 | 0300 000f | 87ef 0000 | 00c3 498b | 87e0 0300 | 004d 33d2 | 4d89 97e0 | 0300 004d 
  0x0000027ca992280c: 33d2 4d89 | 97e8 0300 | 0048 8bf0 | 488d 8424 | e000 0000 | 488b 3848 | 85ff 0f84 | 0f00 0000 
  0x0000027ca992282c: 488b 5808 | f048 0fb1 | 3b0f 85c3 | 0000 0048 | 8bc6 e9f0 

  0x0000027ca9922840: ;   {runtime_call throw_null_pointer_exception Runtime1 stub}
  0x0000027ca9922840: 0000 00e8 

  0x0000027ca9922844: ; ImmutableOopMap {[152]=Oop [160]=Oop rax=Oop [168]=Oop r8=Oop [144]=Oop }
                      ;*invokevirtual lastIndexOf {reexecute=0 rethrow=0 return_oop=0}
                      ; - jdk.internal.loader.BuiltinClassLoader::defineClass@8 (line 845)
  0x0000027ca9922844: d8e7 daff 

  0x0000027ca9922848: ;   {runtime_call throw_null_pointer_exception Runtime1 stub}
  0x0000027ca9922848: e8d3 e7da 

  0x0000027ca992284c: ; ImmutableOopMap {[152]=Oop [160]=Oop rax=Oop [168]=Oop r8=Oop [144]=Oop rsi=Oop }
                      ;*arraylength {reexecute=0 rethrow=0 return_oop=0}
                      ; - java.lang.String::length@4 (line 1481)
                      ; - java.lang.String::lastIndexOf@3 (line 2451)
                      ; - jdk.internal.loader.BuiltinClassLoader::defineClass@8 (line 845)
  0x0000027ca992284c: ff4c 894c | 2408 4889 

  0x0000027ca9922854: ;   {runtime_call monitorenter_nofpu Runtime1 stub}
  0x0000027ca9922854: 1424 e8a5 

  0x0000027ca9922858: ; ImmutableOopMap {[160]=Oop [168]=Oop [144]=Oop r9=Oop [152]=Oop [232]=Oop }
                      ;*synchronization entry
                      ; - jdk.internal.loader.Resource::cachedInputStream@-1 (line 76)
                      ; - jdk.internal.loader.Resource::getByteBuffer@1 (line 163)
                      ; - jdk.internal.loader.BuiltinClassLoader::defineClass@45 (line 853)
  0x0000027ca9922858: 17db ffe9 | 38fc ffff | 418b 510c | 4883 fa00 | 0f84 64fc | ffff 4889 

  0x0000027ca9922870: ;   {runtime_call g1_pre_barrier_slow}
  0x0000027ca9922870: 1424 e889 | 3edb ffe9 | 56fc ffff | 4883 f800 | 0f84 67fc | ffff 4c89 

  0x0000027ca9922888: ;   {runtime_call g1_post_barrier_slow}
  0x0000027ca9922888: 0c24 e871 | 41db ffe9 | 59fc ffff | 488d 8424 | e000 0000 | 4889 0424 

  0x0000027ca99228a0: ;   {runtime_call monitorexit_nofpu Runtime1 stub}
  0x0000027ca99228a0: e85b 1ddb | ffe9 6afc | ffff 4889 

  0x0000027ca99228ac: ;   {runtime_call throw_class_cast_exception Runtime1 stub}
  0x0000027ca99228ac: 1424 e86d 

  0x0000027ca99228b0: ; ImmutableOopMap {[160]=Oop [168]=Oop [144]=Oop [152]=Oop }
                      ;*checkcast {reexecute=0 rethrow=0 return_oop=0}
                      ; - jdk.internal.loader.Resource::getByteBuffer@13 (line 165)
                      ; - jdk.internal.loader.BuiltinClassLoader::defineClass@45 (line 853)
  0x0000027ca99228b0: 0bdb ff48 

  0x0000027ca99228b4: ;   {runtime_call fast_new_instance Runtime1 stub}
  0x0000027ca99228b4: 8bd2 e845 

  0x0000027ca99228b8: ; ImmutableOopMap {[160]=Oop [168]=Oop [144]=Oop [184]=Oop r9=Oop }
                      ;*new {reexecute=0 rethrow=0 return_oop=0}
                      ; - jdk.internal.loader.BuiltinClassLoader::defineClass@61 (line 856)
  0x0000027ca99228b8: f0da ffe9 | affd ffff 

  0x0000027ca99228c0: ;   {internal_word}
  0x0000027ca99228c0: 49ba cc26 | 92a9 7c02 | 0000 4d89 | 9768 0300 

  0x0000027ca99228d0: ;   {runtime_call SafepointBlob}
  0x0000027ca99228d0: 00e9 2a51 | d1ff 488b 

  0x0000027ca99228d8: ;   {runtime_call fast_new_instance Runtime1 stub}
  0x0000027ca99228d8: d2e8 22f0 

  0x0000027ca99228dc: ; ImmutableOopMap {[160]=Oop [144]=Oop [168]=Oop [200]=Oop r9=Oop }
                      ;*new {reexecute=0 rethrow=0 return_oop=0}
                      ; - jdk.internal.loader.BuiltinClassLoader::defineClass@95 (line 861)
  0x0000027ca99228dc: daff e98c 

  0x0000027ca99228e0: ;   {runtime_call throw_null_pointer_exception Runtime1 stub}
  0x0000027ca99228e0: feff ffe8 

  0x0000027ca99228e4: ; ImmutableOopMap {[160]=Oop [144]=Oop [208]=Oop rax=Oop [200]=Oop }
                      ;*arraylength {reexecute=0 rethrow=0 return_oop=0}
                      ; - jdk.internal.loader.BuiltinClassLoader::defineClass@114 (line 862)
  0x0000027ca99228e4: 38e7 daff 

  0x0000027ca99228e8: ;   {internal_word}
  0x0000027ca99228e8: 49ba ec27 | 92a9 7c02 | 0000 4d89 | 9768 0300 

  0x0000027ca99228f8: ;   {runtime_call SafepointBlob}
  0x0000027ca99228f8: 00e9 0251 | d1ff 488d | 8424 e000 | 0000 4889 

  0x0000027ca9922908: ;   {runtime_call monitorexit_nofpu Runtime1 stub}
  0x0000027ca9922908: 0424 e8f1 | 1cdb ffe9 | 27ff ffff | 9090 498b | 87e0 0300 | 0049 c787 | e003 0000 | 0000 0000 
  0x0000027ca9922928: 49c7 87e8 | 0300 0000 | 0000 0048 | 81c4 0001 

  0x0000027ca9922938: ;   {runtime_call unwind_exception Runtime1 stub}
  0x0000027ca9922938: 0000 5de9 | c0d7 daff 
[Stub Code]
  0x0000027ca9922940: ;   {no_reloc}
  0x0000027ca9922940: 0f1f 4400 

  0x0000027ca9922944: ;   {static_stub}
  0x0000027ca9922944: 0048 bb00 | 0000 0000 

  0x0000027ca992294c: ;   {runtime_call}
  0x0000027ca992294c: 0000 00e9 | fbff ffff 

  0x0000027ca9922954: ;   {static_stub}
  0x0000027ca9922954: 9048 bb00 | 0000 0000 

  0x0000027ca992295c: ;   {runtime_call}
  0x0000027ca992295c: 0000 00e9 | fbff ffff 

  0x0000027ca9922964: ;   {static_stub}
  0x0000027ca9922964: 9048 bb00 | 0000 0000 

  0x0000027ca992296c: ;   {runtime_call}
  0x0000027ca992296c: 0000 00e9 | fbff ffff 

  0x0000027ca9922974: ;   {static_stub}
  0x0000027ca9922974: 9048 bb00 | 0000 0000 

  0x0000027ca992297c: ;   {runtime_call}
  0x0000027ca992297c: 0000 00e9 | fbff ffff 

  0x0000027ca9922984: ;   {static_stub}
  0x0000027ca9922984: 9048 bb00 | 0000 0000 

  0x0000027ca992298c: ;   {runtime_call}
  0x0000027ca992298c: 0000 00e9 | fbff ffff 

  0x0000027ca9922994: ;   {static_stub}
  0x0000027ca9922994: 9048 bb00 | 0000 0000 

  0x0000027ca992299c: ;   {runtime_call}
  0x0000027ca992299c: 0000 00e9 | fbff ffff 

  0x0000027ca99229a4: ;   {static_stub}
  0x0000027ca99229a4: 9048 bb00 | 0000 0000 

  0x0000027ca99229ac: ;   {runtime_call}
  0x0000027ca99229ac: 0000 00e9 | fbff ffff 

  0x0000027ca99229b4: ;   {static_stub}
  0x0000027ca99229b4: 9048 bb00 | 0000 0000 

  0x0000027ca99229bc: ;   {runtime_call}
  0x0000027ca99229bc: 0000 00e9 | fbff ffff 

  0x0000027ca99229c4: ;   {static_stub}
  0x0000027ca99229c4: 9048 bb00 | 0000 0000 

  0x0000027ca99229cc: ;   {runtime_call}
  0x0000027ca99229cc: 0000 00e9 | fbff ffff 

  0x0000027ca99229d4: ;   {static_stub}
  0x0000027ca99229d4: 9048 bb00 | 0000 0000 

  0x0000027ca99229dc: ;   {runtime_call}
  0x0000027ca99229dc: 0000 00e9 | fbff ffff 

  0x0000027ca99229e4: ;   {static_stub}
  0x0000027ca99229e4: 9048 bb00 | 0000 0000 

  0x0000027ca99229ec: ;   {runtime_call}
  0x0000027ca99229ec: 0000 00e9 | fbff ffff 

  0x0000027ca99229f4: ;   {static_stub}
  0x0000027ca99229f4: 9048 bb00 | 0000 0000 

  0x0000027ca99229fc: ;   {runtime_call}
  0x0000027ca99229fc: 0000 00e9 | fbff ffff 

  0x0000027ca9922a04: ;   {static_stub}
  0x0000027ca9922a04: 9048 bb00 | 0000 0000 

  0x0000027ca9922a0c: ;   {runtime_call}
  0x0000027ca9922a0c: 0000 00e9 | fbff ffff 

  0x0000027ca9922a14: ;   {static_stub}
  0x0000027ca9922a14: 9048 bb00 | 0000 0000 

  0x0000027ca9922a1c: ;   {runtime_call}
  0x0000027ca9922a1c: 0000 00e9 | fbff ffff 

  0x0000027ca9922a24: ;   {static_stub}
  0x0000027ca9922a24: 9048 bb00 | 0000 0000 

  0x0000027ca9922a2c: ;   {runtime_call}
  0x0000027ca9922a2c: 0000 00e9 | fbff ffff 

  0x0000027ca9922a34: ;   {static_stub}
  0x0000027ca9922a34: 9048 bb00 | 0000 0000 

  0x0000027ca9922a3c: ;   {runtime_call}
  0x0000027ca9922a3c: 0000 00e9 | fbff ffff 

  0x0000027ca9922a44: ;   {static_stub}
  0x0000027ca9922a44: 9048 bbb8 | 0c01 b27c 

  0x0000027ca9922a4c: ;   {runtime_call I2C/C2I adapters}
  0x0000027ca9922a4c: 0200 00e9 | 974c d0ff 
[Exception Handler]
  0x0000027ca9922a54: ;   {runtime_call handle_exception_from_callee Runtime1 stub}
  0x0000027ca9922a54: e8a7 03db 

  0x0000027ca9922a58: ;   {external_word}
  0x0000027ca9922a58: ff48 b940 | 9adf acf9 | 7f00 0048 

  0x0000027ca9922a64: ;   {runtime_call}
  0x0000027ca9922a64: 83e4 f049 | ba20 27a8 | acf9 7f00 | 0041 ffd2 

  0x0000027ca9922a74: ;   {section_word}
  0x0000027ca9922a74: f449 ba75 | 2a92 a97c | 0200 0041 

  0x0000027ca9922a80: ;   {runtime_call DeoptimizationBlob}
  0x0000027ca9922a80: 52e9 1a42 | d1ff f4f4 
[/MachCode]


---------------  P R O C E S S  ---------------

Threads class SMR info:
_java_thread_list=0x0000027cf8241970, length=21, elements={
0x0000027ca02bb8e0, 0x0000027cb15c6310, 0x0000027cb15c7930, 0x0000027cb15d8d30,
0x0000027cb15d9bb0, 0x0000027cb15dc8f0, 0x0000027cb15df2c0, 0x0000027cb15dfc80,
0x0000027cb1611540, 0x0000027cb15bcd50, 0x0000027cb15bd230, 0x0000027cf700d670,
0x0000027cf700db50, 0x0000027cf713b470, 0x0000027cf7ac2040, 0x0000027cf71ae6e0,
0x0000027cf73b4950, 0x0000027cb1637690, 0x0000027cf739c3f0, 0x0000027cf739aaa0,
0x0000027cf739a080
}

Java Threads: ( => current thread )
=>0x0000027ca02bb8e0 JavaThread "main" [_thread_in_vm, id=2368, stack(0x000000d6e9700000,0x000000d6e9800000)]
  0x0000027cb15c6310 JavaThread "Reference Handler" daemon [_thread_blocked, id=2536, stack(0x000000d6e9e00000,0x000000d6e9f00000)]
  0x0000027cb15c7930 JavaThread "Finalizer" daemon [_thread_blocked, id=10796, stack(0x000000d6e9f00000,0x000000d6ea000000)]
  0x0000027cb15d8d30 JavaThread "Signal Dispatcher" daemon [_thread_blocked, id=10136, stack(0x000000d6ea000000,0x000000d6ea100000)]
  0x0000027cb15d9bb0 JavaThread "Attach Listener" daemon [_thread_blocked, id=9724, stack(0x000000d6ea100000,0x000000d6ea200000)]
  0x0000027cb15dc8f0 JavaThread "Service Thread" daemon [_thread_blocked, id=8368, stack(0x000000d6ea200000,0x000000d6ea300000)]
  0x0000027cb15df2c0 JavaThread "Monitor Deflation Thread" daemon [_thread_blocked, id=5020, stack(0x000000d6ea300000,0x000000d6ea400000)]
  0x0000027cb15dfc80 JavaThread "C1 CompilerThread0" daemon [_thread_blocked, id=3764, stack(0x000000d6ea400000,0x000000d6ea500000)]
  0x0000027cb1611540 JavaThread "Sweeper thread" daemon [_thread_blocked, id=1980, stack(0x000000d6ea500000,0x000000d6ea600000)]
  0x0000027cb15bcd50 JavaThread "Common-Cleaner" daemon [_thread_blocked, id=3464, stack(0x000000d6ea600000,0x000000d6ea700000)]
  0x0000027cb15bd230 JavaThread "C1 CompilerThread1" daemon [_thread_blocked, id=4728, stack(0x000000d6ea700000,0x000000d6ea800000)]
  0x0000027cf700d670 JavaThread "Monitor Ctrl-Break" daemon [_thread_in_native, id=6944, stack(0x000000d6ea800000,0x000000d6ea900000)]
  0x0000027cf700db50 JavaThread "Notification Thread" daemon [_thread_blocked, id=9680, stack(0x000000d6ea900000,0x000000d6eaa00000)]
  0x0000027cf713b470 JavaThread "RMI TCP Accept-0" daemon [_thread_in_native, id=7796, stack(0x000000d6eaa00000,0x000000d6eab00000)]
  0x0000027cf7ac2040 JavaThread "C1 CompilerThread2" daemon [_thread_blocked, id=5804, stack(0x000000d6eb200000,0x000000d6eb300000)]
  0x0000027cf71ae6e0 JavaThread "Catalina-utility-1" [_thread_blocked, id=5148, stack(0x000000d6eb100000,0x000000d6eb200000)]
  0x0000027cf73b4950 JavaThread "Catalina-utility-2" [_thread_blocked, id=7136, stack(0x000000d6eb300000,0x000000d6eb400000)]
  0x0000027cb1637690 JavaThread "container-0" [_thread_blocked, id=2996, stack(0x000000d6eb400000,0x000000d6eb500000)]
  0x0000027cf739c3f0 JavaThread "mysql-cj-abandoned-connection-cleanup" daemon [_thread_blocked, id=5484, stack(0x000000d6eb500000,0x000000d6eb600000)]
  0x0000027cf739aaa0 JavaThread "HikariPool-1 housekeeper" daemon [_thread_blocked, id=7296, stack(0x000000d6eb700000,0x000000d6eb800000)]
  0x0000027cf739a080 JavaThread "HikariPool-1 connection adder" daemon [_thread_blocked, id=6704, stack(0x000000d6eb800000,0x000000d6eb900000)]

Other Threads:
  0x0000027ca036e9b0 VMThread "VM Thread" [stack: 0x000000d6e9d00000,0x000000d6e9e00000] [id=6888]
  0x0000027cf7143340 WatcherThread [stack: 0x000000d6eab00000,0x000000d6eac00000] [id=2264]
  0x0000027ca02f9170 GCTaskThread "GC Thread#0" [stack: 0x000000d6e9800000,0x000000d6e9900000] [id=4416]
  0x0000027cf7292d10 GCTaskThread "GC Thread#1" [stack: 0x000000d6eac00000,0x000000d6ead00000] [id=9208]
  0x0000027cf7311d90 GCTaskThread "GC Thread#2" [stack: 0x000000d6ead00000,0x000000d6eae00000] [id=11156]
  0x0000027cf7312050 GCTaskThread "GC Thread#3" [stack: 0x000000d6eae00000,0x000000d6eaf00000] [id=7844]
  0x0000027ca0301f40 ConcurrentGCThread "G1 Main Marker" [stack: 0x000000d6e9900000,0x000000d6e9a00000] [id=3924]
  0x0000027ca0302960 ConcurrentGCThread "G1 Conc#0" [stack: 0x000000d6e9a00000,0x000000d6e9b00000] [id=10956]
  0x0000027ca0350b70 ConcurrentGCThread "G1 Refine#0" [stack: 0x000000d6e9b00000,0x000000d6e9c00000] [id=10880]
  0x0000027cf72c4010 ConcurrentGCThread "G1 Refine#1" [stack: 0x000000d6eaf00000,0x000000d6eb000000] [id=10740]
  0x0000027cf701c670 ConcurrentGCThread "G1 Refine#2" [stack: 0x000000d6eb000000,0x000000d6eb100000] [id=2644]
  0x0000027ca03515a0 ConcurrentGCThread "G1 Service" [stack: 0x000000d6e9c00000,0x000000d6e9d00000] [id=7664]

Threads with active compile tasks:

VM state: not at safepoint (normal execution)

VM Mutex/Monitor currently owned by a thread:  ([mutex/lock_event])
[0x0000027ca02b60f0] Metaspace_lock - owner thread: 0x0000027ca02bb8e0

Heap address: 0x00000000c0c00000, size: 1012 MB, Compressed Oops mode: 32-bit

CDS archive(s) mapped at: [0x0000027cb2000000-0x0000027cb2bb0000-0x0000027cb2bb0000), size 12255232, SharedBaseAddress: 0x0000027cb2000000, ArchiveRelocationMode: 1.
Compressed class space mapped at: 0x0000027cb3000000-0x0000027cf3000000, reserved size: 1073741824
Narrow klass base: 0x0000027cb2000000, Narrow klass shift: 0, Narrow klass range: 0x100000000

GC Precious Log:
 CPUs: 4 total, 4 available
 Memory: 4041M
 Large Page Support: Disabled
 NUMA Support: Disabled
 Compressed Oops: Enabled (32-bit)
 Heap Region Size: 1M
 Heap Min Capacity: 8M
 Heap Initial Capacity: 64M
 Heap Max Capacity: 1012M
 Pre-touch: Disabled
 Parallel Workers: 4
 Concurrent Workers: 1
 Concurrent Refinement Workers: 4
 Periodic GC: Disabled

Heap:
 garbage-first heap   total 66560K, used 31763K [0x00000000c0c00000, 0x0000000100000000)
  region size 1024K, 15 young (15360K), 4 survivors (4096K)
 Metaspace       used 45225K, committed 45632K, reserved 1114112K
  class space    used 6389K, committed 6592K, reserved 1048576K

Heap Regions: E=young(eden), S=young(survivor), O=old, HS=humongous(starts), HC=humongous(continues), CS=collection set, F=free, OA=open archive, CA=closed archive, TAMS=top-at-mark-start (previous, next)
|   0|0x00000000c0c00000, 0x00000000c0d00000, 0x00000000c0d00000|100%|HS|  |TAMS 0x00000000c0d00000, 0x00000000c0c00000| Complete 
|   1|0x00000000c0d00000, 0x00000000c0e00000, 0x00000000c0e00000|100%| O|  |TAMS 0x00000000c0e00000, 0x00000000c0d00000| Untracked 
|   2|0x00000000c0e00000, 0x00000000c0f00000, 0x00000000c0f00000|100%| O|  |TAMS 0x00000000c0f00000, 0x00000000c0e00000| Untracked 
|   3|0x00000000c0f00000, 0x00000000c1000000, 0x00000000c1000000|100%| O|  |TAMS 0x00000000c1000000, 0x00000000c0f00000| Untracked 
|   4|0x00000000c1000000, 0x00000000c1100000, 0x00000000c1100000|100%| O|  |TAMS 0x00000000c1100000, 0x00000000c1000000| Untracked 
|   5|0x00000000c1100000, 0x00000000c1200000, 0x00000000c1200000|100%| O|  |TAMS 0x00000000c1200000, 0x00000000c1100000| Untracked 
|   6|0x00000000c1200000, 0x00000000c1300000, 0x00000000c1300000|100%| O|  |TAMS 0x00000000c1300000, 0x00000000c1200000| Untracked 
|   7|0x00000000c1300000, 0x00000000c1400000, 0x00000000c1400000|100%| O|  |TAMS 0x00000000c1400000, 0x00000000c1300000| Untracked 
|   8|0x00000000c1400000, 0x00000000c1500000, 0x00000000c1500000|100%| O|  |TAMS 0x00000000c1500000, 0x00000000c1400000| Untracked 
|   9|0x00000000c1500000, 0x00000000c152c400, 0x00000000c1600000| 17%| O|  |TAMS 0x00000000c152c400, 0x00000000c1500000| Untracked 
|  10|0x00000000c1600000, 0x00000000c1700000, 0x00000000c1700000|100%| O|  |TAMS 0x00000000c1700000, 0x00000000c1600000| Untracked 
|  11|0x00000000c1700000, 0x00000000c1800000, 0x00000000c1800000|100%| O|  |TAMS 0x00000000c1800000, 0x00000000c1700000| Untracked 
|  12|0x00000000c1800000, 0x00000000c1900000, 0x00000000c1900000|100%| O|  |TAMS 0x00000000c1900000, 0x00000000c1800000| Untracked 
|  13|0x00000000c1900000, 0x00000000c1a00000, 0x00000000c1a00000|100%| O|  |TAMS 0x00000000c1a00000, 0x00000000c1900000| Untracked 
|  14|0x00000000c1a00000, 0x00000000c1b00000, 0x00000000c1b00000|100%| O|  |TAMS 0x00000000c1b00000, 0x00000000c1a00000| Untracked 
|  15|0x00000000c1b00000, 0x00000000c1c00000, 0x00000000c1c00000|100%| O|  |TAMS 0x00000000c1c00000, 0x00000000c1b00000| Untracked 
|  16|0x00000000c1c00000, 0x00000000c1d00000, 0x00000000c1d00000|100%| O|  |TAMS 0x00000000c1d00000, 0x00000000c1c00000| Untracked 
|  17|0x00000000c1d00000, 0x00000000c1e00000, 0x00000000c1e00000|100%| O|  |TAMS 0x00000000c1e00000, 0x00000000c1d00000| Untracked 
|  18|0x00000000c1e00000, 0x00000000c1ed8a00, 0x00000000c1f00000| 84%| O|  |TAMS 0x00000000c1e3d200, 0x00000000c1e00000| Untracked 
|  19|0x00000000c1f00000, 0x00000000c1f00000, 0x00000000c2000000|  0%| F|  |TAMS 0x00000000c1f00000, 0x00000000c1f00000| Untracked 
|  20|0x00000000c2000000, 0x00000000c2000000, 0x00000000c2100000|  0%| F|  |TAMS 0x00000000c2000000, 0x00000000c2000000| Untracked 
|  21|0x00000000c2100000, 0x00000000c2100000, 0x00000000c2200000|  0%| F|  |TAMS 0x00000000c2100000, 0x00000000c2100000| Untracked 
|  22|0x00000000c2200000, 0x00000000c2200000, 0x00000000c2300000|  0%| F|  |TAMS 0x00000000c2200000, 0x00000000c2200000| Untracked 
|  23|0x00000000c2300000, 0x00000000c2300000, 0x00000000c2400000|  0%| F|  |TAMS 0x00000000c2300000, 0x00000000c2300000| Untracked 
|  24|0x00000000c2400000, 0x00000000c2400000, 0x00000000c2500000|  0%| F|  |TAMS 0x00000000c2400000, 0x00000000c2400000| Untracked 
|  25|0x00000000c2500000, 0x00000000c2500000, 0x00000000c2600000|  0%| F|  |TAMS 0x00000000c2500000, 0x00000000c2500000| Untracked 
|  26|0x00000000c2600000, 0x00000000c2600000, 0x00000000c2700000|  0%| F|  |TAMS 0x00000000c2600000, 0x00000000c2600000| Untracked 
|  27|0x00000000c2700000, 0x00000000c2700000, 0x00000000c2800000|  0%| F|  |TAMS 0x00000000c2700000, 0x00000000c2700000| Untracked 
|  28|0x00000000c2800000, 0x00000000c2800000, 0x00000000c2900000|  0%| F|  |TAMS 0x00000000c2800000, 0x00000000c2800000| Untracked 
|  29|0x00000000c2900000, 0x00000000c2900000, 0x00000000c2a00000|  0%| F|  |TAMS 0x00000000c2900000, 0x00000000c2900000| Untracked 
|  30|0x00000000c2a00000, 0x00000000c2b00000, 0x00000000c2b00000|100%| S|CS|TAMS 0x00000000c2a00000, 0x00000000c2a00000| Complete 
|  31|0x00000000c2b00000, 0x00000000c2c00000, 0x00000000c2c00000|100%| S|CS|TAMS 0x00000000c2b00000, 0x00000000c2b00000| Complete 
|  32|0x00000000c2c00000, 0x00000000c2d00000, 0x00000000c2d00000|100%| S|CS|TAMS 0x00000000c2c00000, 0x00000000c2c00000| Complete 
|  33|0x00000000c2d00000, 0x00000000c2e00000, 0x00000000c2e00000|100%| S|CS|TAMS 0x00000000c2d00000, 0x00000000c2d00000| Complete 
|  34|0x00000000c2e00000, 0x00000000c2e00000, 0x00000000c2f00000|  0%| F|  |TAMS 0x00000000c2e00000, 0x00000000c2e00000| Untracked 
|  35|0x00000000c2f00000, 0x00000000c2f00000, 0x00000000c3000000|  0%| F|  |TAMS 0x00000000c2f00000, 0x00000000c2f00000| Untracked 
|  36|0x00000000c3000000, 0x00000000c3000000, 0x00000000c3100000|  0%| F|  |TAMS 0x00000000c3000000, 0x00000000c3000000| Untracked 
|  37|0x00000000c3100000, 0x00000000c3100000, 0x00000000c3200000|  0%| F|  |TAMS 0x00000000c3100000, 0x00000000c3100000| Untracked 
|  38|0x00000000c3200000, 0x00000000c3200000, 0x00000000c3300000|  0%| F|  |TAMS 0x00000000c3200000, 0x00000000c3200000| Untracked 
|  39|0x00000000c3300000, 0x00000000c3300000, 0x00000000c3400000|  0%| F|  |TAMS 0x00000000c3300000, 0x00000000c3300000| Untracked 
|  40|0x00000000c3400000, 0x00000000c3400000, 0x00000000c3500000|  0%| F|  |TAMS 0x00000000c3400000, 0x00000000c3400000| Untracked 
|  41|0x00000000c3500000, 0x00000000c3500000, 0x00000000c3600000|  0%| F|  |TAMS 0x00000000c3500000, 0x00000000c3500000| Untracked 
|  42|0x00000000c3600000, 0x00000000c3600000, 0x00000000c3700000|  0%| F|  |TAMS 0x00000000c3600000, 0x00000000c3600000| Untracked 
|  43|0x00000000c3700000, 0x00000000c3700000, 0x00000000c3800000|  0%| F|  |TAMS 0x00000000c3700000, 0x00000000c3700000| Untracked 
|  44|0x00000000c3800000, 0x00000000c3800000, 0x00000000c3900000|  0%| F|  |TAMS 0x00000000c3800000, 0x00000000c3800000| Untracked 
|  45|0x00000000c3900000, 0x00000000c3900000, 0x00000000c3a00000|  0%| F|  |TAMS 0x00000000c3900000, 0x00000000c3900000| Untracked 
|  46|0x00000000c3a00000, 0x00000000c3a00000, 0x00000000c3b00000|  0%| F|  |TAMS 0x00000000c3a00000, 0x00000000c3a00000| Untracked 
|  47|0x00000000c3b00000, 0x00000000c3b00000, 0x00000000c3c00000|  0%| F|  |TAMS 0x00000000c3b00000, 0x00000000c3b00000| Untracked 
|  48|0x00000000c3c00000, 0x00000000c3c00000, 0x00000000c3d00000|  0%| F|  |TAMS 0x00000000c3c00000, 0x00000000c3c00000| Untracked 
|  49|0x00000000c3d00000, 0x00000000c3d00000, 0x00000000c3e00000|  0%| F|  |TAMS 0x00000000c3d00000, 0x00000000c3d00000| Untracked 
|  50|0x00000000c3e00000, 0x00000000c3e00000, 0x00000000c3f00000|  0%| F|  |TAMS 0x00000000c3e00000, 0x00000000c3e00000| Untracked 
|  51|0x00000000c3f00000, 0x00000000c3f00000, 0x00000000c4000000|  0%| F|  |TAMS 0x00000000c3f00000, 0x00000000c3f00000| Untracked 
|  52|0x00000000c4000000, 0x00000000c4000000, 0x00000000c4100000|  0%| F|  |TAMS 0x00000000c4000000, 0x00000000c4000000| Untracked 
|  53|0x00000000c4100000, 0x00000000c4100000, 0x00000000c4200000|  0%| F|  |TAMS 0x00000000c4100000, 0x00000000c4100000| Untracked 
|  54|0x00000000c4200000, 0x00000000c42984b8, 0x00000000c4300000| 59%| E|  |TAMS 0x00000000c4200000, 0x00000000c4200000| Complete 
|  55|0x00000000c4300000, 0x00000000c4400000, 0x00000000c4400000|100%| E|CS|TAMS 0x00000000c4300000, 0x00000000c4300000| Complete 
|  56|0x00000000c4400000, 0x00000000c4500000, 0x00000000c4500000|100%| E|CS|TAMS 0x00000000c4400000, 0x00000000c4400000| Complete 
|  57|0x00000000c4500000, 0x00000000c4600000, 0x00000000c4600000|100%| E|CS|TAMS 0x00000000c4500000, 0x00000000c4500000| Complete 
|  58|0x00000000c4600000, 0x00000000c4700000, 0x00000000c4700000|100%| E|CS|TAMS 0x00000000c4600000, 0x00000000c4600000| Complete 
|  59|0x00000000c4700000, 0x00000000c4800000, 0x00000000c4800000|100%| E|  |TAMS 0x00000000c4700000, 0x00000000c4700000| Complete 
|  60|0x00000000c4800000, 0x00000000c4900000, 0x00000000c4900000|100%| E|CS|TAMS 0x00000000c4800000, 0x00000000c4800000| Complete 
|  61|0x00000000c4900000, 0x00000000c4a00000, 0x00000000c4a00000|100%| E|CS|TAMS 0x00000000c4900000, 0x00000000c4900000| Complete 
|  62|0x00000000c4a00000, 0x00000000c4b00000, 0x00000000c4b00000|100%| E|CS|TAMS 0x00000000c4a00000, 0x00000000c4a00000| Complete 
|  63|0x00000000c4b00000, 0x00000000c4c00000, 0x00000000c4c00000|100%| E|CS|TAMS 0x00000000c4b00000, 0x00000000c4b00000| Complete 
|  64|0x00000000c4c00000, 0x00000000c4d00000, 0x00000000c4d00000|100%| E|CS|TAMS 0x00000000c4c00000, 0x00000000c4c00000| Complete 

Card table byte_map: [0x0000027cacc80000,0x0000027cace80000] _byte_map_base: 0x0000027cac67a000

Marking Bits (Prev, Next): (CMBitMap*) 0x0000027ca02f9790, (CMBitMap*) 0x0000027ca02f97d0
 Prev Bits: [0x0000027cad080000, 0x0000027cae050000)
 Next Bits: [0x0000027cae050000, 0x0000027caf020000)

Polling page: 0x0000027ca0370000

Metaspace:

Usage:
  Non-class:     37.93 MB used.
      Class:      6.24 MB used.
       Both:     44.17 MB used.

Virtual space:
  Non-class space:       64.00 MB reserved,      38.12 MB ( 60%) committed,  1 nodes.
      Class space:        1.00 GB reserved,       6.44 MB ( <1%) committed,  1 nodes.
             Both:        1.06 GB reserved,      44.56 MB (  4%) committed. 

Chunk freelists:
   Non-Class:  9.80 MB
       Class:  9.59 MB
        Both:  19.39 MB

MaxMetaspaceSize: unlimited
CompressedClassSpaceSize: 1.00 GB
Initial GC threshold: 21.00 MB
Current GC threshold: 59.31 MB
CDS: on
MetaspaceReclaimPolicy: balanced
 - commit_granule_bytes: 65536.
 - commit_granule_words: 8192.
 - virtual_space_node_default_size: 8388608.
 - enlarge_chunks_in_place: 1.
 - new_chunks_are_fully_committed: 0.
 - uncommit_free_chunks: 1.
 - use_allocation_guard: 0.
 - handle_deallocations: 1.


Internal statistics:

num_allocs_failed_limit: 6.
num_arena_births: 590.
num_arena_deaths: 0.
num_vsnodes_births: 2.
num_vsnodes_deaths: 0.
num_space_committed: 713.
num_space_uncommitted: 0.
num_chunks_returned_to_freelist: 6.
num_chunks_taken_from_freelist: 2164.
num_chunk_merges: 6.
num_chunk_splits: 1608.
num_chunks_enlarged: 1271.
num_inconsistent_stats: 0.

CodeCache: size=49152Kb used=8733Kb max_used=8733Kb free=40418Kb
 bounds [0x0000027ca95e0000, 0x0000027ca9e70000, 0x0000027cac5e0000]
 total_blobs=4711 nmethods=4130 adapters=505
 compilation: enabled
              stopped_count=0, restarted_count=0
 full_count=0

Compilation events (20 events):
Event: 10.445 Thread 0x0000027cb15bd230 4122       1       java.util.stream.Collectors::toSet (26 bytes)
Event: 10.445 Thread 0x0000027cf7ac2040 nmethod 4121 0x0000027ca9e64390 code [0x0000027ca9e64520, 0x0000027ca9e645f8]
Event: 10.445 Thread 0x0000027cb15dfc80 nmethod 4115 0x0000027ca9e63710 code [0x0000027ca9e63940, 0x0000027ca9e63ff8]
Event: 10.445 Thread 0x0000027cf7ac2040 4123       1       java.util.stream.Collectors$$Lambda$30/0x800000045::get (8 bytes)
Event: 10.445 Thread 0x0000027cb15dfc80 4124       1       java.util.ArrayList$ArrayListSpliterator::estimateSize (11 bytes)
Event: 10.446 Thread 0x0000027cb15dfc80 nmethod 4124 0x0000027ca9e64690 code [0x0000027ca9e64820, 0x0000027ca9e64918]
Event: 10.446 Thread 0x0000027cf7ac2040 nmethod 4123 0x0000027ca9e64a10 code [0x0000027ca9e64ba0, 0x0000027ca9e64d78]
Event: 10.446 Thread 0x0000027cb15bd230 nmethod 4122 0x0000027ca9e64e10 code [0x0000027ca9e64fc0, 0x0000027ca9e65128]
Event: 10.446 Thread 0x0000027cf7ac2040 4125       1       org.hibernate.validator.internal.metadata.aggregated.MetaDataBuilder::getDirectConstraints (5 bytes)
Event: 10.446 Thread 0x0000027cb15bd230 4126       1       org.hibernate.validator.internal.metadata.aggregated.MetaDataBuilder::getContainerElementConstraints (5 bytes)
Event: 10.446 Thread 0x0000027cb15bd230 nmethod 4126 0x0000027ca9e65210 code [0x0000027ca9e653a0, 0x0000027ca9e65478]
Event: 10.446 Thread 0x0000027cf7ac2040 nmethod 4125 0x0000027ca9e65510 code [0x0000027ca9e656a0, 0x0000027ca9e65778]
Event: 10.446 Thread 0x0000027cb15bd230 4127       1       org.hibernate.validator.internal.metadata.aggregated.ExecutableMetaData::getKind (5 bytes)
Event: 10.446 Thread 0x0000027cb15bd230 nmethod 4127 0x0000027ca9e65810 code [0x0000027ca9e659a0, 0x0000027ca9e65a78]
Event: 10.452 Thread 0x0000027cf7ac2040 4128       1       java.util.stream.StreamSpliterators$WrappingSpliterator$$Lambda$198/0x0000027cb30ad608::accept (9 bytes)
Event: 10.452 Thread 0x0000027cb15dfc80 4129       1       java.util.stream.SpinedBuffer::get (123 bytes)
Event: 10.452 Thread 0x0000027cb15bd230 4130       1       java.util.ArrayList$ArrayListSpliterator::forEachRemaining (127 bytes)
Event: 10.452 Thread 0x0000027cf7ac2040 nmethod 4128 0x0000027ca9e65e10 code [0x0000027ca9e65fa0, 0x0000027ca9e66088]
Event: 10.453 Thread 0x0000027cb15bd230 nmethod 4130 0x0000027ca9e66110 code [0x0000027ca9e662e0, 0x0000027ca9e665e8]
Event: 10.453 Thread 0x0000027cb15dfc80 nmethod 4129 0x0000027ca9e66790 code [0x0000027ca9e669a0, 0x0000027ca9e66e38]

GC Heap History (20 events):
Event: 1.582 GC heap before
{Heap before GC invocations=0 (full 0):
 garbage-first heap   total 65536K, used 13312K [0x00000000c0c00000, 0x0000000100000000)
  region size 1024K, 13 young (13312K), 0 survivors (0K)
 Metaspace       used 5108K, committed 5312K, reserved 1114112K
  class space    used 602K, committed 704K, reserved 1048576K
}
Event: 1.600 GC heap after
{Heap after GC invocations=1 (full 0):
 garbage-first heap   total 65536K, used 7216K [0x00000000c0c00000, 0x0000000100000000)
  region size 1024K, 2 young (2048K), 2 survivors (2048K)
 Metaspace       used 5108K, committed 5312K, reserved 1114112K
  class space    used 602K, committed 704K, reserved 1048576K
}
Event: 2.093 GC heap before
{Heap before GC invocations=1 (full 0):
 garbage-first heap   total 65536K, used 14384K [0x00000000c0c00000, 0x0000000100000000)
  region size 1024K, 9 young (9216K), 2 survivors (2048K)
 Metaspace       used 6922K, committed 7104K, reserved 1114112K
  class space    used 866K, committed 960K, reserved 1048576K
}
Event: 2.104 GC heap after
{Heap after GC invocations=2 (full 0):
 garbage-first heap   total 65536K, used 8206K [0x00000000c0c00000, 0x0000000100000000)
  region size 1024K, 1 young (1024K), 1 survivors (1024K)
 Metaspace       used 6922K, committed 7104K, reserved 1114112K
  class space    used 866K, committed 960K, reserved 1048576K
}
Event: 3.272 GC heap before
{Heap before GC invocations=2 (full 0):
 garbage-first heap   total 65536K, used 27662K [0x00000000c0c00000, 0x0000000100000000)
  region size 1024K, 20 young (20480K), 1 survivors (1024K)
 Metaspace       used 10954K, committed 11264K, reserved 1114112K
  class space    used 1511K, committed 1664K, reserved 1048576K
}
Event: 3.279 GC heap after
{Heap after GC invocations=3 (full 0):
 garbage-first heap   total 65536K, used 9535K [0x00000000c0c00000, 0x0000000100000000)
  region size 1024K, 2 young (2048K), 2 survivors (2048K)
 Metaspace       used 10954K, committed 11264K, reserved 1114112K
  class space    used 1511K, committed 1664K, reserved 1048576K
}
Event: 4.151 GC heap before
{Heap before GC invocations=3 (full 0):
 garbage-first heap   total 65536K, used 39231K [0x00000000c0c00000, 0x0000000100000000)
  region size 1024K, 32 young (32768K), 2 survivors (2048K)
 Metaspace       used 17104K, committed 17344K, reserved 1114112K
  class space    used 2374K, committed 2496K, reserved 1048576K
}
Event: 4.162 GC heap after
{Heap after GC invocations=4 (full 0):
 garbage-first heap   total 65536K, used 11191K [0x00000000c0c00000, 0x0000000100000000)
  region size 1024K, 4 young (4096K), 4 survivors (4096K)
 Metaspace       used 17104K, committed 17344K, reserved 1114112K
  class space    used 2374K, committed 2496K, reserved 1048576K
}
Event: 4.800 GC heap before
{Heap before GC invocations=4 (full 0):
 garbage-first heap   total 65536K, used 34743K [0x00000000c0c00000, 0x0000000100000000)
  region size 1024K, 29 young (29696K), 4 survivors (4096K)
 Metaspace       used 21249K, committed 21504K, reserved 1114112K
  class space    used 2917K, committed 3072K, reserved 1048576K
}
Event: 4.814 GC heap after
{Heap after GC invocations=5 (full 0):
 garbage-first heap   total 65536K, used 13638K [0x00000000c0c00000, 0x0000000100000000)
  region size 1024K, 5 young (5120K), 5 survivors (5120K)
 Metaspace       used 21249K, committed 21504K, reserved 1114112K
  class space    used 2917K, committed 3072K, reserved 1048576K
}
Event: 6.017 GC heap before
{Heap before GC invocations=6 (full 0):
 garbage-first heap   total 55296K, used 41286K [0x00000000c0c00000, 0x0000000100000000)
  region size 1024K, 32 young (32768K), 5 survivors (5120K)
 Metaspace       used 24376K, committed 24640K, reserved 1114112K
  class space    used 3395K, committed 3520K, reserved 1048576K
}
Event: 6.034 GC heap after
{Heap after GC invocations=7 (full 0):
 garbage-first heap   total 66560K, used 15438K [0x00000000c0c00000, 0x0000000100000000)
  region size 1024K, 3 young (3072K), 3 survivors (3072K)
 Metaspace       used 24376K, committed 24640K, reserved 1114112K
  class space    used 3395K, committed 3520K, reserved 1048576K
}
Event: 7.462 GC heap before
{Heap before GC invocations=7 (full 0):
 garbage-first heap   total 66560K, used 46158K [0x00000000c0c00000, 0x0000000100000000)
  region size 1024K, 33 young (33792K), 3 survivors (3072K)
 Metaspace       used 29016K, committed 29376K, reserved 1114112K
  class space    used 4136K, committed 4288K, reserved 1048576K
}
Event: 7.480 GC heap after
{Heap after GC invocations=8 (full 0):
 garbage-first heap   total 66560K, used 18026K [0x00000000c0c00000, 0x0000000100000000)
  region size 1024K, 5 young (5120K), 5 survivors (5120K)
 Metaspace       used 29016K, committed 29376K, reserved 1114112K
  class space    used 4136K, committed 4288K, reserved 1048576K
}
Event: 8.634 GC heap before
{Heap before GC invocations=8 (full 0):
 garbage-first heap   total 66560K, used 47722K [0x00000000c0c00000, 0x0000000100000000)
  region size 1024K, 34 young (34816K), 5 survivors (5120K)
 Metaspace       used 34619K, committed 35072K, reserved 1114112K
  class space    used 4918K, committed 5120K, reserved 1048576K
}
Event: 8.653 GC heap after
{Heap after GC invocations=9 (full 0):
 garbage-first heap   total 66560K, used 20093K [0x00000000c0c00000, 0x0000000100000000)
  region size 1024K, 3 young (3072K), 3 survivors (3072K)
 Metaspace       used 34619K, committed 35072K, reserved 1114112K
  class space    used 4918K, committed 5120K, reserved 1048576K
}
Event: 8.858 GC heap before
{Heap before GC invocations=9 (full 0):
 garbage-first heap   total 66560K, used 23165K [0x00000000c0c00000, 0x0000000100000000)
  region size 1024K, 8 young (8192K), 3 survivors (3072K)
 Metaspace       used 35759K, committed 36096K, reserved 1114112K
  class space    used 5094K, committed 5248K, reserved 1048576K
}
Event: 8.865 GC heap after
{Heap after GC invocations=10 (full 0):
 garbage-first heap   total 66560K, used 19877K [0x00000000c0c00000, 0x0000000100000000)
  region size 1024K, 2 young (2048K), 2 survivors (2048K)
 Metaspace       used 35759K, committed 36096K, reserved 1114112K
  class space    used 5094K, committed 5248K, reserved 1048576K
}
Event: 10.072 GC heap before
{Heap before GC invocations=11 (full 0):
 garbage-first heap   total 66560K, used 49573K [0x00000000c0c00000, 0x0000000100000000)
  region size 1024K, 31 young (31744K), 2 survivors (2048K)
 Metaspace       used 43144K, committed 43584K, reserved 1114112K
  class space    used 6127K, committed 6336K, reserved 1048576K
}
Event: 10.084 GC heap after
{Heap after GC invocations=12 (full 0):
 garbage-first heap   total 66560K, used 22547K [0x00000000c0c00000, 0x0000000100000000)
  region size 1024K, 4 young (4096K), 4 survivors (4096K)
 Metaspace       used 43144K, committed 43584K, reserved 1114112K
  class space    used 6127K, committed 6336K, reserved 1048576K
}

Dll operation events (14 events):
Event: 0.026 Loaded shared library C:\Users\Willy.nyawira\.jdks\corretto-17.0.11\bin\java.dll
Event: 0.080 Loaded shared library C:\Users\Willy.nyawira\.jdks\corretto-17.0.11\bin\jsvml.dll
Event: 0.508 Loaded shared library C:\Users\Willy.nyawira\.jdks\corretto-17.0.11\bin\zip.dll
Event: 0.515 Loaded shared library C:\Users\Willy.nyawira\.jdks\corretto-17.0.11\bin\instrument.dll
Event: 0.533 Loaded shared library C:\Users\Willy.nyawira\.jdks\corretto-17.0.11\bin\net.dll
Event: 0.538 Loaded shared library C:\Users\Willy.nyawira\.jdks\corretto-17.0.11\bin\nio.dll
Event: 0.545 Loaded shared library C:\Users\Willy.nyawira\.jdks\corretto-17.0.11\bin\zip.dll
Event: 0.771 Loaded shared library C:\Program Files\JetBrains\IntelliJ IDEA 2024.1.1\bin\breakgen64.dll
Event: 0.784 Loaded shared library C:\Users\Willy.nyawira\.jdks\corretto-17.0.11\bin\jimage.dll
Event: 0.806 Loaded shared library C:\Users\Willy.nyawira\.jdks\corretto-17.0.11\bin\extnet.dll
Event: 0.837 Loaded shared library C:\Users\Willy.nyawira\.jdks\corretto-17.0.11\bin\management.dll
Event: 0.869 Loaded shared library C:\Users\Willy.nyawira\.jdks\corretto-17.0.11\bin\management_ext.dll
Event: 4.901 Loaded shared library C:\Users\Willy.nyawira\.jdks\corretto-17.0.11\bin\sunmscapi.dll
Event: 8.679 Loaded shared library C:\Users\Willy.nyawira\.jdks\corretto-17.0.11\bin\verify.dll

Deoptimization events (4 events):
Event: 7.910 Thread 0x0000027ca02bb8e0 DEOPT PACKING pc=0x0000027ca9a8ae81 sp=0x000000d6e97fe600
Event: 7.910 Thread 0x0000027ca02bb8e0 DEOPT UNPACKING pc=0x0000027ca9637143 sp=0x000000d6e97fda90 mode 3
Event: 7.911 Thread 0x0000027cf71ae6e0 DEOPT PACKING pc=0x0000027ca9a2db17 sp=0x000000d6eb1ff330
Event: 7.911 Thread 0x0000027cf71ae6e0 DEOPT UNPACKING pc=0x0000027ca9637143 sp=0x000000d6eb1fe788 mode 3

Classes unloaded (0 events):
No events

Classes redefined (0 events):
No events

Internal exceptions (20 events):
Event: 6.669 Thread 0x0000027ca02bb8e0 Exception <a 'java/lang/NoClassDefFoundError'{0x00000000c40f3938}: org/jooq/DSLContext> (0x00000000c40f3938) 
thrown [s\src\hotspot\share\classfile\systemDictionary.cpp, line 245]
Event: 6.672 Thread 0x0000027ca02bb8e0 Exception <a 'java/lang/NoClassDefFoundError'{0x00000000c3f01978}: org/springframework/batch/core/repository/JobRepository> (0x00000000c3f01978) 
thrown [s\src\hotspot\share\classfile\systemDictionary.cpp, line 245]
Event: 6.673 Thread 0x0000027ca02bb8e0 Exception <a 'java/lang/NoClassDefFoundError'{0x00000000c3f037a8}: org/quartz/Scheduler> (0x00000000c3f037a8) 
thrown [s\src\hotspot\share\classfile\systemDictionary.cpp, line 245]
Event: 6.673 Thread 0x0000027ca02bb8e0 Exception <a 'java/lang/NoClassDefFoundError'{0x00000000c3f05ac8}: org/springframework/session/jdbc/JdbcIndexedSessionRepository> (0x00000000c3f05ac8) 
thrown [s\src\hotspot\share\classfile\systemDictionary.cpp, line 245]
Event: 7.222 Thread 0x0000027ca02bb8e0 Exception <a 'java/lang/NoSuchMethodError'{0x00000000c357e300}: 'void java.lang.invoke.DirectMethodHandle$Holder.invokeInterface(java.lang.Object, java.lang.Object, int)'> (0x00000000c357e300) 
thrown [s\src\hotspot\share\interpreter\linkResolver.cpp, line 759]
Event: 7.232 Thread 0x0000027ca02bb8e0 Exception <a 'java/lang/IncompatibleClassChangeError'{0x00000000c35ce0a0}: Found class java.lang.Object, but interface was expected> (0x00000000c35ce0a0) 
thrown [s\src\hotspot\share\interpreter\linkResolver.cpp, line 826]
Event: 7.235 Thread 0x0000027ca02bb8e0 Exception <a 'java/lang/NoSuchMethodError'{0x00000000c35e6b80}: 'void java.lang.invoke.DirectMethodHandle$Holder.invokeStatic(java.lang.Object, int, java.lang.Object)'> (0x00000000c35e6b80) 
thrown [s\src\hotspot\share\interpreter\linkResolver.cpp, line 759]
Event: 7.245 Thread 0x0000027ca02bb8e0 Exception <a 'java/lang/NoSuchMethodError'{0x00000000c3423230}: 'void java.lang.invoke.DirectMethodHandle$Holder.invokeVirtual(java.lang.Object, java.lang.Object, int)'> (0x00000000c3423230) 
thrown [s\src\hotspot\share\interpreter\linkResolver.cpp, line 759]
Event: 7.246 Thread 0x0000027ca02bb8e0 Exception <a 'java/lang/NoSuchMethodError'{0x00000000c34293e8}: 'void java.lang.invoke.DirectMethodHandle$Holder.invokeStatic(java.lang.Object, java.lang.Object, java.lang.Object, int, java.lang.Object)'> (0x00000000c34293e8) 
thrown [s\src\hotspot\share\interpreter\linkResolver.cpp, line 759]
Event: 7.247 Thread 0x0000027ca02bb8e0 Exception <a 'java/lang/NoSuchMethodError'{0x00000000c3430868}: 'java.lang.Object java.lang.invoke.DirectMethodHandle$Holder.newInvokeSpecial(java.lang.Object, java.lang.Object, java.lang.Object, int)'> (0x00000000c3430868) 
thrown [s\src\hotspot\share\interpreter\linkResolver.cpp, line 759]
Event: 7.247 Thread 0x0000027ca02bb8e0 Exception <a 'java/lang/NoSuchMethodError'{0x00000000c3434b50}: 'java.lang.Object java.lang.invoke.DirectMethodHandle$Holder.invokeSpecial(java.lang.Object, java.lang.Object, java.lang.Object, java.lang.Object, int)'> (0x00000000c3434b50) 
thrown [s\src\hotspot\share\interpreter\linkResolver.cpp, line 759]
Event: 7.248 Thread 0x0000027ca02bb8e0 Exception <a 'java/lang/NoSuchMethodError'{0x00000000c3438718}: 'java.lang.Object java.lang.invoke.Invokers$Holder.linkToTargetMethod(java.lang.Object, java.lang.Object, int, java.lang.Object)'> (0x00000000c3438718) 
thrown [s\src\hotspot\share\interpreter\linkResolver.cpp, line 759]
Event: 7.626 Thread 0x0000027ca02bb8e0 Exception <a 'java/lang/NoSuchMethodError'{0x00000000c498fc40}: 'java.lang.Object java.lang.invoke.DirectMethodHandle$Holder.invokeSpecial(java.lang.Object, java.lang.Object, long, java.lang.Object, java.lang.Object, java.lang.Object, java.lang.Object, java.lang.Object, java.lang.Object)'> (0x00000000c498fc40) 
thrown [s\src\hotspot\share\interpreter\linkResolver.cpp, line 759]
Event: 7.627 Thread 0x0000027ca02bb8e0 Exception <a 'java/lang/NoSuchMethodError'{0x00000000c4994768}: 'java.lang.Object java.lang.invoke.DelegatingMethodHandle$Holder.reinvoke_L(java.lang.Object, long, java.lang.Object, java.lang.Object, java.lang.Object, java.lang.Object, java.lang.Object, java.lang.Object)'> (0x00000000c4994768) 
thrown [s\src\hotspot\share\interpreter\linkResolver.cpp, line 759]
Event: 7.704 Thread 0x0000027ca02bb8e0 Exception <a 'java/io/FileNotFoundException'{0x00000000c48ff2d8}> (0x00000000c48ff2d8) 
thrown [s\src\hotspot\share\prims\jni.cpp, line 516]
Event: 7.763 Thread 0x0000027ca02bb8e0 Exception <a 'java/lang/NoSuchMethodError'{0x00000000c46af8f0}: 'int java.lang.invoke.DirectMethodHandle$Holder.invokeInterface(java.lang.Object, java.lang.Object, java.lang.Object, java.lang.Object)'> (0x00000000c46af8f0) 
thrown [s\src\hotspot\share\interpreter\linkResolver.cpp, line 759]
Event: 7.879 Thread 0x0000027ca02bb8e0 Exception <a 'java/lang/NoSuchMethodError'{0x00000000c433c048}: 'long java.lang.invoke.DirectMethodHandle$Holder.invokeVirtual(java.lang.Object, java.lang.Object)'> (0x00000000c433c048) 
thrown [s\src\hotspot\share\interpreter\linkResolver.cpp, line 759]
Event: 8.078 Thread 0x0000027ca02bb8e0 Exception <a 'sun/nio/fs/WindowsException'{0x00000000c3dded80}> (0x00000000c3dded80) 
thrown [s\src\hotspot\share\prims\jni.cpp, line 516]
Event: 9.078 Thread 0x0000027ca02bb8e0 Exception <a 'java/lang/NoSuchMethodError'{0x00000000c48bda40}: 'int java.lang.invoke.DirectMethodHandle$Holder.invokeStatic(java.lang.Object)'> (0x00000000c48bda40) 
thrown [s\src\hotspot\share\interpreter\linkResolver.cpp, line 759]
Event: 9.654 Thread 0x0000027ca02bb8e0 Exception <a 'java/lang/NoSuchMethodError'{0x00000000c38f2858}: 'java.lang.Object java.lang.invoke.DirectMethodHandle$Holder.invokeStaticInit(java.lang.Object, java.lang.Object, java.lang.Object, java.lang.Object)'> (0x00000000c38f2858) 
thrown [s\src\hotspot\share\interpreter\linkResolver.cpp, line 759]

VM Operations (20 events):
Event: 7.822 Executing VM operation: HandshakeAllThreads
Event: 7.822 Executing VM operation: HandshakeAllThreads done
Event: 7.893 Executing VM operation: HandshakeAllThreads
Event: 7.893 Executing VM operation: HandshakeAllThreads done
Event: 7.956 Executing VM operation: HandshakeAllThreads
Event: 7.956 Executing VM operation: HandshakeAllThreads done
Event: 8.014 Executing VM operation: HandshakeAllThreads
Event: 8.014 Executing VM operation: HandshakeAllThreads done
Event: 8.633 Executing VM operation: G1CollectForAllocation
Event: 8.653 Executing VM operation: G1CollectForAllocation done
Event: 8.858 Executing VM operation: CollectForMetadataAllocation
Event: 8.865 Executing VM operation: CollectForMetadataAllocation done
Event: 8.933 Executing VM operation: G1PauseRemark
Event: 8.937 Executing VM operation: G1PauseRemark done
Event: 8.964 Executing VM operation: G1PauseCleanup
Event: 8.964 Executing VM operation: G1PauseCleanup done
Event: 9.970 Executing VM operation: Cleanup
Event: 9.970 Executing VM operation: Cleanup done
Event: 10.072 Executing VM operation: G1CollectForAllocation
Event: 10.084 Executing VM operation: G1CollectForAllocation done

Events (20 events):
Event: 10.088 loading class java/util/stream/ReduceOps$1
Event: 10.088 loading class java/util/stream/ReduceOps$1 done
Event: 10.088 loading class java/util/stream/ReduceOps$1ReducingSink
Event: 10.088 loading class java/util/stream/ReduceOps$1ReducingSink done
Event: 10.204 loading class javax/naming/RefAddr
Event: 10.204 loading class javax/naming/RefAddr done
Event: 10.204 loading class javax/naming/StringRefAddr
Event: 10.204 loading class javax/naming/StringRefAddr done
Event: 10.256 loading class java/util/concurrent/CompletionStage
Event: 10.257 loading class java/util/concurrent/CompletionStage done
Event: 10.258 loading class java/util/concurrent/CompletableFuture
Event: 10.259 loading class java/util/concurrent/CompletableFuture done
Event: 10.260 loading class java/util/concurrent/CompletableFuture$AltResult
Event: 10.260 loading class java/util/concurrent/CompletableFuture$AltResult done
Event: 10.260 loading class java/util/concurrent/CompletableFuture$Completion
Event: 10.260 loading class java/util/concurrent/CompletableFuture$AsynchronousCompletionTask
Event: 10.260 loading class java/util/concurrent/CompletableFuture$AsynchronousCompletionTask done
Event: 10.260 loading class java/util/concurrent/CompletableFuture$Completion done
Event: 10.425 loading class sun/reflect/annotation/TypeAnnotation$TypeAnnotationTargetInfo
Event: 10.425 loading class sun/reflect/annotation/TypeAnnotation$TypeAnnotationTargetInfo done


Dynamic libraries:
0x00007ff768680000 - 0x00007ff76868e000 	C:\Users\Willy.nyawira\.jdks\corretto-17.0.11\bin\java.exe
0x00007ff9d9950000 - 0x00007ff9d9b48000 	C:\WINDOWS\SYSTEM32\ntdll.dll
0x00007ff9d82a0000 - 0x00007ff9d835d000 	C:\WINDOWS\System32\KERNEL32.DLL
0x00007ff9d7540000 - 0x00007ff9d7836000 	C:\WINDOWS\System32\KERNELBASE.dll
0x00007ff9d7410000 - 0x00007ff9d7510000 	C:\WINDOWS\System32\ucrtbase.dll
0x00007ff9d2a30000 - 0x00007ff9d2a47000 	C:\Users\Willy.nyawira\.jdks\corretto-17.0.11\bin\jli.dll
0x00007ff9d9620000 - 0x00007ff9d97bf000 	C:\WINDOWS\System32\USER32.dll
0x00007ff9d7510000 - 0x00007ff9d7532000 	C:\WINDOWS\System32\win32u.dll
0x00007ff9d2a60000 - 0x00007ff9d2a7b000 	C:\Users\Willy.nyawira\.jdks\corretto-17.0.11\bin\VCRUNTIME140.dll
0x00007ff9c39f0000 - 0x00007ff9c3c8a000 	C:\WINDOWS\WinSxS\amd64_microsoft.windows.common-controls_6595b64144ccf1df_6.0.19041.4355_none_60b8b9eb71f62e16\COMCTL32.dll
0x00007ff9d9580000 - 0x00007ff9d961e000 	C:\WINDOWS\System32\msvcrt.dll
0x00007ff9d8360000 - 0x00007ff9d838b000 	C:\WINDOWS\System32\GDI32.dll
0x00007ff9d7000000 - 0x00007ff9d7117000 	C:\WINDOWS\System32\gdi32full.dll
0x00007ff9d7170000 - 0x00007ff9d720d000 	C:\WINDOWS\System32\msvcp_win.dll
0x00007ff9d8800000 - 0x00007ff9d8832000 	C:\WINDOWS\System32\IMM32.DLL
0x00007ff9d2a20000 - 0x00007ff9d2a2c000 	C:\Users\Willy.nyawira\.jdks\corretto-17.0.11\bin\vcruntime140_1.dll
0x00007ff9cc9c0000 - 0x00007ff9cca4d000 	C:\Users\Willy.nyawira\.jdks\corretto-17.0.11\bin\msvcp140.dll
0x00007ff9ac4d0000 - 0x00007ff9ad132000 	C:\Users\Willy.nyawira\.jdks\corretto-17.0.11\bin\server\jvm.dll
0x00007ff9d7a70000 - 0x00007ff9d7b20000 	C:\WINDOWS\System32\ADVAPI32.dll
0x00007ff9d97c0000 - 0x00007ff9d9860000 	C:\WINDOWS\System32\sechost.dll
0x00007ff9d7ba0000 - 0x00007ff9d7cc3000 	C:\WINDOWS\System32\RPCRT4.dll
0x00007ff9d73e0000 - 0x00007ff9d7407000 	C:\WINDOWS\System32\bcrypt.dll
0x00007ff9d6e50000 - 0x00007ff9d6e9b000 	C:\WINDOWS\SYSTEM32\POWRPROF.dll
0x00007ff9c72f0000 - 0x00007ff9c72f9000 	C:\WINDOWS\SYSTEM32\WSOCK32.dll
0x00007ff9d7cd0000 - 0x00007ff9d7d3b000 	C:\WINDOWS\System32\WS2_32.dll
0x00007ff9c6520000 - 0x00007ff9c6547000 	C:\WINDOWS\SYSTEM32\WINMM.dll
0x00007ff9c7fa0000 - 0x00007ff9c7faa000 	C:\WINDOWS\SYSTEM32\VERSION.dll
0x00007ff9d6e30000 - 0x00007ff9d6e42000 	C:\WINDOWS\SYSTEM32\UMPDC.dll
0x00007ff9d4e40000 - 0x00007ff9d4e52000 	C:\WINDOWS\SYSTEM32\kernel.appcore.dll
0x00007ff9d2a10000 - 0x00007ff9d2a1a000 	C:\Users\Willy.nyawira\.jdks\corretto-17.0.11\bin\jimage.dll
0x00007ff9c4850000 - 0x00007ff9c4a34000 	C:\WINDOWS\SYSTEM32\DBGHELP.DLL
0x00007ff9c09a0000 - 0x00007ff9c09d4000 	C:\WINDOWS\SYSTEM32\dbgcore.DLL
0x00007ff9d78f0000 - 0x00007ff9d7972000 	C:\WINDOWS\System32\bcryptPrimitives.dll
0x00007ff9d2a00000 - 0x00007ff9d2a0e000 	C:\Users\Willy.nyawira\.jdks\corretto-17.0.11\bin\instrument.dll
0x00007ff9d15b0000 - 0x00007ff9d15d5000 	C:\Users\Willy.nyawira\.jdks\corretto-17.0.11\bin\java.dll
0x00007ff9c2de0000 - 0x00007ff9c2eb7000 	C:\Users\Willy.nyawira\.jdks\corretto-17.0.11\bin\jsvml.dll
0x00007ff9d8db0000 - 0x00007ff9d951b000 	C:\WINDOWS\System32\SHELL32.dll
0x00007ff9d5040000 - 0x00007ff9d57dd000 	C:\WINDOWS\SYSTEM32\windows.storage.dll
0x00007ff9d7da0000 - 0x00007ff9d80f3000 	C:\WINDOWS\System32\combase.dll
0x00007ff9d6870000 - 0x00007ff9d689e000 	C:\WINDOWS\SYSTEM32\Wldp.dll
0x00007ff9d88d0000 - 0x00007ff9d899d000 	C:\WINDOWS\System32\OLEAUT32.dll
0x00007ff9d9860000 - 0x00007ff9d990d000 	C:\WINDOWS\System32\SHCORE.dll
0x00007ff9d8120000 - 0x00007ff9d8175000 	C:\WINDOWS\System32\shlwapi.dll
0x00007ff9d6f30000 - 0x00007ff9d6f54000 	C:\WINDOWS\SYSTEM32\profapi.dll
0x00007ff9cde90000 - 0x00007ff9cdea8000 	C:\Users\Willy.nyawira\.jdks\corretto-17.0.11\bin\zip.dll
0x00007ff9ce1e0000 - 0x00007ff9ce1f9000 	C:\Users\Willy.nyawira\.jdks\corretto-17.0.11\bin\net.dll
0x00007ff9cb7b0000 - 0x00007ff9cb8ba000 	C:\WINDOWS\SYSTEM32\WINHTTP.dll
0x00007ff9d6650000 - 0x00007ff9d66ba000 	C:\WINDOWS\system32\mswsock.dll
0x00007ff9cdeb0000 - 0x00007ff9cdec6000 	C:\Users\Willy.nyawira\.jdks\corretto-17.0.11\bin\nio.dll
0x00007ff9cddc0000 - 0x00007ff9cddda000 	C:\Program Files\JetBrains\IntelliJ IDEA 2024.1.1\bin\breakgen64.dll
0x00007ff9d29f0000 - 0x00007ff9d29f9000 	C:\Users\Willy.nyawira\.jdks\corretto-17.0.11\bin\extnet.dll
0x00007ff9d6390000 - 0x00007ff9d645b000 	C:\WINDOWS\SYSTEM32\DNSAPI.dll
0x00007ff9d6350000 - 0x00007ff9d638b000 	C:\WINDOWS\SYSTEM32\IPHLPAPI.DLL
0x00007ff9d81e0000 - 0x00007ff9d81e8000 	C:\WINDOWS\System32\NSI.dll
0x00007ff9ccea0000 - 0x00007ff9cceaa000 	C:\Windows\System32\rasadhlp.dll
0x00007ff9c8a60000 - 0x00007ff9c8ae0000 	C:\WINDOWS\System32\fwpuclnt.dll
0x00007ff9ce1d0000 - 0x00007ff9ce1d9000 	C:\Users\Willy.nyawira\.jdks\corretto-17.0.11\bin\management.dll
0x00007ff9cde10000 - 0x00007ff9cde1b000 	C:\Users\Willy.nyawira\.jdks\corretto-17.0.11\bin\management_ext.dll
0x00007ff9d8c80000 - 0x00007ff9d8c88000 	C:\WINDOWS\System32\PSAPI.DLL
0x00007ff9d6a10000 - 0x00007ff9d6a28000 	C:\WINDOWS\SYSTEM32\CRYPTSP.dll
0x00007ff9d5f90000 - 0x00007ff9d5fc4000 	C:\WINDOWS\system32\rsaenh.dll
0x00007ff9d6ea0000 - 0x00007ff9d6ece000 	C:\WINDOWS\SYSTEM32\USERENV.dll
0x00007ff9d67e0000 - 0x00007ff9d67ec000 	C:\WINDOWS\SYSTEM32\CRYPTBASE.dll
0x00007ff9cbe90000 - 0x00007ff9cbea7000 	C:\WINDOWS\SYSTEM32\dhcpcsvc6.DLL
0x00007ff9ccd50000 - 0x00007ff9ccd6d000 	C:\WINDOWS\SYSTEM32\dhcpcsvc.DLL
0x00007ff9c4bf0000 - 0x00007ff9c4c07000 	C:\WINDOWS\system32\napinsp.dll
0x00007ff9c4bd0000 - 0x00007ff9c4beb000 	C:\WINDOWS\system32\pnrpnsp.dll
0x00007ff9d2930000 - 0x00007ff9d294d000 	C:\WINDOWS\system32\NLAapi.dll
0x00007ff9c4bb0000 - 0x00007ff9c4bc2000 	C:\WINDOWS\System32\winrnr.dll
0x00007ff9d1d50000 - 0x00007ff9d1d65000 	C:\WINDOWS\system32\wshbth.dll
0x00007ff9cddb0000 - 0x00007ff9cddbe000 	C:\Users\Willy.nyawira\.jdks\corretto-17.0.11\bin\sunmscapi.dll
0x00007ff9d7280000 - 0x00007ff9d73de000 	C:\WINDOWS\System32\CRYPT32.dll
0x00007ff9d68e0000 - 0x00007ff9d6909000 	C:\WINDOWS\SYSTEM32\ncrypt.dll
0x00007ff9d68a0000 - 0x00007ff9d68db000 	C:\WINDOWS\SYSTEM32\NTASN1.dll
0x00007ff9ccb20000 - 0x00007ff9ccb30000 	C:\Users\Willy.nyawira\.jdks\corretto-17.0.11\bin\verify.dll

dbghelp: loaded successfully - version: 4.0.5 - missing functions: none
symbol engine: initialized successfully - sym options: 0x614 - pdb path: .;C:\Users\Willy.nyawira\.jdks\corretto-17.0.11\bin;C:\WINDOWS\SYSTEM32;C:\WINDOWS\WinSxS\amd64_microsoft.windows.common-controls_6595b64144ccf1df_6.0.19041.4355_none_60b8b9eb71f62e16;C:\Users\Willy.nyawira\.jdks\corretto-17.0.11\bin\server;C:\Program Files\JetBrains\IntelliJ IDEA 2024.1.1\bin

VM Arguments:
jvm_args: -XX:TieredStopAtLevel=1 -Dspring.output.ansi.enabled=always -Dcom.sun.management.jmxremote -Dspring.jmx.enabled=true -Dspring.liveBeansView.mbeanDomain -Dspring.application.admin.enabled=true -Dmanagement.endpoints.jmx.exposure.include=* -javaagent:C:\Program Files\JetBrains\IntelliJ IDEA 2024.1.1\lib\idea_rt.jar=51431:C:\Program Files\JetBrains\IntelliJ IDEA 2024.1.1\bin -Dfile.encoding=UTF-8 
java_command: com.emtech.Fixed.Assets.Emtech.Fixed.Assets.EmtechFixedAssetsApplication
java_class_path (initial): C:\Users\Willy.nyawira\Desktop\AIG\Emtech-Fixed-Assets\target\classes;C:\Users\Willy.nyawira\.m2\repository\org\springframework\boot\spring-boot-starter-data-jpa\3.2.5\spring-boot-starter-data-jpa-3.2.5.jar;C:\Users\Willy.nyawira\.m2\repository\org\springframework\boot\spring-boot-starter-aop\3.2.5\spring-boot-starter-aop-3.2.5.jar;C:\Users\Willy.nyawira\.m2\repository\org\aspectj\aspectjweaver\1.9.22\aspectjweaver-1.9.22.jar;C:\Users\Willy.nyawira\.m2\repository\org\springframework\boot\spring-boot-starter-jdbc\3.2.5\spring-boot-starter-jdbc-3.2.5.jar;C:\Users\Willy.nyawira\.m2\repository\com\zaxxer\HikariCP\5.0.1\HikariCP-5.0.1.jar;C:\Users\Willy.nyawira\.m2\repository\org\springframework\spring-jdbc\6.1.6\spring-jdbc-6.1.6.jar;C:\Users\Willy.nyawira\.m2\repository\org\hibernate\orm\hibernate-core\6.4.4.Final\hibernate-core-6.4.4.Final.jar;C:\Users\Willy.nyawira\.m2\repository\jakarta\persistence\jakarta.persistence-api\3.1.0\jakarta.persistence-api-3.1.0.jar;C:\Users\Willy.nyawira\.m2\repository\jakarta\transaction\jakarta.transaction-api\2.0.1\jakarta.transaction-api-2.0.1.jar;C:\Users\Willy.nyawira\.m2\repository\org\jboss\logging\jboss-logging\3.5.3.Final\jboss-logging-3.5.3.Final.jar;C:\Users\Willy.nyawira\.m2\repository\org\hibernate\common\hibernate-commons-annotations\6.0.6.Final\hibernate-commons-annotations-6.0.6.Final.jar;C:\Users\Willy.nyawira\.m2\repository\io\smallrye\jandex\3.1.2\jandex-3.1.2.jar;C:\Users\Willy.nyawira\.m2\repository\com\fasterxml\classmate\1.6.0\classmate-1.6.0.jar;C:\Users\Willy.nyawira\.m2\repository\net\bytebuddy\byte-buddy\1.14.13\byte-buddy-1.14.13.jar;C:\Users\Willy.nyawira\.m2\repository\org\glassfish\jaxb\jaxb-runtime\4.0.5\jaxb-runtime-4.0.5.jar;C:\Users\Willy.nyawira\.m2\repository\org\glassfish\jaxb\jaxb-core\4.0.5\jaxb-core-4.0.5.jar;C:\Users\Willy.nyawira\.m2\repository\org\eclipse\angus\angus-activation\2.0.2\angus-activation-2.0.2.jar;C:\Users\Willy.nyawira\.m2\repository\org\glassfish\ja
Launcher Type: SUN_STANDARD

[Global flags]
     intx CICompilerCount                          = 3                                         {product} {ergonomic}
     uint ConcGCThreads                            = 1                                         {product} {ergonomic}
     uint G1ConcRefinementThreads                  = 4                                         {product} {ergonomic}
   size_t G1HeapRegionSize                         = 1048576                                   {product} {ergonomic}
    uintx GCDrainStackTargetSize                   = 64                                        {product} {ergonomic}
   size_t InitialHeapSize                          = 67108864                                  {product} {ergonomic}
     bool ManagementServer                         = true                                      {product} {command line}
   size_t MarkStackSize                            = 4194304                                   {product} {ergonomic}
   size_t MaxHeapSize                              = 1061158912                                {product} {ergonomic}
   size_t MaxNewSize                               = 636485632                                 {product} {ergonomic}
   size_t MinHeapDeltaBytes                        = 1048576                                   {product} {ergonomic}
   size_t MinHeapSize                              = 8388608                                   {product} {ergonomic}
    uintx NonProfiledCodeHeapSize                  = 0                                      {pd product} {ergonomic}
     bool ProfileInterpreter                       = false                                  {pd product} {command line}
    uintx ProfiledCodeHeapSize                     = 0                                      {pd product} {ergonomic}
   size_t SoftMaxHeapSize                          = 1061158912                             {manageable} {ergonomic}
     intx TieredStopAtLevel                        = 1                                         {product} {command line}
     bool UseCompressedClassPointers               = true                           {product lp64_product} {ergonomic}
     bool UseCompressedOops                        = true                           {product lp64_product} {ergonomic}
     bool UseG1GC                                  = true                                      {product} {ergonomic}
     bool UseLargePagesIndividualAllocation        = false                                  {pd product} {ergonomic}

Logging:
Log output configuration:
 #0: stdout all=warning uptime,level,tags
 #1: stderr all=off uptime,level,tags

Environment Variables:
JAVA_HOME=C:\Program Files\Java\jdk-21
PATH=C:\OraHome_2\jre\1.4.2\bin\client;C:\OraHome_2\jre\1.4.2\bin;C:\OraHome_1\bin;C:\OraHome_1\jre\1.4.2\bin\client;C:\OraHome_1\jre\1.4.2\bin;C:\DevSuiteHome_4\jdk\jre\bin\classic;C:\DevSuiteHome_4\jdk\jre\bin;C:\DevSuiteHome_4\jdk\jre\bin\client;C:\DevSuiteHome_4\jlib;C:\DevSuiteHome_4\bin;C:\DevSuiteHome_4\jre\1.4.2\bin\client;C:\DevSuiteHome_4\jre\1.4.2\bin;D:\DevSuiteHome_8\jdk\jre\bin\classic;D:\DevSuiteHome_8\jdk\jre\bin;D:\DevSuiteHome_8\jdk\jre\bin\client;D:\DevSuiteHome_8\jlib;D:\DevSuiteHome_8\bin;D:\DevSuiteHome_8\jre\1.4.2\bin\client;D:\DevSuiteHome_8\jre\1.4.2\bin;C:\oraclexe\app\oracle\product\11.2.0\server\bin;C:\Program Files\Common Files\Oracle\Java\javapath;C:\Program Files (x86)\Common Files\Oracle\Java\java8path;C:\Program Files (x86)\Common Files\Oracle\Java\javapath;C:\oraclexe\app\oracle\product\11.2.0\server\bin;C:\WINDOWS\system32;C:\WINDOWS;C:\WINDOWS\System32\Wbem;C:\WINDOWS\System32\WindowsPowerShell\v1.0\;C:\WINDOWS\System32\OpenSSH\;C:\Program Files (x86)\WinSCP\;C:\Program Files\Java\jdk-21;C:\Program Files\PuTTY\;C:\Program Files\Amazon\AWSCLIV2\;C:\Users\Willy.nyawira\AppData\Local\Programs\Microsoft VS Code\bin;C:\Program Files\heroku\bin;C:\Program Files\JetBrains\IntelliJ IDEA 2024.1.1\bin;;C:\Program Files\Java\jdk-21;C:\xampp\mysql\bin;
USERNAME=Willy.nyawira
OS=Windows_NT
PROCESSOR_IDENTIFIER=Intel64 Family 6 Model 42 Stepping 7, GenuineIntel
TMP=C:\Users\WILLY~1.NYA\AppData\Local\Temp
TEMP=C:\Users\WILLY~1.NYA\AppData\Local\Temp



Periodic native trim disabled


---------------  S Y S T E M  ---------------

OS:
 Windows 10 , 64 bit Build 19041 (10.0.19041.3636)
OS uptime: 0 days 2:08 hours
Hyper-V role detected

CPU: total 4 (initial active 4) (2 cores per cpu, 2 threads per core) family 6 model 42 stepping 7 microcode 0x2f, cx8, cmov, fxsr, ht, mmx, sse, sse2, sse3, ssse3, sse4.1, sse4.2, popcnt, tsc, tscinvbit, avx, aes, clmul, vzeroupper, clflush, hv
Processor Information for all 4 processors :
  Max Mhz: 1601, Current Mhz: 1600, Mhz Limit: 1584

Memory: 4k page, system-wide physical 4041M (395M free)
TotalPageFile size 7111M (AvailPageFile size 5M)
current process WorkingSet (physical memory assigned to process): 173M, peak: 173M
current process commit charge ("private bytes"): 207M, peak: 207M

vm_info: OpenJDK 64-Bit Server VM (17.0.11+9-LTS) for windows-amd64 JRE (17.0.11+9-LTS), built on Apr 10 2024 22:12:24 by "Administrator" with MS VC++ 16.10 / 16.11 (VS2019)

END.
