#
# There is insufficient memory for the Java Runtime Environment to continue.
# Native memory allocation (mmap) failed to map 17825792 bytes. Error detail: G1 virtual space
# Possible reasons:
#   The system is out of physical RAM or swap space
#   This process is running with CompressedOops enabled, and the Java Heap may be blocking the growth of the native heap
# Possible solutions:
#   Reduce memory load on the system
#   Increase physical memory or swap space
#   Check if swap backing store is full
#   Decrease Java heap size (-Xmx/-Xms)
#   Decrease number of Java threads
#   Decrease Java thread stack sizes (-Xss)
#   Set larger code cache with -XX:ReservedCodeCacheSize=
#   JVM is running with Unscaled Compressed Oops mode in which the Java heap is
#     placed in the first 4GB address space. The Java Heap base address is the
#     maximum limit for the native heap growth. Please use -XX:HeapBaseMinAddress
#     to set the Java Heap base and to place the Java Heap above 4GB virtual address.
# This output file may be truncated or incomplete.
#
#  Out of Memory Error (os_windows.cpp:3613), pid=2492, tid=5612
#
# JRE version: OpenJDK Runtime Environment Corretto-17.0.11.9.1 (17.0.11+9) (build 17.0.11+9-LTS)
# Java VM: OpenJDK 64-Bit Server VM Corretto-17.0.11.9.1 (17.0.11+9-LTS, mixed mode, emulated-client, sharing, tiered, compressed oops, compressed class ptrs, g1 gc, windows-amd64)
# No core dump will be written. Minidumps are not enabled by default on client versions of Windows
#

---------------  S U M M A R Y ------------

Command Line: -XX:TieredStopAtLevel=1 -Dspring.output.ansi.enabled=always -Dcom.sun.management.jmxremote -Dspring.jmx.enabled=true -Dspring.liveBeansView.mbeanDomain -Dspring.application.admin.enabled=true -Dmanagement.endpoints.jmx.exposure.include=* -javaagent:C:\Program Files\JetBrains\IntelliJ IDEA 2024.1.1\lib\idea_rt.jar=60617:C:\Program Files\JetBrains\IntelliJ IDEA 2024.1.1\bin -Dfile.encoding=UTF-8 com.emtech.Fixed.Assets.Emtech.Fixed.Assets.EmtechFixedAssetsApplication

Host: Intel(R) Core(TM) i5-2467M CPU @ 1.60GHz, 4 cores, 3G,  Windows 10 , 64 bit Build 19041 (10.0.19041.3636)
Time: Tue May 21 23:13:18 2024 E. Africa Standard Time elapsed time: 8.629336 seconds (0d 0h 0m 8s)

---------------  T H R E A D  ---------------

Current thread (0x000001b0982c3a90):  VMThread "VM Thread" [stack: 0x0000008786800000,0x0000008786900000] [id=5612]

Stack: [0x0000008786800000,0x0000008786900000]
Native frames: (J=compiled Java code, j=interpreted, Vv=VM code, C=native code)
V  [jvm.dll+0x67d009]
V  [jvm.dll+0x83489a]
V  [jvm.dll+0x83635e]
V  [jvm.dll+0x8369c3]
V  [jvm.dll+0x2479df]
V  [jvm.dll+0x679e49]
V  [jvm.dll+0x66e8ba]
V  [jvm.dll+0x30755b]
V  [jvm.dll+0x30ea06]
V  [jvm.dll+0x35e40e]
V  [jvm.dll+0x35e63f]
V  [jvm.dll+0x2de298]
V  [jvm.dll+0x2dc6a4]
V  [jvm.dll+0x2dbcac]
V  [jvm.dll+0x31f6cb]
V  [jvm.dll+0x83aebb]
V  [jvm.dll+0x83bbf2]
V  [jvm.dll+0x83c10d]
V  [jvm.dll+0x83c4e4]
V  [jvm.dll+0x83c5b0]
V  [jvm.dll+0x7e3e0a]
V  [jvm.dll+0x67bef5]
C  [ucrtbase.dll+0x21bb2]
C  [KERNEL32.DLL+0x17344]
C  [ntdll.dll+0x526b1]

VM_Operation (0x00000087862f94a0): G1CollectForAllocation, mode: safepoint, requested by thread 0x000001b088fbda90


---------------  P R O C E S S  ---------------

Threads class SMR info:
_java_thread_list=0x000001b0de1e0af0, length=19, elements={
0x000001b088fbda90, 0x000001b0982c7600, 0x000001b0982c8390, 0x000001b0982d77b0,
0x000001b0982d8540, 0x000001b0982dd0a0, 0x000001b0982de110, 0x000001b0982de9e0,
0x000001b0982f4f00, 0x000001b0982bc0d0, 0x000001b0982bc9c0, 0x000001b098896b20,
0x000001b09889c780, 0x000001b0de12c480, 0x000001b0dea38040, 0x000001b0de36f440,
0x000001b0de36f920, 0x000001b0de416030, 0x000001b0dec122f0
}

Java Threads: ( => current thread )
  0x000001b088fbda90 JavaThread "main" [_thread_blocked, id=8328, stack(0x0000008786200000,0x0000008786300000)]
  0x000001b0982c7600 JavaThread "Reference Handler" daemon [_thread_blocked, id=9388, stack(0x0000008786900000,0x0000008786a00000)]
  0x000001b0982c8390 JavaThread "Finalizer" daemon [_thread_blocked, id=8028, stack(0x0000008786a00000,0x0000008786b00000)]
  0x000001b0982d77b0 JavaThread "Signal Dispatcher" daemon [_thread_blocked, id=6472, stack(0x0000008786b00000,0x0000008786c00000)]
  0x000001b0982d8540 JavaThread "Attach Listener" daemon [_thread_blocked, id=6384, stack(0x0000008786c00000,0x0000008786d00000)]
  0x000001b0982dd0a0 JavaThread "Service Thread" daemon [_thread_blocked, id=5248, stack(0x0000008786d00000,0x0000008786e00000)]
  0x000001b0982de110 JavaThread "Monitor Deflation Thread" daemon [_thread_blocked, id=6604, stack(0x0000008786e00000,0x0000008786f00000)]
  0x000001b0982de9e0 JavaThread "C1 CompilerThread0" daemon [_thread_blocked, id=9812, stack(0x0000008786f00000,0x0000008787000000)]
  0x000001b0982f4f00 JavaThread "Sweeper thread" daemon [_thread_blocked, id=7028, stack(0x0000008787000000,0x0000008787100000)]
  0x000001b0982bc0d0 JavaThread "Common-Cleaner" daemon [_thread_blocked, id=5960, stack(0x0000008787100000,0x0000008787200000)]
  0x000001b0982bc9c0 JavaThread "C1 CompilerThread1" daemon [_thread_blocked, id=9300, stack(0x0000008787200000,0x0000008787300000)]
  0x000001b098896b20 JavaThread "Monitor Ctrl-Break" daemon [_thread_in_native, id=7980, stack(0x0000008787300000,0x0000008787400000)]
  0x000001b09889c780 JavaThread "Notification Thread" daemon [_thread_blocked, id=1168, stack(0x0000008787400000,0x0000008787500000)]
  0x000001b0de12c480 JavaThread "RMI TCP Accept-0" daemon [_thread_in_native, id=11784, stack(0x0000008787500000,0x0000008787600000)]
  0x000001b0dea38040 JavaThread "C1 CompilerThread2" daemon [_thread_blocked, id=11632, stack(0x0000008787d00000,0x0000008787e00000)]
  0x000001b0de36f440 JavaThread "Catalina-utility-1" [_thread_blocked, id=11596, stack(0x0000008787c00000,0x0000008787d00000)]
  0x000001b0de36f920 JavaThread "Catalina-utility-2" [_thread_blocked, id=9680, stack(0x0000008787e00000,0x0000008787f00000)]
  0x000001b0de416030 JavaThread "container-0" [_thread_blocked, id=12240, stack(0x0000008787f00000,0x0000008788000000)]
  0x000001b0dec122f0 JavaThread "mysql-cj-abandoned-connection-cleanup" daemon [_thread_blocked, id=11896, stack(0x0000008788000000,0x0000008788100000)]

Other Threads:
=>0x000001b0982c3a90 VMThread "VM Thread" [stack: 0x0000008786800000,0x0000008786900000] [id=5612]
  0x000001b0de12cde0 WatcherThread [stack: 0x0000008787600000,0x0000008787700000] [id=11396]
  0x000001b088ff9260 GCTaskThread "GC Thread#0" [stack: 0x0000008786300000,0x0000008786400000] [id=3400]
  0x000001b0de2c1840 GCTaskThread "GC Thread#1" [stack: 0x0000008787700000,0x0000008787800000] [id=7044]
  0x000001b0de307ef0 GCTaskThread "GC Thread#2" [stack: 0x0000008787800000,0x0000008787900000] [id=676]
  0x000001b0de2d8890 GCTaskThread "GC Thread#3" [stack: 0x0000008787900000,0x0000008787a00000] [id=7972]
  0x000001b089002f50 ConcurrentGCThread "G1 Main Marker" [stack: 0x0000008786400000,0x0000008786500000] [id=11468]
  0x000001b089003880 ConcurrentGCThread "G1 Conc#0" [stack: 0x0000008786500000,0x0000008786600000] [id=2664]
  0x000001b0890512e0 ConcurrentGCThread "G1 Refine#0" [stack: 0x0000008786600000,0x0000008786700000] [id=8516]
  0x000001b0de2e1070 ConcurrentGCThread "G1 Refine#1" [stack: 0x0000008787a00000,0x0000008787b00000] [id=5860]
  0x000001b0de2e18f0 ConcurrentGCThread "G1 Refine#2" [stack: 0x0000008787b00000,0x0000008787c00000] [id=7768]
  0x000001b089051c20 ConcurrentGCThread "G1 Service" [stack: 0x0000008786700000,0x0000008786800000] [id=6996]

Threads with active compile tasks:

VM state: at safepoint (normal execution)

VM Mutex/Monitor currently owned by a thread:  ([mutex/lock_event])
[0x000001b088fb94a0] Threads_lock - owner thread: 0x000001b0982c3a90
[0x000001b088fb8690] Heap_lock - owner thread: 0x000001b088fbda90

Heap address: 0x00000000c0c00000, size: 1012 MB, Compressed Oops mode: 32-bit

CDS archive(s) mapped at: [0x000001b099000000-0x000001b099bb0000-0x000001b099bb0000), size 12255232, SharedBaseAddress: 0x000001b099000000, ArchiveRelocationMode: 1.
Compressed class space mapped at: 0x000001b09a000000-0x000001b0da000000, reserved size: 1073741824
Narrow klass base: 0x000001b099000000, Narrow klass shift: 0, Narrow klass range: 0x100000000

GC Precious Log:
 CPUs: 4 total, 4 available
 Memory: 4041M
 Large Page Support: Disabled
 NUMA Support: Disabled
 Compressed Oops: Enabled (32-bit)
 Heap Region Size: 1M
 Heap Min Capacity: 8M
 Heap Initial Capacity: 64M
 Heap Max Capacity: 1012M
 Pre-touch: Disabled
 Parallel Workers: 4
 Concurrent Workers: 1
 Concurrent Refinement Workers: 4
 Periodic GC: Disabled

Heap:
 garbage-first heap   total 78848K, used 19860K [0x00000000c0c00000, 0x0000000100000000)
  region size 1024K, 2 young (2048K), 2 survivors (2048K)
 Metaspace       used 34359K, committed 34816K, reserved 1114112K
  class space    used 4880K, committed 5056K, reserved 1048576K

Heap Regions: E=young(eden), S=young(survivor), O=old, HS=humongous(starts), HC=humongous(continues), CS=collection set, F=free, OA=open archive, CA=closed archive, TAMS=top-at-mark-start (previous, next)
|   0|0x00000000c0c00000, 0x00000000c0d00000, 0x00000000c0d00000|100%|HS|  |TAMS 0x00000000c0d00000, 0x00000000c0c00000| Complete 
|   1|0x00000000c0d00000, 0x00000000c0e00000, 0x00000000c0e00000|100%| O|  |TAMS 0x00000000c0e00000, 0x00000000c0d00000| Untracked 
|   2|0x00000000c0e00000, 0x00000000c0f00000, 0x00000000c0f00000|100%| O|  |TAMS 0x00000000c0f00000, 0x00000000c0e00000| Untracked 
|   3|0x00000000c0f00000, 0x00000000c1000000, 0x00000000c1000000|100%| O|  |TAMS 0x00000000c1000000, 0x00000000c0f00000| Untracked 
|   4|0x00000000c1000000, 0x00000000c1100000, 0x00000000c1100000|100%| O|  |TAMS 0x00000000c1100000, 0x00000000c1000000| Untracked 
|   5|0x00000000c1100000, 0x00000000c1200000, 0x00000000c1200000|100%| O|  |TAMS 0x00000000c1200000, 0x00000000c1100000| Untracked 
|   6|0x00000000c1200000, 0x00000000c1300000, 0x00000000c1300000|100%| O|  |TAMS 0x00000000c1300000, 0x00000000c1200000| Untracked 
|   7|0x00000000c1300000, 0x00000000c1400000, 0x00000000c1400000|100%| O|  |TAMS 0x00000000c1300000, 0x00000000c1300000| Untracked 
|   8|0x00000000c1400000, 0x00000000c14ff600, 0x00000000c1500000| 99%| O|  |TAMS 0x00000000c1400000, 0x00000000c1400000| Untracked 
|   9|0x00000000c1500000, 0x00000000c1600000, 0x00000000c1600000|100%| O|  |TAMS 0x00000000c1500000, 0x00000000c1500000| Untracked 
|  10|0x00000000c1600000, 0x00000000c1700000, 0x00000000c1700000|100%| O|  |TAMS 0x00000000c1600000, 0x00000000c1600000| Untracked 
|  11|0x00000000c1700000, 0x00000000c1800000, 0x00000000c1800000|100%| O|  |TAMS 0x00000000c1700000, 0x00000000c1700000| Untracked 
|  12|0x00000000c1800000, 0x00000000c1900000, 0x00000000c1900000|100%| O|  |TAMS 0x00000000c1800000, 0x00000000c1800000| Untracked 
|  13|0x00000000c1900000, 0x00000000c1a00000, 0x00000000c1a00000|100%| O|  |TAMS 0x00000000c1900000, 0x00000000c1900000| Untracked 
|  14|0x00000000c1a00000, 0x00000000c1b00000, 0x00000000c1b00000|100%| O|  |TAMS 0x00000000c1a00000, 0x00000000c1a00000| Untracked 
|  15|0x00000000c1b00000, 0x00000000c1c00000, 0x00000000c1c00000|100%| O|  |TAMS 0x00000000c1b00000, 0x00000000c1b00000| Untracked 
|  16|0x00000000c1c00000, 0x00000000c1d00000, 0x00000000c1d00000|100%| O|  |TAMS 0x00000000c1c00000, 0x00000000c1c00000| Untracked 
|  17|0x00000000c1d00000, 0x00000000c1e00000, 0x00000000c1e00000|100%| O|  |TAMS 0x00000000c1d00000, 0x00000000c1d00000| Untracked 
|  18|0x00000000c1e00000, 0x00000000c1e39e00, 0x00000000c1f00000| 22%| O|  |TAMS 0x00000000c1e00000, 0x00000000c1e00000| Untracked 
|  19|0x00000000c1f00000, 0x00000000c1f00000, 0x00000000c2000000|  0%| F|  |TAMS 0x00000000c1f00000, 0x00000000c1f00000| Untracked 
|  20|0x00000000c2000000, 0x00000000c2000000, 0x00000000c2100000|  0%| F|  |TAMS 0x00000000c2000000, 0x00000000c2000000| Untracked 
|  21|0x00000000c2100000, 0x00000000c2100000, 0x00000000c2200000|  0%| F|  |TAMS 0x00000000c2100000, 0x00000000c2100000| Untracked 
|  22|0x00000000c2200000, 0x00000000c2200000, 0x00000000c2300000|  0%| F|  |TAMS 0x00000000c2200000, 0x00000000c2200000| Untracked 
|  23|0x00000000c2300000, 0x00000000c2300000, 0x00000000c2400000|  0%| F|  |TAMS 0x00000000c2300000, 0x00000000c2300000| Untracked 
|  24|0x00000000c2400000, 0x00000000c2400000, 0x00000000c2500000|  0%| F|  |TAMS 0x00000000c2400000, 0x00000000c2400000| Untracked 
|  25|0x00000000c2500000, 0x00000000c2500000, 0x00000000c2600000|  0%| F|  |TAMS 0x00000000c2500000, 0x00000000c2500000| Untracked 
|  26|0x00000000c2600000, 0x00000000c2600000, 0x00000000c2700000|  0%| F|  |TAMS 0x00000000c2600000, 0x00000000c2600000| Untracked 
|  27|0x00000000c2700000, 0x00000000c2700000, 0x00000000c2800000|  0%| F|  |TAMS 0x00000000c2700000, 0x00000000c2700000| Untracked 
|  28|0x00000000c2800000, 0x00000000c282be60, 0x00000000c2900000| 17%| S|CS|TAMS 0x00000000c2800000, 0x00000000c2800000| Complete 
|  29|0x00000000c2900000, 0x00000000c2900000, 0x00000000c2a00000|  0%| F|  |TAMS 0x00000000c2900000, 0x00000000c2900000| Untracked 
|  30|0x00000000c2a00000, 0x00000000c2b00000, 0x00000000c2b00000|100%| S|CS|TAMS 0x00000000c2a00000, 0x00000000c2a00000| Complete 
|  31|0x00000000c2b00000, 0x00000000c2b00000, 0x00000000c2c00000|  0%| F|  |TAMS 0x00000000c2b00000, 0x00000000c2b00000| Untracked 
|  32|0x00000000c2c00000, 0x00000000c2c00000, 0x00000000c2d00000|  0%| F|  |TAMS 0x00000000c2c00000, 0x00000000c2c00000| Untracked 
|  33|0x00000000c2d00000, 0x00000000c2d00000, 0x00000000c2e00000|  0%| F|  |TAMS 0x00000000c2d00000, 0x00000000c2d00000| Untracked 
|  34|0x00000000c2e00000, 0x00000000c2e00000, 0x00000000c2f00000|  0%| F|  |TAMS 0x00000000c2e00000, 0x00000000c2e00000| Untracked 
|  35|0x00000000c2f00000, 0x00000000c2f00000, 0x00000000c3000000|  0%| F|  |TAMS 0x00000000c2f00000, 0x00000000c2f00000| Untracked 
|  36|0x00000000c3000000, 0x00000000c3000000, 0x00000000c3100000|  0%| F|  |TAMS 0x00000000c3000000, 0x00000000c3000000| Untracked 
|  37|0x00000000c3100000, 0x00000000c3100000, 0x00000000c3200000|  0%| F|  |TAMS 0x00000000c3100000, 0x00000000c3100000| Untracked 
|  38|0x00000000c3200000, 0x00000000c3200000, 0x00000000c3300000|  0%| F|  |TAMS 0x00000000c3200000, 0x00000000c3200000| Untracked 
|  39|0x00000000c3300000, 0x00000000c3300000, 0x00000000c3400000|  0%| F|  |TAMS 0x00000000c3300000, 0x00000000c3300000| Untracked 
|  40|0x00000000c3400000, 0x00000000c3400000, 0x00000000c3500000|  0%| F|  |TAMS 0x00000000c3400000, 0x00000000c3400000| Untracked 
|  41|0x00000000c3500000, 0x00000000c3500000, 0x00000000c3600000|  0%| F|  |TAMS 0x00000000c3500000, 0x00000000c3500000| Untracked 
|  42|0x00000000c3600000, 0x00000000c3600000, 0x00000000c3700000|  0%| F|  |TAMS 0x00000000c3600000, 0x00000000c3600000| Untracked 
|  43|0x00000000c3700000, 0x00000000c3700000, 0x00000000c3800000|  0%| F|  |TAMS 0x00000000c3700000, 0x00000000c3700000| Untracked 
|  44|0x00000000c3800000, 0x00000000c3800000, 0x00000000c3900000|  0%| F|  |TAMS 0x00000000c3800000, 0x00000000c3800000| Untracked 
|  45|0x00000000c3900000, 0x00000000c3900000, 0x00000000c3a00000|  0%| F|  |TAMS 0x00000000c3900000, 0x00000000c3900000| Untracked 
|  46|0x00000000c3a00000, 0x00000000c3a00000, 0x00000000c3b00000|  0%| F|  |TAMS 0x00000000c3a00000, 0x00000000c3a00000| Untracked 
|  47|0x00000000c3b00000, 0x00000000c3b00000, 0x00000000c3c00000|  0%| F|  |TAMS 0x00000000c3b00000, 0x00000000c3b00000| Untracked 
|  48|0x00000000c3c00000, 0x00000000c3c00000, 0x00000000c3d00000|  0%| F|  |TAMS 0x00000000c3c00000, 0x00000000c3c00000| Untracked 
|  49|0x00000000c3d00000, 0x00000000c3d00000, 0x00000000c3e00000|  0%| F|  |TAMS 0x00000000c3d00000, 0x00000000c3d00000| Untracked 
|  50|0x00000000c3e00000, 0x00000000c3e00000, 0x00000000c3f00000|  0%| F|  |TAMS 0x00000000c3e00000, 0x00000000c3e00000| Untracked 
|  51|0x00000000c3f00000, 0x00000000c3f00000, 0x00000000c4000000|  0%| F|  |TAMS 0x00000000c3f00000, 0x00000000c3f00000| Untracked 
|  52|0x00000000c4000000, 0x00000000c4000000, 0x00000000c4100000|  0%| F|  |TAMS 0x00000000c4000000, 0x00000000c4000000| Untracked 
|  53|0x00000000c4100000, 0x00000000c4100000, 0x00000000c4200000|  0%| F|  |TAMS 0x00000000c4100000, 0x00000000c4100000| Untracked 
|  54|0x00000000c4200000, 0x00000000c4200000, 0x00000000c4300000|  0%| F|  |TAMS 0x00000000c4200000, 0x00000000c4200000| Untracked 
|  55|0x00000000c4300000, 0x00000000c4300000, 0x00000000c4400000|  0%| F|  |TAMS 0x00000000c4300000, 0x00000000c4300000| Untracked 
|  56|0x00000000c4400000, 0x00000000c4400000, 0x00000000c4500000|  0%| F|  |TAMS 0x00000000c4400000, 0x00000000c4400000| Untracked 
|  57|0x00000000c4500000, 0x00000000c4500000, 0x00000000c4600000|  0%| F|  |TAMS 0x00000000c4500000, 0x00000000c4500000| Untracked 
|  58|0x00000000c4600000, 0x00000000c4600000, 0x00000000c4700000|  0%| F|  |TAMS 0x00000000c4600000, 0x00000000c4600000| Untracked 
|  59|0x00000000c4700000, 0x00000000c4700000, 0x00000000c4800000|  0%| F|  |TAMS 0x00000000c4700000, 0x00000000c4700000| Untracked 
|  60|0x00000000c4800000, 0x00000000c4800000, 0x00000000c4900000|  0%| F|  |TAMS 0x00000000c4800000, 0x00000000c4800000| Untracked 
|  61|0x00000000c4900000, 0x00000000c4900000, 0x00000000c4a00000|  0%| F|  |TAMS 0x00000000c4900000, 0x00000000c4900000| Untracked 
|  62|0x00000000c4a00000, 0x00000000c4a00000, 0x00000000c4b00000|  0%| F|  |TAMS 0x00000000c4a00000, 0x00000000c4a00000| Untracked 
|  63|0x00000000c4b00000, 0x00000000c4b00000, 0x00000000c4c00000|  0%| F|  |TAMS 0x00000000c4b00000, 0x00000000c4b00000| Untracked 
|  64|0x00000000c4c00000, 0x00000000c4c00000, 0x00000000c4d00000|  0%| F|  |TAMS 0x00000000c4c00000, 0x00000000c4c00000| Untracked 
|  65|0x00000000c4d00000, 0x00000000c4d00000, 0x00000000c4e00000|  0%| F|  |TAMS 0x00000000c4d00000, 0x00000000c4d00000| Untracked 
|  66|0x00000000c4e00000, 0x00000000c4e00000, 0x00000000c4f00000|  0%| F|  |TAMS 0x00000000c4e00000, 0x00000000c4e00000| Untracked 
|  67|0x00000000c4f00000, 0x00000000c4f00000, 0x00000000c5000000|  0%| F|  |TAMS 0x00000000c4f00000, 0x00000000c4f00000| Untracked 
|  68|0x00000000c5000000, 0x00000000c5000000, 0x00000000c5100000|  0%| F|  |TAMS 0x00000000c5000000, 0x00000000c5000000| Untracked 
|  69|0x00000000c5100000, 0x00000000c5100000, 0x00000000c5200000|  0%| F|  |TAMS 0x00000000c5100000, 0x00000000c5100000| Untracked 
|  70|0x00000000c5200000, 0x00000000c5200000, 0x00000000c5300000|  0%| F|  |TAMS 0x00000000c5200000, 0x00000000c5200000| Untracked 
|  71|0x00000000c5300000, 0x00000000c5300000, 0x00000000c5400000|  0%| F|  |TAMS 0x00000000c5300000, 0x00000000c5300000| Untracked 
|  72|0x00000000c5400000, 0x00000000c5400000, 0x00000000c5500000|  0%| F|  |TAMS 0x00000000c5400000, 0x00000000c5400000| Untracked 
|  73|0x00000000c5500000, 0x00000000c5500000, 0x00000000c5600000|  0%| F|  |TAMS 0x00000000c5500000, 0x00000000c5500000| Untracked 
|  74|0x00000000c5600000, 0x00000000c5600000, 0x00000000c5700000|  0%| F|  |TAMS 0x00000000c5600000, 0x00000000c5600000| Untracked 
|  75|0x00000000c5700000, 0x00000000c5700000, 0x00000000c5800000|  0%| F|  |TAMS 0x00000000c5700000, 0x00000000c5700000| Untracked 
|  76|0x00000000c5800000, 0x00000000c5800000, 0x00000000c5900000|  0%| F|  |TAMS 0x00000000c5800000, 0x00000000c5800000| Untracked 

Card table byte_map: [0x000001b093ad0000,0x000001b093cd0000] _byte_map_base: 0x000001b0934ca000

Marking Bits (Prev, Next): (CMBitMap*) 0x000001b088ffa7e0, (CMBitMap*) 0x000001b088ffa7a0
 Prev Bits: [0x000001b094ea0000, 0x000001b095e70000)
 Next Bits: [0x000001b093ed0000, 0x000001b094ea0000)

Polling page: 0x000001b086cf0000

Metaspace:

Usage:
  Non-class:     28.79 MB used.
      Class:      4.77 MB used.
       Both:     33.55 MB used.

Virtual space:
  Non-class space:       64.00 MB reserved,      29.06 MB ( 45%) committed,  1 nodes.
      Class space:        1.00 GB reserved,       4.94 MB ( <1%) committed,  1 nodes.
             Both:        1.06 GB reserved,      34.00 MB (  3%) committed. 

Chunk freelists:
   Non-Class:  2.48 MB
       Class:  11.02 MB
        Both:  13.50 MB

MaxMetaspaceSize: unlimited
CompressedClassSpaceSize: 1.00 GB
Initial GC threshold: 21.00 MB
Current GC threshold: 35.31 MB
CDS: on
MetaspaceReclaimPolicy: balanced
 - commit_granule_bytes: 65536.
 - commit_granule_words: 8192.
 - virtual_space_node_default_size: 8388608.
 - enlarge_chunks_in_place: 1.
 - new_chunks_are_fully_committed: 0.
 - uncommit_free_chunks: 1.
 - use_allocation_guard: 0.
 - handle_deallocations: 1.


Internal statistics:

num_allocs_failed_limit: 3.
num_arena_births: 560.
num_arena_deaths: 0.
num_vsnodes_births: 2.
num_vsnodes_deaths: 0.
num_space_committed: 544.
num_space_uncommitted: 0.
num_chunks_returned_to_freelist: 3.
num_chunks_taken_from_freelist: 1770.
num_chunk_merges: 3.
num_chunk_splits: 1260.
num_chunks_enlarged: 949.
num_inconsistent_stats: 0.

CodeCache: size=49152Kb used=8178Kb max_used=8178Kb free=40973Kb
 bounds [0x000001b090ad0000, 0x000001b0912d0000, 0x000001b093ad0000]
 total_blobs=4302 nmethods=3771 adapters=456
 compilation: enabled
              stopped_count=0, restarted_count=0
 full_count=0

Compilation events (20 events):
Event: 8.154 Thread 0x000001b0982bc9c0 3762       1       org.springframework.core.io.support.PathMatchingResourcePatternResolver::getPathMatcher (5 bytes)
Event: 8.154 Thread 0x000001b0982bc9c0 nmethod 3762 0x000001b0912ca510 code [0x000001b0912ca6a0, 0x000001b0912ca778]
Event: 8.244 Thread 0x000001b0dea38040 3763       1       jdk.internal.loader.ClassLoaders::bootLoader (4 bytes)
Event: 8.244 Thread 0x000001b0dea38040 nmethod 3763 0x000001b0912ca810 code [0x000001b0912ca9a0, 0x000001b0912caa58]
Event: 8.245 Thread 0x000001b0982bc9c0 3764       1       java.util.zip.ZipFile$ZipEntryIterator::hasNext (17 bytes)
Event: 8.245 Thread 0x000001b0dea38040 3765       1       java.util.jar.JarFile$JarFileEntry::getName (5 bytes)
Event: 8.245 Thread 0x000001b0982de9e0 3766       1       java.util.Spliterators$1Adapter::hasNext (23 bytes)
Event: 8.245 Thread 0x000001b0982bc9c0 nmethod 3764 0x000001b0912cab10 code [0x000001b0912caca0, 0x000001b0912cad78]
Event: 8.245 Thread 0x000001b0dea38040 nmethod 3765 0x000001b0912cae10 code [0x000001b0912cafa0, 0x000001b0912cb078]
Event: 8.245 Thread 0x000001b0982de9e0 nmethod 3766 0x000001b0912cb110 code [0x000001b0912cb2a0, 0x000001b0912cb3a8]
Event: 8.268 Thread 0x000001b0982de9e0 3767       1       jdk.internal.loader.URLClassPath$1::next (59 bytes)
Event: 8.268 Thread 0x000001b0dea38040 3768       1       java.util.Collection::stream (11 bytes)
Event: 8.269 Thread 0x000001b0982de9e0 nmethod 3767 0x000001b0912cb410 code [0x000001b0912cb5c0, 0x000001b0912cb7f8]
Event: 8.269 Thread 0x000001b0dea38040 nmethod 3768 0x000001b0912cb910 code [0x000001b0912cbae0, 0x000001b0912cbd58]
Event: 8.384 Thread 0x000001b0982de9e0 3769       1       java.util.Collections$EmptyEnumeration::hasMoreElements (2 bytes)
Event: 8.384 Thread 0x000001b0982de9e0 nmethod 3769 0x000001b0912cbe90 code [0x000001b0912cc020, 0x000001b0912cc0f8]
Event: 8.385 Thread 0x000001b0982bc9c0 3770       1       java.util.zip.ZipFile$Source::getEntryPos (9 bytes)
Event: 8.385 Thread 0x000001b0982bc9c0 nmethod 3770 0x000001b0912cc190 code [0x000001b0912cc320, 0x000001b0912cc418]
Event: 8.385 Thread 0x000001b0dea38040 3771       1       jdk.internal.loader.ClassLoaders::platformClassLoader (4 bytes)
Event: 8.385 Thread 0x000001b0dea38040 nmethod 3771 0x000001b0912cc510 code [0x000001b0912cc6a0, 0x000001b0912cc758]

GC Heap History (19 events):
Event: 1.576 GC heap before
{Heap before GC invocations=0 (full 0):
 garbage-first heap   total 65536K, used 13312K [0x00000000c0c00000, 0x0000000100000000)
  region size 1024K, 13 young (13312K), 0 survivors (0K)
 Metaspace       used 5058K, committed 5248K, reserved 1114112K
  class space    used 598K, committed 704K, reserved 1048576K
}
Event: 1.594 GC heap after
{Heap after GC invocations=1 (full 0):
 garbage-first heap   total 65536K, used 7344K [0x00000000c0c00000, 0x0000000100000000)
  region size 1024K, 2 young (2048K), 2 survivors (2048K)
 Metaspace       used 5058K, committed 5248K, reserved 1114112K
  class space    used 598K, committed 704K, reserved 1048576K
}
Event: 2.000 GC heap before
{Heap before GC invocations=1 (full 0):
 garbage-first heap   total 65536K, used 13488K [0x00000000c0c00000, 0x0000000100000000)
  region size 1024K, 8 young (8192K), 2 survivors (2048K)
 Metaspace       used 6691K, committed 6848K, reserved 1114112K
  class space    used 826K, committed 896K, reserved 1048576K
}
Event: 2.009 GC heap after
{Heap after GC invocations=2 (full 0):
 garbage-first heap   total 65536K, used 7937K [0x00000000c0c00000, 0x0000000100000000)
  region size 1024K, 1 young (1024K), 1 survivors (1024K)
 Metaspace       used 6691K, committed 6848K, reserved 1114112K
  class space    used 826K, committed 896K, reserved 1048576K
}
Event: 3.175 GC heap before
{Heap before GC invocations=2 (full 0):
 garbage-first heap   total 65536K, used 27393K [0x00000000c0c00000, 0x0000000100000000)
  region size 1024K, 20 young (20480K), 1 survivors (1024K)
 Metaspace       used 10874K, committed 11136K, reserved 1114112K
  class space    used 1493K, committed 1600K, reserved 1048576K
}
Event: 3.187 GC heap after
{Heap after GC invocations=3 (full 0):
 garbage-first heap   total 65536K, used 9310K [0x00000000c0c00000, 0x0000000100000000)
  region size 1024K, 2 young (2048K), 2 survivors (2048K)
 Metaspace       used 10874K, committed 11136K, reserved 1114112K
  class space    used 1493K, committed 1600K, reserved 1048576K
}
Event: 4.149 GC heap before
{Heap before GC invocations=3 (full 0):
 garbage-first heap   total 65536K, used 39006K [0x00000000c0c00000, 0x0000000100000000)
  region size 1024K, 32 young (32768K), 2 survivors (2048K)
 Metaspace       used 16837K, committed 17088K, reserved 1114112K
  class space    used 2367K, committed 2496K, reserved 1048576K
}
Event: 4.162 GC heap after
{Heap after GC invocations=4 (full 0):
 garbage-first heap   total 65536K, used 11025K [0x00000000c0c00000, 0x0000000100000000)
  region size 1024K, 4 young (4096K), 4 survivors (4096K)
 Metaspace       used 16837K, committed 17088K, reserved 1114112K
  class space    used 2367K, committed 2496K, reserved 1048576K
}
Event: 4.818 GC heap before
{Heap before GC invocations=4 (full 0):
 garbage-first heap   total 65536K, used 37649K [0x00000000c0c00000, 0x0000000100000000)
  region size 1024K, 31 young (31744K), 4 survivors (4096K)
 Metaspace       used 21283K, committed 21504K, reserved 1114112K
  class space    used 2928K, committed 3008K, reserved 1048576K
}
Event: 4.833 GC heap after
{Heap after GC invocations=5 (full 0):
 garbage-first heap   total 78848K, used 13454K [0x00000000c0c00000, 0x0000000100000000)
  region size 1024K, 5 young (5120K), 5 survivors (5120K)
 Metaspace       used 21283K, committed 21504K, reserved 1114112K
  class space    used 2928K, committed 3008K, reserved 1048576K
}
Event: 5.986 GC heap before
{Heap before GC invocations=6 (full 0):
 garbage-first heap   total 51200K, used 39054K [0x00000000c0c00000, 0x0000000100000000)
  region size 1024K, 30 young (30720K), 5 survivors (5120K)
 Metaspace       used 23997K, committed 24320K, reserved 1114112K
  class space    used 3344K, committed 3456K, reserved 1048576K
}
Event: 6.006 GC heap after
{Heap after GC invocations=7 (full 0):
 garbage-first heap   total 51200K, used 15096K [0x00000000c0c00000, 0x0000000100000000)
  region size 1024K, 3 young (3072K), 3 survivors (3072K)
 Metaspace       used 23997K, committed 24320K, reserved 1114112K
  class space    used 3344K, committed 3456K, reserved 1048576K
}
Event: 6.068 GC heap before
{Heap before GC invocations=7 (full 0):
 garbage-first heap   total 51200K, used 15096K [0x00000000c0c00000, 0x0000000100000000)
  region size 1024K, 4 young (4096K), 3 survivors (3072K)
 Metaspace       used 24174K, committed 24512K, reserved 1114112K
  class space    used 3366K, committed 3520K, reserved 1048576K
}
Event: 6.089 GC heap after
{Heap after GC invocations=8 (full 0):
 garbage-first heap   total 51200K, used 15397K [0x00000000c0c00000, 0x0000000100000000)
  region size 1024K, 1 young (1024K), 1 survivors (1024K)
 Metaspace       used 24174K, committed 24512K, reserved 1114112K
  class space    used 3366K, committed 3520K, reserved 1048576K
}
Event: 7.017 GC heap before
{Heap before GC invocations=8 (full 0):
 garbage-first heap   total 51200K, used 34853K [0x00000000c0c00000, 0x0000000100000000)
  region size 1024K, 21 young (21504K), 1 survivors (1024K)
 Metaspace       used 27138K, committed 27520K, reserved 1114112K
  class space    used 3850K, committed 4032K, reserved 1048576K
}
Event: 7.028 GC heap after
{Heap after GC invocations=9 (full 0):
 garbage-first heap   total 51200K, used 16866K [0x00000000c0c00000, 0x0000000100000000)
  region size 1024K, 2 young (2048K), 2 survivors (2048K)
 Metaspace       used 27138K, committed 27520K, reserved 1114112K
  class space    used 3850K, committed 4032K, reserved 1048576K
}
Event: 7.867 GC heap before
{Heap before GC invocations=9 (full 0):
 garbage-first heap   total 51200K, used 37346K [0x00000000c0c00000, 0x0000000100000000)
  region size 1024K, 22 young (22528K), 2 survivors (2048K)
 Metaspace       used 30499K, committed 30976K, reserved 1114112K
  class space    used 4312K, committed 4544K, reserved 1048576K
}
Event: 7.889 GC heap after
{Heap after GC invocations=10 (full 0):
 garbage-first heap   total 51200K, used 18795K [0x00000000c0c00000, 0x0000000100000000)
  region size 1024K, 2 young (2048K), 2 survivors (2048K)
 Metaspace       used 30499K, committed 30976K, reserved 1114112K
  class space    used 4312K, committed 4544K, reserved 1048576K
}
Event: 8.613 GC heap before
{Heap before GC invocations=10 (full 0):
 garbage-first heap   total 51200K, used 38251K [0x00000000c0c00000, 0x0000000100000000)
  region size 1024K, 21 young (21504K), 2 survivors (2048K)
 Metaspace       used 34359K, committed 34816K, reserved 1114112K
  class space    used 4880K, committed 5056K, reserved 1048576K
}

Dll operation events (13 events):
Event: 0.035 Loaded shared library C:\Users\Willy.nyawira\.jdks\corretto-17.0.11\bin\java.dll
Event: 0.100 Loaded shared library C:\Users\Willy.nyawira\.jdks\corretto-17.0.11\bin\jsvml.dll
Event: 0.519 Loaded shared library C:\Users\Willy.nyawira\.jdks\corretto-17.0.11\bin\zip.dll
Event: 0.525 Loaded shared library C:\Users\Willy.nyawira\.jdks\corretto-17.0.11\bin\instrument.dll
Event: 0.541 Loaded shared library C:\Users\Willy.nyawira\.jdks\corretto-17.0.11\bin\net.dll
Event: 0.546 Loaded shared library C:\Users\Willy.nyawira\.jdks\corretto-17.0.11\bin\nio.dll
Event: 0.553 Loaded shared library C:\Users\Willy.nyawira\.jdks\corretto-17.0.11\bin\zip.dll
Event: 0.771 Loaded shared library C:\Program Files\JetBrains\IntelliJ IDEA 2024.1.1\bin\breakgen64.dll
Event: 0.783 Loaded shared library C:\Users\Willy.nyawira\.jdks\corretto-17.0.11\bin\jimage.dll
Event: 0.802 Loaded shared library C:\Users\Willy.nyawira\.jdks\corretto-17.0.11\bin\extnet.dll
Event: 0.829 Loaded shared library C:\Users\Willy.nyawira\.jdks\corretto-17.0.11\bin\management.dll
Event: 0.851 Loaded shared library C:\Users\Willy.nyawira\.jdks\corretto-17.0.11\bin\management_ext.dll
Event: 4.960 Loaded shared library C:\Users\Willy.nyawira\.jdks\corretto-17.0.11\bin\sunmscapi.dll

Deoptimization events (4 events):
Event: 7.944 Thread 0x000001b088fbda90 DEOPT PACKING pc=0x000001b090f4df81 sp=0x00000087862fe8c0
Event: 7.944 Thread 0x000001b088fbda90 DEOPT UNPACKING pc=0x000001b090b27143 sp=0x00000087862fdd50 mode 3
Event: 7.945 Thread 0x000001b0de36f920 DEOPT PACKING pc=0x000001b090f17097 sp=0x0000008787eff070
Event: 7.945 Thread 0x000001b0de36f920 DEOPT UNPACKING pc=0x000001b090b27143 sp=0x0000008787efe4c8 mode 3

Classes unloaded (0 events):
No events

Classes redefined (0 events):
No events

Internal exceptions (20 events):
Event: 6.697 Thread 0x000001b088fbda90 Exception <a 'java/lang/NoClassDefFoundError'{0x00000000c3065888}: org/flywaydb/core/Flyway> (0x00000000c3065888) 
thrown [s\src\hotspot\share\classfile\systemDictionary.cpp, line 245]
Event: 6.697 Thread 0x000001b088fbda90 Exception <a 'java/lang/NoClassDefFoundError'{0x00000000c3067958}: liquibase/integration/spring/SpringLiquibase> (0x00000000c3067958) 
thrown [s\src\hotspot\share\classfile\systemDictionary.cpp, line 245]
Event: 6.765 Thread 0x000001b088fbda90 Exception <a 'java/lang/NoClassDefFoundError'{0x00000000c2e7ca60}: org/jooq/DSLContext> (0x00000000c2e7ca60) 
thrown [s\src\hotspot\share\classfile\systemDictionary.cpp, line 245]
Event: 6.767 Thread 0x000001b088fbda90 Exception <a 'java/lang/NoClassDefFoundError'{0x00000000c2e8aa48}: org/springframework/batch/core/repository/JobRepository> (0x00000000c2e8aa48) 
thrown [s\src\hotspot\share\classfile\systemDictionary.cpp, line 245]
Event: 6.767 Thread 0x000001b088fbda90 Exception <a 'java/lang/NoClassDefFoundError'{0x00000000c2e8c878}: org/quartz/Scheduler> (0x00000000c2e8c878) 
thrown [s\src\hotspot\share\classfile\systemDictionary.cpp, line 245]
Event: 6.767 Thread 0x000001b088fbda90 Exception <a 'java/lang/NoClassDefFoundError'{0x00000000c2e8eb98}: org/springframework/session/jdbc/JdbcIndexedSessionRepository> (0x00000000c2e8eb98) 
thrown [s\src\hotspot\share\classfile\systemDictionary.cpp, line 245]
Event: 7.253 Thread 0x000001b088fbda90 Exception <a 'java/lang/NoSuchMethodError'{0x00000000c39d7968}: 'void java.lang.invoke.DirectMethodHandle$Holder.invokeInterface(java.lang.Object, java.lang.Object, int)'> (0x00000000c39d7968) 
thrown [s\src\hotspot\share\interpreter\linkResolver.cpp, line 759]
Event: 7.263 Thread 0x000001b088fbda90 Exception <a 'java/lang/IncompatibleClassChangeError'{0x00000000c3827808}: Found class java.lang.Object, but interface was expected> (0x00000000c3827808) 
thrown [s\src\hotspot\share\interpreter\linkResolver.cpp, line 826]
Event: 7.266 Thread 0x000001b088fbda90 Exception <a 'java/lang/NoSuchMethodError'{0x00000000c38402e8}: 'void java.lang.invoke.DirectMethodHandle$Holder.invokeStatic(java.lang.Object, int, java.lang.Object)'> (0x00000000c38402e8) 
thrown [s\src\hotspot\share\interpreter\linkResolver.cpp, line 759]
Event: 7.275 Thread 0x000001b088fbda90 Exception <a 'java/lang/NoSuchMethodError'{0x00000000c387c548}: 'void java.lang.invoke.DirectMethodHandle$Holder.invokeVirtual(java.lang.Object, java.lang.Object, int)'> (0x00000000c387c548) 
thrown [s\src\hotspot\share\interpreter\linkResolver.cpp, line 759]
Event: 7.276 Thread 0x000001b088fbda90 Exception <a 'java/lang/NoSuchMethodError'{0x00000000c3882790}: 'void java.lang.invoke.DirectMethodHandle$Holder.invokeStatic(java.lang.Object, java.lang.Object, java.lang.Object, int, java.lang.Object)'> (0x00000000c3882790) 
thrown [s\src\hotspot\share\interpreter\linkResolver.cpp, line 759]
Event: 7.277 Thread 0x000001b088fbda90 Exception <a 'java/lang/NoSuchMethodError'{0x00000000c3889c98}: 'java.lang.Object java.lang.invoke.DirectMethodHandle$Holder.newInvokeSpecial(java.lang.Object, java.lang.Object, java.lang.Object, int)'> (0x00000000c3889c98) 
thrown [s\src\hotspot\share\interpreter\linkResolver.cpp, line 759]
Event: 7.277 Thread 0x000001b088fbda90 Exception <a 'java/lang/NoSuchMethodError'{0x00000000c388df80}: 'java.lang.Object java.lang.invoke.DirectMethodHandle$Holder.invokeSpecial(java.lang.Object, java.lang.Object, java.lang.Object, java.lang.Object, int)'> (0x00000000c388df80) 
thrown [s\src\hotspot\share\interpreter\linkResolver.cpp, line 759]
Event: 7.278 Thread 0x000001b088fbda90 Exception <a 'java/lang/NoSuchMethodError'{0x00000000c3891b48}: 'java.lang.Object java.lang.invoke.Invokers$Holder.linkToTargetMethod(java.lang.Object, java.lang.Object, int, java.lang.Object)'> (0x00000000c3891b48) 
thrown [s\src\hotspot\share\interpreter\linkResolver.cpp, line 759]
Event: 7.630 Thread 0x000001b088fbda90 Exception <a 'java/lang/NoSuchMethodError'{0x00000000c2fe9f00}: 'java.lang.Object java.lang.invoke.DirectMethodHandle$Holder.invokeSpecial(java.lang.Object, java.lang.Object, long, java.lang.Object, java.lang.Object, java.lang.Object, java.lang.Object, java.lang.Object, java.lang.Object)'> (0x00000000c2fe9f00) 
thrown [s\src\hotspot\share\interpreter\linkResolver.cpp, line 759]
Event: 7.630 Thread 0x000001b088fbda90 Exception <a 'java/lang/NoSuchMethodError'{0x00000000c2feea28}: 'java.lang.Object java.lang.invoke.DelegatingMethodHandle$Holder.reinvoke_L(java.lang.Object, long, java.lang.Object, java.lang.Object, java.lang.Object, java.lang.Object, java.lang.Object, java.lang.Object)'> (0x00000000c2feea28) 
thrown [s\src\hotspot\share\interpreter\linkResolver.cpp, line 759]
Event: 7.710 Thread 0x000001b088fbda90 Exception <a 'java/io/FileNotFoundException'{0x00000000c2d59508}> (0x00000000c2d59508) 
thrown [s\src\hotspot\share\prims\jni.cpp, line 516]
Event: 7.766 Thread 0x000001b088fbda90 Exception <a 'java/lang/NoSuchMethodError'{0x00000000c2b086f8}: 'int java.lang.invoke.DirectMethodHandle$Holder.invokeInterface(java.lang.Object, java.lang.Object, java.lang.Object, java.lang.Object)'> (0x00000000c2b086f8) 
thrown [s\src\hotspot\share\interpreter\linkResolver.cpp, line 759]
Event: 7.914 Thread 0x000001b088fbda90 Exception <a 'java/lang/NoSuchMethodError'{0x00000000c5894b58}: 'long java.lang.invoke.DirectMethodHandle$Holder.invokeVirtual(java.lang.Object, java.lang.Object)'> (0x00000000c5894b58) 
thrown [s\src\hotspot\share\interpreter\linkResolver.cpp, line 759]
Event: 8.122 Thread 0x000001b088fbda90 Exception <a 'sun/nio/fs/WindowsException'{0x00000000c3607e88}> (0x00000000c3607e88) 
thrown [s\src\hotspot\share\prims\jni.cpp, line 516]

VM Operations (20 events):
Event: 7.565 Executing VM operation: HandshakeAllThreads done
Event: 7.569 Executing VM operation: HandshakeAllThreads
Event: 7.569 Executing VM operation: HandshakeAllThreads done
Event: 7.661 Executing VM operation: HandshakeAllThreads
Event: 7.661 Executing VM operation: HandshakeAllThreads done
Event: 7.691 Executing VM operation: HandshakeAllThreads
Event: 7.691 Executing VM operation: HandshakeAllThreads done
Event: 7.832 Executing VM operation: HandshakeAllThreads
Event: 7.832 Executing VM operation: HandshakeAllThreads done
Event: 7.833 Executing VM operation: HandshakeAllThreads
Event: 7.833 Executing VM operation: HandshakeAllThreads done
Event: 7.867 Executing VM operation: G1CollectForAllocation
Event: 7.889 Executing VM operation: G1CollectForAllocation done
Event: 7.927 Executing VM operation: HandshakeAllThreads
Event: 7.927 Executing VM operation: HandshakeAllThreads done
Event: 7.991 Executing VM operation: HandshakeAllThreads
Event: 7.991 Executing VM operation: HandshakeAllThreads done
Event: 8.047 Executing VM operation: HandshakeAllThreads
Event: 8.047 Executing VM operation: HandshakeAllThreads done
Event: 8.612 Executing VM operation: G1CollectForAllocation

Events (20 events):
Event: 7.941 Thread 0x000001b0de36f440 Thread added: 0x000001b0de36f440
Event: 7.942 loading class java/util/concurrent/TimeUnit$1
Event: 7.942 loading class java/util/concurrent/TimeUnit$1 done
Event: 7.943 Thread 0x000001b0de36f920 Thread added: 0x000001b0de36f920
Event: 7.943 loading class java/util/concurrent/locks/AbstractQueuedSynchronizer$ConditionNode
Event: 7.943 loading class java/util/concurrent/locks/AbstractQueuedSynchronizer$Node
Event: 7.944 loading class java/util/concurrent/locks/AbstractQueuedSynchronizer$Node done
Event: 7.944 loading class java/util/concurrent/locks/AbstractQueuedSynchronizer$ConditionNode done
Event: 7.944 loading class java/util/concurrent/locks/AbstractQueuedSynchronizer$ExclusiveNode
Event: 7.944 loading class java/util/concurrent/locks/AbstractQueuedSynchronizer$ExclusiveNode done
Event: 7.951 Thread 0x000001b0de416030 Thread added: 0x000001b0de416030
Event: 7.990 loading class java/util/concurrent/Executors$FinalizableDelegatedExecutorService
Event: 7.990 loading class java/util/concurrent/Executors$DelegatedExecutorService
Event: 7.990 loading class java/util/concurrent/Executors$DelegatedExecutorService done
Event: 7.990 loading class java/util/concurrent/Executors$FinalizableDelegatedExecutorService done
Event: 7.991 Thread 0x000001b0dec122f0 Thread added: 0x000001b0dec122f0
Event: 8.104 loading class javax/naming/Referenceable
Event: 8.105 loading class javax/naming/Referenceable done
Event: 8.151 loading class java/lang/instrument/ClassFileTransformer
Event: 8.151 loading class java/lang/instrument/ClassFileTransformer done


Dynamic libraries:
0x00007ff765160000 - 0x00007ff76516e000 	C:\Users\Willy.nyawira\.jdks\corretto-17.0.11\bin\java.exe
0x00007ff9d9950000 - 0x00007ff9d9b48000 	C:\WINDOWS\SYSTEM32\ntdll.dll
0x00007ff9d82a0000 - 0x00007ff9d835d000 	C:\WINDOWS\System32\KERNEL32.DLL
0x00007ff9d7540000 - 0x00007ff9d7836000 	C:\WINDOWS\System32\KERNELBASE.dll
0x00007ff9d7410000 - 0x00007ff9d7510000 	C:\WINDOWS\System32\ucrtbase.dll
0x00007ff9c8a10000 - 0x00007ff9c8a27000 	C:\Users\Willy.nyawira\.jdks\corretto-17.0.11\bin\jli.dll
0x00007ff9d9620000 - 0x00007ff9d97bf000 	C:\WINDOWS\System32\USER32.dll
0x00007ff9d7510000 - 0x00007ff9d7532000 	C:\WINDOWS\System32\win32u.dll
0x00007ff9d8360000 - 0x00007ff9d838b000 	C:\WINDOWS\System32\GDI32.dll
0x00007ff9d7000000 - 0x00007ff9d7117000 	C:\WINDOWS\System32\gdi32full.dll
0x00007ff9d7170000 - 0x00007ff9d720d000 	C:\WINDOWS\System32\msvcp_win.dll
0x00007ff9c2c50000 - 0x00007ff9c2c6b000 	C:\Users\Willy.nyawira\.jdks\corretto-17.0.11\bin\VCRUNTIME140.dll
0x00007ff9c39f0000 - 0x00007ff9c3c8a000 	C:\WINDOWS\WinSxS\amd64_microsoft.windows.common-controls_6595b64144ccf1df_6.0.19041.4355_none_60b8b9eb71f62e16\COMCTL32.dll
0x00007ff9d9580000 - 0x00007ff9d961e000 	C:\WINDOWS\System32\msvcrt.dll
0x00007ff9d8800000 - 0x00007ff9d8832000 	C:\WINDOWS\System32\IMM32.DLL
0x00007ff9cded0000 - 0x00007ff9cdedc000 	C:\Users\Willy.nyawira\.jdks\corretto-17.0.11\bin\vcruntime140_1.dll
0x00007ff9bf790000 - 0x00007ff9bf81d000 	C:\Users\Willy.nyawira\.jdks\corretto-17.0.11\bin\msvcp140.dll
0x00007ff97b2f0000 - 0x00007ff97bf52000 	C:\Users\Willy.nyawira\.jdks\corretto-17.0.11\bin\server\jvm.dll
0x00007ff9d7a70000 - 0x00007ff9d7b20000 	C:\WINDOWS\System32\ADVAPI32.dll
0x00007ff9d97c0000 - 0x00007ff9d9860000 	C:\WINDOWS\System32\sechost.dll
0x00007ff9d7ba0000 - 0x00007ff9d7cc3000 	C:\WINDOWS\System32\RPCRT4.dll
0x00007ff9d73e0000 - 0x00007ff9d7407000 	C:\WINDOWS\System32\bcrypt.dll
0x00007ff9d6e50000 - 0x00007ff9d6e9b000 	C:\WINDOWS\SYSTEM32\POWRPROF.dll
0x00007ff9c72f0000 - 0x00007ff9c72f9000 	C:\WINDOWS\SYSTEM32\WSOCK32.dll
0x00007ff9d7cd0000 - 0x00007ff9d7d3b000 	C:\WINDOWS\System32\WS2_32.dll
0x00007ff9c6520000 - 0x00007ff9c6547000 	C:\WINDOWS\SYSTEM32\WINMM.dll
0x00007ff9c7fa0000 - 0x00007ff9c7faa000 	C:\WINDOWS\SYSTEM32\VERSION.dll
0x00007ff9d6e30000 - 0x00007ff9d6e42000 	C:\WINDOWS\SYSTEM32\UMPDC.dll
0x00007ff9d4e40000 - 0x00007ff9d4e52000 	C:\WINDOWS\SYSTEM32\kernel.appcore.dll
0x00007ff9cde10000 - 0x00007ff9cde1a000 	C:\Users\Willy.nyawira\.jdks\corretto-17.0.11\bin\jimage.dll
0x00007ff9c4850000 - 0x00007ff9c4a34000 	C:\WINDOWS\SYSTEM32\DBGHELP.DLL
0x00007ff9c09a0000 - 0x00007ff9c09d4000 	C:\WINDOWS\SYSTEM32\dbgcore.DLL
0x00007ff9d78f0000 - 0x00007ff9d7972000 	C:\WINDOWS\System32\bcryptPrimitives.dll
0x00007ff9d00d0000 - 0x00007ff9d00de000 	C:\Users\Willy.nyawira\.jdks\corretto-17.0.11\bin\instrument.dll
0x00007ff9c0380000 - 0x00007ff9c03a5000 	C:\Users\Willy.nyawira\.jdks\corretto-17.0.11\bin\java.dll
0x00007ff9b2780000 - 0x00007ff9b2857000 	C:\Users\Willy.nyawira\.jdks\corretto-17.0.11\bin\jsvml.dll
0x00007ff9d8db0000 - 0x00007ff9d951b000 	C:\WINDOWS\System32\SHELL32.dll
0x00007ff9d5040000 - 0x00007ff9d57dd000 	C:\WINDOWS\SYSTEM32\windows.storage.dll
0x00007ff9d7da0000 - 0x00007ff9d80f3000 	C:\WINDOWS\System32\combase.dll
0x00007ff9d6870000 - 0x00007ff9d689e000 	C:\WINDOWS\SYSTEM32\Wldp.dll
0x00007ff9d88d0000 - 0x00007ff9d899d000 	C:\WINDOWS\System32\OLEAUT32.dll
0x00007ff9d9860000 - 0x00007ff9d990d000 	C:\WINDOWS\System32\SHCORE.dll
0x00007ff9d8120000 - 0x00007ff9d8175000 	C:\WINDOWS\System32\shlwapi.dll
0x00007ff9d6f30000 - 0x00007ff9d6f54000 	C:\WINDOWS\SYSTEM32\profapi.dll
0x00007ff9c1f10000 - 0x00007ff9c1f28000 	C:\Users\Willy.nyawira\.jdks\corretto-17.0.11\bin\zip.dll
0x00007ff9c1fd0000 - 0x00007ff9c1fe9000 	C:\Users\Willy.nyawira\.jdks\corretto-17.0.11\bin\net.dll
0x00007ff9cb7b0000 - 0x00007ff9cb8ba000 	C:\WINDOWS\SYSTEM32\WINHTTP.dll
0x00007ff9d6650000 - 0x00007ff9d66ba000 	C:\WINDOWS\system32\mswsock.dll
0x00007ff9c1760000 - 0x00007ff9c1776000 	C:\Users\Willy.nyawira\.jdks\corretto-17.0.11\bin\nio.dll
0x00007ff9d00b0000 - 0x00007ff9d00ca000 	C:\Program Files\JetBrains\IntelliJ IDEA 2024.1.1\bin\breakgen64.dll
0x00007ff9c4a40000 - 0x00007ff9c4a49000 	C:\Users\Willy.nyawira\.jdks\corretto-17.0.11\bin\extnet.dll
0x00007ff9d6390000 - 0x00007ff9d645b000 	C:\WINDOWS\SYSTEM32\DNSAPI.dll
0x00007ff9d6350000 - 0x00007ff9d638b000 	C:\WINDOWS\SYSTEM32\IPHLPAPI.DLL
0x00007ff9d81e0000 - 0x00007ff9d81e8000 	C:\WINDOWS\System32\NSI.dll
0x00007ff9ccea0000 - 0x00007ff9cceaa000 	C:\Windows\System32\rasadhlp.dll
0x00007ff9c8a60000 - 0x00007ff9c8ae0000 	C:\WINDOWS\System32\fwpuclnt.dll
0x00007ff9d00a0000 - 0x00007ff9d00a9000 	C:\Users\Willy.nyawira\.jdks\corretto-17.0.11\bin\management.dll
0x00007ff9cc9f0000 - 0x00007ff9cc9fb000 	C:\Users\Willy.nyawira\.jdks\corretto-17.0.11\bin\management_ext.dll
0x00007ff9d8c80000 - 0x00007ff9d8c88000 	C:\WINDOWS\System32\PSAPI.DLL
0x00007ff9d6a10000 - 0x00007ff9d6a28000 	C:\WINDOWS\SYSTEM32\CRYPTSP.dll
0x00007ff9d5f90000 - 0x00007ff9d5fc4000 	C:\WINDOWS\system32\rsaenh.dll
0x00007ff9d6ea0000 - 0x00007ff9d6ece000 	C:\WINDOWS\SYSTEM32\USERENV.dll
0x00007ff9d67e0000 - 0x00007ff9d67ec000 	C:\WINDOWS\SYSTEM32\CRYPTBASE.dll
0x00007ff9cbe90000 - 0x00007ff9cbea7000 	C:\WINDOWS\SYSTEM32\dhcpcsvc6.DLL
0x00007ff9ccd50000 - 0x00007ff9ccd6d000 	C:\WINDOWS\SYSTEM32\dhcpcsvc.DLL
0x00007ff9c4bf0000 - 0x00007ff9c4c07000 	C:\WINDOWS\system32\napinsp.dll
0x00007ff9c4bd0000 - 0x00007ff9c4beb000 	C:\WINDOWS\system32\pnrpnsp.dll
0x00007ff9d2930000 - 0x00007ff9d294d000 	C:\WINDOWS\system32\NLAapi.dll
0x00007ff9c4bb0000 - 0x00007ff9c4bc2000 	C:\WINDOWS\System32\winrnr.dll
0x00007ff9d1d50000 - 0x00007ff9d1d65000 	C:\WINDOWS\system32\wshbth.dll
0x00007ff9cc9b0000 - 0x00007ff9cc9be000 	C:\Users\Willy.nyawira\.jdks\corretto-17.0.11\bin\sunmscapi.dll
0x00007ff9d7280000 - 0x00007ff9d73de000 	C:\WINDOWS\System32\CRYPT32.dll
0x00007ff9d68e0000 - 0x00007ff9d6909000 	C:\WINDOWS\SYSTEM32\ncrypt.dll
0x00007ff9d68a0000 - 0x00007ff9d68db000 	C:\WINDOWS\SYSTEM32\NTASN1.dll

dbghelp: loaded successfully - version: 4.0.5 - missing functions: none
symbol engine: initialized successfully - sym options: 0x614 - pdb path: .;C:\Users\Willy.nyawira\.jdks\corretto-17.0.11\bin;C:\WINDOWS\SYSTEM32;C:\WINDOWS\WinSxS\amd64_microsoft.windows.common-controls_6595b64144ccf1df_6.0.19041.4355_none_60b8b9eb71f62e16;C:\Users\Willy.nyawira\.jdks\corretto-17.0.11\bin\server;C:\Program Files\JetBrains\IntelliJ IDEA 2024.1.1\bin

VM Arguments:
jvm_args: -XX:TieredStopAtLevel=1 -Dspring.output.ansi.enabled=always -Dcom.sun.management.jmxremote -Dspring.jmx.enabled=true -Dspring.liveBeansView.mbeanDomain -Dspring.application.admin.enabled=true -Dmanagement.endpoints.jmx.exposure.include=* -javaagent:C:\Program Files\JetBrains\IntelliJ IDEA 2024.1.1\lib\idea_rt.jar=60617:C:\Program Files\JetBrains\IntelliJ IDEA 2024.1.1\bin -Dfile.encoding=UTF-8 
java_command: com.emtech.Fixed.Assets.Emtech.Fixed.Assets.EmtechFixedAssetsApplication
java_class_path (initial): C:\Users\Willy.nyawira\Desktop\AIG\Emtech-Fixed-Assets\target\classes;C:\Users\Willy.nyawira\.m2\repository\org\springframework\boot\spring-boot-starter-data-jpa\3.2.5\spring-boot-starter-data-jpa-3.2.5.jar;C:\Users\Willy.nyawira\.m2\repository\org\springframework\boot\spring-boot-starter-aop\3.2.5\spring-boot-starter-aop-3.2.5.jar;C:\Users\Willy.nyawira\.m2\repository\org\aspectj\aspectjweaver\1.9.22\aspectjweaver-1.9.22.jar;C:\Users\Willy.nyawira\.m2\repository\org\springframework\boot\spring-boot-starter-jdbc\3.2.5\spring-boot-starter-jdbc-3.2.5.jar;C:\Users\Willy.nyawira\.m2\repository\com\zaxxer\HikariCP\5.0.1\HikariCP-5.0.1.jar;C:\Users\Willy.nyawira\.m2\repository\org\springframework\spring-jdbc\6.1.6\spring-jdbc-6.1.6.jar;C:\Users\Willy.nyawira\.m2\repository\org\hibernate\orm\hibernate-core\6.4.4.Final\hibernate-core-6.4.4.Final.jar;C:\Users\Willy.nyawira\.m2\repository\jakarta\persistence\jakarta.persistence-api\3.1.0\jakarta.persistence-api-3.1.0.jar;C:\Users\Willy.nyawira\.m2\repository\jakarta\transaction\jakarta.transaction-api\2.0.1\jakarta.transaction-api-2.0.1.jar;C:\Users\Willy.nyawira\.m2\repository\org\jboss\logging\jboss-logging\3.5.3.Final\jboss-logging-3.5.3.Final.jar;C:\Users\Willy.nyawira\.m2\repository\org\hibernate\common\hibernate-commons-annotations\6.0.6.Final\hibernate-commons-annotations-6.0.6.Final.jar;C:\Users\Willy.nyawira\.m2\repository\io\smallrye\jandex\3.1.2\jandex-3.1.2.jar;C:\Users\Willy.nyawira\.m2\repository\com\fasterxml\classmate\1.6.0\classmate-1.6.0.jar;C:\Users\Willy.nyawira\.m2\repository\net\bytebuddy\byte-buddy\1.14.13\byte-buddy-1.14.13.jar;C:\Users\Willy.nyawira\.m2\repository\org\glassfish\jaxb\jaxb-runtime\4.0.5\jaxb-runtime-4.0.5.jar;C:\Users\Willy.nyawira\.m2\repository\org\glassfish\jaxb\jaxb-core\4.0.5\jaxb-core-4.0.5.jar;C:\Users\Willy.nyawira\.m2\repository\org\eclipse\angus\angus-activation\2.0.2\angus-activation-2.0.2.jar;C:\Users\Willy.nyawira\.m2\repository\org\glassfish\ja
Launcher Type: SUN_STANDARD

[Global flags]
     intx CICompilerCount                          = 3                                         {product} {ergonomic}
     uint ConcGCThreads                            = 1                                         {product} {ergonomic}
     uint G1ConcRefinementThreads                  = 4                                         {product} {ergonomic}
   size_t G1HeapRegionSize                         = 1048576                                   {product} {ergonomic}
    uintx GCDrainStackTargetSize                   = 64                                        {product} {ergonomic}
   size_t InitialHeapSize                          = 67108864                                  {product} {ergonomic}
     bool ManagementServer                         = true                                      {product} {command line}
   size_t MarkStackSize                            = 4194304                                   {product} {ergonomic}
   size_t MaxHeapSize                              = 1061158912                                {product} {ergonomic}
   size_t MaxNewSize                               = 636485632                                 {product} {ergonomic}
   size_t MinHeapDeltaBytes                        = 1048576                                   {product} {ergonomic}
   size_t MinHeapSize                              = 8388608                                   {product} {ergonomic}
    uintx NonProfiledCodeHeapSize                  = 0                                      {pd product} {ergonomic}
     bool ProfileInterpreter                       = false                                  {pd product} {command line}
    uintx ProfiledCodeHeapSize                     = 0                                      {pd product} {ergonomic}
   size_t SoftMaxHeapSize                          = 1061158912                             {manageable} {ergonomic}
     intx TieredStopAtLevel                        = 1                                         {product} {command line}
     bool UseCompressedClassPointers               = true                           {product lp64_product} {ergonomic}
     bool UseCompressedOops                        = true                           {product lp64_product} {ergonomic}
     bool UseG1GC                                  = true                                      {product} {ergonomic}
     bool UseLargePagesIndividualAllocation        = false                                  {pd product} {ergonomic}

Logging:
Log output configuration:
 #0: stdout all=warning uptime,level,tags
 #1: stderr all=off uptime,level,tags

Environment Variables:
JAVA_HOME=C:\Program Files\Java\jdk-21
PATH=C:\OraHome_2\jre\1.4.2\bin\client;C:\OraHome_2\jre\1.4.2\bin;C:\OraHome_1\bin;C:\OraHome_1\jre\1.4.2\bin\client;C:\OraHome_1\jre\1.4.2\bin;C:\DevSuiteHome_4\jdk\jre\bin\classic;C:\DevSuiteHome_4\jdk\jre\bin;C:\DevSuiteHome_4\jdk\jre\bin\client;C:\DevSuiteHome_4\jlib;C:\DevSuiteHome_4\bin;C:\DevSuiteHome_4\jre\1.4.2\bin\client;C:\DevSuiteHome_4\jre\1.4.2\bin;D:\DevSuiteHome_8\jdk\jre\bin\classic;D:\DevSuiteHome_8\jdk\jre\bin;D:\DevSuiteHome_8\jdk\jre\bin\client;D:\DevSuiteHome_8\jlib;D:\DevSuiteHome_8\bin;D:\DevSuiteHome_8\jre\1.4.2\bin\client;D:\DevSuiteHome_8\jre\1.4.2\bin;C:\oraclexe\app\oracle\product\11.2.0\server\bin;C:\Program Files\Common Files\Oracle\Java\javapath;C:\Program Files (x86)\Common Files\Oracle\Java\java8path;C:\Program Files (x86)\Common Files\Oracle\Java\javapath;C:\oraclexe\app\oracle\product\11.2.0\server\bin;C:\WINDOWS\system32;C:\WINDOWS;C:\WINDOWS\System32\Wbem;C:\WINDOWS\System32\WindowsPowerShell\v1.0\;C:\WINDOWS\System32\OpenSSH\;C:\Program Files (x86)\WinSCP\;C:\Program Files\Java\jdk-21;C:\Program Files\PuTTY\;C:\Program Files\Amazon\AWSCLIV2\;C:\Users\Willy.nyawira\AppData\Local\Programs\Microsoft VS Code\bin;C:\Program Files\heroku\bin;C:\Program Files\JetBrains\IntelliJ IDEA 2024.1.1\bin;;C:\Program Files\Java\jdk-21;C:\xampp\mysql\bin;
USERNAME=Willy.nyawira
OS=Windows_NT
PROCESSOR_IDENTIFIER=Intel64 Family 6 Model 42 Stepping 7, GenuineIntel
TMP=C:\Users\WILLY~1.NYA\AppData\Local\Temp
TEMP=C:\Users\WILLY~1.NYA\AppData\Local\Temp



Periodic native trim disabled


---------------  S Y S T E M  ---------------

OS:
 Windows 10 , 64 bit Build 19041 (10.0.19041.3636)
OS uptime: 0 days 9:35 hours
Hyper-V role detected

CPU: total 4 (initial active 4) (2 cores per cpu, 2 threads per core) family 6 model 42 stepping 7 microcode 0x2f, cx8, cmov, fxsr, ht, mmx, sse, sse2, sse3, ssse3, sse4.1, sse4.2, popcnt, tsc, tscinvbit, avx, aes, clmul, vzeroupper, clflush, hv
Processor Information for all 4 processors :
  Max Mhz: 1601, Current Mhz: 1601, Mhz Limit: 1601

Memory: 4k page, system-wide physical 4041M (400M free)
TotalPageFile size 7111M (AvailPageFile size 9M)
current process WorkingSet (physical memory assigned to process): 144M, peak: 144M
current process commit charge ("private bytes"): 203M, peak: 220M

vm_info: OpenJDK 64-Bit Server VM (17.0.11+9-LTS) for windows-amd64 JRE (17.0.11+9-LTS), built on Apr 10 2024 22:12:24 by "Administrator" with MS VC++ 16.10 / 16.11 (VS2019)

END.
