#
# There is insufficient memory for the Java Runtime Environment to continue.
# Native memory allocation (mmap) failed to map 65536 bytes. Error detail: Failed to commit metaspace.
# Possible reasons:
#   The system is out of physical RAM or swap space
#   This process is running with CompressedOops enabled, and the Java Heap may be blocking the growth of the native heap
# Possible solutions:
#   Reduce memory load on the system
#   Increase physical memory or swap space
#   Check if swap backing store is full
#   Decrease Java heap size (-Xmx/-Xms)
#   Decrease number of Java threads
#   Decrease Java thread stack sizes (-Xss)
#   Set larger code cache with -XX:ReservedCodeCacheSize=
#   JVM is running with Unscaled Compressed Oops mode in which the Java heap is
#     placed in the first 4GB address space. The Java Heap base address is the
#     maximum limit for the native heap growth. Please use -XX:HeapBaseMinAddress
#     to set the Java Heap base and to place the Java Heap above 4GB virtual address.
# This output file may be truncated or incomplete.
#
#  Out of Memory Error (virtualSpaceNode.cpp:110), pid=3640, tid=10336
#
# JRE version: OpenJDK Runtime Environment Corretto-17.0.11.9.1 (17.0.11+9) (build 17.0.11+9-LTS)
# Java VM: OpenJDK 64-Bit Server VM Corretto-17.0.11.9.1 (17.0.11+9-LTS, mixed mode, emulated-client, sharing, tiered, compressed oops, compressed class ptrs, g1 gc, windows-amd64)
# No core dump will be written. Minidumps are not enabled by default on client versions of Windows
#

---------------  S U M M A R Y ------------

Command Line: -XX:TieredStopAtLevel=1 -Dspring.output.ansi.enabled=always -Dcom.sun.management.jmxremote -Dspring.jmx.enabled=true -Dspring.liveBeansView.mbeanDomain -Dspring.application.admin.enabled=true -Dmanagement.endpoints.jmx.exposure.include=* -javaagent:C:\Program Files\JetBrains\IntelliJ IDEA 2024.1.1\lib\idea_rt.jar=50722:C:\Program Files\JetBrains\IntelliJ IDEA 2024.1.1\bin -Dfile.encoding=UTF-8 com.emtech.Fixed.Assets.Emtech.Fixed.Assets.EmtechFixedAssetsApplication

Host: Intel(R) Core(TM) i5-2467M CPU @ 1.60GHz, 4 cores, 3G,  Windows 10 , 64 bit Build 19041 (10.0.19041.3636)
Time: Tue May 21 15:01:24 2024 E. Africa Standard Time elapsed time: 6.452493 seconds (0d 0h 0m 6s)

---------------  T H R E A D  ---------------

Current thread (0x0000020659c0d050):  JavaThread "main" [_thread_in_vm, id=10336, stack(0x000000ea03d00000,0x000000ea03e00000)]

Stack: [0x000000ea03d00000,0x000000ea03e00000]
Native frames: (J=compiled Java code, j=interpreted, Vv=VM code, C=native code)
V  [jvm.dll+0x67d009]
V  [jvm.dll+0x83489a]
V  [jvm.dll+0x83635e]
V  [jvm.dll+0x8369c3]
V  [jvm.dll+0x2479df]
V  [jvm.dll+0x83055b]
V  [jvm.dll+0x621936]
V  [jvm.dll+0x1c1a2e]
V  [jvm.dll+0x624291]
V  [jvm.dll+0x6222d6]
V  [jvm.dll+0x2452ec]
V  [jvm.dll+0x6d3ead]
V  [jvm.dll+0x6d48ef]
V  [jvm.dll+0x3730b4]
V  [jvm.dll+0x372134]
V  [jvm.dll+0x3720d8]
V  [jvm.dll+0x564405]
V  [jvm.dll+0x563314]
V  [jvm.dll+0x386182]
V  [jvm.dll+0x3857ef]
C  0x0000020661739059

The last pc belongs to invokestatic (printed below).
Java frames: (J=compiled Java code, j=interpreted, Vv=VM code)
j  org.springframework.cglib.proxy.Enhancer.<clinit>()V+26
v  ~StubRoutines::call_stub
j  org.springframework.context.annotation.ConfigurationClassEnhancer.newEnhancer(Ljava/lang/Class;Ljava/lang/ClassLoader;)Lorg/springframework/cglib/proxy/Enhancer;+0
j  org.springframework.context.annotation.ConfigurationClassEnhancer.enhance(Ljava/lang/Class;Ljava/lang/ClassLoader;)Ljava/lang/Class;+50
j  org.springframework.context.annotation.ConfigurationClassPostProcessor.enhanceConfigurationClasses(Lorg/springframework/beans/factory/config/ConfigurableListableBeanFactory;)V+415
j  org.springframework.context.annotation.ConfigurationClassPostProcessor.postProcessBeanFactory(Lorg/springframework/beans/factory/config/ConfigurableListableBeanFactory;)V+75
j  org.springframework.context.support.PostProcessorRegistrationDelegate.invokeBeanFactoryPostProcessors(Ljava/util/Collection;Lorg/springframework/beans/factory/config/ConfigurableListableBeanFactory;)V+61
j  org.springframework.context.support.PostProcessorRegistrationDelegate.invokeBeanFactoryPostProcessors(Lorg/springframework/beans/factory/config/ConfigurableListableBeanFactory;Ljava/util/List;)V+521
j  org.springframework.context.support.AbstractApplicationContext.invokeBeanFactoryPostProcessors(Lorg/springframework/beans/factory/config/ConfigurableListableBeanFactory;)V+5
j  org.springframework.context.support.AbstractApplicationContext.refresh()V+62
j  org.springframework.boot.web.servlet.context.ServletWebServerApplicationContext.refresh()V+1
j  org.springframework.boot.SpringApplication.refresh(Lorg/springframework/context/ConfigurableApplicationContext;)V+1
j  org.springframework.boot.SpringApplication.refreshContext(Lorg/springframework/context/ConfigurableApplicationContext;)V+16
j  org.springframework.boot.SpringApplication.run([Ljava/lang/String;)Lorg/springframework/context/ConfigurableApplicationContext;+110
j  org.springframework.boot.SpringApplication.run([Ljava/lang/Class;[Ljava/lang/String;)Lorg/springframework/context/ConfigurableApplicationContext;+9
j  org.springframework.boot.SpringApplication.run(Ljava/lang/Class;[Ljava/lang/String;)Lorg/springframework/context/ConfigurableApplicationContext;+9
j  com.emtech.Fixed.Assets.Emtech.Fixed.Assets.EmtechFixedAssetsApplication.main([Ljava/lang/String;)V+3
v  ~StubRoutines::call_stub
invokestatic  184 invokestatic  [0x0000020661738fa0, 0x0000020661739100]  352 bytes
[MachCode]
  0x0000020661738fa0: 4883 ec08 | c5fa 1104 | 24eb 1f48 | 83ec 10c5 | fb11 0424 | eb14 4883 | ec10 4889 | 0424 48c7 
  0x0000020661738fc0: 4424 0800 | 0000 00eb | 0150 4c89 | 6dc0 410f | b755 0148 | 8b4d d0c1 | e202 8b5c | d120 c1eb 
  0x0000020661738fe0: 1081 e3ff | 0000 0081 | fbb8 0000 | 000f 84b6 | 0000 00bb | b800 0000 | e805 0000 | 00e9 9b00 
  0x0000020661739000: 0000 488b | d348 8d44 | 2408 4c89 | 6dc0 498b | cfc5 f877 | 4989 afa8 | 0200 0049 | 8987 9802 
  0x0000020661739020: 0000 4883 | ec20 f7c4 | 0f00 0000 | 0f84 1a00 | 0000 4883 | ec08 49ba | 8057 40bf | f97f 0000 
  0x0000020661739040: 41ff d248 | 83c4 08e9 | 0d00 0000 | 49ba 8057 | 40bf f97f | 0000 41ff | d248 83c4 | 2049 c787 
  0x0000020661739060: 9802 0000 | 0000 0000 | 49c7 87a8 | 0200 0000 | 0000 0049 | c787 a002 | 0000 0000 | 0000 c5f8 
  0x0000020661739080: 7749 817f | 0800 0000 | 000f 8405 | 0000 00e9 | 6c7e feff | 4c8b 6dc0 | 4c8b 75c8 | c341 0fb7 
  0x00000206617390a0: 5501 488b | 4dd0 c1e2 | 0248 8b5c | d128 488b | 5b08 488b | 5b08 488b | 5b18 80bb | 3301 0000 
  0x00000206617390c0: 040f 840d | 0000 004c | 3bbb 3801 | 0000 0f85 | 1fff ffff | 488b 5cd1 | 288b 54d1 | 38c1 ea1c 
  0x00000206617390e0: 49ba 6061 | c2bf f97f | 0000 498b | 14d2 524c | 8d6c 2408 | 4c89 6df0 | ff63 500f | 1f44 0000 
[/MachCode]

---------------  P R O C E S S  ---------------

Threads class SMR info:
_java_thread_list=0x000002066e584660, length=15, elements={
0x0000020659c0d050, 0x0000020668f15320, 0x0000020668f16940, 0x0000020668f29930,
0x0000020668f2a7b0, 0x0000020668f2f400, 0x0000020668f2fdc0, 0x0000020668f30830,
0x0000020668f31be0, 0x0000020668f0ca00, 0x0000020668f0cee0, 0x000002066d4f5e20,
0x000002066d4fe6f0, 0x000002066d659200, 0x000002066e30b450
}

Java Threads: ( => current thread )
=>0x0000020659c0d050 JavaThread "main" [_thread_in_vm, id=10336, stack(0x000000ea03d00000,0x000000ea03e00000)]
  0x0000020668f15320 JavaThread "Reference Handler" daemon [_thread_blocked, id=5748, stack(0x000000ea04400000,0x000000ea04500000)]
  0x0000020668f16940 JavaThread "Finalizer" daemon [_thread_blocked, id=7132, stack(0x000000ea04500000,0x000000ea04600000)]
  0x0000020668f29930 JavaThread "Signal Dispatcher" daemon [_thread_blocked, id=5728, stack(0x000000ea04600000,0x000000ea04700000)]
  0x0000020668f2a7b0 JavaThread "Attach Listener" daemon [_thread_blocked, id=10576, stack(0x000000ea04700000,0x000000ea04800000)]
  0x0000020668f2f400 JavaThread "Service Thread" daemon [_thread_blocked, id=7320, stack(0x000000ea04800000,0x000000ea04900000)]
  0x0000020668f2fdc0 JavaThread "Monitor Deflation Thread" daemon [_thread_blocked, id=1656, stack(0x000000ea04900000,0x000000ea04a00000)]
  0x0000020668f30830 JavaThread "C1 CompilerThread0" daemon [_thread_blocked, id=4204, stack(0x000000ea04a00000,0x000000ea04b00000)]
  0x0000020668f31be0 JavaThread "Sweeper thread" daemon [_thread_blocked, id=10904, stack(0x000000ea04b00000,0x000000ea04c00000)]
  0x0000020668f0ca00 JavaThread "Common-Cleaner" daemon [_thread_blocked, id=6228, stack(0x000000ea04c00000,0x000000ea04d00000)]
  0x0000020668f0cee0 JavaThread "C1 CompilerThread1" daemon [_thread_blocked, id=7568, stack(0x000000ea04d00000,0x000000ea04e00000)]
  0x000002066d4f5e20 JavaThread "Monitor Ctrl-Break" daemon [_thread_in_native, id=4936, stack(0x000000ea04e00000,0x000000ea04f00000)]
  0x000002066d4fe6f0 JavaThread "Notification Thread" daemon [_thread_blocked, id=11040, stack(0x000000ea04f00000,0x000000ea05000000)]
  0x000002066d659200 JavaThread "RMI TCP Accept-0" daemon [_thread_in_native, id=1684, stack(0x000000ea05000000,0x000000ea05100000)]
  0x000002066e30b450 JavaThread "C1 CompilerThread2" daemon [_thread_blocked, id=10388, stack(0x000000ea05700000,0x000000ea05800000)]

Other Threads:
  0x0000020668f106b0 VMThread "VM Thread" [stack: 0x000000ea04300000,0x000000ea04400000] [id=10408]
  0x0000020659c0df20 WatcherThread [stack: 0x000000ea05100000,0x000000ea05200000] [id=10520]
  0x0000020659c48810 GCTaskThread "GC Thread#0" [stack: 0x000000ea03e00000,0x000000ea03f00000] [id=1448]
  0x0000020659c0e1c0 GCTaskThread "GC Thread#1" [stack: 0x000000ea05200000,0x000000ea05300000] [id=2640]
  0x000002066d7d52a0 GCTaskThread "GC Thread#2" [stack: 0x000000ea05300000,0x000000ea05400000] [id=10032]
  0x000002066d7f74f0 GCTaskThread "GC Thread#3" [stack: 0x000000ea05400000,0x000000ea05500000] [id=2428]
  0x0000020659c515e0 ConcurrentGCThread "G1 Main Marker" [stack: 0x000000ea03f00000,0x000000ea04000000] [id=11184]
  0x0000020659c52000 ConcurrentGCThread "G1 Conc#0" [stack: 0x000000ea04000000,0x000000ea04100000] [id=6256]
  0x0000020659c9f430 ConcurrentGCThread "G1 Refine#0" [stack: 0x000000ea04100000,0x000000ea04200000] [id=11052]
  0x000002066d7aedf0 ConcurrentGCThread "G1 Refine#1" [stack: 0x000000ea05500000,0x000000ea05600000] [id=5300]
  0x0000020659c9fe60 ConcurrentGCThread "G1 Service" [stack: 0x000000ea04200000,0x000000ea04300000] [id=5128]

Threads with active compile tasks:

VM state: not at safepoint (normal execution)

VM Mutex/Monitor currently owned by a thread:  ([mutex/lock_event])
[0x0000020659bfb1f0] Metaspace_lock - owner thread: 0x0000020659c0d050

Heap address: 0x00000000c0c00000, size: 1012 MB, Compressed Oops mode: 32-bit

CDS archive(s) mapped at: [0x0000020600000000-0x0000020600bb0000-0x0000020600bb0000), size 12255232, SharedBaseAddress: 0x0000020600000000, ArchiveRelocationMode: 1.
Compressed class space mapped at: 0x0000020601000000-0x0000020641000000, reserved size: 1073741824
Narrow klass base: 0x0000020600000000, Narrow klass shift: 0, Narrow klass range: 0x100000000

GC Precious Log:
 CPUs: 4 total, 4 available
 Memory: 4041M
 Large Page Support: Disabled
 NUMA Support: Disabled
 Compressed Oops: Enabled (32-bit)
 Heap Region Size: 1M
 Heap Min Capacity: 8M
 Heap Initial Capacity: 64M
 Heap Max Capacity: 1012M
 Pre-touch: Disabled
 Parallel Workers: 4
 Concurrent Workers: 1
 Concurrent Refinement Workers: 4
 Periodic GC: Disabled

Heap:
 garbage-first heap   total 55296K, used 21564K [0x00000000c0c00000, 0x0000000100000000)
  region size 1024K, 10 young (10240K), 3 survivors (3072K)
 Metaspace       used 25035K, committed 25280K, reserved 1114112K
  class space    used 3515K, committed 3648K, reserved 1048576K

Heap Regions: E=young(eden), S=young(survivor), O=old, HS=humongous(starts), HC=humongous(continues), CS=collection set, F=free, OA=open archive, CA=closed archive, TAMS=top-at-mark-start (previous, next)
|   0|0x00000000c0c00000, 0x00000000c0d00000, 0x00000000c0d00000|100%|HS|  |TAMS 0x00000000c0d00000, 0x00000000c0c00000| Complete 
|   1|0x00000000c0d00000, 0x00000000c0e00000, 0x00000000c0e00000|100%| O|  |TAMS 0x00000000c0e00000, 0x00000000c0d00000| Untracked 
|   2|0x00000000c0e00000, 0x00000000c0f00000, 0x00000000c0f00000|100%| O|  |TAMS 0x00000000c0f00000, 0x00000000c0e00000| Untracked 
|   3|0x00000000c0f00000, 0x00000000c1000000, 0x00000000c1000000|100%| O|  |TAMS 0x00000000c1000000, 0x00000000c0f00000| Untracked 
|   4|0x00000000c1000000, 0x00000000c1100000, 0x00000000c1100000|100%| O|  |TAMS 0x00000000c1100000, 0x00000000c1000000| Untracked 
|   5|0x00000000c1100000, 0x00000000c1200000, 0x00000000c1200000|100%| O|  |TAMS 0x00000000c1200000, 0x00000000c1100000| Untracked 
|   6|0x00000000c1200000, 0x00000000c1300000, 0x00000000c1300000|100%| O|  |TAMS 0x00000000c1300000, 0x00000000c1200000| Untracked 
|   7|0x00000000c1300000, 0x00000000c1400000, 0x00000000c1400000|100%| O|  |TAMS 0x00000000c1347400, 0x00000000c1300000| Untracked 
|   8|0x00000000c1400000, 0x00000000c1500000, 0x00000000c1500000|100%| O|  |TAMS 0x00000000c1400000, 0x00000000c1400000| Untracked 
|   9|0x00000000c1500000, 0x00000000c1502600, 0x00000000c1600000|  0%| O|  |TAMS 0x00000000c1500000, 0x00000000c1500000| Untracked 
|  10|0x00000000c1600000, 0x00000000c1700000, 0x00000000c1700000|100%| O|  |TAMS 0x00000000c1600000, 0x00000000c1600000| Untracked 
|  11|0x00000000c1700000, 0x00000000c1800000, 0x00000000c1800000|100%| O|  |TAMS 0x00000000c1700000, 0x00000000c1700000| Untracked 
|  12|0x00000000c1800000, 0x00000000c1900000, 0x00000000c1900000|100%| O|  |TAMS 0x00000000c1800000, 0x00000000c1800000| Untracked 
|  13|0x00000000c1900000, 0x00000000c1989e00, 0x00000000c1a00000| 53%| O|  |TAMS 0x00000000c1900000, 0x00000000c1900000| Untracked 
|  14|0x00000000c1a00000, 0x00000000c1a00000, 0x00000000c1b00000|  0%| F|  |TAMS 0x00000000c1a00000, 0x00000000c1a00000| Untracked 
|  15|0x00000000c1b00000, 0x00000000c1b00000, 0x00000000c1c00000|  0%| F|  |TAMS 0x00000000c1b00000, 0x00000000c1b00000| Untracked 
|  16|0x00000000c1c00000, 0x00000000c1c00000, 0x00000000c1d00000|  0%| F|  |TAMS 0x00000000c1c00000, 0x00000000c1c00000| Untracked 
|  17|0x00000000c1d00000, 0x00000000c1d00000, 0x00000000c1e00000|  0%| F|  |TAMS 0x00000000c1d00000, 0x00000000c1d00000| Untracked 
|  18|0x00000000c1e00000, 0x00000000c1e00000, 0x00000000c1f00000|  0%| F|  |TAMS 0x00000000c1e00000, 0x00000000c1e00000| Untracked 
|  19|0x00000000c1f00000, 0x00000000c1f82ca0, 0x00000000c2000000| 51%| S|CS|TAMS 0x00000000c1f00000, 0x00000000c1f00000| Complete 
|  20|0x00000000c2000000, 0x00000000c2100000, 0x00000000c2100000|100%| S|CS|TAMS 0x00000000c2000000, 0x00000000c2000000| Complete 
|  21|0x00000000c2100000, 0x00000000c2200000, 0x00000000c2200000|100%| S|CS|TAMS 0x00000000c2100000, 0x00000000c2100000| Complete 
|  22|0x00000000c2200000, 0x00000000c2200000, 0x00000000c2300000|  0%| F|  |TAMS 0x00000000c2200000, 0x00000000c2200000| Untracked 
|  23|0x00000000c2300000, 0x00000000c2300000, 0x00000000c2400000|  0%| F|  |TAMS 0x00000000c2300000, 0x00000000c2300000| Untracked 
|  24|0x00000000c2400000, 0x00000000c2400000, 0x00000000c2500000|  0%| F|  |TAMS 0x00000000c2400000, 0x00000000c2400000| Untracked 
|  25|0x00000000c2500000, 0x00000000c2500000, 0x00000000c2600000|  0%| F|  |TAMS 0x00000000c2500000, 0x00000000c2500000| Untracked 
|  26|0x00000000c2600000, 0x00000000c2600000, 0x00000000c2700000|  0%| F|  |TAMS 0x00000000c2600000, 0x00000000c2600000| Untracked 
|  27|0x00000000c2700000, 0x00000000c2700000, 0x00000000c2800000|  0%| F|  |TAMS 0x00000000c2700000, 0x00000000c2700000| Untracked 
|  28|0x00000000c2800000, 0x00000000c2800000, 0x00000000c2900000|  0%| F|  |TAMS 0x00000000c2800000, 0x00000000c2800000| Untracked 
|  29|0x00000000c2900000, 0x00000000c2900000, 0x00000000c2a00000|  0%| F|  |TAMS 0x00000000c2900000, 0x00000000c2900000| Untracked 
|  30|0x00000000c2a00000, 0x00000000c2a00000, 0x00000000c2b00000|  0%| F|  |TAMS 0x00000000c2a00000, 0x00000000c2a00000| Untracked 
|  31|0x00000000c2b00000, 0x00000000c2b00000, 0x00000000c2c00000|  0%| F|  |TAMS 0x00000000c2b00000, 0x00000000c2b00000| Untracked 
|  32|0x00000000c2c00000, 0x00000000c2c00000, 0x00000000c2d00000|  0%| F|  |TAMS 0x00000000c2c00000, 0x00000000c2c00000| Untracked 
|  33|0x00000000c2d00000, 0x00000000c2d00000, 0x00000000c2e00000|  0%| F|  |TAMS 0x00000000c2d00000, 0x00000000c2d00000| Untracked 
|  34|0x00000000c2e00000, 0x00000000c2e00000, 0x00000000c2f00000|  0%| F|  |TAMS 0x00000000c2e00000, 0x00000000c2e00000| Untracked 
|  35|0x00000000c2f00000, 0x00000000c2f00000, 0x00000000c3000000|  0%| F|  |TAMS 0x00000000c2f00000, 0x00000000c2f00000| Untracked 
|  36|0x00000000c3000000, 0x00000000c3000000, 0x00000000c3100000|  0%| F|  |TAMS 0x00000000c3000000, 0x00000000c3000000| Untracked 
|  37|0x00000000c3100000, 0x00000000c3100000, 0x00000000c3200000|  0%| F|  |TAMS 0x00000000c3100000, 0x00000000c3100000| Untracked 
|  38|0x00000000c3200000, 0x00000000c3200000, 0x00000000c3300000|  0%| F|  |TAMS 0x00000000c3200000, 0x00000000c3200000| Untracked 
|  39|0x00000000c3300000, 0x00000000c3300000, 0x00000000c3400000|  0%| F|  |TAMS 0x00000000c3300000, 0x00000000c3300000| Untracked 
|  40|0x00000000c3400000, 0x00000000c3400000, 0x00000000c3500000|  0%| F|  |TAMS 0x00000000c3400000, 0x00000000c3400000| Untracked 
|  41|0x00000000c3500000, 0x00000000c3500000, 0x00000000c3600000|  0%| F|  |TAMS 0x00000000c3500000, 0x00000000c3500000| Untracked 
|  42|0x00000000c3600000, 0x00000000c3600000, 0x00000000c3700000|  0%| F|  |TAMS 0x00000000c3600000, 0x00000000c3600000| Untracked 
|  43|0x00000000c3700000, 0x00000000c3700000, 0x00000000c3800000|  0%| F|  |TAMS 0x00000000c3700000, 0x00000000c3700000| Untracked 
|  44|0x00000000c3800000, 0x00000000c3800000, 0x00000000c3900000|  0%| F|  |TAMS 0x00000000c3800000, 0x00000000c3800000| Untracked 
|  45|0x00000000c3900000, 0x00000000c3900000, 0x00000000c3a00000|  0%| F|  |TAMS 0x00000000c3900000, 0x00000000c3900000| Untracked 
|  46|0x00000000c3a00000, 0x00000000c3a00000, 0x00000000c3b00000|  0%| F|  |TAMS 0x00000000c3a00000, 0x00000000c3a00000| Untracked 
|  47|0x00000000c3b00000, 0x00000000c3baa300, 0x00000000c3c00000| 66%| E|  |TAMS 0x00000000c3b00000, 0x00000000c3b00000| Complete 
|  48|0x00000000c3c00000, 0x00000000c3d00000, 0x00000000c3d00000|100%| E|CS|TAMS 0x00000000c3c00000, 0x00000000c3c00000| Complete 
|  49|0x00000000c3d00000, 0x00000000c3e00000, 0x00000000c3e00000|100%| E|CS|TAMS 0x00000000c3d00000, 0x00000000c3d00000| Complete 
|  50|0x00000000c3e00000, 0x00000000c3f00000, 0x00000000c3f00000|100%| E|CS|TAMS 0x00000000c3e00000, 0x00000000c3e00000| Complete 
|  51|0x00000000c3f00000, 0x00000000c4000000, 0x00000000c4000000|100%| E|CS|TAMS 0x00000000c3f00000, 0x00000000c3f00000| Complete 
|  52|0x00000000c4000000, 0x00000000c4100000, 0x00000000c4100000|100%| E|CS|TAMS 0x00000000c4000000, 0x00000000c4000000| Complete 
|  63|0x00000000c4b00000, 0x00000000c4c00000, 0x00000000c4c00000|100%| E|CS|TAMS 0x00000000c4b00000, 0x00000000c4b00000| Complete 

Card table byte_map: [0x0000020664720000,0x0000020664920000] _byte_map_base: 0x000002066411a000

Marking Bits (Prev, Next): (CMBitMap*) 0x0000020659c48e70, (CMBitMap*) 0x0000020659c48e30
 Prev Bits: [0x0000020665af0000, 0x0000020666ac0000)
 Next Bits: [0x0000020664b20000, 0x0000020665af0000)

Polling page: 0x0000020657a90000

Metaspace:

Usage:
  Non-class:     21.02 MB used.
      Class:      3.43 MB used.
       Both:     24.45 MB used.

Virtual space:
  Non-class space:       64.00 MB reserved,      21.12 MB ( 33%) committed,  1 nodes.
      Class space:        1.00 GB reserved,       3.56 MB ( <1%) committed,  1 nodes.
             Both:        1.06 GB reserved,      24.69 MB (  2%) committed. 

Chunk freelists:
   Non-Class:  9.98 MB
       Class:  12.34 MB
        Both:  22.33 MB

MaxMetaspaceSize: unlimited
CompressedClassSpaceSize: 1.00 GB
Initial GC threshold: 21.00 MB
Current GC threshold: 35.25 MB
CDS: on
MetaspaceReclaimPolicy: balanced
 - commit_granule_bytes: 65536.
 - commit_granule_words: 8192.
 - virtual_space_node_default_size: 8388608.
 - enlarge_chunks_in_place: 1.
 - new_chunks_are_fully_committed: 0.
 - uncommit_free_chunks: 1.
 - use_allocation_guard: 0.
 - handle_deallocations: 1.


Internal statistics:

num_allocs_failed_limit: 5.
num_arena_births: 284.
num_arena_deaths: 0.
num_vsnodes_births: 2.
num_vsnodes_deaths: 0.
num_space_committed: 395.
num_space_uncommitted: 0.
num_chunks_returned_to_freelist: 5.
num_chunks_taken_from_freelist: 1101.
num_chunk_merges: 5.
num_chunk_splits: 787.
num_chunks_enlarged: 619.
num_inconsistent_stats: 0.

CodeCache: size=49152Kb used=7116Kb max_used=7116Kb free=42035Kb
 bounds [0x0000020661720000, 0x0000020661e20000, 0x0000020664720000]
 total_blobs=3618 nmethods=3106 adapters=437
 compilation: disabled (not enough contiguous free space left)
              stopped_count=1, restarted_count=0
 full_count=1

Compilation events (20 events):
Event: 6.104 Thread 0x0000020668f0cee0 3099       1       org.springframework.core.type.filter.AbstractTypeHierarchyTraversingFilter::<init> (26 bytes)
Event: 6.105 Thread 0x0000020668f0cee0 nmethod 3099 0x0000020661e07d10 code [0x0000020661e07ec0, 0x0000020661e080f8]
Event: 6.105 Thread 0x0000020668f0cee0 3100       1       java.util.Spliterators$ArraySpliterator::<init> (33 bytes)
Event: 6.106 Thread 0x0000020668f0cee0 nmethod 3100 0x0000020661e08290 code [0x0000020661e08420, 0x0000020661e08538]
Event: 6.107 Thread 0x000002066e30b450 nmethod 3098 0x0000020661e08590 code [0x0000020661e08880, 0x0000020661e099b8]
Event: 6.109 Thread 0x0000020668f30830 nmethod 3096 0x0000020661e0ac10 code [0x0000020661e0b160, 0x0000020661e0d298]
Event: 6.111 Thread 0x0000020668f30830 3101       1       org.springframework.beans.PropertyValue::getName (5 bytes)
Event: 6.112 Thread 0x0000020668f30830 nmethod 3101 0x0000020661e0ec90 code [0x0000020661e0ee20, 0x0000020661e0eef8]
Event: 6.112 Thread 0x0000020668f30830 3102       1       java.util.Formatter$Flags::valueOf (5 bytes)
Event: 6.112 Thread 0x0000020668f30830 nmethod 3102 0x0000020661e0ef90 code [0x0000020661e0f120, 0x0000020661e0f1f8]
Event: 6.112 Thread 0x0000020668f30830 3103       1       java.util.Spliterators$ArraySpliterator::estimateSize (11 bytes)
Event: 6.112 Thread 0x0000020668f30830 nmethod 3103 0x0000020661e0f290 code [0x0000020661e0f420, 0x0000020661e0f4f8]
Event: 6.117 Thread 0x000002066e30b450 3104       1       org.springframework.boot.autoconfigure.condition.FilteringSpringBootCondition::<init> (5 bytes)
Event: 6.117 Thread 0x000002066e30b450 nmethod 3104 0x0000020661e0f590 code [0x0000020661e0f740, 0x0000020661e0f958]
Event: 6.118 Thread 0x0000020668f0cee0 3105       1       org.springframework.beans.factory.support.AbstractBeanFactory::isTypeMatch (745 bytes)
Event: 6.119 Thread 0x0000020668f30830 3106       1       org.springframework.beans.factory.support.AbstractAutowireCapableBeanFactory$FactoryBeanMethodTypeFinder::doWith (84 bytes)
Event: 6.119 Thread 0x000002066e30b450 3107       1       org.springframework.beans.factory.support.AbstractAutowireCapableBeanFactory$FactoryBeanMethodTypeFinder::isFactoryBeanMethod (32 bytes)
Event: 6.120 Thread 0x000002066e30b450 nmethod 3107 0x0000020661e0fa90 code [0x0000020661e0fc40, 0x0000020661e0fd98]
Event: 6.123 Thread 0x0000020668f30830 

Event: 6.129 Thread 0x0000020668f0cee0 nmethod 3105 0x0000020661e0fe90 code [0x0000020661e103e0, 0x0000020661e12138]

GC Heap History (12 events):
Event: 1.554 GC heap before
{Heap before GC invocations=0 (full 0):
 garbage-first heap   total 65536K, used 13312K [0x00000000c0c00000, 0x0000000100000000)
  region size 1024K, 13 young (13312K), 0 survivors (0K)
 Metaspace       used 5000K, committed 5248K, reserved 1114112K
  class space    used 593K, committed 704K, reserved 1048576K
}
Event: 1.572 GC heap after
{Heap after GC invocations=1 (full 0):
 garbage-first heap   total 65536K, used 7392K [0x00000000c0c00000, 0x0000000100000000)
  region size 1024K, 2 young (2048K), 2 survivors (2048K)
 Metaspace       used 5000K, committed 5248K, reserved 1114112K
  class space    used 593K, committed 704K, reserved 1048576K
}
Event: 1.988 GC heap before
{Heap before GC invocations=1 (full 0):
 garbage-first heap   total 65536K, used 13536K [0x00000000c0c00000, 0x0000000100000000)
  region size 1024K, 8 young (8192K), 2 survivors (2048K)
 Metaspace       used 6686K, committed 6848K, reserved 1114112K
  class space    used 825K, committed 896K, reserved 1048576K
}
Event: 1.996 GC heap after
{Heap after GC invocations=2 (full 0):
 garbage-first heap   total 65536K, used 7959K [0x00000000c0c00000, 0x0000000100000000)
  region size 1024K, 1 young (1024K), 1 survivors (1024K)
 Metaspace       used 6686K, committed 6848K, reserved 1114112K
  class space    used 825K, committed 896K, reserved 1048576K
}
Event: 3.203 GC heap before
{Heap before GC invocations=2 (full 0):
 garbage-first heap   total 65536K, used 27415K [0x00000000c0c00000, 0x0000000100000000)
  region size 1024K, 20 young (20480K), 1 survivors (1024K)
 Metaspace       used 10867K, committed 11136K, reserved 1114112K
  class space    used 1490K, committed 1600K, reserved 1048576K
}
Event: 3.214 GC heap after
{Heap after GC invocations=3 (full 0):
 garbage-first heap   total 65536K, used 9353K [0x00000000c0c00000, 0x0000000100000000)
  region size 1024K, 2 young (2048K), 2 survivors (2048K)
 Metaspace       used 10867K, committed 11136K, reserved 1114112K
  class space    used 1490K, committed 1600K, reserved 1048576K
}
Event: 4.119 GC heap before
{Heap before GC invocations=3 (full 0):
 garbage-first heap   total 65536K, used 39049K [0x00000000c0c00000, 0x0000000100000000)
  region size 1024K, 32 young (32768K), 2 survivors (2048K)
 Metaspace       used 16880K, committed 17152K, reserved 1114112K
  class space    used 2361K, committed 2496K, reserved 1048576K
}
Event: 4.130 GC heap after
{Heap after GC invocations=4 (full 0):
 garbage-first heap   total 65536K, used 11042K [0x00000000c0c00000, 0x0000000100000000)
  region size 1024K, 4 young (4096K), 4 survivors (4096K)
 Metaspace       used 16880K, committed 17152K, reserved 1114112K
  class space    used 2361K, committed 2496K, reserved 1048576K
}
Event: 4.769 GC heap before
{Heap before GC invocations=4 (full 0):
 garbage-first heap   total 65536K, used 35618K [0x00000000c0c00000, 0x0000000100000000)
  region size 1024K, 30 young (30720K), 4 survivors (4096K)
 Metaspace       used 21262K, committed 21504K, reserved 1114112K
  class space    used 2920K, committed 3072K, reserved 1048576K
}
Event: 4.783 GC heap after
{Heap after GC invocations=5 (full 0):
 garbage-first heap   total 65536K, used 13588K [0x00000000c0c00000, 0x0000000100000000)
  region size 1024K, 5 young (5120K), 5 survivors (5120K)
 Metaspace       used 21262K, committed 21504K, reserved 1114112K
  class space    used 2920K, committed 3072K, reserved 1048576K
}
Event: 6.073 GC heap before
{Heap before GC invocations=6 (full 0):
 garbage-first heap   total 55296K, used 41236K [0x00000000c0c00000, 0x0000000100000000)
  region size 1024K, 32 young (32768K), 5 survivors (5120K)
 Metaspace       used 24365K, committed 24640K, reserved 1114112K
  class space    used 3393K, committed 3520K, reserved 1048576K
}
Event: 6.091 GC heap after
{Heap after GC invocations=7 (full 0):
 garbage-first heap   total 55296K, used 15420K [0x00000000c0c00000, 0x0000000100000000)
  region size 1024K, 3 young (3072K), 3 survivors (3072K)
 Metaspace       used 24365K, committed 24640K, reserved 1114112K
  class space    used 3393K, committed 3520K, reserved 1048576K
}

Dll operation events (13 events):
Event: 0.028 Loaded shared library C:\Users\Willy.nyawira\.jdks\corretto-17.0.11\bin\java.dll
Event: 0.089 Loaded shared library C:\Users\Willy.nyawira\.jdks\corretto-17.0.11\bin\jsvml.dll
Event: 0.504 Loaded shared library C:\Users\Willy.nyawira\.jdks\corretto-17.0.11\bin\zip.dll
Event: 0.510 Loaded shared library C:\Users\Willy.nyawira\.jdks\corretto-17.0.11\bin\instrument.dll
Event: 0.523 Loaded shared library C:\Users\Willy.nyawira\.jdks\corretto-17.0.11\bin\net.dll
Event: 0.528 Loaded shared library C:\Users\Willy.nyawira\.jdks\corretto-17.0.11\bin\nio.dll
Event: 0.534 Loaded shared library C:\Users\Willy.nyawira\.jdks\corretto-17.0.11\bin\zip.dll
Event: 0.734 Loaded shared library C:\Program Files\JetBrains\IntelliJ IDEA 2024.1.1\bin\breakgen64.dll
Event: 0.747 Loaded shared library C:\Users\Willy.nyawira\.jdks\corretto-17.0.11\bin\jimage.dll
Event: 0.767 Loaded shared library C:\Users\Willy.nyawira\.jdks\corretto-17.0.11\bin\extnet.dll
Event: 0.796 Loaded shared library C:\Users\Willy.nyawira\.jdks\corretto-17.0.11\bin\management.dll
Event: 0.819 Loaded shared library C:\Users\Willy.nyawira\.jdks\corretto-17.0.11\bin\management_ext.dll
Event: 4.865 Loaded shared library C:\Users\Willy.nyawira\.jdks\corretto-17.0.11\bin\sunmscapi.dll

Deoptimization events (0 events):
No events

Classes unloaded (0 events):
No events

Classes redefined (0 events):
No events

Internal exceptions (20 events):
Event: 3.063 Thread 0x0000020659c0d050 Exception <a 'java/lang/NoSuchMethodError'{0x00000000c391a0e0}: 'java.lang.Object java.lang.invoke.DirectMethodHandle$Holder.invokeStatic(java.lang.Object, java.lang.Object, long, java.lang.Object)'> (0x00000000c391a0e0) 
thrown [s\src\hotspot\share\interpreter\linkResolver.cpp, line 759]
Event: 3.064 Thread 0x0000020659c0d050 Exception <a 'java/lang/NoSuchMethodError'{0x00000000c391db78}: 'java.lang.Object java.lang.invoke.DirectMethodHandle$Holder.invokeStaticInit(java.lang.Object, java.lang.Object, long, java.lang.Object)'> (0x00000000c391db78) 
thrown [s\src\hotspot\share\interpreter\linkResolver.cpp, line 759]
Event: 3.065 Thread 0x0000020659c0d050 Exception <a 'java/lang/NoSuchMethodError'{0x00000000c3924188}: 'java.lang.Object java.lang.invoke.DirectMethodHandle$Holder.newInvokeSpecial(java.lang.Object, java.lang.Object, long)'> (0x00000000c3924188) 
thrown [s\src\hotspot\share\interpreter\linkResolver.cpp, line 759]
Event: 3.066 Thread 0x0000020659c0d050 Exception <a 'java/lang/NoSuchMethodError'{0x00000000c3927cf8}: 'java.lang.Object java.lang.invoke.Invokers$Holder.linkToTargetMethod(java.lang.Object, long, java.lang.Object)'> (0x00000000c3927cf8) 
thrown [s\src\hotspot\share\interpreter\linkResolver.cpp, line 759]
Event: 3.096 Thread 0x0000020659c0d050 Exception <a 'java/lang/NoSuchMethodError'{0x00000000c39834b8}: 'void java.lang.invoke.DirectMethodHandle$Holder.invokeVirtual(java.lang.Object, java.lang.Object, java.lang.Object, java.lang.Object)'> (0x00000000c39834b8) 
thrown [s\src\hotspot\share\interpreter\linkResolver.cpp, line 759]
Event: 3.224 Thread 0x0000020659c0d050 Exception <a 'java/lang/NoSuchMethodError'{0x00000000c4b112a8}: 'void java.lang.invoke.DirectMethodHandle$Holder.invokeSpecial(java.lang.Object, java.lang.Object, java.lang.Object)'> (0x00000000c4b112a8) 
thrown [s\src\hotspot\share\interpreter\linkResolver.cpp, line 759]
Event: 3.238 Thread 0x0000020659c0d050 Exception <a 'java/lang/IncompatibleClassChangeError'{0x00000000c4b410b8}: Found class java.lang.Object, but interface was expected> (0x00000000c4b410b8) 
thrown [s\src\hotspot\share\interpreter\linkResolver.cpp, line 826]
Event: 3.881 Thread 0x0000020659c0d050 Exception <a 'sun/nio/fs/WindowsException'{0x00000000c35aaf78}> (0x00000000c35aaf78) 
thrown [s\src\hotspot\share\prims\jni.cpp, line 516]
Event: 3.882 Thread 0x0000020659c0d050 Exception <a 'java/lang/NoSuchMethodError'{0x00000000c35accb8}: 'int java.lang.invoke.DirectMethodHandle$Holder.invokeSpecial(java.lang.Object, java.lang.Object, java.lang.Object, java.lang.Object, java.lang.Object)'> (0x00000000c35accb8) 
thrown [s\src\hotspot\share\interpreter\linkResolver.cpp, line 759]
Event: 3.886 Thread 0x0000020659c0d050 Exception <a 'java/lang/NoSuchMethodError'{0x00000000c349a550}: 'void java.lang.invoke.DirectMethodHandle$Holder.invokeVirtual(java.lang.Object, java.lang.Object)'> (0x00000000c349a550) 
thrown [s\src\hotspot\share\interpreter\linkResolver.cpp, line 759]
Event: 4.436 Thread 0x0000020659c0d050 Exception <a 'java/lang/IncompatibleClassChangeError'{0x00000000c3f65f70}: Found class java.lang.Object, but interface was expected> (0x00000000c3f65f70) 
thrown [s\src\hotspot\share\interpreter\linkResolver.cpp, line 826]
Event: 4.690 Thread 0x000002066dbce3d0 Exception <a 'java/lang/NoSuchMethodError'{0x00000000c35db9e8}: 'long java.lang.invoke.DirectMethodHandle$Holder.invokeSpecial(java.lang.Object, java.lang.Object)'> (0x00000000c35db9e8) 
thrown [s\src\hotspot\share\interpreter\linkResolver.cpp, line 759]
Event: 4.694 Thread 0x000002066dbce3d0 Exception <a 'java/lang/NoSuchMethodError'{0x00000000c35e68b8}: 'long java.lang.invoke.DirectMethodHandle$Holder.invokeStatic(java.lang.Object, java.lang.Object)'> (0x00000000c35e68b8) 
thrown [s\src\hotspot\share\interpreter\linkResolver.cpp, line 759]
Event: 4.695 Thread 0x000002066dbce3d0 Exception <a 'java/lang/NoSuchMethodError'{0x00000000c35e9eb8}: 'long java.lang.invoke.DirectMethodHandle$Holder.invokeStaticInit(java.lang.Object, java.lang.Object)'> (0x00000000c35e9eb8) 
thrown [s\src\hotspot\share\interpreter\linkResolver.cpp, line 759]
Event: 4.699 Thread 0x000002066dbce3d0 Exception <a 'java/lang/NoSuchMethodError'{0x00000000c35f79e0}: 'long java.lang.invoke.DirectMethodHandle$Holder.invokeInterface(java.lang.Object, java.lang.Object)'> (0x00000000c35f79e0) 
thrown [s\src\hotspot\share\interpreter\linkResolver.cpp, line 759]
Event: 4.700 Thread 0x000002066dbce3d0 Exception <a 'java/lang/IncompatibleClassChangeError'{0x00000000c35faf70}: Found class java.lang.Object, but interface was expected> (0x00000000c35faf70) 
thrown [s\src\hotspot\share\interpreter\linkResolver.cpp, line 826]
Event: 4.733 Thread 0x000002066dbce3d0 Exception <a 'java/lang/NoSuchMethodError'{0x00000000c34fc100}: 'java.lang.Object java.lang.invoke.DirectMethodHandle$Holder.invokeVirtual(java.lang.Object, java.lang.Object, java.lang.Object, java.lang.Object)'> (0x00000000c34fc100) 
thrown [s\src\hotspot\share\interpreter\linkResolver.cpp, line 759]
Event: 5.969 Thread 0x0000020659c0d050 Exception <a 'sun/nio/fs/WindowsException'{0x00000000c24fbe60}> (0x00000000c24fbe60) 
thrown [s\src\hotspot\share\prims\jni.cpp, line 516]
Event: 6.057 Thread 0x0000020659c0d050 Exception <a 'sun/nio/fs/WindowsException'{0x00000000c229ed08}> (0x00000000c229ed08) 
thrown [s\src\hotspot\share\prims\jni.cpp, line 516]
Event: 6.067 Thread 0x0000020659c0d050 Exception <a 'java/lang/NoSuchMethodError'{0x00000000c22d0df0}: 'java.lang.Object java.lang.invoke.DirectMethodHandle$Holder.invokeSpecialIFC(java.lang.Object, java.lang.Object, java.lang.Object)'> (0x00000000c22d0df0) 
thrown [s\src\hotspot\share\interpreter\linkResolver.cpp, line 759]

VM Operations (20 events):
Event: 4.831 Executing VM operation: G1PauseCleanup
Event: 4.831 Executing VM operation: G1PauseCleanup done
Event: 4.879 Executing VM operation: HandshakeAllThreads
Event: 4.879 Executing VM operation: HandshakeAllThreads done
Event: 5.881 Executing VM operation: Cleanup
Event: 5.881 Executing VM operation: Cleanup done
Event: 5.937 Executing VM operation: HandshakeAllThreads
Event: 5.937 Executing VM operation: HandshakeAllThreads done
Event: 5.937 Executing VM operation: HandshakeAllThreads
Event: 5.937 Executing VM operation: HandshakeAllThreads done
Event: 5.950 Executing VM operation: HandshakeAllThreads
Event: 5.950 Executing VM operation: HandshakeAllThreads done
Event: 5.953 Executing VM operation: HandshakeAllThreads
Event: 5.953 Executing VM operation: HandshakeAllThreads done
Event: 5.955 Executing VM operation: HandshakeAllThreads
Event: 5.955 Executing VM operation: HandshakeAllThreads done
Event: 6.073 Executing VM operation: G1CollectForAllocation
Event: 6.091 Executing VM operation: G1CollectForAllocation done
Event: 6.109 Executing VM operation: HandshakeAllThreads
Event: 6.109 Executing VM operation: HandshakeAllThreads done

Events (20 events):
Event: 5.740 loading class java/lang/ClassFormatError done
Event: 5.740 loading class java/lang/UnsupportedClassVersionError done
Event: 5.949 loading class java/util/Collections$UnmodifiableMap$UnmodifiableEntrySet
Event: 5.949 loading class java/util/Collections$UnmodifiableMap$UnmodifiableEntrySet done
Event: 5.950 loading class java/util/Collections$UnmodifiableMap$UnmodifiableEntrySet$1
Event: 5.950 loading class java/util/Collections$UnmodifiableMap$UnmodifiableEntrySet$1 done
Event: 5.950 loading class java/util/Collections$UnmodifiableMap$UnmodifiableEntrySet$UnmodifiableEntry
Event: 5.950 loading class java/util/Collections$UnmodifiableMap$UnmodifiableEntrySet$UnmodifiableEntry done
Event: 6.036 loading class java/util/stream/Streams$ConcatSpliterator$OfRef
Event: 6.036 loading class java/util/stream/Streams$ConcatSpliterator
Event: 6.036 loading class java/util/stream/Streams$ConcatSpliterator done
Event: 6.036 loading class java/util/stream/Streams$ConcatSpliterator$OfRef done
Event: 6.036 loading class java/util/stream/Streams$2
Event: 6.036 loading class java/util/stream/Streams$2 done
Event: 6.098 loading class java/util/stream/ReferencePipeline$15
Event: 6.098 loading class java/util/stream/ReferencePipeline$15 done
Event: 6.101 loading class java/util/stream/ReferencePipeline$15$1
Event: 6.101 loading class java/util/stream/ReferencePipeline$15$1 done
Event: 6.375 loading class java/net/SocketException
Event: 6.375 loading class java/net/SocketException done


Dynamic libraries:
0x00007ff6b8510000 - 0x00007ff6b851e000 	C:\Users\Willy.nyawira\.jdks\corretto-17.0.11\bin\java.exe
0x00007ff9d9950000 - 0x00007ff9d9b48000 	C:\WINDOWS\SYSTEM32\ntdll.dll
0x00007ff9d82a0000 - 0x00007ff9d835d000 	C:\WINDOWS\System32\KERNEL32.DLL
0x00007ff9d7540000 - 0x00007ff9d7836000 	C:\WINDOWS\System32\KERNELBASE.dll
0x00007ff9d7410000 - 0x00007ff9d7510000 	C:\WINDOWS\System32\ucrtbase.dll
0x00007ff9d2ac0000 - 0x00007ff9d2adb000 	C:\Users\Willy.nyawira\.jdks\corretto-17.0.11\bin\VCRUNTIME140.dll
0x00007ff9d2aa0000 - 0x00007ff9d2ab7000 	C:\Users\Willy.nyawira\.jdks\corretto-17.0.11\bin\jli.dll
0x00007ff9d9620000 - 0x00007ff9d97bf000 	C:\WINDOWS\System32\USER32.dll
0x00007ff9c39f0000 - 0x00007ff9c3c8a000 	C:\WINDOWS\WinSxS\amd64_microsoft.windows.common-controls_6595b64144ccf1df_6.0.19041.4355_none_60b8b9eb71f62e16\COMCTL32.dll
0x00007ff9d7510000 - 0x00007ff9d7532000 	C:\WINDOWS\System32\win32u.dll
0x00007ff9d9580000 - 0x00007ff9d961e000 	C:\WINDOWS\System32\msvcrt.dll
0x00007ff9d8360000 - 0x00007ff9d838b000 	C:\WINDOWS\System32\GDI32.dll
0x00007ff9d7000000 - 0x00007ff9d7117000 	C:\WINDOWS\System32\gdi32full.dll
0x00007ff9d7170000 - 0x00007ff9d720d000 	C:\WINDOWS\System32\msvcp_win.dll
0x00007ff9d8800000 - 0x00007ff9d8832000 	C:\WINDOWS\System32\IMM32.DLL
0x00007ff9d2a90000 - 0x00007ff9d2a9c000 	C:\Users\Willy.nyawira\.jdks\corretto-17.0.11\bin\vcruntime140_1.dll
0x00007ff9d2a00000 - 0x00007ff9d2a8d000 	C:\Users\Willy.nyawira\.jdks\corretto-17.0.11\bin\msvcp140.dll
0x00007ff9bf080000 - 0x00007ff9bfce2000 	C:\Users\Willy.nyawira\.jdks\corretto-17.0.11\bin\server\jvm.dll
0x00007ff9d7a70000 - 0x00007ff9d7b20000 	C:\WINDOWS\System32\ADVAPI32.dll
0x00007ff9d97c0000 - 0x00007ff9d9860000 	C:\WINDOWS\System32\sechost.dll
0x00007ff9d7ba0000 - 0x00007ff9d7cc3000 	C:\WINDOWS\System32\RPCRT4.dll
0x00007ff9d73e0000 - 0x00007ff9d7407000 	C:\WINDOWS\System32\bcrypt.dll
0x00007ff9d6e50000 - 0x00007ff9d6e9b000 	C:\WINDOWS\SYSTEM32\POWRPROF.dll
0x00007ff9c72f0000 - 0x00007ff9c72f9000 	C:\WINDOWS\SYSTEM32\WSOCK32.dll
0x00007ff9d7cd0000 - 0x00007ff9d7d3b000 	C:\WINDOWS\System32\WS2_32.dll
0x00007ff9c6520000 - 0x00007ff9c6547000 	C:\WINDOWS\SYSTEM32\WINMM.dll
0x00007ff9c7fa0000 - 0x00007ff9c7faa000 	C:\WINDOWS\SYSTEM32\VERSION.dll
0x00007ff9d6e30000 - 0x00007ff9d6e42000 	C:\WINDOWS\SYSTEM32\UMPDC.dll
0x00007ff9d4e40000 - 0x00007ff9d4e52000 	C:\WINDOWS\SYSTEM32\kernel.appcore.dll
0x00007ff9d29f0000 - 0x00007ff9d29fa000 	C:\Users\Willy.nyawira\.jdks\corretto-17.0.11\bin\jimage.dll
0x00007ff9c4850000 - 0x00007ff9c4a34000 	C:\WINDOWS\SYSTEM32\DBGHELP.DLL
0x00007ff9c09a0000 - 0x00007ff9c09d4000 	C:\WINDOWS\SYSTEM32\dbgcore.DLL
0x00007ff9d78f0000 - 0x00007ff9d7972000 	C:\WINDOWS\System32\bcryptPrimitives.dll
0x00007ff9d29a0000 - 0x00007ff9d29ae000 	C:\Users\Willy.nyawira\.jdks\corretto-17.0.11\bin\instrument.dll
0x00007ff9d29b0000 - 0x00007ff9d29d5000 	C:\Users\Willy.nyawira\.jdks\corretto-17.0.11\bin\java.dll
0x00007ff9cca00000 - 0x00007ff9ccad7000 	C:\Users\Willy.nyawira\.jdks\corretto-17.0.11\bin\jsvml.dll
0x00007ff9d8db0000 - 0x00007ff9d951b000 	C:\WINDOWS\System32\SHELL32.dll
0x00007ff9d5040000 - 0x00007ff9d57dd000 	C:\WINDOWS\SYSTEM32\windows.storage.dll
0x00007ff9d7da0000 - 0x00007ff9d80f3000 	C:\WINDOWS\System32\combase.dll
0x00007ff9d6870000 - 0x00007ff9d689e000 	C:\WINDOWS\SYSTEM32\Wldp.dll
0x00007ff9d88d0000 - 0x00007ff9d899d000 	C:\WINDOWS\System32\OLEAUT32.dll
0x00007ff9d9860000 - 0x00007ff9d990d000 	C:\WINDOWS\System32\SHCORE.dll
0x00007ff9d8120000 - 0x00007ff9d8175000 	C:\WINDOWS\System32\shlwapi.dll
0x00007ff9d6f30000 - 0x00007ff9d6f54000 	C:\WINDOWS\SYSTEM32\profapi.dll
0x00007ff9cde90000 - 0x00007ff9cdea8000 	C:\Users\Willy.nyawira\.jdks\corretto-17.0.11\bin\zip.dll
0x00007ff9d15c0000 - 0x00007ff9d15d9000 	C:\Users\Willy.nyawira\.jdks\corretto-17.0.11\bin\net.dll
0x00007ff9cb7b0000 - 0x00007ff9cb8ba000 	C:\WINDOWS\SYSTEM32\WINHTTP.dll
0x00007ff9d6650000 - 0x00007ff9d66ba000 	C:\WINDOWS\system32\mswsock.dll
0x00007ff9cdeb0000 - 0x00007ff9cdec6000 	C:\Users\Willy.nyawira\.jdks\corretto-17.0.11\bin\nio.dll
0x00007ff9cddc0000 - 0x00007ff9cddda000 	C:\Program Files\JetBrains\IntelliJ IDEA 2024.1.1\bin\breakgen64.dll
0x00007ff9d15b0000 - 0x00007ff9d15b9000 	C:\Users\Willy.nyawira\.jdks\corretto-17.0.11\bin\extnet.dll
0x00007ff9d6390000 - 0x00007ff9d645b000 	C:\WINDOWS\SYSTEM32\DNSAPI.dll
0x00007ff9d6350000 - 0x00007ff9d638b000 	C:\WINDOWS\SYSTEM32\IPHLPAPI.DLL
0x00007ff9d81e0000 - 0x00007ff9d81e8000 	C:\WINDOWS\System32\NSI.dll
0x00007ff9ccea0000 - 0x00007ff9cceaa000 	C:\Windows\System32\rasadhlp.dll
0x00007ff9c8a60000 - 0x00007ff9c8ae0000 	C:\WINDOWS\System32\fwpuclnt.dll
0x00007ff9cde10000 - 0x00007ff9cde19000 	C:\Users\Willy.nyawira\.jdks\corretto-17.0.11\bin\management.dll
0x00007ff9cddb0000 - 0x00007ff9cddbb000 	C:\Users\Willy.nyawira\.jdks\corretto-17.0.11\bin\management_ext.dll
0x00007ff9d8c80000 - 0x00007ff9d8c88000 	C:\WINDOWS\System32\PSAPI.DLL
0x00007ff9d6a10000 - 0x00007ff9d6a28000 	C:\WINDOWS\SYSTEM32\CRYPTSP.dll
0x00007ff9d5f90000 - 0x00007ff9d5fc4000 	C:\WINDOWS\system32\rsaenh.dll
0x00007ff9d6ea0000 - 0x00007ff9d6ece000 	C:\WINDOWS\SYSTEM32\USERENV.dll
0x00007ff9d67e0000 - 0x00007ff9d67ec000 	C:\WINDOWS\SYSTEM32\CRYPTBASE.dll
0x00007ff9cbe90000 - 0x00007ff9cbea7000 	C:\WINDOWS\SYSTEM32\dhcpcsvc6.DLL
0x00007ff9ccd50000 - 0x00007ff9ccd6d000 	C:\WINDOWS\SYSTEM32\dhcpcsvc.DLL
0x00007ff9c4bf0000 - 0x00007ff9c4c07000 	C:\WINDOWS\system32\napinsp.dll
0x00007ff9c4bd0000 - 0x00007ff9c4beb000 	C:\WINDOWS\system32\pnrpnsp.dll
0x00007ff9d2930000 - 0x00007ff9d294d000 	C:\WINDOWS\system32\NLAapi.dll
0x00007ff9c4bb0000 - 0x00007ff9c4bc2000 	C:\WINDOWS\System32\winrnr.dll
0x00007ff9d1d50000 - 0x00007ff9d1d65000 	C:\WINDOWS\system32\wshbth.dll
0x00007ff9ccb20000 - 0x00007ff9ccb2e000 	C:\Users\Willy.nyawira\.jdks\corretto-17.0.11\bin\sunmscapi.dll
0x00007ff9d7280000 - 0x00007ff9d73de000 	C:\WINDOWS\System32\CRYPT32.dll
0x00007ff9d68e0000 - 0x00007ff9d6909000 	C:\WINDOWS\SYSTEM32\ncrypt.dll
0x00007ff9d68a0000 - 0x00007ff9d68db000 	C:\WINDOWS\SYSTEM32\NTASN1.dll

dbghelp: loaded successfully - version: 4.0.5 - missing functions: none
symbol engine: initialized successfully - sym options: 0x614 - pdb path: .;C:\Users\Willy.nyawira\.jdks\corretto-17.0.11\bin;C:\WINDOWS\SYSTEM32;C:\WINDOWS\WinSxS\amd64_microsoft.windows.common-controls_6595b64144ccf1df_6.0.19041.4355_none_60b8b9eb71f62e16;C:\Users\Willy.nyawira\.jdks\corretto-17.0.11\bin\server;C:\Program Files\JetBrains\IntelliJ IDEA 2024.1.1\bin

VM Arguments:
jvm_args: -XX:TieredStopAtLevel=1 -Dspring.output.ansi.enabled=always -Dcom.sun.management.jmxremote -Dspring.jmx.enabled=true -Dspring.liveBeansView.mbeanDomain -Dspring.application.admin.enabled=true -Dmanagement.endpoints.jmx.exposure.include=* -javaagent:C:\Program Files\JetBrains\IntelliJ IDEA 2024.1.1\lib\idea_rt.jar=50722:C:\Program Files\JetBrains\IntelliJ IDEA 2024.1.1\bin -Dfile.encoding=UTF-8 
java_command: com.emtech.Fixed.Assets.Emtech.Fixed.Assets.EmtechFixedAssetsApplication
java_class_path (initial): C:\Users\Willy.nyawira\Desktop\AIG\Emtech-Fixed-Assets\target\classes;C:\Users\Willy.nyawira\.m2\repository\org\springframework\boot\spring-boot-starter-data-jpa\3.2.5\spring-boot-starter-data-jpa-3.2.5.jar;C:\Users\Willy.nyawira\.m2\repository\org\springframework\boot\spring-boot-starter-aop\3.2.5\spring-boot-starter-aop-3.2.5.jar;C:\Users\Willy.nyawira\.m2\repository\org\aspectj\aspectjweaver\1.9.22\aspectjweaver-1.9.22.jar;C:\Users\Willy.nyawira\.m2\repository\org\springframework\boot\spring-boot-starter-jdbc\3.2.5\spring-boot-starter-jdbc-3.2.5.jar;C:\Users\Willy.nyawira\.m2\repository\com\zaxxer\HikariCP\5.0.1\HikariCP-5.0.1.jar;C:\Users\Willy.nyawira\.m2\repository\org\springframework\spring-jdbc\6.1.6\spring-jdbc-6.1.6.jar;C:\Users\Willy.nyawira\.m2\repository\org\hibernate\orm\hibernate-core\6.4.4.Final\hibernate-core-6.4.4.Final.jar;C:\Users\Willy.nyawira\.m2\repository\jakarta\persistence\jakarta.persistence-api\3.1.0\jakarta.persistence-api-3.1.0.jar;C:\Users\Willy.nyawira\.m2\repository\jakarta\transaction\jakarta.transaction-api\2.0.1\jakarta.transaction-api-2.0.1.jar;C:\Users\Willy.nyawira\.m2\repository\org\jboss\logging\jboss-logging\3.5.3.Final\jboss-logging-3.5.3.Final.jar;C:\Users\Willy.nyawira\.m2\repository\org\hibernate\common\hibernate-commons-annotations\6.0.6.Final\hibernate-commons-annotations-6.0.6.Final.jar;C:\Users\Willy.nyawira\.m2\repository\io\smallrye\jandex\3.1.2\jandex-3.1.2.jar;C:\Users\Willy.nyawira\.m2\repository\com\fasterxml\classmate\1.6.0\classmate-1.6.0.jar;C:\Users\Willy.nyawira\.m2\repository\net\bytebuddy\byte-buddy\1.14.13\byte-buddy-1.14.13.jar;C:\Users\Willy.nyawira\.m2\repository\org\glassfish\jaxb\jaxb-runtime\4.0.5\jaxb-runtime-4.0.5.jar;C:\Users\Willy.nyawira\.m2\repository\org\glassfish\jaxb\jaxb-core\4.0.5\jaxb-core-4.0.5.jar;C:\Users\Willy.nyawira\.m2\repository\org\eclipse\angus\angus-activation\2.0.2\angus-activation-2.0.2.jar;C:\Users\Willy.nyawira\.m2\repository\org\glassfish\ja
Launcher Type: SUN_STANDARD

[Global flags]
     intx CICompilerCount                          = 3                                         {product} {ergonomic}
     uint ConcGCThreads                            = 1                                         {product} {ergonomic}
     uint G1ConcRefinementThreads                  = 4                                         {product} {ergonomic}
   size_t G1HeapRegionSize                         = 1048576                                   {product} {ergonomic}
    uintx GCDrainStackTargetSize                   = 64                                        {product} {ergonomic}
   size_t InitialHeapSize                          = 67108864                                  {product} {ergonomic}
     bool ManagementServer                         = true                                      {product} {command line}
   size_t MarkStackSize                            = 4194304                                   {product} {ergonomic}
   size_t MaxHeapSize                              = 1061158912                                {product} {ergonomic}
   size_t MaxNewSize                               = 636485632                                 {product} {ergonomic}
   size_t MinHeapDeltaBytes                        = 1048576                                   {product} {ergonomic}
   size_t MinHeapSize                              = 8388608                                   {product} {ergonomic}
    uintx NonProfiledCodeHeapSize                  = 0                                      {pd product} {ergonomic}
     bool ProfileInterpreter                       = false                                  {pd product} {command line}
    uintx ProfiledCodeHeapSize                     = 0                                      {pd product} {ergonomic}
   size_t SoftMaxHeapSize                          = 1061158912                             {manageable} {ergonomic}
     intx TieredStopAtLevel                        = 1                                         {product} {command line}
     bool UseCompressedClassPointers               = true                           {product lp64_product} {ergonomic}
     bool UseCompressedOops                        = true                           {product lp64_product} {ergonomic}
     bool UseG1GC                                  = true                                      {product} {ergonomic}
     bool UseLargePagesIndividualAllocation        = false                                  {pd product} {ergonomic}

Logging:
Log output configuration:
 #0: stdout all=warning uptime,level,tags
 #1: stderr all=off uptime,level,tags

Environment Variables:
JAVA_HOME=C:\Program Files\Java\jdk-21
PATH=C:\OraHome_2\jre\1.4.2\bin\client;C:\OraHome_2\jre\1.4.2\bin;C:\OraHome_1\bin;C:\OraHome_1\jre\1.4.2\bin\client;C:\OraHome_1\jre\1.4.2\bin;C:\DevSuiteHome_4\jdk\jre\bin\classic;C:\DevSuiteHome_4\jdk\jre\bin;C:\DevSuiteHome_4\jdk\jre\bin\client;C:\DevSuiteHome_4\jlib;C:\DevSuiteHome_4\bin;C:\DevSuiteHome_4\jre\1.4.2\bin\client;C:\DevSuiteHome_4\jre\1.4.2\bin;D:\DevSuiteHome_8\jdk\jre\bin\classic;D:\DevSuiteHome_8\jdk\jre\bin;D:\DevSuiteHome_8\jdk\jre\bin\client;D:\DevSuiteHome_8\jlib;D:\DevSuiteHome_8\bin;D:\DevSuiteHome_8\jre\1.4.2\bin\client;D:\DevSuiteHome_8\jre\1.4.2\bin;C:\oraclexe\app\oracle\product\11.2.0\server\bin;C:\Program Files\Common Files\Oracle\Java\javapath;C:\Program Files (x86)\Common Files\Oracle\Java\java8path;C:\Program Files (x86)\Common Files\Oracle\Java\javapath;C:\oraclexe\app\oracle\product\11.2.0\server\bin;C:\WINDOWS\system32;C:\WINDOWS;C:\WINDOWS\System32\Wbem;C:\WINDOWS\System32\WindowsPowerShell\v1.0\;C:\WINDOWS\System32\OpenSSH\;C:\Program Files (x86)\WinSCP\;C:\Program Files\Java\jdk-21;C:\Program Files\PuTTY\;C:\Program Files\Amazon\AWSCLIV2\;C:\Users\Willy.nyawira\AppData\Local\Programs\Microsoft VS Code\bin;C:\Program Files\heroku\bin;C:\Program Files\JetBrains\IntelliJ IDEA 2024.1.1\bin;;C:\Program Files\Java\jdk-21;C:\xampp\mysql\bin;
USERNAME=Willy.nyawira
OS=Windows_NT
PROCESSOR_IDENTIFIER=Intel64 Family 6 Model 42 Stepping 7, GenuineIntel
TMP=C:\Users\WILLY~1.NYA\AppData\Local\Temp
TEMP=C:\Users\WILLY~1.NYA\AppData\Local\Temp



Periodic native trim disabled


---------------  S Y S T E M  ---------------

OS:
 Windows 10 , 64 bit Build 19041 (10.0.19041.3636)
OS uptime: 0 days 1:23 hours
Hyper-V role detected

CPU: total 4 (initial active 4) (2 cores per cpu, 2 threads per core) family 6 model 42 stepping 7 microcode 0x2f, cx8, cmov, fxsr, ht, mmx, sse, sse2, sse3, ssse3, sse4.1, sse4.2, popcnt, tsc, tscinvbit, avx, aes, clmul, vzeroupper, clflush, hv
Processor Information for all 4 processors :
  Max Mhz: 1601, Current Mhz: 1600, Mhz Limit: 1584

Memory: 4k page, system-wide physical 4041M (382M free)
TotalPageFile size 7111M (AvailPageFile size 0M)
current process WorkingSet (physical memory assigned to process): 127M, peak: 127M
current process commit charge ("private bytes"): 166M, peak: 170M

vm_info: OpenJDK 64-Bit Server VM (17.0.11+9-LTS) for windows-amd64 JRE (17.0.11+9-LTS), built on Apr 10 2024 22:12:24 by "Administrator" with MS VC++ 16.10 / 16.11 (VS2019)

END.
