#
# There is insufficient memory for the Java Runtime Environment to continue.
# Native memory allocation (mmap) failed to map 65536 bytes. Error detail: Failed to commit metaspace.
# Possible reasons:
#   The system is out of physical RAM or swap space
#   This process is running with CompressedOops enabled, and the Java Heap may be blocking the growth of the native heap
# Possible solutions:
#   Reduce memory load on the system
#   Increase physical memory or swap space
#   Check if swap backing store is full
#   Decrease Java heap size (-Xmx/-Xms)
#   Decrease number of Java threads
#   Decrease Java thread stack sizes (-Xss)
#   Set larger code cache with -XX:ReservedCodeCacheSize=
#   JVM is running with Unscaled Compressed Oops mode in which the Java heap is
#     placed in the first 4GB address space. The Java Heap base address is the
#     maximum limit for the native heap growth. Please use -XX:HeapBaseMinAddress
#     to set the Java Heap base and to place the Java Heap above 4GB virtual address.
# This output file may be truncated or incomplete.
#
#  Out of Memory Error (virtualSpaceNode.cpp:110), pid=4620, tid=9656
#
# JRE version: OpenJDK Runtime Environment Corretto-17.0.11.9.1 (17.0.11+9) (build 17.0.11+9-LTS)
# Java VM: OpenJDK 64-Bit Server VM Corretto-17.0.11.9.1 (17.0.11+9-LTS, mixed mode, emulated-client, sharing, tiered, compressed oops, compressed class ptrs, g1 gc, windows-amd64)
# No core dump will be written. Minidumps are not enabled by default on client versions of Windows
#

---------------  S U M M A R Y ------------

Command Line: -XX:TieredStopAtLevel=1 -Dspring.output.ansi.enabled=always -Dcom.sun.management.jmxremote -Dspring.jmx.enabled=true -Dspring.liveBeansView.mbeanDomain -Dspring.application.admin.enabled=true -Dmanagement.endpoints.jmx.exposure.include=* -javaagent:C:\Program Files\JetBrains\IntelliJ IDEA 2024.1.1\lib\idea_rt.jar=51958:C:\Program Files\JetBrains\IntelliJ IDEA 2024.1.1\bin -Dfile.encoding=UTF-8 com.emtech.Fixed.Assets.Emtech.Fixed.Assets.EmtechFixedAssetsApplication

Host: Intel(R) Core(TM) i5-2467M CPU @ 1.60GHz, 4 cores, 3G,  Windows 10 , 64 bit Build 19041 (10.0.19041.3636)
Time: Tue May 21 16:09:32 2024 E. Africa Standard Time elapsed time: 6.439413 seconds (0d 0h 0m 6s)

---------------  T H R E A D  ---------------

Current thread (0x000001b79a99bba0):  JavaThread "main" [_thread_in_vm, id=9656, stack(0x00000026c7200000,0x00000026c7300000)]

Stack: [0x00000026c7200000,0x00000026c7300000]
Native frames: (J=compiled Java code, j=interpreted, Vv=VM code, C=native code)
V  [jvm.dll+0x67d009]
V  [jvm.dll+0x83489a]
V  [jvm.dll+0x83635e]
V  [jvm.dll+0x8369c3]
V  [jvm.dll+0x2479df]
V  [jvm.dll+0x83055b]
V  [jvm.dll+0x621936]
V  [jvm.dll+0x1c1a2e]
V  [jvm.dll+0x624291]
V  [jvm.dll+0x6222d6]
V  [jvm.dll+0x62c1a7]
V  [jvm.dll+0x1eb9fb]
V  [jvm.dll+0x1ebf35]
V  [jvm.dll+0x1ec9f0]
V  [jvm.dll+0x1e1df1]
V  [jvm.dll+0x54211e]
V  [jvm.dll+0x7ae9e8]
V  [jvm.dll+0x7aead4]
V  [jvm.dll+0x4102a5]
V  [jvm.dll+0x416419]
C  [java.dll+0x17ec]

Java frames: (J=compiled Java code, j=interpreted, Vv=VM code)
J 1204  java.lang.ClassLoader.defineClass1(Ljava/lang/ClassLoader;Ljava/lang/String;[BIILjava/security/ProtectionDomain;Ljava/lang/String;)Ljava/lang/Class; java.base@17.0.11 (0 bytes) @ 0x000001b7a2809fe3 [0x000001b7a2809f20+0x00000000000000c3]
J 1211 c1 java.lang.ClassLoader.defineClass(Ljava/lang/String;[BIILjava/security/ProtectionDomain;)Ljava/lang/Class; java.base@17.0.11 (43 bytes) @ 0x000001b7a280c65c [0x000001b7a280c560+0x00000000000000fc]
J 1139 c1 jdk.internal.loader.BuiltinClassLoader.defineClass(Ljava/lang/String;Ljdk/internal/loader/Resource;)Ljava/lang/Class; java.base@17.0.11 (121 bytes) @ 0x000001b7a27f0764 [0x000001b7a27f02a0+0x00000000000004c4]
J 1130 c1 jdk.internal.loader.BuiltinClassLoader.findClassOnClassPathOrNull(Ljava/lang/String;)Ljava/lang/Class; java.base@17.0.11 (64 bytes) @ 0x000001b7a27ed55c [0x000001b7a27ed2a0+0x00000000000002bc]
J 932 c1 jdk.internal.loader.BuiltinClassLoader.loadClassOrNull(Ljava/lang/String;Z)Ljava/lang/Class; java.base@17.0.11 (143 bytes) @ 0x000001b7a279265c [0x000001b7a2792200+0x000000000000045c]
J 1034 c1 jdk.internal.loader.ClassLoaders$AppClassLoader.loadClass(Ljava/lang/String;Z)Ljava/lang/Class; java.base@17.0.11 (40 bytes) @ 0x000001b7a27c5e24 [0x000001b7a27c5ce0+0x0000000000000144]
J 1028 c1 java.lang.ClassLoader.loadClass(Ljava/lang/String;)Ljava/lang/Class; java.base@17.0.11 (7 bytes) @ 0x000001b7a27c1b64 [0x000001b7a27c1b20+0x0000000000000044]
v  ~StubRoutines::call_stub
j  org.springframework.cglib.proxy.CallbackInfo.<clinit>()V+73
v  ~StubRoutines::call_stub
j  org.springframework.cglib.proxy.Enhancer.setCallbackTypes([Ljava/lang/Class;)V+21
j  org.springframework.context.annotation.ConfigurationClassEnhancer.newEnhancer(Ljava/lang/Class;Ljava/lang/ClassLoader;)Lorg/springframework/cglib/proxy/Enhancer;+69
j  org.springframework.context.annotation.ConfigurationClassEnhancer.enhance(Ljava/lang/Class;Ljava/lang/ClassLoader;)Ljava/lang/Class;+50
j  org.springframework.context.annotation.ConfigurationClassPostProcessor.enhanceConfigurationClasses(Lorg/springframework/beans/factory/config/ConfigurableListableBeanFactory;)V+415
j  org.springframework.context.annotation.ConfigurationClassPostProcessor.postProcessBeanFactory(Lorg/springframework/beans/factory/config/ConfigurableListableBeanFactory;)V+75
j  org.springframework.context.support.PostProcessorRegistrationDelegate.invokeBeanFactoryPostProcessors(Ljava/util/Collection;Lorg/springframework/beans/factory/config/ConfigurableListableBeanFactory;)V+61
j  org.springframework.context.support.PostProcessorRegistrationDelegate.invokeBeanFactoryPostProcessors(Lorg/springframework/beans/factory/config/ConfigurableListableBeanFactory;Ljava/util/List;)V+521
j  org.springframework.context.support.AbstractApplicationContext.invokeBeanFactoryPostProcessors(Lorg/springframework/beans/factory/config/ConfigurableListableBeanFactory;)V+5
j  org.springframework.context.support.AbstractApplicationContext.refresh()V+62
j  org.springframework.boot.web.servlet.context.ServletWebServerApplicationContext.refresh()V+1
j  org.springframework.boot.SpringApplication.refresh(Lorg/springframework/context/ConfigurableApplicationContext;)V+1
j  org.springframework.boot.SpringApplication.refreshContext(Lorg/springframework/context/ConfigurableApplicationContext;)V+16
j  org.springframework.boot.SpringApplication.run([Ljava/lang/String;)Lorg/springframework/context/ConfigurableApplicationContext;+110
j  org.springframework.boot.SpringApplication.run([Ljava/lang/Class;[Ljava/lang/String;)Lorg/springframework/context/ConfigurableApplicationContext;+9
j  org.springframework.boot.SpringApplication.run(Ljava/lang/Class;[Ljava/lang/String;)Lorg/springframework/context/ConfigurableApplicationContext;+9
j  com.emtech.Fixed.Assets.Emtech.Fixed.Assets.EmtechFixedAssetsApplication.main([Ljava/lang/String;)V+3
v  ~StubRoutines::call_stub

Compiled method (n/a)    6491 1204     n 0       java.lang.ClassLoader::defineClass1 (native)
 total in heap  [0x000001b7a2809d90,0x000001b7a280a270] = 1248
 relocation     [0x000001b7a2809ee8,0x000001b7a2809f20] = 56
 main code      [0x000001b7a2809f20,0x000001b7a280a270] = 848

[Constant Pool (empty)]

[MachCode]
[Entry Point]
  # {method} {0x000001b7aa010f28} 'defineClass1' '(Ljava/lang/ClassLoader;Ljava/lang/String;[BIILjava/security/ProtectionDomain;Ljava/lang/String;)Ljava/lang/Class;' in 'java/lang/ClassLoader'
  # parm0:    rdx:rdx   = 'java/lang/ClassLoader'
  # parm1:    r8:r8     = 'java/lang/String'
  # parm2:    r9:r9     = '[B'
  # parm3:    rdi       = int
  # parm4:    rsi       = int
  # parm5:    rcx:rcx   = 'java/security/ProtectionDomain'
  # parm6:    [sp+0xa0]   = 'java/lang/String'  (sp of caller)
  0x000001b7a2809f20: 448b 5208 | 49bb 0000 | 00aa b701 | 0000 4d03 | d349 3bc2 | 0f84 0600 

  0x000001b7a2809f38: ;   {runtime_call ic_miss_stub}
  0x000001b7a2809f38: 0000 e941 | 71cf ff90 
[Verified Entry Point]
  0x000001b7a2809f40: 8984 2400 | 90ff ff55 | 488b ec48 | 81ec 9000 | 0000 4881 | 7d10 0000 | 0000 488d | 4510 480f 
  0x000001b7a2809f60: 4445 1048 | 8944 2440 | 4889 4c24 | 7048 83f9 | 0048 8d44 | 2470 480f | 4444 2470 | 4889 4424 
  0x000001b7a2809f80: 3848 8974 | 2430 4889 | 7c24 284c | 894c 2458 | 4983 f900 | 488d 4424 | 5848 0f44 | 4424 5848 
  0x000001b7a2809fa0: 8944 2420 | 4c89 4424 | 5049 83f8 | 004c 8d4c | 2450 4c0f | 444c 2450 | 4889 5424 | 4848 83fa 
  0x000001b7a2809fc0: 004c 8d44 | 2448 4c0f | 4444 2448 

  0x000001b7a2809fcc: ;   {oop(a 'java/lang/Class'{0x00000000c1146198} = 'java/lang/ClassLoader')}
  0x000001b7a2809fcc: 49be 9861 | 14c1 0000 | 0000 4c89 | 7424 784c | 8d74 2478 | 498b d6c5 

  0x000001b7a2809fe4: ;   {internal_word}
  0x000001b7a2809fe4: f877 49ba | e39f 80a2 | b701 0000 | 4d89 97a0 | 0200 0049 | 89a7 9802 

  0x000001b7a2809ffc: ;   {external_word}
  0x000001b7a2809ffc: 0000 49ba | f935 05ad | f97f 0000 | 4180 3a00 | 0f84 5200 | 0000 5241 

  0x000001b7a280a014: ;   {metadata({method} {0x000001b7aa010f28} 'defineClass1' '(Ljava/lang/ClassLoader;Ljava/lang/String;[BIILjava/security/ProtectionDomain;Ljava/lang/String;)Ljava/lang/Class;' in 'java/lang/ClassLoader')}
  0x000001b7a280a014: 5041 5148 | ba20 0f01 | aab7 0100 | 0049 8bcf | 4883 ec20 | f7c4 0f00 | 0000 0f84 | 1a00 0000 
  0x000001b7a280a034: 4883 ec08 

  0x000001b7a280a038: ;   {runtime_call}
  0x000001b7a280a038: 49ba c02e | bbac f97f | 0000 41ff | d248 83c4 | 08e9 0d00 

  0x000001b7a280a04c: ;   {runtime_call}
  0x000001b7a280a04c: 0000 49ba | c02e bbac | f97f 0000 | 41ff d248 | 83c4 2041 | 5941 585a | 498d 8fb8 | 0200 0041 
  0x000001b7a280a06c: c787 4803 | 0000 0400 

  0x000001b7a280a074: ;   {runtime_call}
  0x000001b7a280a074: 0000 49ba | ac16 a2d2 | f97f 0000 | 41ff d2c5 | f877 41c7 | 8748 0300 | 0005 0000 | 00f0 8344 
  0x000001b7a280a094: 24c0 0049 | 3baf 5003 | 0000 0f87 | 1100 0000 | 4181 bf38 | 0300 0000 | 0000 000f | 842c 0000 
  0x000001b7a280a0b4: 00c5 f877 | 4889 45f8 | 498b cf4c | 8be4 4883 | ec20 4883 

  0x000001b7a280a0c8: ;   {runtime_call}
  0x000001b7a280a0c8: e4f0 49ba | c042 cbac | f97f 0000 | 41ff d249 | 8be4 4d33 | e448 8b45 | f841 c787 | 4803 0000 
  0x000001b7a280a0e8: 0800 0000 | 4181 bfb8 | 0300 0002 | 0000 000f | 843f 0100 

  0x000001b7a280a0fc: ;   {external_word}
  0x000001b7a280a0fc: 0049 baf9 | 3505 adf9 | 7f00 0041 | 803a 000f | 8450 0000 | 0048 8945 

  0x000001b7a280a114: ;   {metadata({method} {0x000001b7aa010f28} 'defineClass1' '(Ljava/lang/ClassLoader;Ljava/lang/String;[BIILjava/security/ProtectionDomain;Ljava/lang/String;)Ljava/lang/Class;' in 'java/lang/ClassLoader')}
  0x000001b7a280a114: f848 ba20 | 0f01 aab7 | 0100 0049 | 8bcf 4883 | ec20 f7c4 | 0f00 0000 | 0f84 1a00 | 0000 4883 
  0x000001b7a280a134: ;   {runtime_call}
  0x000001b7a280a134: ec08 49ba | c02e bbac | f97f 0000 | 41ff d248 | 83c4 08e9 | 0d00 0000 

  0x000001b7a280a14c: ;   {runtime_call}
  0x000001b7a280a14c: 49ba c02e | bbac f97f | 0000 41ff | d248 83c4 | 2048 8b45 | f849 c787 | 9802 0000 | 0000 0000 
  0x000001b7a280a16c: 49c7 87a0 | 0200 0000 | 0000 00c5 | f877 4885 | c00f 8493 | 0000 0048 | f7c0 0100 | 0000 0f84 
  0x000001b7a280a18c: 8300 0000 | 488b 40ff | 4180 7f38 | 000f 846f | 0000 0048 | 83f8 000f | 8465 0000 | 0049 8b4f 
  0x000001b7a280a1ac: 2048 83f9 | 000f 8414 | 0000 0048 | 83e9 0849 | 894f 2049 | 034f 3048 | 8901 e943 | 0000 0050 
  0x000001b7a280a1cc: 498b d748 | 8bc8 4883 | ec20 f7c4 | 0f00 0000 | 0f84 1a00 | 0000 4883 

  0x000001b7a280a1e4: ;   {runtime_call}
  0x000001b7a280a1e4: ec08 49ba | 4049 7aac | f97f 0000 | 41ff d248 | 83c4 08e9 | 0d00 0000 

  0x000001b7a280a1fc: ;   {runtime_call}
  0x000001b7a280a1fc: 49ba 4049 | 7aac f97f | 0000 41ff | d248 83c4 | 2058 e903 | 0000 0048 | 8b00 498b | 8fd8 0000 
  0x000001b7a280a21c: 00c7 8100 | 0100 0000 | 0000 00c9 | 4981 7f08 | 0000 0000 | 0f85 0100 

  0x000001b7a280a234: ;   {runtime_call StubRoutines (1)}
  0x000001b7a280a234: 0000 c3e9 | c46c caff | c5f8 7748 | 8945 f84c | 8be4 4883 | ec20 4883 

  0x000001b7a280a24c: ;   {runtime_call}
  0x000001b7a280a24c: e4f0 49ba | 405f bbac | f97f 0000 | 41ff d249 | 8be4 4d33 | e448 8b45 | f8e9 93fe | ffff f4f4 
  0x000001b7a280a26c: f4f4 f4f4 
[/MachCode]


Compiled method (c1)    6511 1211       1       java.lang.ClassLoader::defineClass (43 bytes)
 total in heap  [0x000001b7a280c390,0x000001b7a280c930] = 1440
 relocation     [0x000001b7a280c4e8,0x000001b7a280c548] = 96
 main code      [0x000001b7a280c560,0x000001b7a280c700] = 416
 stub code      [0x000001b7a280c700,0x000001b7a280c778] = 120
 metadata       [0x000001b7a280c778,0x000001b7a280c7a8] = 48
 scopes data    [0x000001b7a280c7a8,0x000001b7a280c860] = 184
 scopes pcs     [0x000001b7a280c860,0x000001b7a280c900] = 160
 dependencies   [0x000001b7a280c900,0x000001b7a280c908] = 8
 nul chk table  [0x000001b7a280c908,0x000001b7a280c930] = 40

[Constant Pool (empty)]

[MachCode]
[Entry Point]
  # {method} {0x000001b7aa010cc0} 'defineClass' '(Ljava/lang/String;[BIILjava/security/ProtectionDomain;)Ljava/lang/Class;' in 'java/lang/ClassLoader'
  # this:     rdx:rdx   = 'java/lang/ClassLoader'
  # parm0:    r8:r8     = 'java/lang/String'
  # parm1:    r9:r9     = '[B'
  # parm2:    rdi       = int
  # parm3:    rsi       = int
  # parm4:    rcx:rcx   = 'java/security/ProtectionDomain'
  #           [sp+0xc0]  (sp of caller)
  0x000001b7a280c560: 448b 5208 | 49bb 0000 | 00aa b701 | 0000 4d03 | d34c 3bd0 

  0x000001b7a280c574: ;   {runtime_call ic_miss_stub}
  0x000001b7a280c574: 0f85 064b | cfff 660f | 1f44 0000 
[Verified Entry Point]
  0x000001b7a280c580: 8984 2400 | 90ff ff55 | 4881 ecb0 | 0000 0048 | 8954 2478 | 89b4 2494 | 0000 0089 | bc24 9000 
  0x000001b7a280c5a0: 0000 4c89 | 8c24 8800 | 0000 498b | d84c 8bc3 | 4c8b c948 | 8bca 488b | d148 899c | 2480 0000 
  0x000001b7a280c5c0: 0066 0f1f 

  0x000001b7a280c5c4: ;   {optimized virtual_call}
  0x000001b7a280c5c4: 4400 00e8 

  0x000001b7a280c5c8: ; ImmutableOopMap {[120]=Oop [136]=Oop [128]=Oop }
                      ;*invokevirtual preDefineClass {reexecute=0 rethrow=0 return_oop=0}
                      ; - java.lang.ClassLoader::defineClass@4 (line 1015)
  0x000001b7a280c5c8: 742a feff | 4889 8424 | 9800 0000 

  0x000001b7a280c5d4: ; implicit exception: dispatches to 0x000001b7a280c69a
  0x000001b7a280c5d4: 448b 4010 | 4983 f800 | 0f85 0f00 

  0x000001b7a280c5e0: ;   {oop(NULL)}
  0x000001b7a280c5e0: 0000 48bb | 0000 0000 | 0000 0000 | e936 0000 | 0045 8b40 | 0c49 83f8 | 000f 850f 

  0x000001b7a280c5fc: ;   {oop(NULL)}
  0x000001b7a280c5fc: 0000 0048 | bb00 0000 | 0000 0000 | 00e9 1900 | 0000 418b | 5038 483b 

  0x000001b7a280c614: ;   {optimized virtual_call}
  0x000001b7a280c614: 0266 90e8 

  0x000001b7a280c618: ; ImmutableOopMap {[120]=Oop [136]=Oop [128]=Oop [152]=Oop }
                      ;*invokevirtual toExternalForm {reexecute=0 rethrow=0 return_oop=0}
                      ; - java.net.URL::toExternalForm@5 (line 1039)
                      ; - java.net.URL::toString@1 (line 1025)
                      ; - java.lang.ClassLoader::defineClassSourceLocation@22 (line 917)
                      ; - java.lang.ClassLoader::defineClass@12 (line 1016)
  0x000001b7a280c618: 84f9 fbff | 488b d848 | 8b84 2498 | 0000 008b | b424 9400 | 0000 8bbc | 2490 0000 | 004c 8b8c 
  0x000001b7a280c638: 2488 0000 | 004c 8b84 | 2480 0000 | 0048 8b54 | 2478 4c8b | da49 8bd3 | 488b c848 

  0x000001b7a280c654: ;   {static_call}
  0x000001b7a280c654: 891c 24e8 

  0x000001b7a280c658: ; ImmutableOopMap {[152]=Oop [120]=Oop }
                      ;*invokestatic defineClass1 {reexecute=0 rethrow=0 return_oop=0}
                      ; - java.lang.ClassLoader::defineClass@27 (line 1017)
  0x000001b7a280c658: e4d8 ffff | 4c8b c04c | 8b8c 2498 | 0000 0048 | 8b54 2478 | 4889 8424 | a000 0000 

  0x000001b7a280c674: ;   {optimized virtual_call}
  0x000001b7a280c674: 6666 90e8 

  0x000001b7a280c678: ; ImmutableOopMap {[160]=Oop }
                      ;*invokevirtual postDefineClass {reexecute=0 rethrow=0 return_oop=0}
                      ; - java.lang.ClassLoader::defineClass@37 (line 1018)
  0x000001b7a280c678: 8421 feff | 488b 8424 | a000 0000 | 4881 c4b0 | 0000 005d 

  0x000001b7a280c68c: ;   {poll_return}
  0x000001b7a280c68c: 493b a750 | 0300 000f | 8715 0000 

  0x000001b7a280c698: ;   {runtime_call throw_null_pointer_exception Runtime1 stub}
  0x000001b7a280c698: 00c3 e881 

  0x000001b7a280c69c: ; ImmutableOopMap {[120]=Oop [136]=Oop [128]=Oop rax=Oop [152]=Oop }
                      ;*invokevirtual getCodeSource {reexecute=0 rethrow=0 return_oop=0}
                      ; - java.lang.ClassLoader::defineClassSourceLocation@1 (line 914)
                      ; - java.lang.ClassLoader::defineClass@12 (line 1016)
                      ;   {runtime_call throw_null_pointer_exception Runtime1 stub}
  0x000001b7a280c69c: 55d9 ffe8 

  0x000001b7a280c6a0: ; ImmutableOopMap {[120]=Oop [136]=Oop [128]=Oop rax=Oop [152]=Oop }
                      ;*invokevirtual getLocation {reexecute=0 rethrow=0 return_oop=0}
                      ; - java.lang.ClassLoader::defineClassSourceLocation@12 (line 916)
                      ; - java.lang.ClassLoader::defineClass@12 (line 1016)
  0x000001b7a280c6a0: 7c55 d9ff 

  0x000001b7a280c6a4: ;   {runtime_call throw_null_pointer_exception Runtime1 stub}
  0x000001b7a280c6a4: e877 55d9 

  0x000001b7a280c6a8: ; ImmutableOopMap {[120]=Oop [136]=Oop [128]=Oop [152]=Oop r8=Oop }
                      ;*invokevirtual toString {reexecute=0 rethrow=0 return_oop=0}
                      ; - java.lang.ClassLoader::defineClassSourceLocation@22 (line 917)
                      ; - java.lang.ClassLoader::defineClass@12 (line 1016)
                      ;   {runtime_call throw_null_pointer_exception Runtime1 stub}
  0x000001b7a280c6a8: ffe8 7255 

  0x000001b7a280c6ac: ; ImmutableOopMap {[120]=Oop [136]=Oop [128]=Oop [152]=Oop r8=Oop rdx=Oop }
                      ;*invokevirtual toExternalForm {reexecute=0 rethrow=0 return_oop=0}
                      ; - java.net.URL::toExternalForm@5 (line 1039)
                      ; - java.net.URL::toString@1 (line 1025)
                      ; - java.lang.ClassLoader::defineClassSourceLocation@22 (line 917)
                      ; - java.lang.ClassLoader::defineClass@12 (line 1016)
                      ;   {internal_word}
  0x000001b7a280c6ac: d9ff 49ba | 8cc6 80a2 | b701 0000 | 4d89 9768 

  0x000001b7a280c6bc: ;   {runtime_call SafepointBlob}
  0x000001b7a280c6bc: 0300 00e9 | 3cb3 cfff | 9090 498b | 87e0 0300 | 0049 c787 | e003 0000 | 0000 0000 | 49c7 87e8 
  0x000001b7a280c6dc: 0300 0000 | 0000 0048 | 81c4 b000 

  0x000001b7a280c6e8: ;   {runtime_call unwind_exception Runtime1 stub}
  0x000001b7a280c6e8: 0000 5de9 | 103a d9ff | f4f4 f4f4 | f4f4 f4f4 | f4f4 f4f4 | f4f4 f4f4 
[Stub Code]
  0x000001b7a280c700: ;   {no_reloc}
  0x000001b7a280c700: 0f1f 4400 

  0x000001b7a280c704: ;   {static_stub}
  0x000001b7a280c704: 0048 bb00 | 0000 0000 

  0x000001b7a280c70c: ;   {runtime_call}
  0x000001b7a280c70c: 0000 00e9 | fbff ffff 

  0x000001b7a280c714: ;   {static_stub}
  0x000001b7a280c714: 9048 bb00 | 0000 0000 

  0x000001b7a280c71c: ;   {runtime_call}
  0x000001b7a280c71c: 0000 00e9 | fbff ffff 

  0x000001b7a280c724: ;   {static_stub}
  0x000001b7a280c724: 9048 bb00 | 0000 0000 

  0x000001b7a280c72c: ;   {runtime_call}
  0x000001b7a280c72c: 0000 00e9 | fbff ffff 

  0x000001b7a280c734: ;   {static_stub}
  0x000001b7a280c734: 9048 bb00 | 0000 0000 

  0x000001b7a280c73c: ;   {runtime_call}
  0x000001b7a280c73c: 0000 00e9 | fbff ffff 
[Exception Handler]
  0x000001b7a280c744: ;   {runtime_call handle_exception_from_callee Runtime1 stub}
  0x000001b7a280c744: e8b7 72d9 

  0x000001b7a280c748: ;   {external_word}
  0x000001b7a280c748: ff48 b940 | 9adf acf9 | 7f00 0048 

  0x000001b7a280c754: ;   {runtime_call}
  0x000001b7a280c754: 83e4 f049 | ba20 27a8 | acf9 7f00 | 0041 ffd2 

  0x000001b7a280c764: ;   {section_word}
  0x000001b7a280c764: f449 ba65 | c780 a2b7 | 0100 0041 

  0x000001b7a280c770: ;   {runtime_call DeoptimizationBlob}
  0x000001b7a280c770: 52e9 2aa5 | cfff f4f4 
[/MachCode]


Compiled method (c1)    6529 1139       1       jdk.internal.loader.BuiltinClassLoader::defineClass (121 bytes)
 total in heap  [0x000001b7a27f0010,0x000001b7a27f0e88] = 3704
 relocation     [0x000001b7a27f0168,0x000001b7a27f0298] = 304
 main code      [0x000001b7a27f02a0,0x000001b7a27f08c0] = 1568
 stub code      [0x000001b7a27f08c0,0x000001b7a27f0a08] = 328
 metadata       [0x000001b7a27f0a08,0x000001b7a27f0a50] = 72
 scopes data    [0x000001b7a27f0a50,0x000001b7a27f0ca8] = 600
 scopes pcs     [0x000001b7a27f0ca8,0x000001b7a27f0e48] = 416
 dependencies   [0x000001b7a27f0e48,0x000001b7a27f0e50] = 8
 handler table  [0x000001b7a27f0e50,0x000001b7a27f0e68] = 24
 nul chk table  [0x000001b7a27f0e68,0x000001b7a27f0e88] = 32

[Constant Pool (empty)]

[MachCode]
[Entry Point]
  # {method} {0x000001b7aa435c58} 'defineClass' '(Ljava/lang/String;Ljdk/internal/loader/Resource;)Ljava/lang/Class;' in 'jdk/internal/loader/BuiltinClassLoader'
  # this:     rdx:rdx   = 'jdk/internal/loader/BuiltinClassLoader'
  # parm0:    r8:r8     = 'java/lang/String'
  # parm1:    r9:r9     = 'jdk/internal/loader/Resource'
  #           [sp+0x110]  (sp of caller)
  0x000001b7a27f02a0: 448b 5208 | 49bb 0000 | 00aa b701 | 0000 4d03 | d34c 3bd0 

  0x000001b7a27f02b4: ;   {runtime_call ic_miss_stub}
  0x000001b7a27f02b4: 0f85 c60d | d1ff 660f | 1f44 0000 
[Verified Entry Point]
  0x000001b7a27f02c0: 8984 2400 | 90ff ff55 | 4881 ec00 | 0100 0048 | 8994 24a0 | 0000 004c | 8984 2490 | 0000 004c 
  0x000001b7a27f02e0: 898c 2498 | 0000 0049 | 8bd1 6666 | 9048 b8ff | ffff ffff 

  0x000001b7a27f02f4: ;   {virtual_call}
  0x000001b7a27f02f4: ffff ffe8 

  0x000001b7a27f02f8: ; ImmutableOopMap {[152]=Oop [160]=Oop [144]=Oop }
                      ;*invokevirtual getCodeSourceURL {reexecute=0 rethrow=0 return_oop=0}
                      ; - jdk.internal.loader.BuiltinClassLoader::defineClass@1 (line 842)
  0x000001b7a27f02f8: 7c66 0900 | 4889 8424 | a800 0000 | 4c8b 8424 | 9000 0000 

  0x000001b7a27f030c: ; implicit exception: dispatches to 0x000001b7a27f07c3
  0x000001b7a27f030c: 418b 7014 

  0x000001b7a27f0310: ; implicit exception: dispatches to 0x000001b7a27f07c8
  0x000001b7a27f0310: 8b56 0c45 | 0fbe 4810 | 498b c9c1 | e118 c1f9 | 18d3 fa48 | 8bfa ffcf | 4183 f900 | ba00 0000 
  0x000001b7a27f0330: 000f 8505 | 0000 00ba | 0100 0000 | 83e2 0183 | fa00 488b | d641 b82e | 0000 004c | 8bcf 0f84 
  0x000001b7a27f0350: 0d00 0000 

  0x000001b7a27f0354: ;   {static_call}
  0x000001b7a27f0354: 6666 90e8 

  0x000001b7a27f0358: ; ImmutableOopMap {[152]=Oop [160]=Oop [168]=Oop [144]=Oop }
                      ;*invokestatic lastIndexOf {reexecute=0 rethrow=0 return_oop=0}
                      ; - java.lang.String::lastIndexOf@13 (line 2489)
                      ; - java.lang.String::lastIndexOf@8 (line 2451)
                      ; - jdk.internal.loader.BuiltinClassLoader::defineClass@8 (line 845)
  0x000001b7a27f0358: 44bc e8ff | e90b 0000 | 0066 0f1f 

  0x000001b7a27f0364: ;   {static_call}
  0x000001b7a27f0364: 4400 00e8 

  0x000001b7a27f0368: ; ImmutableOopMap {[152]=Oop [160]=Oop [168]=Oop [144]=Oop }
                      ;*invokestatic lastIndexOf {reexecute=0 rethrow=0 return_oop=0}
                      ; - java.lang.String::lastIndexOf@25 (line 2490)
                      ; - java.lang.String::lastIndexOf@8 (line 2451)
                      ; - jdk.internal.loader.BuiltinClassLoader::defineClass@8 (line 845)
  0x000001b7a27f0368: 1416 d1ff | 83f8 ff0f | 8467 0000 | 0041 b800 | 0000 004c | 8bc8 488b | 9424 9000 

  0x000001b7a27f0384: ;   {optimized virtual_call}
  0x000001b7a27f0384: 0000 90e8 

  0x000001b7a27f0388: ; ImmutableOopMap {[152]=Oop [160]=Oop [168]=Oop [144]=Oop }
                      ;*invokevirtual substring {reexecute=0 rethrow=0 return_oop=0}
                      ; - jdk.internal.loader.BuiltinClassLoader::defineClass@23 (line 847)
  0x000001b7a27f0388: 7498 e7ff | 488b 9424 | 9800 0000 | 4889 8424 | b000 0000 | 9048 b8ff | ffff ffff 

  0x000001b7a27f03a4: ;   {virtual_call}
  0x000001b7a27f03a4: ffff ffe8 

  0x000001b7a27f03a8: ; ImmutableOopMap {[152]=Oop [160]=Oop [168]=Oop [144]=Oop [176]=Oop }
                      ;*invokevirtual getManifest {reexecute=0 rethrow=0 return_oop=0}
                      ; - jdk.internal.loader.BuiltinClassLoader::defineClass@29 (line 848)
  0x000001b7a27f03a8: fc65 0900 | 4c8b 8424 | b000 0000 | 4c8b c848 | 8bbc 24a8 | 0000 0048 | 8b94 24a0 | 0000 0066 
  0x000001b7a27f03c8: 0f1f 4400 | 0048 b838 | dc07 aab7 

  0x000001b7a27f03d4: ;   {virtual_call}
  0x000001b7a27f03d4: 0100 00e8 

  0x000001b7a27f03d8: ; ImmutableOopMap {[152]=Oop [160]=Oop [168]=Oop [144]=Oop }
                      ;*invokevirtual defineOrCheckPackage {reexecute=0 rethrow=0 return_oop=0}
                      ; - jdk.internal.loader.BuiltinClassLoader::defineClass@40 (line 849)
  0x000001b7a27f03d8: c4fa ffff | 4c8b 8c24 | 9800 0000 | 488d 9424 | e000 0000 | 4c89 4a08 | 498b 0148 | 83c8 0148 
  0x000001b7a27f03f8: 8902 f049 | 0fb1 110f | 8413 0000 | 0048 2bc4 | 4881 e007 | f0ff ff48 | 8902 0f85 | b503 0000 
  0x000001b7a27f0418: 418b 510c | 4883 fa00 | 0f85 4700 | 0000 498b | d10f 1f40 | 0048 b8ff | ffff ffff 

  0x000001b7a27f0434: ;   {virtual_call}
  0x000001b7a27f0434: ffff ffe8 

  0x000001b7a27f0438: ; ImmutableOopMap {[160]=Oop [168]=Oop [144]=Oop [152]=Oop [232]=Oop }
                      ;*invokevirtual getInputStream {reexecute=0 rethrow=0 return_oop=0}
                      ; - jdk.internal.loader.Resource::cachedInputStream@9 (line 77)
                      ; - jdk.internal.loader.Resource::getByteBuffer@1 (line 163)
                      ; - jdk.internal.loader.BuiltinClassLoader::defineClass@45 (line 853)
  0x000001b7a27f0438: 34a6 dbff | 410f be57 | 3883 fa00 | 4c8b 8c24 | 9800 0000 | 0f85 8e03 | 0000 4c8b | d045 8951 
  0x000001b7a27f0458: 0c49 8bd1 | 4833 d048 | c1ea 1448 | 83fa 000f | 858f 0300 | 0041 8b51 | 0c48 8d84 | 24e0 0000 
  0x000001b7a27f0478: 0048 8b30 | 4885 f60f | 840f 0000 | 0048 8b78 | 08f0 480f | b137 0f85 | 8003 0000 | 4883 fa00 
  0x000001b7a27f0498: 0f84 4400 

  0x000001b7a27f049c: ;   {metadata('sun/nio/ByteBuffered')}
  0x000001b7a27f049c: 0000 48b8 | 40dd 0daa | b701 0000 | 8b5a 0849 | ba00 0000 | aab7 0100 | 0049 03da | 483b 4320 
  0x000001b7a27f04bc: 0f84 2500 | 0000 483b | d80f 841c | 0000 0053 

  0x000001b7a27f04cc: ;   {runtime_call slow_subtype_check Runtime1 stub}
  0x000001b7a27f04cc: 50e8 2e44 | dbff 5b5b | 83fb 000f | 8405 0000 | 00e9 0500 | 0000 4833 | f6eb 0a48 | be01 0000 
  0x000001b7a27f04ec: 0000 0000 | 0083 fe00 | 0f84 6700 | 0000 4883 | fa00 0f84 | 4400 0000 

  0x000001b7a27f0504: ;   {metadata('sun/nio/ByteBuffered')}
  0x000001b7a27f0504: 48bb 40dd | 0daa b701 | 0000 8b7a | 0849 ba00 | 0000 aab7 | 0100 0049 | 03fa 483b | 5f20 0f84 
  0x000001b7a27f0524: 2000 0000 | 483b fb0f | 8417 0000 

  0x000001b7a27f0530: ;   {runtime_call slow_subtype_check Runtime1 stub}
  0x000001b7a27f0530: 0057 53e8 | c843 dbff | 5f5f 83ff | 000f 84e7 | 0200 00e9 | 0000 0000 | 0f1f 4400 | 0048 b8ff 
  0x000001b7a27f0550: ffff ffff 

  0x000001b7a27f0554: ;   {virtual_call}
  0x000001b7a27f0554: ffff ffe8 

  0x000001b7a27f0558: ; ImmutableOopMap {[160]=Oop [168]=Oop [144]=Oop [152]=Oop }
                      ;*invokeinterface getByteBuffer {reexecute=0 rethrow=0 return_oop=0}
                      ; - jdk.internal.loader.Resource::getByteBuffer@16 (line 165)
                      ; - jdk.internal.loader.BuiltinClassLoader::defineClass@45 (line 853)
  0x000001b7a27f0558: 2411 d1ff | e90a 0000 

  0x000001b7a27f0560: ;   {oop(NULL)}
  0x000001b7a27f0560: 0048 b800 | 0000 0000 | 0000 0048 | 83f8 000f | 84e5 0000 | 0048 8984 | 24b8 0000 | 0048 8b94 
  0x000001b7a27f0580: 2498 0000 | 0048 b8ff | ffff ffff 

  0x000001b7a27f058c: ;   {virtual_call}
  0x000001b7a27f058c: ffff ffe8 

  0x000001b7a27f0590: ; ImmutableOopMap {[160]=Oop [168]=Oop [144]=Oop [184]=Oop }
                      ;*invokevirtual getCodeSigners {reexecute=0 rethrow=0 return_oop=0}
                      ; - jdk.internal.loader.BuiltinClassLoader::defineClass@56 (line 855)
  0x000001b7a27f0590: ec10 d1ff 

  0x000001b7a27f0594: ;   {metadata('java/security/CodeSource')}
  0x000001b7a27f0594: 4c8b c848 | bab0 ee00 | aab7 0100 | 0049 8b87 | 0801 0000 | 488d 7828 | 493b bf18 | 0100 000f 
  0x000001b7a27f05b4: 877a 0200 | 0049 89bf | 0801 0000 | 48c7 0001 | 0000 0048 | 8bca 49ba | 0000 00aa | b701 0000 
  0x000001b7a27f05d4: 492b ca89 | 4808 4833 | c989 480c | 4833 c948 | 8948 1048 | 8948 1848 | 8948 204c | 8b84 24a8 
  0x000001b7a27f05f4: 0000 0048 | 8bd0 4889 | 8424 c000 | 0000 0f1f 

  0x000001b7a27f0604: ;   {optimized virtual_call}
  0x000001b7a27f0604: 4400 00e8 

  0x000001b7a27f0608: ; ImmutableOopMap {[160]=Oop [144]=Oop [184]=Oop [192]=Oop }
                      ;*invokespecial <init> {reexecute=0 rethrow=0 return_oop=0}
                      ; - jdk.internal.loader.BuiltinClassLoader::defineClass@68 (line 856)
  0x000001b7a27f0608: 740d d1ff | 4c8b 8424 | c000 0000 | 488b 9424 | a000 0000 

  0x000001b7a27f061c: ;   {optimized virtual_call}
  0x000001b7a27f061c: 6666 90e8 

  0x000001b7a27f0620: ; ImmutableOopMap {[160]=Oop [144]=Oop [184]=Oop }
                      ;*invokevirtual getProtectionDomain {reexecute=0 rethrow=0 return_oop=0}
                      ; - java.security.SecureClassLoader::defineClass@5 (line 182)
                      ; - jdk.internal.loader.BuiltinClassLoader::defineClass@79 (line 857)
  0x000001b7a27f0620: 5c0d d1ff | 4c8b 8424 | 9000 0000 | 4c8b 8c24 | b800 0000 | 488b f848 | 8b94 24a0 

  0x000001b7a27f063c: ;   {optimized virtual_call}
  0x000001b7a27f063c: 0000 00e8 

  0x000001b7a27f0640: ; ImmutableOopMap {}
                      ;*invokevirtual defineClass {reexecute=0 rethrow=0 return_oop=0}
                      ; - java.security.SecureClassLoader::defineClass@8 (line 182)
                      ; - jdk.internal.loader.BuiltinClassLoader::defineClass@79 (line 857)
  0x000001b7a27f0640: 3c0d d1ff | 4881 c400 | 0100 005d 

  0x000001b7a27f064c: ;   {poll_return}
  0x000001b7a27f064c: 493b a750 | 0300 000f | 87e7 0100 | 00c3 4c8b | 8c24 9800 | 0000 498b | d148 b8ff | ffff ffff 
  0x000001b7a27f066c: ;   {virtual_call}
  0x000001b7a27f066c: ffff ffe8 

  0x000001b7a27f0670: ; ImmutableOopMap {[160]=Oop [144]=Oop [152]=Oop [168]=Oop }
                      ;*invokevirtual getBytes {reexecute=0 rethrow=0 return_oop=0}
                      ; - jdk.internal.loader.BuiltinClassLoader::defineClass@84 (line 859)
  0x000001b7a27f0670: 74a7 dbff | 4889 8424 | c800 0000 | 488b 9424 | 9800 0000 | 9048 b8ff | ffff ffff 

  0x000001b7a27f068c: ;   {virtual_call}
  0x000001b7a27f068c: ffff ffe8 

  0x000001b7a27f0690: ; ImmutableOopMap {[160]=Oop [144]=Oop [168]=Oop [200]=Oop }
                      ;*invokevirtual getCodeSigners {reexecute=0 rethrow=0 return_oop=0}
                      ; - jdk.internal.loader.BuiltinClassLoader::defineClass@90 (line 860)
  0x000001b7a27f0690: 6ca4 dbff 

  0x000001b7a27f0694: ;   {metadata('java/security/CodeSource')}
  0x000001b7a27f0694: 4c8b c848 | bab0 ee00 | aab7 0100 | 0049 8b87 | 0801 0000 | 488d 7828 | 493b bf18 | 0100 000f 
  0x000001b7a27f06b4: 879d 0100 | 0049 89bf | 0801 0000 | 48c7 0001 | 0000 0048 | 8bca 49ba | 0000 00aa | b701 0000 
  0x000001b7a27f06d4: 492b ca89 | 4808 4833 | c989 480c | 4833 c948 | 8948 1048 | 8948 1848 | 8948 204c | 8b84 24a8 
  0x000001b7a27f06f4: 0000 0048 | 8bd0 4889 | 8424 d000 | 0000 0f1f 

  0x000001b7a27f0704: ;   {optimized virtual_call}
  0x000001b7a27f0704: 4400 00e8 

  0x000001b7a27f0708: ; ImmutableOopMap {[160]=Oop [144]=Oop [200]=Oop [208]=Oop }
                      ;*invokespecial <init> {reexecute=0 rethrow=0 return_oop=0}
                      ; - jdk.internal.loader.BuiltinClassLoader::defineClass@102 (line 861)
  0x000001b7a27f0708: f4bb ffff | 488b 8424 | c800 0000 

  0x000001b7a27f0714: ; implicit exception: dispatches to 0x000001b7a27f0863
  0x000001b7a27f0714: 8b70 0c4c | 8b84 24d0 | 0000 0048 | 8b94 24a0 | 0000 0089 | b424 d800 

  0x000001b7a27f072c: ;   {optimized virtual_call}
  0x000001b7a27f072c: 0000 90e8 

  0x000001b7a27f0730: ; ImmutableOopMap {[160]=Oop [144]=Oop [200]=Oop }
                      ;*invokevirtual getProtectionDomain {reexecute=0 rethrow=0 return_oop=0}
                      ; - java.security.SecureClassLoader::defineClass@9 (line 150)
                      ; - jdk.internal.loader.BuiltinClassLoader::defineClass@117 (line 862)
  0x000001b7a27f0730: acc1 ffff | 4c8b 8424 | 9000 0000 | 4c8b 8c24 | c800 0000 | bf00 0000 | 008b b424 | d800 0000 
  0x000001b7a27f0750: 488b c848 | 8b94 24a0 | 0000 000f 

  0x000001b7a27f075c: ;   {optimized virtual_call}
  0x000001b7a27f075c: 1f40 00e8 

  0x000001b7a27f0760: ; ImmutableOopMap {}
                      ;*invokevirtual defineClass {reexecute=0 rethrow=0 return_oop=0}
                      ; - java.security.SecureClassLoader::defineClass@12 (line 150)
                      ; - jdk.internal.loader.BuiltinClassLoader::defineClass@117 (line 862)
  0x000001b7a27f0760: 1cbe 0100 | 4881 c400 | 0100 005d 

  0x000001b7a27f076c: ;   {poll_return}
  0x000001b7a27f076c: 493b a750 | 0300 000f | 87ef 0000 | 00c3 498b | 87e0 0300 | 004d 33d2 | 4d89 97e0 | 0300 004d 
  0x000001b7a27f078c: 33d2 4d89 | 97e8 0300 | 0048 8bf0 | 488d 8424 | e000 0000 | 488b 3848 | 85ff 0f84 | 0f00 0000 
  0x000001b7a27f07ac: 488b 5808 | f048 0fb1 | 3b0f 85c3 | 0000 0048 | 8bc6 e9f0 

  0x000001b7a27f07c0: ;   {runtime_call throw_null_pointer_exception Runtime1 stub}
  0x000001b7a27f07c0: 0000 00e8 

  0x000001b7a27f07c4: ; ImmutableOopMap {[152]=Oop [160]=Oop rax=Oop [168]=Oop r8=Oop [144]=Oop }
                      ;*invokevirtual lastIndexOf {reexecute=0 rethrow=0 return_oop=0}
                      ; - jdk.internal.loader.BuiltinClassLoader::defineClass@8 (line 845)
  0x000001b7a27f07c4: 5814 dbff 

  0x000001b7a27f07c8: ;   {runtime_call throw_null_pointer_exception Runtime1 stub}
  0x000001b7a27f07c8: e853 14db 

  0x000001b7a27f07cc: ; ImmutableOopMap {[152]=Oop [160]=Oop rax=Oop [168]=Oop r8=Oop [144]=Oop rsi=Oop }
                      ;*arraylength {reexecute=0 rethrow=0 return_oop=0}
                      ; - java.lang.String::length@4 (line 1481)
                      ; - java.lang.String::lastIndexOf@3 (line 2451)
                      ; - jdk.internal.loader.BuiltinClassLoader::defineClass@8 (line 845)
  0x000001b7a27f07cc: ff4c 894c | 2408 4889 

  0x000001b7a27f07d4: ;   {runtime_call monitorenter_nofpu Runtime1 stub}
  0x000001b7a27f07d4: 1424 e825 

  0x000001b7a27f07d8: ; ImmutableOopMap {[160]=Oop [168]=Oop [144]=Oop r9=Oop [152]=Oop [232]=Oop }
                      ;*synchronization entry
                      ; - jdk.internal.loader.Resource::cachedInputStream@-1 (line 76)
                      ; - jdk.internal.loader.Resource::getByteBuffer@1 (line 163)
                      ; - jdk.internal.loader.BuiltinClassLoader::defineClass@45 (line 853)
  0x000001b7a27f07d8: 47db ffe9 | 38fc ffff | 418b 510c | 4883 fa00 | 0f84 64fc | ffff 4889 

  0x000001b7a27f07f0: ;   {runtime_call g1_pre_barrier_slow}
  0x000001b7a27f07f0: 1424 e809 | 71db ffe9 | 56fc ffff | 4883 f800 | 0f84 67fc | ffff 4c89 

  0x000001b7a27f0808: ;   {runtime_call g1_post_barrier_slow}
  0x000001b7a27f0808: 0c24 e8f1 | 73db ffe9 | 59fc ffff | 488d 8424 | e000 0000 | 4889 0424 

  0x000001b7a27f0820: ;   {runtime_call monitorexit_nofpu Runtime1 stub}
  0x000001b7a27f0820: e8db 4cdb | ffe9 6afc | ffff 4889 

  0x000001b7a27f082c: ;   {runtime_call throw_class_cast_exception Runtime1 stub}
  0x000001b7a27f082c: 1424 e8ed 

  0x000001b7a27f0830: ; ImmutableOopMap {[160]=Oop [168]=Oop [144]=Oop [152]=Oop }
                      ;*checkcast {reexecute=0 rethrow=0 return_oop=0}
                      ; - jdk.internal.loader.Resource::getByteBuffer@13 (line 165)
                      ; - jdk.internal.loader.BuiltinClassLoader::defineClass@45 (line 853)
  0x000001b7a27f0830: 37db ff48 

  0x000001b7a27f0834: ;   {runtime_call fast_new_instance Runtime1 stub}
  0x000001b7a27f0834: 8bd2 e8c5 

  0x000001b7a27f0838: ; ImmutableOopMap {[160]=Oop [168]=Oop [144]=Oop [184]=Oop r9=Oop }
                      ;*new {reexecute=0 rethrow=0 return_oop=0}
                      ; - jdk.internal.loader.BuiltinClassLoader::defineClass@61 (line 856)
  0x000001b7a27f0838: 1cdb ffe9 | affd ffff 

  0x000001b7a27f0840: ;   {internal_word}
  0x000001b7a27f0840: 49ba 4c06 | 7fa2 b701 | 0000 4d89 | 9768 0300 

  0x000001b7a27f0850: ;   {runtime_call SafepointBlob}
  0x000001b7a27f0850: 00e9 aa71 | d1ff 488b 

  0x000001b7a27f0858: ;   {runtime_call fast_new_instance Runtime1 stub}
  0x000001b7a27f0858: d2e8 a21c 

  0x000001b7a27f085c: ; ImmutableOopMap {[160]=Oop [144]=Oop [168]=Oop [200]=Oop r9=Oop }
                      ;*new {reexecute=0 rethrow=0 return_oop=0}
                      ; - jdk.internal.loader.BuiltinClassLoader::defineClass@95 (line 861)
  0x000001b7a27f085c: dbff e98c 

  0x000001b7a27f0860: ;   {runtime_call throw_null_pointer_exception Runtime1 stub}
  0x000001b7a27f0860: feff ffe8 

  0x000001b7a27f0864: ; ImmutableOopMap {[160]=Oop [144]=Oop [208]=Oop rax=Oop [200]=Oop }
                      ;*arraylength {reexecute=0 rethrow=0 return_oop=0}
                      ; - jdk.internal.loader.BuiltinClassLoader::defineClass@114 (line 862)
  0x000001b7a27f0864: b813 dbff 

  0x000001b7a27f0868: ;   {internal_word}
  0x000001b7a27f0868: 49ba 6c07 | 7fa2 b701 | 0000 4d89 | 9768 0300 

  0x000001b7a27f0878: ;   {runtime_call SafepointBlob}
  0x000001b7a27f0878: 00e9 8271 | d1ff 488d | 8424 e000 | 0000 4889 

  0x000001b7a27f0888: ;   {runtime_call monitorexit_nofpu Runtime1 stub}
  0x000001b7a27f0888: 0424 e871 | 4cdb ffe9 | 27ff ffff | 9090 498b | 87e0 0300 | 0049 c787 | e003 0000 | 0000 0000 
  0x000001b7a27f08a8: 49c7 87e8 | 0300 0000 | 0000 0048 | 81c4 0001 

  0x000001b7a27f08b8: ;   {runtime_call unwind_exception Runtime1 stub}
  0x000001b7a27f08b8: 0000 5de9 | 40f8 daff 
[Stub Code]
  0x000001b7a27f08c0: ;   {no_reloc}
  0x000001b7a27f08c0: 0f1f 4400 

  0x000001b7a27f08c4: ;   {static_stub}
  0x000001b7a27f08c4: 0048 bb00 | 0000 0000 

  0x000001b7a27f08cc: ;   {runtime_call}
  0x000001b7a27f08cc: 0000 00e9 | fbff ffff 

  0x000001b7a27f08d4: ;   {static_stub}
  0x000001b7a27f08d4: 9048 bb00 | 0000 0000 

  0x000001b7a27f08dc: ;   {runtime_call}
  0x000001b7a27f08dc: 0000 00e9 | fbff ffff 

  0x000001b7a27f08e4: ;   {static_stub}
  0x000001b7a27f08e4: 9048 bb00 | 0000 0000 

  0x000001b7a27f08ec: ;   {runtime_call}
  0x000001b7a27f08ec: 0000 00e9 | fbff ffff 

  0x000001b7a27f08f4: ;   {static_stub}
  0x000001b7a27f08f4: 9048 bb00 | 0000 0000 

  0x000001b7a27f08fc: ;   {runtime_call}
  0x000001b7a27f08fc: 0000 00e9 | fbff ffff 

  0x000001b7a27f0904: ;   {static_stub}
  0x000001b7a27f0904: 9048 bb00 | 0000 0000 

  0x000001b7a27f090c: ;   {runtime_call}
  0x000001b7a27f090c: 0000 00e9 | fbff ffff 

  0x000001b7a27f0914: ;   {static_stub}
  0x000001b7a27f0914: 9048 bb00 | 0000 0000 

  0x000001b7a27f091c: ;   {runtime_call}
  0x000001b7a27f091c: 0000 00e9 | fbff ffff 

  0x000001b7a27f0924: ;   {static_stub}
  0x000001b7a27f0924: 9048 bb00 | 0000 0000 

  0x000001b7a27f092c: ;   {runtime_call}
  0x000001b7a27f092c: 0000 00e9 | fbff ffff 

  0x000001b7a27f0934: ;   {static_stub}
  0x000001b7a27f0934: 9048 bb00 | 0000 0000 

  0x000001b7a27f093c: ;   {runtime_call}
  0x000001b7a27f093c: 0000 00e9 | fbff ffff 

  0x000001b7a27f0944: ;   {static_stub}
  0x000001b7a27f0944: 9048 bb00 | 0000 0000 

  0x000001b7a27f094c: ;   {runtime_call}
  0x000001b7a27f094c: 0000 00e9 | fbff ffff 

  0x000001b7a27f0954: ;   {static_stub}
  0x000001b7a27f0954: 9048 bb00 | 0000 0000 

  0x000001b7a27f095c: ;   {runtime_call}
  0x000001b7a27f095c: 0000 00e9 | fbff ffff 

  0x000001b7a27f0964: ;   {static_stub}
  0x000001b7a27f0964: 9048 bb00 | 0000 0000 

  0x000001b7a27f096c: ;   {runtime_call}
  0x000001b7a27f096c: 0000 00e9 | fbff ffff 

  0x000001b7a27f0974: ;   {static_stub}
  0x000001b7a27f0974: 9048 bb00 | 0000 0000 

  0x000001b7a27f097c: ;   {runtime_call}
  0x000001b7a27f097c: 0000 00e9 | fbff ffff 

  0x000001b7a27f0984: ;   {static_stub}
  0x000001b7a27f0984: 9048 bb00 | 0000 0000 

  0x000001b7a27f098c: ;   {runtime_call}
  0x000001b7a27f098c: 0000 00e9 | fbff ffff 

  0x000001b7a27f0994: ;   {static_stub}
  0x000001b7a27f0994: 9048 bb00 | 0000 0000 

  0x000001b7a27f099c: ;   {runtime_call}
  0x000001b7a27f099c: 0000 00e9 | fbff ffff 

  0x000001b7a27f09a4: ;   {static_stub}
  0x000001b7a27f09a4: 9048 bb00 | 0000 0000 

  0x000001b7a27f09ac: ;   {runtime_call}
  0x000001b7a27f09ac: 0000 00e9 | fbff ffff 

  0x000001b7a27f09b4: ;   {static_stub}
  0x000001b7a27f09b4: 9048 bb00 | 0000 0000 

  0x000001b7a27f09bc: ;   {runtime_call}
  0x000001b7a27f09bc: 0000 00e9 | fbff ffff 

  0x000001b7a27f09c4: ;   {static_stub}
  0x000001b7a27f09c4: 9048 bbb8 | 0c01 aab7 

  0x000001b7a27f09cc: ;   {runtime_call I2C/C2I adapters}
  0x000001b7a27f09cc: 0100 00e9 | 176d d0ff 
[Exception Handler]
  0x000001b7a27f09d4: ;   {runtime_call handle_exception_from_callee Runtime1 stub}
  0x000001b7a27f09d4: e827 30db 

  0x000001b7a27f09d8: ;   {external_word}
  0x000001b7a27f09d8: ff48 b940 | 9adf acf9 | 7f00 0048 

  0x000001b7a27f09e4: ;   {runtime_call}
  0x000001b7a27f09e4: 83e4 f049 | ba20 27a8 | acf9 7f00 | 0041 ffd2 

  0x000001b7a27f09f4: ;   {section_word}
  0x000001b7a27f09f4: f449 baf5 | 097f a2b7 | 0100 0041 

  0x000001b7a27f0a00: ;   {runtime_call DeoptimizationBlob}
  0x000001b7a27f0a00: 52e9 9a62 | d1ff f4f4 
[/MachCode]


---------------  P R O C E S S  ---------------

Threads class SMR info:
_java_thread_list=0x000001b7f0403800, length=15, elements={
0x000001b79a99bba0, 0x000001b7a9ca4b50, 0x000001b7a9ca6170, 0x000001b7a9cb6c30,
0x000001b7a9cb7ec0, 0x000001b7a9cbd6b0, 0x000001b7a9cbe070, 0x000001b7a9cc0240,
0x000001b7a9cc5aa0, 0x000001b7a9c9cf90, 0x000001b7ef02b2f0, 0x000001b7ef3fe910,
0x000001b7ef3f81c0, 0x000001b7ef541970, 0x000001b7f00a7ef0
}

Java Threads: ( => current thread )
=>0x000001b79a99bba0 JavaThread "main" [_thread_in_vm, id=9656, stack(0x00000026c7200000,0x00000026c7300000)]
  0x000001b7a9ca4b50 JavaThread "Reference Handler" daemon [_thread_blocked, id=2812, stack(0x00000026c7900000,0x00000026c7a00000)]
  0x000001b7a9ca6170 JavaThread "Finalizer" daemon [_thread_blocked, id=4316, stack(0x00000026c7a00000,0x00000026c7b00000)]
  0x000001b7a9cb6c30 JavaThread "Signal Dispatcher" daemon [_thread_blocked, id=8372, stack(0x00000026c7b00000,0x00000026c7c00000)]
  0x000001b7a9cb7ec0 JavaThread "Attach Listener" daemon [_thread_blocked, id=2612, stack(0x00000026c7c00000,0x00000026c7d00000)]
  0x000001b7a9cbd6b0 JavaThread "Service Thread" daemon [_thread_blocked, id=6452, stack(0x00000026c7d00000,0x00000026c7e00000)]
  0x000001b7a9cbe070 JavaThread "Monitor Deflation Thread" daemon [_thread_blocked, id=4796, stack(0x00000026c7e00000,0x00000026c7f00000)]
  0x000001b7a9cc0240 JavaThread "C1 CompilerThread0" daemon [_thread_blocked, id=6752, stack(0x00000026c7f00000,0x00000026c8000000)]
  0x000001b7a9cc5aa0 JavaThread "Sweeper thread" daemon [_thread_blocked, id=1784, stack(0x00000026c8000000,0x00000026c8100000)]
  0x000001b7a9c9cf90 JavaThread "Common-Cleaner" daemon [_thread_blocked, id=6308, stack(0x00000026c8100000,0x00000026c8200000)]
  0x000001b7ef02b2f0 JavaThread "C1 CompilerThread1" daemon [_thread_blocked, id=1368, stack(0x00000026c8200000,0x00000026c8300000)]
  0x000001b7ef3fe910 JavaThread "Monitor Ctrl-Break" daemon [_thread_in_native, id=2852, stack(0x00000026c8300000,0x00000026c8400000)]
  0x000001b7ef3f81c0 JavaThread "Notification Thread" daemon [_thread_blocked, id=5296, stack(0x00000026c8400000,0x00000026c8500000)]
  0x000001b7ef541970 JavaThread "RMI TCP Accept-0" daemon [_thread_in_native, id=2516, stack(0x00000026c8500000,0x00000026c8600000)]
  0x000001b7f00a7ef0 JavaThread "C1 CompilerThread2" daemon [_thread_blocked, id=4232, stack(0x00000026c8c00000,0x00000026c8d00000)]

Other Threads:
  0x000001b79aa4e530 VMThread "VM Thread" [stack: 0x00000026c7800000,0x00000026c7900000] [id=9872]
  0x000001b79a99ca70 WatcherThread [stack: 0x00000026c8600000,0x00000026c8700000] [id=10976]
  0x000001b79a9d8b10 GCTaskThread "GC Thread#0" [stack: 0x00000026c7300000,0x00000026c7400000] [id=9756]
  0x000001b7ef55bee0 GCTaskThread "GC Thread#1" [stack: 0x00000026c8700000,0x00000026c8800000] [id=11204]
  0x000001b79a99cd10 GCTaskThread "GC Thread#2" [stack: 0x00000026c8800000,0x00000026c8900000] [id=3824]
  0x000001b7ef723b80 GCTaskThread "GC Thread#3" [stack: 0x00000026c8900000,0x00000026c8a00000] [id=4112]
  0x000001b79a9e18e0 ConcurrentGCThread "G1 Main Marker" [stack: 0x00000026c7400000,0x00000026c7500000] [id=7008]
  0x000001b79a9e2300 ConcurrentGCThread "G1 Conc#0" [stack: 0x00000026c7500000,0x00000026c7600000] [id=10532]
  0x000001b79aa2fd90 ConcurrentGCThread "G1 Refine#0" [stack: 0x00000026c7600000,0x00000026c7700000] [id=10188]
  0x000001b7ef6edcb0 ConcurrentGCThread "G1 Refine#1" [stack: 0x00000026c8a00000,0x00000026c8b00000] [id=1632]
  0x000001b79aa307c0 ConcurrentGCThread "G1 Service" [stack: 0x00000026c7700000,0x00000026c7800000] [id=6660]

Threads with active compile tasks:

VM state: not at safepoint (normal execution)

VM Mutex/Monitor currently owned by a thread:  ([mutex/lock_event])
[0x000001b7989aa9b0] Metaspace_lock - owner thread: 0x000001b79a99bba0

Heap address: 0x00000000c0c00000, size: 1012 MB, Compressed Oops mode: 32-bit

CDS archive(s) mapped at: [0x000001b7aa000000-0x000001b7aabb0000-0x000001b7aabb0000), size 12255232, SharedBaseAddress: 0x000001b7aa000000, ArchiveRelocationMode: 1.
Compressed class space mapped at: 0x000001b7ab000000-0x000001b7eb000000, reserved size: 1073741824
Narrow klass base: 0x000001b7aa000000, Narrow klass shift: 0, Narrow klass range: 0x100000000

GC Precious Log:
 CPUs: 4 total, 4 available
 Memory: 4041M
 Large Page Support: Disabled
 NUMA Support: Disabled
 Compressed Oops: Enabled (32-bit)
 Heap Region Size: 1M
 Heap Min Capacity: 8M
 Heap Initial Capacity: 64M
 Heap Max Capacity: 1012M
 Pre-touch: Disabled
 Parallel Workers: 4
 Concurrent Workers: 1
 Concurrent Refinement Workers: 4
 Periodic GC: Disabled

Heap:
 garbage-first heap   total 58368K, used 19881K [0x00000000c0c00000, 0x0000000100000000)
  region size 1024K, 10 young (10240K), 5 survivors (5120K)
 Metaspace       used 25130K, committed 25344K, reserved 1114112K
  class space    used 3533K, committed 3648K, reserved 1048576K

Heap Regions: E=young(eden), S=young(survivor), O=old, HS=humongous(starts), HC=humongous(continues), CS=collection set, F=free, OA=open archive, CA=closed archive, TAMS=top-at-mark-start (previous, next)
|   0|0x00000000c0c00000, 0x00000000c0d00000, 0x00000000c0d00000|100%|HS|  |TAMS 0x00000000c0d00000, 0x00000000c0c00000| Complete 
|   1|0x00000000c0d00000, 0x00000000c0e00000, 0x00000000c0e00000|100%| O|  |TAMS 0x00000000c0e00000, 0x00000000c0d00000| Untracked 
|   2|0x00000000c0e00000, 0x00000000c0f00000, 0x00000000c0f00000|100%| O|  |TAMS 0x00000000c0f00000, 0x00000000c0e00000| Untracked 
|   3|0x00000000c0f00000, 0x00000000c1000000, 0x00000000c1000000|100%| O|  |TAMS 0x00000000c1000000, 0x00000000c0f00000| Untracked 
|   4|0x00000000c1000000, 0x00000000c1100000, 0x00000000c1100000|100%| O|  |TAMS 0x00000000c1100000, 0x00000000c1000000| Untracked 
|   5|0x00000000c1100000, 0x00000000c1200000, 0x00000000c1200000|100%| O|  |TAMS 0x00000000c1200000, 0x00000000c1100000| Untracked 
|   6|0x00000000c1200000, 0x00000000c1300000, 0x00000000c1300000|100%| O|  |TAMS 0x00000000c1300000, 0x00000000c1200000| Untracked 
|   7|0x00000000c1300000, 0x00000000c1400000, 0x00000000c1400000|100%| O|  |TAMS 0x00000000c1348400, 0x00000000c1300000| Untracked 
|   8|0x00000000c1400000, 0x00000000c1500000, 0x00000000c1500000|100%| O|  |TAMS 0x00000000c1400000, 0x00000000c1400000| Untracked 
|   9|0x00000000c1500000, 0x00000000c1518400, 0x00000000c1600000|  9%| O|  |TAMS 0x00000000c1500000, 0x00000000c1500000| Untracked 
|  10|0x00000000c1600000, 0x00000000c1700000, 0x00000000c1700000|100%| O|  |TAMS 0x00000000c1600000, 0x00000000c1600000| Untracked 
|  11|0x00000000c1700000, 0x00000000c179da00, 0x00000000c1800000| 61%| O|  |TAMS 0x00000000c1700000, 0x00000000c1700000| Untracked 
|  12|0x00000000c1800000, 0x00000000c1800000, 0x00000000c1900000|  0%| F|  |TAMS 0x00000000c1800000, 0x00000000c1800000| Untracked 
|  13|0x00000000c1900000, 0x00000000c1900000, 0x00000000c1a00000|  0%| F|  |TAMS 0x00000000c1900000, 0x00000000c1900000| Untracked 
|  14|0x00000000c1a00000, 0x00000000c1a00000, 0x00000000c1b00000|  0%| F|  |TAMS 0x00000000c1a00000, 0x00000000c1a00000| Untracked 
|  15|0x00000000c1b00000, 0x00000000c1b00000, 0x00000000c1c00000|  0%| F|  |TAMS 0x00000000c1b00000, 0x00000000c1b00000| Untracked 
|  16|0x00000000c1c00000, 0x00000000c1c00000, 0x00000000c1d00000|  0%| F|  |TAMS 0x00000000c1c00000, 0x00000000c1c00000| Untracked 
|  17|0x00000000c1d00000, 0x00000000c1d00000, 0x00000000c1e00000|  0%| F|  |TAMS 0x00000000c1d00000, 0x00000000c1d00000| Untracked 
|  18|0x00000000c1e00000, 0x00000000c1eb49f0, 0x00000000c1f00000| 70%| S|CS|TAMS 0x00000000c1e00000, 0x00000000c1e00000| Complete 
|  19|0x00000000c1f00000, 0x00000000c2000000, 0x00000000c2000000|100%| S|CS|TAMS 0x00000000c1f00000, 0x00000000c1f00000| Complete 
|  20|0x00000000c2000000, 0x00000000c2100000, 0x00000000c2100000|100%| S|CS|TAMS 0x00000000c2000000, 0x00000000c2000000| Complete 
|  21|0x00000000c2100000, 0x00000000c2200000, 0x00000000c2200000|100%| S|CS|TAMS 0x00000000c2100000, 0x00000000c2100000| Complete 
|  22|0x00000000c2200000, 0x00000000c2300000, 0x00000000c2300000|100%| S|CS|TAMS 0x00000000c2200000, 0x00000000c2200000| Complete 
|  23|0x00000000c2300000, 0x00000000c2300000, 0x00000000c2400000|  0%| F|  |TAMS 0x00000000c2300000, 0x00000000c2300000| Untracked 
|  24|0x00000000c2400000, 0x00000000c2400000, 0x00000000c2500000|  0%| F|  |TAMS 0x00000000c2400000, 0x00000000c2400000| Untracked 
|  25|0x00000000c2500000, 0x00000000c2500000, 0x00000000c2600000|  0%| F|  |TAMS 0x00000000c2500000, 0x00000000c2500000| Untracked 
|  26|0x00000000c2600000, 0x00000000c2600000, 0x00000000c2700000|  0%| F|  |TAMS 0x00000000c2600000, 0x00000000c2600000| Untracked 
|  27|0x00000000c2700000, 0x00000000c2700000, 0x00000000c2800000|  0%| F|  |TAMS 0x00000000c2700000, 0x00000000c2700000| Untracked 
|  28|0x00000000c2800000, 0x00000000c2800000, 0x00000000c2900000|  0%| F|  |TAMS 0x00000000c2800000, 0x00000000c2800000| Untracked 
|  29|0x00000000c2900000, 0x00000000c2900000, 0x00000000c2a00000|  0%| F|  |TAMS 0x00000000c2900000, 0x00000000c2900000| Untracked 
|  30|0x00000000c2a00000, 0x00000000c2a00000, 0x00000000c2b00000|  0%| F|  |TAMS 0x00000000c2a00000, 0x00000000c2a00000| Untracked 
|  31|0x00000000c2b00000, 0x00000000c2b00000, 0x00000000c2c00000|  0%| F|  |TAMS 0x00000000c2b00000, 0x00000000c2b00000| Untracked 
|  32|0x00000000c2c00000, 0x00000000c2c00000, 0x00000000c2d00000|  0%| F|  |TAMS 0x00000000c2c00000, 0x00000000c2c00000| Untracked 
|  33|0x00000000c2d00000, 0x00000000c2d00000, 0x00000000c2e00000|  0%| F|  |TAMS 0x00000000c2d00000, 0x00000000c2d00000| Untracked 
|  34|0x00000000c2e00000, 0x00000000c2e00000, 0x00000000c2f00000|  0%| F|  |TAMS 0x00000000c2e00000, 0x00000000c2e00000| Untracked 
|  35|0x00000000c2f00000, 0x00000000c2f00000, 0x00000000c3000000|  0%| F|  |TAMS 0x00000000c2f00000, 0x00000000c2f00000| Untracked 
|  36|0x00000000c3000000, 0x00000000c3000000, 0x00000000c3100000|  0%| F|  |TAMS 0x00000000c3000000, 0x00000000c3000000| Untracked 
|  37|0x00000000c3100000, 0x00000000c3100000, 0x00000000c3200000|  0%| F|  |TAMS 0x00000000c3100000, 0x00000000c3100000| Untracked 
|  38|0x00000000c3200000, 0x00000000c3200000, 0x00000000c3300000|  0%| F|  |TAMS 0x00000000c3200000, 0x00000000c3200000| Untracked 
|  39|0x00000000c3300000, 0x00000000c3300000, 0x00000000c3400000|  0%| F|  |TAMS 0x00000000c3300000, 0x00000000c3300000| Untracked 
|  40|0x00000000c3400000, 0x00000000c3400000, 0x00000000c3500000|  0%| F|  |TAMS 0x00000000c3400000, 0x00000000c3400000| Untracked 
|  41|0x00000000c3500000, 0x00000000c3500000, 0x00000000c3600000|  0%| F|  |TAMS 0x00000000c3500000, 0x00000000c3500000| Untracked 
|  42|0x00000000c3600000, 0x00000000c3600000, 0x00000000c3700000|  0%| F|  |TAMS 0x00000000c3600000, 0x00000000c3600000| Untracked 
|  43|0x00000000c3700000, 0x00000000c3700000, 0x00000000c3800000|  0%| F|  |TAMS 0x00000000c3700000, 0x00000000c3700000| Untracked 
|  44|0x00000000c3800000, 0x00000000c3800000, 0x00000000c3900000|  0%| F|  |TAMS 0x00000000c3800000, 0x00000000c3800000| Untracked 
|  45|0x00000000c3900000, 0x00000000c3900000, 0x00000000c3a00000|  0%| F|  |TAMS 0x00000000c3900000, 0x00000000c3900000| Untracked 
|  46|0x00000000c3a00000, 0x00000000c3a00000, 0x00000000c3b00000|  0%| F|  |TAMS 0x00000000c3a00000, 0x00000000c3a00000| Untracked 
|  47|0x00000000c3b00000, 0x00000000c3b00000, 0x00000000c3c00000|  0%| F|  |TAMS 0x00000000c3b00000, 0x00000000c3b00000| Untracked 
|  48|0x00000000c3c00000, 0x00000000c3c00000, 0x00000000c3d00000|  0%| F|  |TAMS 0x00000000c3c00000, 0x00000000c3c00000| Untracked 
|  49|0x00000000c3d00000, 0x00000000c3d00000, 0x00000000c3e00000|  0%| F|  |TAMS 0x00000000c3d00000, 0x00000000c3d00000| Untracked 
|  50|0x00000000c3e00000, 0x00000000c3e00000, 0x00000000c3f00000|  0%| F|  |TAMS 0x00000000c3e00000, 0x00000000c3e00000| Untracked 
|  51|0x00000000c3f00000, 0x00000000c3f00000, 0x00000000c4000000|  0%| F|  |TAMS 0x00000000c3f00000, 0x00000000c3f00000| Untracked 
|  52|0x00000000c4000000, 0x00000000c40ba348, 0x00000000c4100000| 72%| E|  |TAMS 0x00000000c4000000, 0x00000000c4000000| Complete 
|  53|0x00000000c4100000, 0x00000000c4200000, 0x00000000c4200000|100%| E|CS|TAMS 0x00000000c4100000, 0x00000000c4100000| Complete 
|  54|0x00000000c4200000, 0x00000000c4300000, 0x00000000c4300000|100%| E|CS|TAMS 0x00000000c4200000, 0x00000000c4200000| Complete 
|  62|0x00000000c4a00000, 0x00000000c4b00000, 0x00000000c4b00000|100%| E|CS|TAMS 0x00000000c4a00000, 0x00000000c4a00000| Complete 
|  63|0x00000000c4b00000, 0x00000000c4c00000, 0x00000000c4c00000|100%| E|CS|TAMS 0x00000000c4b00000, 0x00000000c4b00000| Complete 

Card table byte_map: [0x000001b7a54b0000,0x000001b7a56b0000] _byte_map_base: 0x000001b7a4eaa000

Marking Bits (Prev, Next): (CMBitMap*) 0x000001b79a9d9170, (CMBitMap*) 0x000001b79a9d9130
 Prev Bits: [0x000001b7a6880000, 0x000001b7a7850000)
 Next Bits: [0x000001b7a58b0000, 0x000001b7a6880000)

Polling page: 0x000001b798860000

Metaspace:

Usage:
  Non-class:     21.09 MB used.
      Class:      3.45 MB used.
       Both:     24.54 MB used.

Virtual space:
  Non-class space:       64.00 MB reserved,      21.19 MB ( 33%) committed,  1 nodes.
      Class space:        1.00 GB reserved,       3.56 MB ( <1%) committed,  1 nodes.
             Both:        1.06 GB reserved,      24.75 MB (  2%) committed. 

Chunk freelists:
   Non-Class:  9.92 MB
       Class:  12.31 MB
        Both:  22.23 MB

MaxMetaspaceSize: unlimited
CompressedClassSpaceSize: 1.00 GB
Initial GC threshold: 21.00 MB
Current GC threshold: 35.31 MB
CDS: on
MetaspaceReclaimPolicy: balanced
 - commit_granule_bytes: 65536.
 - commit_granule_words: 8192.
 - virtual_space_node_default_size: 8388608.
 - enlarge_chunks_in_place: 1.
 - new_chunks_are_fully_committed: 0.
 - uncommit_free_chunks: 1.
 - use_allocation_guard: 0.
 - handle_deallocations: 1.


Internal statistics:

num_allocs_failed_limit: 3.
num_arena_births: 284.
num_arena_deaths: 0.
num_vsnodes_births: 2.
num_vsnodes_deaths: 0.
num_space_committed: 396.
num_space_uncommitted: 0.
num_chunks_returned_to_freelist: 3.
num_chunks_taken_from_freelist: 1117.
num_chunk_merges: 0.
num_chunk_splits: 788.
num_chunks_enlarged: 621.
num_inconsistent_stats: 0.

CodeCache: size=49152Kb used=7340Kb max_used=7340Kb free=41811Kb
 bounds [0x000001b7a24b0000, 0x000001b7a2be0000, 0x000001b7a54b0000]
 total_blobs=3721 nmethods=3209 adapters=437
 compilation: enabled
              stopped_count=0, restarted_count=0
 full_count=0

Compilation events (20 events):
Event: 6.374 Thread 0x000001b7f00a7ef0 nmethod 3200 0x000001b7a2bd5690 code [0x000001b7a2bd5840, 0x000001b7a2bd5a58]
Event: 6.375 Thread 0x000001b7f00a7ef0 3201       1       org.springframework.core.annotation.TypeMappedAnnotations$IsPresent::get (60 bytes)
Event: 6.375 Thread 0x000001b7a9cc0240 3202       1       org.springframework.core.annotation.AnnotationsProcessor::finish (2 bytes)
Event: 6.375 Thread 0x000001b7ef02b2f0 nmethod 3199 0x000001b7a2bd5b90 code [0x000001b7a2bd5de0, 0x000001b7a2bd63f8]
Event: 6.375 Thread 0x000001b7a9cc0240 nmethod 3202 0x000001b7a2bd6810 code [0x000001b7a2bd69a0, 0x000001b7a2bd6a78]
Event: 6.376 Thread 0x000001b7a9cc0240 3203   !   1       org.springframework.context.annotation.ConfigurationClassUtils::checkConfigurationClassCandidate (315 bytes)
Event: 6.376 Thread 0x000001b7f00a7ef0 nmethod 3201 0x000001b7a2bd6b10 code [0x000001b7a2bd6cc0, 0x000001b7a2bd6f58]
Event: 6.377 Thread 0x000001b7f00a7ef0 3204       1       org.springframework.core.annotation.AnnotationTypeMapping::getMappedAnnotationValue (52 bytes)
Event: 6.377 Thread 0x000001b7f00a7ef0 nmethod 3204 0x000001b7a2bd7010 code [0x000001b7a2bd71e0, 0x000001b7a2bd73c8]
Event: 6.381 Thread 0x000001b7a9cc0240 nmethod 3203 0x000001b7a2bd7590 code [0x000001b7a2bd7980, 0x000001b7a2bd8d48]
Event: 6.382 Thread 0x000001b7a9cc0240 3205       1       org.springframework.beans.factory.support.AbstractBeanDefinition::isSingleton (31 bytes)
Event: 6.382 Thread 0x000001b7a9cc0240 nmethod 3205 0x000001b7a2bd9810 code [0x000001b7a2bd99c0, 0x000001b7a2bd9af8]
Event: 6.389 Thread 0x000001b7a9cc0240 3206       1       java.util.ArrayList$ArrayListSpliterator::characteristics (4 bytes)
Event: 6.389 Thread 0x000001b7a9cc0240 nmethod 3206 0x000001b7a2bd9b90 code [0x000001b7a2bd9d20, 0x000001b7a2bd9df8]
Event: 6.391 Thread 0x000001b7a9cc0240 3207       1       org.springframework.beans.factory.support.AbstractBeanDefinition::resolveBeanClass (24 bytes)
Event: 6.391 Thread 0x000001b7f00a7ef0 3208       1       org.springframework.core.type.classreading.SimpleAnnotationMetadata::getAnnotatedMethods (67 bytes)
Event: 6.392 Thread 0x000001b7ef02b2f0 3209       1       org.springframework.context.annotation.ConfigurationClassBeanDefinitionReader$ConfigurationClassBeanDefinition::getFactoryMethodMetadata (5 bytes)
Event: 6.392 Thread 0x000001b7a9cc0240 nmethod 3207 0x000001b7a2bd9e90 code [0x000001b7a2bda040, 0x000001b7a2bda2d8]
Event: 6.392 Thread 0x000001b7ef02b2f0 nmethod 3209 0x000001b7a2bda410 code [0x000001b7a2bda5a0, 0x000001b7a2bda678]
Event: 6.393 Thread 0x000001b7f00a7ef0 nmethod 3208 0x000001b7a2bda710 code [0x000001b7a2bda940, 0x000001b7a2bdae38]

GC Heap History (12 events):
Event: 1.570 GC heap before
{Heap before GC invocations=0 (full 0):
 garbage-first heap   total 65536K, used 13312K [0x00000000c0c00000, 0x0000000100000000)
  region size 1024K, 13 young (13312K), 0 survivors (0K)
 Metaspace       used 4983K, committed 5184K, reserved 1114112K
  class space    used 590K, committed 704K, reserved 1048576K
}
Event: 1.589 GC heap after
{Heap after GC invocations=1 (full 0):
 garbage-first heap   total 65536K, used 7365K [0x00000000c0c00000, 0x0000000100000000)
  region size 1024K, 2 young (2048K), 2 survivors (2048K)
 Metaspace       used 4983K, committed 5184K, reserved 1114112K
  class space    used 590K, committed 704K, reserved 1048576K
}
Event: 2.073 GC heap before
{Heap before GC invocations=1 (full 0):
 garbage-first heap   total 65536K, used 14533K [0x00000000c0c00000, 0x0000000100000000)
  region size 1024K, 9 young (9216K), 2 survivors (2048K)
 Metaspace       used 6913K, committed 7104K, reserved 1114112K
  class space    used 865K, committed 960K, reserved 1048576K
}
Event: 2.082 GC heap after
{Heap after GC invocations=2 (full 0):
 garbage-first heap   total 65536K, used 8011K [0x00000000c0c00000, 0x0000000100000000)
  region size 1024K, 1 young (1024K), 1 survivors (1024K)
 Metaspace       used 6913K, committed 7104K, reserved 1114112K
  class space    used 865K, committed 960K, reserved 1048576K
}
Event: 3.280 GC heap before
{Heap before GC invocations=2 (full 0):
 garbage-first heap   total 65536K, used 28491K [0x00000000c0c00000, 0x0000000100000000)
  region size 1024K, 21 young (21504K), 1 survivors (1024K)
 Metaspace       used 11263K, committed 11520K, reserved 1114112K
  class space    used 1558K, committed 1664K, reserved 1048576K
}
Event: 3.286 GC heap after
{Heap after GC invocations=3 (full 0):
 garbage-first heap   total 65536K, used 9417K [0x00000000c0c00000, 0x0000000100000000)
  region size 1024K, 2 young (2048K), 2 survivors (2048K)
 Metaspace       used 11263K, committed 11520K, reserved 1114112K
  class space    used 1558K, committed 1664K, reserved 1048576K
}
Event: 4.151 GC heap before
{Heap before GC invocations=3 (full 0):
 garbage-first heap   total 65536K, used 39113K [0x00000000c0c00000, 0x0000000100000000)
  region size 1024K, 32 young (32768K), 2 survivors (2048K)
 Metaspace       used 17291K, committed 17536K, reserved 1114112K
  class space    used 2398K, committed 2496K, reserved 1048576K
}
Event: 4.163 GC heap after
{Heap after GC invocations=4 (full 0):
 garbage-first heap   total 65536K, used 11069K [0x00000000c0c00000, 0x0000000100000000)
  region size 1024K, 4 young (4096K), 4 survivors (4096K)
 Metaspace       used 17291K, committed 17536K, reserved 1114112K
  class space    used 2398K, committed 2496K, reserved 1048576K
}
Event: 4.775 GC heap before
{Heap before GC invocations=4 (full 0):
 garbage-first heap   total 65536K, used 34621K [0x00000000c0c00000, 0x0000000100000000)
  region size 1024K, 29 young (29696K), 4 survivors (4096K)
 Metaspace       used 21249K, committed 21504K, reserved 1114112K
  class space    used 2920K, committed 3008K, reserved 1048576K
}
Event: 4.790 GC heap after
{Heap after GC invocations=5 (full 0):
 garbage-first heap   total 65536K, used 13557K [0x00000000c0c00000, 0x0000000100000000)
  region size 1024K, 5 young (5120K), 5 survivors (5120K)
 Metaspace       used 21249K, committed 21504K, reserved 1114112K
  class space    used 2920K, committed 3008K, reserved 1048576K
}
Event: 6.148 GC heap before
{Heap before GC invocations=6 (full 0):
 garbage-first heap   total 58368K, used 43253K [0x00000000c0c00000, 0x0000000100000000)
  region size 1024K, 34 young (34816K), 5 survivors (5120K)
 Metaspace       used 24588K, committed 24832K, reserved 1114112K
  class space    used 3441K, committed 3584K, reserved 1048576K
}
Event: 6.170 GC heap after
{Heap after GC invocations=7 (full 0):
 garbage-first heap   total 58368K, used 15785K [0x00000000c0c00000, 0x0000000100000000)
  region size 1024K, 5 young (5120K), 5 survivors (5120K)
 Metaspace       used 24588K, committed 24832K, reserved 1114112K
  class space    used 3441K, committed 3584K, reserved 1048576K
}

Dll operation events (13 events):
Event: 0.026 Loaded shared library C:\Users\Willy.nyawira\.jdks\corretto-17.0.11\bin\java.dll
Event: 0.079 Loaded shared library C:\Users\Willy.nyawira\.jdks\corretto-17.0.11\bin\jsvml.dll
Event: 0.443 Loaded shared library C:\Users\Willy.nyawira\.jdks\corretto-17.0.11\bin\zip.dll
Event: 0.448 Loaded shared library C:\Users\Willy.nyawira\.jdks\corretto-17.0.11\bin\instrument.dll
Event: 0.461 Loaded shared library C:\Users\Willy.nyawira\.jdks\corretto-17.0.11\bin\net.dll
Event: 0.466 Loaded shared library C:\Users\Willy.nyawira\.jdks\corretto-17.0.11\bin\nio.dll
Event: 0.476 Loaded shared library C:\Users\Willy.nyawira\.jdks\corretto-17.0.11\bin\zip.dll
Event: 0.679 Loaded shared library C:\Program Files\JetBrains\IntelliJ IDEA 2024.1.1\bin\breakgen64.dll
Event: 0.691 Loaded shared library C:\Users\Willy.nyawira\.jdks\corretto-17.0.11\bin\jimage.dll
Event: 0.710 Loaded shared library C:\Users\Willy.nyawira\.jdks\corretto-17.0.11\bin\extnet.dll
Event: 0.739 Loaded shared library C:\Users\Willy.nyawira\.jdks\corretto-17.0.11\bin\management.dll
Event: 0.769 Loaded shared library C:\Users\Willy.nyawira\.jdks\corretto-17.0.11\bin\management_ext.dll
Event: 4.865 Loaded shared library C:\Users\Willy.nyawira\.jdks\corretto-17.0.11\bin\sunmscapi.dll

Deoptimization events (0 events):
No events

Classes unloaded (0 events):
No events

Classes redefined (0 events):
No events

Internal exceptions (20 events):
Event: 3.086 Thread 0x000001b79a99bba0 Exception <a 'java/lang/NoSuchMethodError'{0x00000000c3a09d50}: 'java.lang.Object java.lang.invoke.DirectMethodHandle$Holder.invokeStatic(java.lang.Object, java.lang.Object, long, java.lang.Object)'> (0x00000000c3a09d50) 
thrown [s\src\hotspot\share\interpreter\linkResolver.cpp, line 759]
Event: 3.086 Thread 0x000001b79a99bba0 Exception <a 'java/lang/NoSuchMethodError'{0x00000000c3a0d7e8}: 'java.lang.Object java.lang.invoke.DirectMethodHandle$Holder.invokeStaticInit(java.lang.Object, java.lang.Object, long, java.lang.Object)'> (0x00000000c3a0d7e8) 
thrown [s\src\hotspot\share\interpreter\linkResolver.cpp, line 759]
Event: 3.088 Thread 0x000001b79a99bba0 Exception <a 'java/lang/NoSuchMethodError'{0x00000000c3a13df8}: 'java.lang.Object java.lang.invoke.DirectMethodHandle$Holder.newInvokeSpecial(java.lang.Object, java.lang.Object, long)'> (0x00000000c3a13df8) 
thrown [s\src\hotspot\share\interpreter\linkResolver.cpp, line 759]
Event: 3.088 Thread 0x000001b79a99bba0 Exception <a 'java/lang/NoSuchMethodError'{0x00000000c3a17968}: 'java.lang.Object java.lang.invoke.Invokers$Holder.linkToTargetMethod(java.lang.Object, long, java.lang.Object)'> (0x00000000c3a17968) 
thrown [s\src\hotspot\share\interpreter\linkResolver.cpp, line 759]
Event: 3.117 Thread 0x000001b79a99bba0 Exception <a 'java/lang/NoSuchMethodError'{0x00000000c3a73120}: 'void java.lang.invoke.DirectMethodHandle$Holder.invokeVirtual(java.lang.Object, java.lang.Object, java.lang.Object, java.lang.Object)'> (0x00000000c3a73120) 
thrown [s\src\hotspot\share\interpreter\linkResolver.cpp, line 759]
Event: 3.219 Thread 0x000001b79a99bba0 Exception <a 'java/lang/NoSuchMethodError'{0x00000000c3801110}: 'void java.lang.invoke.DirectMethodHandle$Holder.invokeSpecial(java.lang.Object, java.lang.Object, java.lang.Object)'> (0x00000000c3801110) 
thrown [s\src\hotspot\share\interpreter\linkResolver.cpp, line 759]
Event: 3.234 Thread 0x000001b79a99bba0 Exception <a 'java/lang/IncompatibleClassChangeError'{0x00000000c3830f20}: Found class java.lang.Object, but interface was expected> (0x00000000c3830f20) 
thrown [s\src\hotspot\share\interpreter\linkResolver.cpp, line 826]
Event: 3.873 Thread 0x000001b79a99bba0 Exception <a 'sun/nio/fs/WindowsException'{0x00000000c38a4298}> (0x00000000c38a4298) 
thrown [s\src\hotspot\share\prims\jni.cpp, line 516]
Event: 3.874 Thread 0x000001b79a99bba0 Exception <a 'java/lang/NoSuchMethodError'{0x00000000c38a5fd8}: 'int java.lang.invoke.DirectMethodHandle$Holder.invokeSpecial(java.lang.Object, java.lang.Object, java.lang.Object, java.lang.Object, java.lang.Object)'> (0x00000000c38a5fd8) 
thrown [s\src\hotspot\share\interpreter\linkResolver.cpp, line 759]
Event: 3.878 Thread 0x000001b79a99bba0 Exception <a 'java/lang/NoSuchMethodError'{0x00000000c38aec90}: 'void java.lang.invoke.DirectMethodHandle$Holder.invokeVirtual(java.lang.Object, java.lang.Object)'> (0x00000000c38aec90) 
thrown [s\src\hotspot\share\interpreter\linkResolver.cpp, line 759]
Event: 4.421 Thread 0x000001b79a99bba0 Exception <a 'java/lang/IncompatibleClassChangeError'{0x00000000c417be70}: Found class java.lang.Object, but interface was expected> (0x00000000c417be70) 
thrown [s\src\hotspot\share\interpreter\linkResolver.cpp, line 826]
Event: 4.706 Thread 0x000001b7efa62080 Exception <a 'java/lang/NoSuchMethodError'{0x00000000c36e0370}: 'long java.lang.invoke.DirectMethodHandle$Holder.invokeSpecial(java.lang.Object, java.lang.Object)'> (0x00000000c36e0370) 
thrown [s\src\hotspot\share\interpreter\linkResolver.cpp, line 759]
Event: 4.710 Thread 0x000001b7efa62080 Exception <a 'java/lang/NoSuchMethodError'{0x00000000c36eb240}: 'long java.lang.invoke.DirectMethodHandle$Holder.invokeStatic(java.lang.Object, java.lang.Object)'> (0x00000000c36eb240) 
thrown [s\src\hotspot\share\interpreter\linkResolver.cpp, line 759]
Event: 4.710 Thread 0x000001b7efa62080 Exception <a 'java/lang/NoSuchMethodError'{0x00000000c36ee840}: 'long java.lang.invoke.DirectMethodHandle$Holder.invokeStaticInit(java.lang.Object, java.lang.Object)'> (0x00000000c36ee840) 
thrown [s\src\hotspot\share\interpreter\linkResolver.cpp, line 759]
Event: 4.715 Thread 0x000001b7efa62080 Exception <a 'java/lang/NoSuchMethodError'{0x00000000c36fc368}: 'long java.lang.invoke.DirectMethodHandle$Holder.invokeInterface(java.lang.Object, java.lang.Object)'> (0x00000000c36fc368) 
thrown [s\src\hotspot\share\interpreter\linkResolver.cpp, line 759]
Event: 4.715 Thread 0x000001b7efa62080 Exception <a 'java/lang/IncompatibleClassChangeError'{0x00000000c36ff8f8}: Found class java.lang.Object, but interface was expected> (0x00000000c36ff8f8) 
thrown [s\src\hotspot\share\interpreter\linkResolver.cpp, line 826]
Event: 4.750 Thread 0x000001b7efa62080 Exception <a 'java/lang/NoSuchMethodError'{0x00000000c3456df8}: 'java.lang.Object java.lang.invoke.DirectMethodHandle$Holder.invokeVirtual(java.lang.Object, java.lang.Object, java.lang.Object, java.lang.Object)'> (0x00000000c3456df8) 
thrown [s\src\hotspot\share\interpreter\linkResolver.cpp, line 759]
Event: 5.841 Thread 0x000001b79a99bba0 Exception <a 'sun/nio/fs/WindowsException'{0x00000000c27b83e0}> (0x00000000c27b83e0) 
thrown [s\src\hotspot\share\prims\jni.cpp, line 516]
Event: 5.919 Thread 0x000001b79a99bba0 Exception <a 'sun/nio/fs/WindowsException'{0x00000000c255d490}> (0x00000000c255d490) 
thrown [s\src\hotspot\share\prims\jni.cpp, line 516]
Event: 5.930 Thread 0x000001b79a99bba0 Exception <a 'java/lang/NoSuchMethodError'{0x00000000c258eb90}: 'java.lang.Object java.lang.invoke.DirectMethodHandle$Holder.invokeSpecialIFC(java.lang.Object, java.lang.Object, java.lang.Object)'> (0x00000000c258eb90) 
thrown [s\src\hotspot\share\interpreter\linkResolver.cpp, line 759]

VM Operations (20 events):
Event: 4.837 Executing VM operation: G1PauseCleanup
Event: 4.837 Executing VM operation: G1PauseCleanup done
Event: 4.882 Executing VM operation: HandshakeAllThreads
Event: 4.882 Executing VM operation: HandshakeAllThreads done
Event: 5.818 Executing VM operation: HandshakeAllThreads
Event: 5.818 Executing VM operation: HandshakeAllThreads done
Event: 5.819 Executing VM operation: HandshakeAllThreads
Event: 5.819 Executing VM operation: HandshakeAllThreads done
Event: 5.828 Executing VM operation: HandshakeAllThreads
Event: 5.828 Executing VM operation: HandshakeAllThreads done
Event: 5.831 Executing VM operation: HandshakeAllThreads
Event: 5.831 Executing VM operation: HandshakeAllThreads done
Event: 5.833 Executing VM operation: HandshakeAllThreads
Event: 5.833 Executing VM operation: HandshakeAllThreads done
Event: 5.854 Executing VM operation: ICBufferFull
Event: 5.854 Executing VM operation: ICBufferFull done
Event: 5.966 Executing VM operation: HandshakeAllThreads
Event: 5.966 Executing VM operation: HandshakeAllThreads done
Event: 6.148 Executing VM operation: G1CollectForAllocation
Event: 6.170 Executing VM operation: G1CollectForAllocation done

Events (20 events):
Event: 5.675 loading class java/lang/ClassFormatError done
Event: 5.675 loading class java/lang/UnsupportedClassVersionError done
Event: 5.827 loading class java/util/Collections$UnmodifiableMap$UnmodifiableEntrySet
Event: 5.828 loading class java/util/Collections$UnmodifiableMap$UnmodifiableEntrySet done
Event: 5.828 loading class java/util/Collections$UnmodifiableMap$UnmodifiableEntrySet$1
Event: 5.828 loading class java/util/Collections$UnmodifiableMap$UnmodifiableEntrySet$1 done
Event: 5.828 loading class java/util/Collections$UnmodifiableMap$UnmodifiableEntrySet$UnmodifiableEntry
Event: 5.828 loading class java/util/Collections$UnmodifiableMap$UnmodifiableEntrySet$UnmodifiableEntry done
Event: 5.898 loading class java/util/stream/Streams$ConcatSpliterator$OfRef
Event: 5.898 loading class java/util/stream/Streams$ConcatSpliterator
Event: 5.898 loading class java/util/stream/Streams$ConcatSpliterator done
Event: 5.898 loading class java/util/stream/Streams$ConcatSpliterator$OfRef done
Event: 5.898 loading class java/util/stream/Streams$2
Event: 5.898 loading class java/util/stream/Streams$2 done
Event: 5.952 loading class java/util/stream/ReferencePipeline$15
Event: 5.952 loading class java/util/stream/ReferencePipeline$15 done
Event: 5.957 loading class java/util/stream/ReferencePipeline$15$1
Event: 5.957 loading class java/util/stream/ReferencePipeline$15$1 done
Event: 6.360 loading class java/net/SocketException
Event: 6.360 loading class java/net/SocketException done


Dynamic libraries:
0x00007ff768680000 - 0x00007ff76868e000 	C:\Users\Willy.nyawira\.jdks\corretto-17.0.11\bin\java.exe
0x00007ff9d9950000 - 0x00007ff9d9b48000 	C:\WINDOWS\SYSTEM32\ntdll.dll
0x00007ff9d82a0000 - 0x00007ff9d835d000 	C:\WINDOWS\System32\KERNEL32.DLL
0x00007ff9d7540000 - 0x00007ff9d7836000 	C:\WINDOWS\System32\KERNELBASE.dll
0x00007ff9d7410000 - 0x00007ff9d7510000 	C:\WINDOWS\System32\ucrtbase.dll
0x00007ff9d2ac0000 - 0x00007ff9d2adb000 	C:\Users\Willy.nyawira\.jdks\corretto-17.0.11\bin\VCRUNTIME140.dll
0x00007ff9d2aa0000 - 0x00007ff9d2ab7000 	C:\Users\Willy.nyawira\.jdks\corretto-17.0.11\bin\jli.dll
0x00007ff9d9620000 - 0x00007ff9d97bf000 	C:\WINDOWS\System32\USER32.dll
0x00007ff9d7510000 - 0x00007ff9d7532000 	C:\WINDOWS\System32\win32u.dll
0x00007ff9c39f0000 - 0x00007ff9c3c8a000 	C:\WINDOWS\WinSxS\amd64_microsoft.windows.common-controls_6595b64144ccf1df_6.0.19041.4355_none_60b8b9eb71f62e16\COMCTL32.dll
0x00007ff9d8360000 - 0x00007ff9d838b000 	C:\WINDOWS\System32\GDI32.dll
0x00007ff9d9580000 - 0x00007ff9d961e000 	C:\WINDOWS\System32\msvcrt.dll
0x00007ff9d7000000 - 0x00007ff9d7117000 	C:\WINDOWS\System32\gdi32full.dll
0x00007ff9d7170000 - 0x00007ff9d720d000 	C:\WINDOWS\System32\msvcp_win.dll
0x00007ff9d8800000 - 0x00007ff9d8832000 	C:\WINDOWS\System32\IMM32.DLL
0x00007ff9d2a90000 - 0x00007ff9d2a9c000 	C:\Users\Willy.nyawira\.jdks\corretto-17.0.11\bin\vcruntime140_1.dll
0x00007ff9cc9f0000 - 0x00007ff9cca7d000 	C:\Users\Willy.nyawira\.jdks\corretto-17.0.11\bin\msvcp140.dll
0x00007ff9ac4d0000 - 0x00007ff9ad132000 	C:\Users\Willy.nyawira\.jdks\corretto-17.0.11\bin\server\jvm.dll
0x00007ff9d7a70000 - 0x00007ff9d7b20000 	C:\WINDOWS\System32\ADVAPI32.dll
0x00007ff9d97c0000 - 0x00007ff9d9860000 	C:\WINDOWS\System32\sechost.dll
0x00007ff9d7ba0000 - 0x00007ff9d7cc3000 	C:\WINDOWS\System32\RPCRT4.dll
0x00007ff9d73e0000 - 0x00007ff9d7407000 	C:\WINDOWS\System32\bcrypt.dll
0x00007ff9d6e50000 - 0x00007ff9d6e9b000 	C:\WINDOWS\SYSTEM32\POWRPROF.dll
0x00007ff9c72f0000 - 0x00007ff9c72f9000 	C:\WINDOWS\SYSTEM32\WSOCK32.dll
0x00007ff9d7cd0000 - 0x00007ff9d7d3b000 	C:\WINDOWS\System32\WS2_32.dll
0x00007ff9c6520000 - 0x00007ff9c6547000 	C:\WINDOWS\SYSTEM32\WINMM.dll
0x00007ff9c7fa0000 - 0x00007ff9c7faa000 	C:\WINDOWS\SYSTEM32\VERSION.dll
0x00007ff9d6e30000 - 0x00007ff9d6e42000 	C:\WINDOWS\SYSTEM32\UMPDC.dll
0x00007ff9d4e40000 - 0x00007ff9d4e52000 	C:\WINDOWS\SYSTEM32\kernel.appcore.dll
0x00007ff9d2a80000 - 0x00007ff9d2a8a000 	C:\Users\Willy.nyawira\.jdks\corretto-17.0.11\bin\jimage.dll
0x00007ff9c4850000 - 0x00007ff9c4a34000 	C:\WINDOWS\SYSTEM32\DBGHELP.DLL
0x00007ff9c09a0000 - 0x00007ff9c09d4000 	C:\WINDOWS\SYSTEM32\dbgcore.DLL
0x00007ff9d78f0000 - 0x00007ff9d7972000 	C:\WINDOWS\System32\bcryptPrimitives.dll
0x00007ff9d29f0000 - 0x00007ff9d29fe000 	C:\Users\Willy.nyawira\.jdks\corretto-17.0.11\bin\instrument.dll
0x00007ff9d2a20000 - 0x00007ff9d2a45000 	C:\Users\Willy.nyawira\.jdks\corretto-17.0.11\bin\java.dll
0x00007ff9c2de0000 - 0x00007ff9c2eb7000 	C:\Users\Willy.nyawira\.jdks\corretto-17.0.11\bin\jsvml.dll
0x00007ff9d8db0000 - 0x00007ff9d951b000 	C:\WINDOWS\System32\SHELL32.dll
0x00007ff9d5040000 - 0x00007ff9d57dd000 	C:\WINDOWS\SYSTEM32\windows.storage.dll
0x00007ff9d7da0000 - 0x00007ff9d80f3000 	C:\WINDOWS\System32\combase.dll
0x00007ff9d6870000 - 0x00007ff9d689e000 	C:\WINDOWS\SYSTEM32\Wldp.dll
0x00007ff9d88d0000 - 0x00007ff9d899d000 	C:\WINDOWS\System32\OLEAUT32.dll
0x00007ff9d9860000 - 0x00007ff9d990d000 	C:\WINDOWS\System32\SHCORE.dll
0x00007ff9d8120000 - 0x00007ff9d8175000 	C:\WINDOWS\System32\shlwapi.dll
0x00007ff9d6f30000 - 0x00007ff9d6f54000 	C:\WINDOWS\SYSTEM32\profapi.dll
0x00007ff9d29a0000 - 0x00007ff9d29b8000 	C:\Users\Willy.nyawira\.jdks\corretto-17.0.11\bin\zip.dll
0x00007ff9d2a60000 - 0x00007ff9d2a79000 	C:\Users\Willy.nyawira\.jdks\corretto-17.0.11\bin\net.dll
0x00007ff9cb7b0000 - 0x00007ff9cb8ba000 	C:\WINDOWS\SYSTEM32\WINHTTP.dll
0x00007ff9d6650000 - 0x00007ff9d66ba000 	C:\WINDOWS\system32\mswsock.dll
0x00007ff9d2a00000 - 0x00007ff9d2a16000 	C:\Users\Willy.nyawira\.jdks\corretto-17.0.11\bin\nio.dll
0x00007ff9d15c0000 - 0x00007ff9d15da000 	C:\Program Files\JetBrains\IntelliJ IDEA 2024.1.1\bin\breakgen64.dll
0x00007ff9d15b0000 - 0x00007ff9d15b9000 	C:\Users\Willy.nyawira\.jdks\corretto-17.0.11\bin\extnet.dll
0x00007ff9d6390000 - 0x00007ff9d645b000 	C:\WINDOWS\SYSTEM32\DNSAPI.dll
0x00007ff9d6350000 - 0x00007ff9d638b000 	C:\WINDOWS\SYSTEM32\IPHLPAPI.DLL
0x00007ff9d81e0000 - 0x00007ff9d81e8000 	C:\WINDOWS\System32\NSI.dll
0x00007ff9ccea0000 - 0x00007ff9cceaa000 	C:\Windows\System32\rasadhlp.dll
0x00007ff9c8a60000 - 0x00007ff9c8ae0000 	C:\WINDOWS\System32\fwpuclnt.dll
0x00007ff9ce1f0000 - 0x00007ff9ce1f9000 	C:\Users\Willy.nyawira\.jdks\corretto-17.0.11\bin\management.dll
0x00007ff9ce1e0000 - 0x00007ff9ce1eb000 	C:\Users\Willy.nyawira\.jdks\corretto-17.0.11\bin\management_ext.dll
0x00007ff9d8c80000 - 0x00007ff9d8c88000 	C:\WINDOWS\System32\PSAPI.DLL
0x00007ff9d6a10000 - 0x00007ff9d6a28000 	C:\WINDOWS\SYSTEM32\CRYPTSP.dll
0x00007ff9d5f90000 - 0x00007ff9d5fc4000 	C:\WINDOWS\system32\rsaenh.dll
0x00007ff9d6ea0000 - 0x00007ff9d6ece000 	C:\WINDOWS\SYSTEM32\USERENV.dll
0x00007ff9d67e0000 - 0x00007ff9d67ec000 	C:\WINDOWS\SYSTEM32\CRYPTBASE.dll
0x00007ff9cbe90000 - 0x00007ff9cbea7000 	C:\WINDOWS\SYSTEM32\dhcpcsvc6.DLL
0x00007ff9ccd50000 - 0x00007ff9ccd6d000 	C:\WINDOWS\SYSTEM32\dhcpcsvc.DLL
0x00007ff9c4bf0000 - 0x00007ff9c4c07000 	C:\WINDOWS\system32\napinsp.dll
0x00007ff9c4bd0000 - 0x00007ff9c4beb000 	C:\WINDOWS\system32\pnrpnsp.dll
0x00007ff9d2930000 - 0x00007ff9d294d000 	C:\WINDOWS\system32\NLAapi.dll
0x00007ff9c4bb0000 - 0x00007ff9c4bc2000 	C:\WINDOWS\System32\winrnr.dll
0x00007ff9d1d50000 - 0x00007ff9d1d65000 	C:\WINDOWS\system32\wshbth.dll
0x00007ff9ce1d0000 - 0x00007ff9ce1de000 	C:\Users\Willy.nyawira\.jdks\corretto-17.0.11\bin\sunmscapi.dll
0x00007ff9d7280000 - 0x00007ff9d73de000 	C:\WINDOWS\System32\CRYPT32.dll
0x00007ff9d68e0000 - 0x00007ff9d6909000 	C:\WINDOWS\SYSTEM32\ncrypt.dll
0x00007ff9d68a0000 - 0x00007ff9d68db000 	C:\WINDOWS\SYSTEM32\NTASN1.dll

dbghelp: loaded successfully - version: 4.0.5 - missing functions: none
symbol engine: initialized successfully - sym options: 0x614 - pdb path: .;C:\Users\Willy.nyawira\.jdks\corretto-17.0.11\bin;C:\WINDOWS\SYSTEM32;C:\WINDOWS\WinSxS\amd64_microsoft.windows.common-controls_6595b64144ccf1df_6.0.19041.4355_none_60b8b9eb71f62e16;C:\Users\Willy.nyawira\.jdks\corretto-17.0.11\bin\server;C:\Program Files\JetBrains\IntelliJ IDEA 2024.1.1\bin

VM Arguments:
jvm_args: -XX:TieredStopAtLevel=1 -Dspring.output.ansi.enabled=always -Dcom.sun.management.jmxremote -Dspring.jmx.enabled=true -Dspring.liveBeansView.mbeanDomain -Dspring.application.admin.enabled=true -Dmanagement.endpoints.jmx.exposure.include=* -javaagent:C:\Program Files\JetBrains\IntelliJ IDEA 2024.1.1\lib\idea_rt.jar=51958:C:\Program Files\JetBrains\IntelliJ IDEA 2024.1.1\bin -Dfile.encoding=UTF-8 
java_command: com.emtech.Fixed.Assets.Emtech.Fixed.Assets.EmtechFixedAssetsApplication
java_class_path (initial): C:\Users\Willy.nyawira\Desktop\AIG\Emtech-Fixed-Assets\target\classes;C:\Users\Willy.nyawira\.m2\repository\org\springframework\boot\spring-boot-starter-data-jpa\3.2.5\spring-boot-starter-data-jpa-3.2.5.jar;C:\Users\Willy.nyawira\.m2\repository\org\springframework\boot\spring-boot-starter-aop\3.2.5\spring-boot-starter-aop-3.2.5.jar;C:\Users\Willy.nyawira\.m2\repository\org\aspectj\aspectjweaver\1.9.22\aspectjweaver-1.9.22.jar;C:\Users\Willy.nyawira\.m2\repository\org\springframework\boot\spring-boot-starter-jdbc\3.2.5\spring-boot-starter-jdbc-3.2.5.jar;C:\Users\Willy.nyawira\.m2\repository\com\zaxxer\HikariCP\5.0.1\HikariCP-5.0.1.jar;C:\Users\Willy.nyawira\.m2\repository\org\springframework\spring-jdbc\6.1.6\spring-jdbc-6.1.6.jar;C:\Users\Willy.nyawira\.m2\repository\org\hibernate\orm\hibernate-core\6.4.4.Final\hibernate-core-6.4.4.Final.jar;C:\Users\Willy.nyawira\.m2\repository\jakarta\persistence\jakarta.persistence-api\3.1.0\jakarta.persistence-api-3.1.0.jar;C:\Users\Willy.nyawira\.m2\repository\jakarta\transaction\jakarta.transaction-api\2.0.1\jakarta.transaction-api-2.0.1.jar;C:\Users\Willy.nyawira\.m2\repository\org\jboss\logging\jboss-logging\3.5.3.Final\jboss-logging-3.5.3.Final.jar;C:\Users\Willy.nyawira\.m2\repository\org\hibernate\common\hibernate-commons-annotations\6.0.6.Final\hibernate-commons-annotations-6.0.6.Final.jar;C:\Users\Willy.nyawira\.m2\repository\io\smallrye\jandex\3.1.2\jandex-3.1.2.jar;C:\Users\Willy.nyawira\.m2\repository\com\fasterxml\classmate\1.6.0\classmate-1.6.0.jar;C:\Users\Willy.nyawira\.m2\repository\net\bytebuddy\byte-buddy\1.14.13\byte-buddy-1.14.13.jar;C:\Users\Willy.nyawira\.m2\repository\org\glassfish\jaxb\jaxb-runtime\4.0.5\jaxb-runtime-4.0.5.jar;C:\Users\Willy.nyawira\.m2\repository\org\glassfish\jaxb\jaxb-core\4.0.5\jaxb-core-4.0.5.jar;C:\Users\Willy.nyawira\.m2\repository\org\eclipse\angus\angus-activation\2.0.2\angus-activation-2.0.2.jar;C:\Users\Willy.nyawira\.m2\repository\org\glassfish\ja
Launcher Type: SUN_STANDARD

[Global flags]
     intx CICompilerCount                          = 3                                         {product} {ergonomic}
     uint ConcGCThreads                            = 1                                         {product} {ergonomic}
     uint G1ConcRefinementThreads                  = 4                                         {product} {ergonomic}
   size_t G1HeapRegionSize                         = 1048576                                   {product} {ergonomic}
    uintx GCDrainStackTargetSize                   = 64                                        {product} {ergonomic}
   size_t InitialHeapSize                          = 67108864                                  {product} {ergonomic}
     bool ManagementServer                         = true                                      {product} {command line}
   size_t MarkStackSize                            = 4194304                                   {product} {ergonomic}
   size_t MaxHeapSize                              = 1061158912                                {product} {ergonomic}
   size_t MaxNewSize                               = 636485632                                 {product} {ergonomic}
   size_t MinHeapDeltaBytes                        = 1048576                                   {product} {ergonomic}
   size_t MinHeapSize                              = 8388608                                   {product} {ergonomic}
    uintx NonProfiledCodeHeapSize                  = 0                                      {pd product} {ergonomic}
     bool ProfileInterpreter                       = false                                  {pd product} {command line}
    uintx ProfiledCodeHeapSize                     = 0                                      {pd product} {ergonomic}
   size_t SoftMaxHeapSize                          = 1061158912                             {manageable} {ergonomic}
     intx TieredStopAtLevel                        = 1                                         {product} {command line}
     bool UseCompressedClassPointers               = true                           {product lp64_product} {ergonomic}
     bool UseCompressedOops                        = true                           {product lp64_product} {ergonomic}
     bool UseG1GC                                  = true                                      {product} {ergonomic}
     bool UseLargePagesIndividualAllocation        = false                                  {pd product} {ergonomic}

Logging:
Log output configuration:
 #0: stdout all=warning uptime,level,tags
 #1: stderr all=off uptime,level,tags

Environment Variables:
JAVA_HOME=C:\Program Files\Java\jdk-21
PATH=C:\OraHome_2\jre\1.4.2\bin\client;C:\OraHome_2\jre\1.4.2\bin;C:\OraHome_1\bin;C:\OraHome_1\jre\1.4.2\bin\client;C:\OraHome_1\jre\1.4.2\bin;C:\DevSuiteHome_4\jdk\jre\bin\classic;C:\DevSuiteHome_4\jdk\jre\bin;C:\DevSuiteHome_4\jdk\jre\bin\client;C:\DevSuiteHome_4\jlib;C:\DevSuiteHome_4\bin;C:\DevSuiteHome_4\jre\1.4.2\bin\client;C:\DevSuiteHome_4\jre\1.4.2\bin;D:\DevSuiteHome_8\jdk\jre\bin\classic;D:\DevSuiteHome_8\jdk\jre\bin;D:\DevSuiteHome_8\jdk\jre\bin\client;D:\DevSuiteHome_8\jlib;D:\DevSuiteHome_8\bin;D:\DevSuiteHome_8\jre\1.4.2\bin\client;D:\DevSuiteHome_8\jre\1.4.2\bin;C:\oraclexe\app\oracle\product\11.2.0\server\bin;C:\Program Files\Common Files\Oracle\Java\javapath;C:\Program Files (x86)\Common Files\Oracle\Java\java8path;C:\Program Files (x86)\Common Files\Oracle\Java\javapath;C:\oraclexe\app\oracle\product\11.2.0\server\bin;C:\WINDOWS\system32;C:\WINDOWS;C:\WINDOWS\System32\Wbem;C:\WINDOWS\System32\WindowsPowerShell\v1.0\;C:\WINDOWS\System32\OpenSSH\;C:\Program Files (x86)\WinSCP\;C:\Program Files\Java\jdk-21;C:\Program Files\PuTTY\;C:\Program Files\Amazon\AWSCLIV2\;C:\Users\Willy.nyawira\AppData\Local\Programs\Microsoft VS Code\bin;C:\Program Files\heroku\bin;C:\Program Files\JetBrains\IntelliJ IDEA 2024.1.1\bin;;C:\Program Files\Java\jdk-21;C:\xampp\mysql\bin;
USERNAME=Willy.nyawira
OS=Windows_NT
PROCESSOR_IDENTIFIER=Intel64 Family 6 Model 42 Stepping 7, GenuineIntel
TMP=C:\Users\WILLY~1.NYA\AppData\Local\Temp
TEMP=C:\Users\WILLY~1.NYA\AppData\Local\Temp



Periodic native trim disabled


---------------  S Y S T E M  ---------------

OS:
 Windows 10 , 64 bit Build 19041 (10.0.19041.3636)
OS uptime: 0 days 2:31 hours
Hyper-V role detected

CPU: total 4 (initial active 4) (2 cores per cpu, 2 threads per core) family 6 model 42 stepping 7 microcode 0x2f, cx8, cmov, fxsr, ht, mmx, sse, sse2, sse3, ssse3, sse4.1, sse4.2, popcnt, tsc, tscinvbit, avx, aes, clmul, vzeroupper, clflush, hv
Processor Information for all 4 processors :
  Max Mhz: 1601, Current Mhz: 1600, Mhz Limit: 1584

Memory: 4k page, system-wide physical 4041M (376M free)
TotalPageFile size 7111M (AvailPageFile size 0M)
current process WorkingSet (physical memory assigned to process): 131M, peak: 131M
current process commit charge ("private bytes"): 171M, peak: 171M

vm_info: OpenJDK 64-Bit Server VM (17.0.11+9-LTS) for windows-amd64 JRE (17.0.11+9-LTS), built on Apr 10 2024 22:12:24 by "Administrator" with MS VC++ 16.10 / 16.11 (VS2019)

END.
