#
# There is insufficient memory for the Java Runtime Environment to continue.
# Native memory allocation (mmap) failed to map 65536 bytes. Error detail: Failed to commit metaspace.
# Possible reasons:
#   The system is out of physical RAM or swap space
#   This process is running with CompressedOops enabled, and the Java Heap may be blocking the growth of the native heap
# Possible solutions:
#   Reduce memory load on the system
#   Increase physical memory or swap space
#   Check if swap backing store is full
#   Decrease Java heap size (-Xmx/-Xms)
#   Decrease number of Java threads
#   Decrease Java thread stack sizes (-Xss)
#   Set larger code cache with -XX:ReservedCodeCacheSize=
#   JVM is running with Unscaled Compressed Oops mode in which the Java heap is
#     placed in the first 4GB address space. The Java Heap base address is the
#     maximum limit for the native heap growth. Please use -XX:HeapBaseMinAddress
#     to set the Java Heap base and to place the Java Heap above 4GB virtual address.
# This output file may be truncated or incomplete.
#
#  Out of Memory Error (virtualSpaceNode.cpp:110), pid=5648, tid=7192
#
# JRE version: OpenJDK Runtime Environment Corretto-17.0.11.9.1 (17.0.11+9) (build 17.0.11+9-LTS)
# Java VM: OpenJDK 64-Bit Server VM Corretto-17.0.11.9.1 (17.0.11+9-LTS, mixed mode, emulated-client, sharing, tiered, compressed oops, compressed class ptrs, g1 gc, windows-amd64)
# No core dump will be written. Minidumps are not enabled by default on client versions of Windows
#

---------------  S U M M A R Y ------------

Command Line: -XX:TieredStopAtLevel=1 -Dspring.output.ansi.enabled=always -Dcom.sun.management.jmxremote -Dspring.jmx.enabled=true -Dspring.liveBeansView.mbeanDomain -Dspring.application.admin.enabled=true -Dmanagement.endpoints.jmx.exposure.include=* -javaagent:C:\Program Files\JetBrains\IntelliJ IDEA 2024.1.1\lib\idea_rt.jar=50890:C:\Program Files\JetBrains\IntelliJ IDEA 2024.1.1\bin -Dfile.encoding=UTF-8 com.emtech.Fixed.Assets.Emtech.Fixed.Assets.EmtechFixedAssetsApplication

Host: Intel(R) Core(TM) i5-2467M CPU @ 1.60GHz, 4 cores, 3G,  Windows 10 , 64 bit Build 19041 (10.0.19041.3636)
Time: Tue May 21 15:21:42 2024 E. Africa Standard Time elapsed time: 3.695364 seconds (0d 0h 0m 3s)

---------------  T H R E A D  ---------------

Current thread (0x000001d1e46be800):  JavaThread "background-preinit" [_thread_in_vm, id=7192, stack(0x000000b452200000,0x000000b452300000)]

Stack: [0x000000b452200000,0x000000b452300000]
Native frames: (J=compiled Java code, j=interpreted, Vv=VM code, C=native code)
V  [jvm.dll+0x67d009]
V  [jvm.dll+0x83489a]
V  [jvm.dll+0x83635e]
V  [jvm.dll+0x8369c3]
V  [jvm.dll+0x2479df]
V  [jvm.dll+0x83055b]
V  [jvm.dll+0x621936]
V  [jvm.dll+0x1c1a2e]
V  [jvm.dll+0x624291]
V  [jvm.dll+0x6222d6]
V  [jvm.dll+0x36e512]
V  [jvm.dll+0x1e36ab]
V  [jvm.dll+0x542147]
V  [jvm.dll+0x7ae9e8]
V  [jvm.dll+0x7aead4]
V  [jvm.dll+0x4102a5]
V  [jvm.dll+0x416419]
C  [java.dll+0x17ec]

Java frames: (J=compiled Java code, j=interpreted, Vv=VM code)
J 1208  java.lang.ClassLoader.defineClass1(Ljava/lang/ClassLoader;Ljava/lang/String;[BIILjava/security/ProtectionDomain;Ljava/lang/String;)Ljava/lang/Class; java.base@17.0.11 (0 bytes) @ 0x000001d196e6b463 [0x000001d196e6b3a0+0x00000000000000c3]
J 1214 c1 java.lang.ClassLoader.defineClass(Ljava/lang/String;[BIILjava/security/ProtectionDomain;)Ljava/lang/Class; java.base@17.0.11 (43 bytes) @ 0x000001d196e6dadc [0x000001d196e6d9e0+0x00000000000000fc]
J 1143 c1 jdk.internal.loader.BuiltinClassLoader.defineClass(Ljava/lang/String;Ljdk/internal/loader/Resource;)Ljava/lang/Class; java.base@17.0.11 (121 bytes) @ 0x000001d196e52064 [0x000001d196e51ba0+0x00000000000004c4]
J 1134 c1 jdk.internal.loader.BuiltinClassLoader.findClassOnClassPathOrNull(Ljava/lang/String;)Ljava/lang/Class; java.base@17.0.11 (64 bytes) @ 0x000001d196e4ee5c [0x000001d196e4eba0+0x00000000000002bc]
J 936 c1 jdk.internal.loader.BuiltinClassLoader.loadClassOrNull(Ljava/lang/String;Z)Ljava/lang/Class; java.base@17.0.11 (143 bytes) @ 0x000001d196df3adc [0x000001d196df3680+0x000000000000045c]
J 1039 c1 jdk.internal.loader.ClassLoaders$AppClassLoader.loadClass(Ljava/lang/String;Z)Ljava/lang/Class; java.base@17.0.11 (40 bytes) @ 0x000001d196e27a24 [0x000001d196e278e0+0x0000000000000144]
J 1033 c1 java.lang.ClassLoader.loadClass(Ljava/lang/String;)Ljava/lang/Class; java.base@17.0.11 (7 bytes) @ 0x000001d196e24d64 [0x000001d196e24d20+0x0000000000000044]
v  ~StubRoutines::call_stub
J 947  java.lang.Class.forName0(Ljava/lang/String;ZLjava/lang/ClassLoader;Ljava/lang/Class;)Ljava/lang/Class; java.base@17.0.11 (0 bytes) @ 0x000001d196dfbe2f [0x000001d196dfbda0+0x000000000000008f]
J 948 c1 java.lang.Class.forName(Ljava/lang/String;ZLjava/lang/ClassLoader;)Ljava/lang/Class; java.base@17.0.11 (47 bytes) @ 0x000001d196dfc3b4 [0x000001d196dfc2c0+0x00000000000000f4]
j  org.jboss.logging.Logger.doGetMessageLogger(Ljava/lang/Class;Ljava/lang/String;Ljava/util/Locale;)Ljava/lang/Object;+181
j  org.jboss.logging.Logger.getMessageLogger(Ljava/lang/Class;Ljava/lang/String;Ljava/util/Locale;)Ljava/lang/Object;+9
j  org.jboss.logging.Logger.getMessageLogger(Ljava/lang/Class;Ljava/lang/String;)Ljava/lang/Object;+5
j  org.hibernate.validator.internal.util.logging.LoggerFactory.make(Ljava/lang/invoke/MethodHandles$Lookup;)Lorg/hibernate/validator/internal/util/logging/Log;+11
j  org.hibernate.validator.internal.util.Version.<clinit>()V+3
v  ~StubRoutines::call_stub
j  org.hibernate.validator.internal.engine.AbstractConfigurationImpl.<clinit>()V+16
v  ~StubRoutines::call_stub
j  org.hibernate.validator.HibernateValidator.createGenericConfiguration(Ljakarta/validation/spi/BootstrapState;)Ljakarta/validation/Configuration;+0
j  jakarta.validation.Validation$GenericBootstrapImpl.configure()Ljakarta/validation/Configuration;+81
j  org.springframework.boot.autoconfigure.BackgroundPreinitializer$ValidationInitializer.run()V+3
j  org.springframework.boot.autoconfigure.BackgroundPreinitializer$1.runSafely(Ljava/lang/Runnable;)Z+1
j  org.springframework.boot.autoconfigure.BackgroundPreinitializer$1.run()V+20
j  java.lang.Thread.run()V+11 java.base@17.0.11
v  ~StubRoutines::call_stub

Compiled method (n/a)    3790 1208     n 0       java.lang.ClassLoader::defineClass1 (native)
 total in heap  [0x000001d196e6b210,0x000001d196e6b6f0] = 1248
 relocation     [0x000001d196e6b368,0x000001d196e6b3a0] = 56
 main code      [0x000001d196e6b3a0,0x000001d196e6b6f0] = 848

[Constant Pool (empty)]

[MachCode]
[Entry Point]
  # {method} {0x000001d19f010f28} 'defineClass1' '(Ljava/lang/ClassLoader;Ljava/lang/String;[BIILjava/security/ProtectionDomain;Ljava/lang/String;)Ljava/lang/Class;' in 'java/lang/ClassLoader'
  # parm0:    rdx:rdx   = 'java/lang/ClassLoader'
  # parm1:    r8:r8     = 'java/lang/String'
  # parm2:    r9:r9     = '[B'
  # parm3:    rdi       = int
  # parm4:    rsi       = int
  # parm5:    rcx:rcx   = 'java/security/ProtectionDomain'
  # parm6:    [sp+0xa0]   = 'java/lang/String'  (sp of caller)
  0x000001d196e6b3a0: 448b 5208 | 49bb 0000 | 009f d101 | 0000 4d03 | d349 3bc2 | 0f84 0600 

  0x000001d196e6b3b8: ;   {runtime_call ic_miss_stub}
  0x000001d196e6b3b8: 0000 e9c1 | 5ccf ff90 
[Verified Entry Point]
  0x000001d196e6b3c0: 8984 2400 | 90ff ff55 | 488b ec48 | 81ec 9000 | 0000 4881 | 7d10 0000 | 0000 488d | 4510 480f 
  0x000001d196e6b3e0: 4445 1048 | 8944 2440 | 4889 4c24 | 7048 83f9 | 0048 8d44 | 2470 480f | 4444 2470 | 4889 4424 
  0x000001d196e6b400: 3848 8974 | 2430 4889 | 7c24 284c | 894c 2458 | 4983 f900 | 488d 4424 | 5848 0f44 | 4424 5848 
  0x000001d196e6b420: 8944 2420 | 4c89 4424 | 5049 83f8 | 004c 8d4c | 2450 4c0f | 444c 2450 | 4889 5424 | 4848 83fa 
  0x000001d196e6b440: 004c 8d44 | 2448 4c0f | 4444 2448 

  0x000001d196e6b44c: ;   {oop(a 'java/lang/Class'{0x00000000c11834d8} = 'java/lang/ClassLoader')}
  0x000001d196e6b44c: 49be d834 | 18c1 0000 | 0000 4c89 | 7424 784c | 8d74 2478 | 498b d6c5 

  0x000001d196e6b464: ;   {internal_word}
  0x000001d196e6b464: f877 49ba | 63b4 e696 | d101 0000 | 4d89 97a0 | 0200 0049 | 89a7 9802 

  0x000001d196e6b47c: ;   {external_word}
  0x000001d196e6b47c: 0000 49ba | f935 70ad | f97f 0000 | 4180 3a00 | 0f84 5200 | 0000 5241 

  0x000001d196e6b494: ;   {metadata({method} {0x000001d19f010f28} 'defineClass1' '(Ljava/lang/ClassLoader;Ljava/lang/String;[BIILjava/security/ProtectionDomain;Ljava/lang/String;)Ljava/lang/Class;' in 'java/lang/ClassLoader')}
  0x000001d196e6b494: 5041 5148 | ba20 0f01 | 9fd1 0100 | 0049 8bcf | 4883 ec20 | f7c4 0f00 | 0000 0f84 | 1a00 0000 
  0x000001d196e6b4b4: 4883 ec08 

  0x000001d196e6b4b8: ;   {runtime_call}
  0x000001d196e6b4b8: 49ba c02e | 26ad f97f | 0000 41ff | d248 83c4 | 08e9 0d00 

  0x000001d196e6b4cc: ;   {runtime_call}
  0x000001d196e6b4cc: 0000 49ba | c02e 26ad | f97f 0000 | 41ff d248 | 83c4 2041 | 5941 585a | 498d 8fb8 | 0200 0041 
  0x000001d196e6b4ec: c787 4803 | 0000 0400 

  0x000001d196e6b4f4: ;   {runtime_call}
  0x000001d196e6b4f4: 0000 49ba | ac16 a5d2 | f97f 0000 | 41ff d2c5 | f877 41c7 | 8748 0300 | 0005 0000 | 00f0 8344 
  0x000001d196e6b514: 24c0 0049 | 3baf 5003 | 0000 0f87 | 1100 0000 | 4181 bf38 | 0300 0000 | 0000 000f | 842c 0000 
  0x000001d196e6b534: 00c5 f877 | 4889 45f8 | 498b cf4c | 8be4 4883 | ec20 4883 

  0x000001d196e6b548: ;   {runtime_call}
  0x000001d196e6b548: e4f0 49ba | c042 36ad | f97f 0000 | 41ff d249 | 8be4 4d33 | e448 8b45 | f841 c787 | 4803 0000 
  0x000001d196e6b568: 0800 0000 | 4181 bfb8 | 0300 0002 | 0000 000f | 843f 0100 

  0x000001d196e6b57c: ;   {external_word}
  0x000001d196e6b57c: 0049 baf9 | 3570 adf9 | 7f00 0041 | 803a 000f | 8450 0000 | 0048 8945 

  0x000001d196e6b594: ;   {metadata({method} {0x000001d19f010f28} 'defineClass1' '(Ljava/lang/ClassLoader;Ljava/lang/String;[BIILjava/security/ProtectionDomain;Ljava/lang/String;)Ljava/lang/Class;' in 'java/lang/ClassLoader')}
  0x000001d196e6b594: f848 ba20 | 0f01 9fd1 | 0100 0049 | 8bcf 4883 | ec20 f7c4 | 0f00 0000 | 0f84 1a00 | 0000 4883 
  0x000001d196e6b5b4: ;   {runtime_call}
  0x000001d196e6b5b4: ec08 49ba | c02e 26ad | f97f 0000 | 41ff d248 | 83c4 08e9 | 0d00 0000 

  0x000001d196e6b5cc: ;   {runtime_call}
  0x000001d196e6b5cc: 49ba c02e | 26ad f97f | 0000 41ff | d248 83c4 | 2048 8b45 | f849 c787 | 9802 0000 | 0000 0000 
  0x000001d196e6b5ec: 49c7 87a0 | 0200 0000 | 0000 00c5 | f877 4885 | c00f 8493 | 0000 0048 | f7c0 0100 | 0000 0f84 
  0x000001d196e6b60c: 8300 0000 | 488b 40ff | 4180 7f38 | 000f 846f | 0000 0048 | 83f8 000f | 8465 0000 | 0049 8b4f 
  0x000001d196e6b62c: 2048 83f9 | 000f 8414 | 0000 0048 | 83e9 0849 | 894f 2049 | 034f 3048 | 8901 e943 | 0000 0050 
  0x000001d196e6b64c: 498b d748 | 8bc8 4883 | ec20 f7c4 | 0f00 0000 | 0f84 1a00 | 0000 4883 

  0x000001d196e6b664: ;   {runtime_call}
  0x000001d196e6b664: ec08 49ba | 4049 e5ac | f97f 0000 | 41ff d248 | 83c4 08e9 | 0d00 0000 

  0x000001d196e6b67c: ;   {runtime_call}
  0x000001d196e6b67c: 49ba 4049 | e5ac f97f | 0000 41ff | d248 83c4 | 2058 e903 | 0000 0048 | 8b00 498b | 8fd8 0000 
  0x000001d196e6b69c: 00c7 8100 | 0100 0000 | 0000 00c9 | 4981 7f08 | 0000 0000 | 0f85 0100 

  0x000001d196e6b6b4: ;   {runtime_call StubRoutines (1)}
  0x000001d196e6b6b4: 0000 c3e9 | 4458 caff | c5f8 7748 | 8945 f84c | 8be4 4883 | ec20 4883 

  0x000001d196e6b6cc: ;   {runtime_call}
  0x000001d196e6b6cc: e4f0 49ba | 405f 26ad | f97f 0000 | 41ff d249 | 8be4 4d33 | e448 8b45 | f8e9 93fe | ffff f4f4 
  0x000001d196e6b6ec: f4f4 f4f4 
[/MachCode]


Compiled method (c1)    3817 1214       1       java.lang.ClassLoader::defineClass (43 bytes)
 total in heap  [0x000001d196e6d810,0x000001d196e6ddb0] = 1440
 relocation     [0x000001d196e6d968,0x000001d196e6d9c8] = 96
 main code      [0x000001d196e6d9e0,0x000001d196e6db80] = 416
 stub code      [0x000001d196e6db80,0x000001d196e6dbf8] = 120
 metadata       [0x000001d196e6dbf8,0x000001d196e6dc28] = 48
 scopes data    [0x000001d196e6dc28,0x000001d196e6dce0] = 184
 scopes pcs     [0x000001d196e6dce0,0x000001d196e6dd80] = 160
 dependencies   [0x000001d196e6dd80,0x000001d196e6dd88] = 8
 nul chk table  [0x000001d196e6dd88,0x000001d196e6ddb0] = 40

[Constant Pool (empty)]

[MachCode]
[Entry Point]
  # {method} {0x000001d19f010cc0} 'defineClass' '(Ljava/lang/String;[BIILjava/security/ProtectionDomain;)Ljava/lang/Class;' in 'java/lang/ClassLoader'
  # this:     rdx:rdx   = 'java/lang/ClassLoader'
  # parm0:    r8:r8     = 'java/lang/String'
  # parm1:    r9:r9     = '[B'
  # parm2:    rdi       = int
  # parm3:    rsi       = int
  # parm4:    rcx:rcx   = 'java/security/ProtectionDomain'
  #           [sp+0xc0]  (sp of caller)
  0x000001d196e6d9e0: 448b 5208 | 49bb 0000 | 009f d101 | 0000 4d03 | d34c 3bd0 

  0x000001d196e6d9f4: ;   {runtime_call ic_miss_stub}
  0x000001d196e6d9f4: 0f85 8636 | cfff 660f | 1f44 0000 
[Verified Entry Point]
  0x000001d196e6da00: 8984 2400 | 90ff ff55 | 4881 ecb0 | 0000 0048 | 8954 2478 | 89b4 2494 | 0000 0089 | bc24 9000 
  0x000001d196e6da20: 0000 4c89 | 8c24 8800 | 0000 498b | d84c 8bc3 | 4c8b c948 | 8bca 488b | d148 899c | 2480 0000 
  0x000001d196e6da40: 0066 0f1f 

  0x000001d196e6da44: ;   {optimized virtual_call}
  0x000001d196e6da44: 4400 00e8 

  0x000001d196e6da48: ; ImmutableOopMap {[120]=Oop [136]=Oop [128]=Oop }
                      ;*invokevirtual preDefineClass {reexecute=0 rethrow=0 return_oop=0}
                      ; - java.lang.ClassLoader::defineClass@4 (line 1015)
  0x000001d196e6da48: f42e feff | 4889 8424 | 9800 0000 

  0x000001d196e6da54: ; implicit exception: dispatches to 0x000001d196e6db1a
  0x000001d196e6da54: 448b 4010 | 4983 f800 | 0f85 0f00 

  0x000001d196e6da60: ;   {oop(NULL)}
  0x000001d196e6da60: 0000 48bb | 0000 0000 | 0000 0000 | e936 0000 | 0045 8b40 | 0c49 83f8 | 000f 850f 

  0x000001d196e6da7c: ;   {oop(NULL)}
  0x000001d196e6da7c: 0000 0048 | bb00 0000 | 0000 0000 | 00e9 1900 | 0000 418b | 5038 483b 

  0x000001d196e6da94: ;   {optimized virtual_call}
  0x000001d196e6da94: 0266 90e8 

  0x000001d196e6da98: ; ImmutableOopMap {[120]=Oop [136]=Oop [128]=Oop [152]=Oop }
                      ;*invokevirtual toExternalForm {reexecute=0 rethrow=0 return_oop=0}
                      ; - java.net.URL::toExternalForm@5 (line 1039)
                      ; - java.net.URL::toString@1 (line 1025)
                      ; - java.lang.ClassLoader::defineClassSourceLocation@22 (line 917)
                      ; - java.lang.ClassLoader::defineClass@12 (line 1016)
  0x000001d196e6da98: 0401 fcff | 488b d848 | 8b84 2498 | 0000 008b | b424 9400 | 0000 8bbc | 2490 0000 | 004c 8b8c 
  0x000001d196e6dab8: 2488 0000 | 004c 8b84 | 2480 0000 | 0048 8b54 | 2478 4c8b | da49 8bd3 | 488b c848 

  0x000001d196e6dad4: ;   {static_call}
  0x000001d196e6dad4: 891c 24e8 

  0x000001d196e6dad8: ; ImmutableOopMap {[152]=Oop [120]=Oop }
                      ;*invokestatic defineClass1 {reexecute=0 rethrow=0 return_oop=0}
                      ; - java.lang.ClassLoader::defineClass@27 (line 1017)
  0x000001d196e6dad8: e4d8 ffff | 4c8b c04c | 8b8c 2498 | 0000 0048 | 8b54 2478 | 4889 8424 | a000 0000 

  0x000001d196e6daf4: ;   {optimized virtual_call}
  0x000001d196e6daf4: 6666 90e8 

  0x000001d196e6daf8: ; ImmutableOopMap {[160]=Oop }
                      ;*invokevirtual postDefineClass {reexecute=0 rethrow=0 return_oop=0}
                      ; - java.lang.ClassLoader::defineClass@37 (line 1018)
  0x000001d196e6daf8: 0426 feff | 488b 8424 | a000 0000 | 4881 c4b0 | 0000 005d 

  0x000001d196e6db0c: ;   {poll_return}
  0x000001d196e6db0c: 493b a750 | 0300 000f | 8715 0000 

  0x000001d196e6db18: ;   {runtime_call throw_null_pointer_exception Runtime1 stub}
  0x000001d196e6db18: 00c3 e801 

  0x000001d196e6db1c: ; ImmutableOopMap {[120]=Oop [136]=Oop [128]=Oop rax=Oop [152]=Oop }
                      ;*invokevirtual getCodeSource {reexecute=0 rethrow=0 return_oop=0}
                      ; - java.lang.ClassLoader::defineClassSourceLocation@1 (line 914)
                      ; - java.lang.ClassLoader::defineClass@12 (line 1016)
                      ;   {runtime_call throw_null_pointer_exception Runtime1 stub}
  0x000001d196e6db1c: 41d9 ffe8 

  0x000001d196e6db20: ; ImmutableOopMap {[120]=Oop [136]=Oop [128]=Oop rax=Oop [152]=Oop }
                      ;*invokevirtual getLocation {reexecute=0 rethrow=0 return_oop=0}
                      ; - java.lang.ClassLoader::defineClassSourceLocation@12 (line 916)
                      ; - java.lang.ClassLoader::defineClass@12 (line 1016)
  0x000001d196e6db20: fc40 d9ff 

  0x000001d196e6db24: ;   {runtime_call throw_null_pointer_exception Runtime1 stub}
  0x000001d196e6db24: e8f7 40d9 

  0x000001d196e6db28: ; ImmutableOopMap {[120]=Oop [136]=Oop [128]=Oop [152]=Oop r8=Oop }
                      ;*invokevirtual toString {reexecute=0 rethrow=0 return_oop=0}
                      ; - java.lang.ClassLoader::defineClassSourceLocation@22 (line 917)
                      ; - java.lang.ClassLoader::defineClass@12 (line 1016)
                      ;   {runtime_call throw_null_pointer_exception Runtime1 stub}
  0x000001d196e6db28: ffe8 f240 

  0x000001d196e6db2c: ; ImmutableOopMap {[120]=Oop [136]=Oop [128]=Oop [152]=Oop r8=Oop rdx=Oop }
                      ;*invokevirtual toExternalForm {reexecute=0 rethrow=0 return_oop=0}
                      ; - java.net.URL::toExternalForm@5 (line 1039)
                      ; - java.net.URL::toString@1 (line 1025)
                      ; - java.lang.ClassLoader::defineClassSourceLocation@22 (line 917)
                      ; - java.lang.ClassLoader::defineClass@12 (line 1016)
                      ;   {internal_word}
  0x000001d196e6db2c: d9ff 49ba | 0cdb e696 | d101 0000 | 4d89 9768 

  0x000001d196e6db3c: ;   {runtime_call SafepointBlob}
  0x000001d196e6db3c: 0300 00e9 | bc9e cfff | 9090 498b | 87e0 0300 | 0049 c787 | e003 0000 | 0000 0000 | 49c7 87e8 
  0x000001d196e6db5c: 0300 0000 | 0000 0048 | 81c4 b000 

  0x000001d196e6db68: ;   {runtime_call unwind_exception Runtime1 stub}
  0x000001d196e6db68: 0000 5de9 | 902b d9ff | f4f4 f4f4 | f4f4 f4f4 | f4f4 f4f4 | f4f4 f4f4 
[Stub Code]
  0x000001d196e6db80: ;   {no_reloc}
  0x000001d196e6db80: 0f1f 4400 

  0x000001d196e6db84: ;   {static_stub}
  0x000001d196e6db84: 0048 bb00 | 0000 0000 

  0x000001d196e6db8c: ;   {runtime_call}
  0x000001d196e6db8c: 0000 00e9 | fbff ffff 

  0x000001d196e6db94: ;   {static_stub}
  0x000001d196e6db94: 9048 bb00 | 0000 0000 

  0x000001d196e6db9c: ;   {runtime_call}
  0x000001d196e6db9c: 0000 00e9 | fbff ffff 

  0x000001d196e6dba4: ;   {static_stub}
  0x000001d196e6dba4: 9048 bb00 | 0000 0000 

  0x000001d196e6dbac: ;   {runtime_call}
  0x000001d196e6dbac: 0000 00e9 | fbff ffff 

  0x000001d196e6dbb4: ;   {static_stub}
  0x000001d196e6dbb4: 9048 bb00 | 0000 0000 

  0x000001d196e6dbbc: ;   {runtime_call}
  0x000001d196e6dbbc: 0000 00e9 | fbff ffff 
[Exception Handler]
  0x000001d196e6dbc4: ;   {runtime_call handle_exception_from_callee Runtime1 stub}
  0x000001d196e6dbc4: e837 5ed9 

  0x000001d196e6dbc8: ;   {external_word}
  0x000001d196e6dbc8: ff48 b940 | 9a4a adf9 | 7f00 0048 

  0x000001d196e6dbd4: ;   {runtime_call}
  0x000001d196e6dbd4: 83e4 f049 | ba20 2713 | adf9 7f00 | 0041 ffd2 

  0x000001d196e6dbe4: ;   {section_word}
  0x000001d196e6dbe4: f449 bae5 | dbe6 96d1 | 0100 0041 

  0x000001d196e6dbf0: ;   {runtime_call DeoptimizationBlob}
  0x000001d196e6dbf0: 52e9 aa90 | cfff f4f4 
[/MachCode]


Compiled method (c1)    3849 1143       1       jdk.internal.loader.BuiltinClassLoader::defineClass (121 bytes)
 total in heap  [0x000001d196e51910,0x000001d196e52788] = 3704
 relocation     [0x000001d196e51a68,0x000001d196e51b98] = 304
 main code      [0x000001d196e51ba0,0x000001d196e521c0] = 1568
 stub code      [0x000001d196e521c0,0x000001d196e52308] = 328
 metadata       [0x000001d196e52308,0x000001d196e52350] = 72
 scopes data    [0x000001d196e52350,0x000001d196e525a8] = 600
 scopes pcs     [0x000001d196e525a8,0x000001d196e52748] = 416
 dependencies   [0x000001d196e52748,0x000001d196e52750] = 8
 handler table  [0x000001d196e52750,0x000001d196e52768] = 24
 nul chk table  [0x000001d196e52768,0x000001d196e52788] = 32

[Constant Pool (empty)]

[MachCode]
[Entry Point]
  # {method} {0x000001d19f435c58} 'defineClass' '(Ljava/lang/String;Ljdk/internal/loader/Resource;)Ljava/lang/Class;' in 'jdk/internal/loader/BuiltinClassLoader'
  # this:     rdx:rdx   = 'jdk/internal/loader/BuiltinClassLoader'
  # parm0:    r8:r8     = 'java/lang/String'
  # parm1:    r9:r9     = 'jdk/internal/loader/Resource'
  #           [sp+0x110]  (sp of caller)
  0x000001d196e51ba0: 448b 5208 | 49bb 0000 | 009f d101 | 0000 4d03 | d34c 3bd0 

  0x000001d196e51bb4: ;   {runtime_call ic_miss_stub}
  0x000001d196e51bb4: 0f85 c6f4 | d0ff 660f | 1f44 0000 
[Verified Entry Point]
  0x000001d196e51bc0: 8984 2400 | 90ff ff55 | 4881 ec00 | 0100 0048 | 8994 24a0 | 0000 004c | 8984 2490 | 0000 004c 
  0x000001d196e51be0: 898c 2498 | 0000 0049 | 8bd1 6666 | 9048 b868 | ab19 9fd1 

  0x000001d196e51bf4: ;   {virtual_call}
  0x000001d196e51bf4: 0100 00e8 

  0x000001d196e51bf8: ; ImmutableOopMap {[152]=Oop [160]=Oop [144]=Oop }
                      ;*invokevirtual getCodeSourceURL {reexecute=0 rethrow=0 return_oop=0}
                      ; - jdk.internal.loader.BuiltinClassLoader::defineClass@1 (line 842)
  0x000001d196e51bf8: a4ba 0100 | 4889 8424 | a800 0000 | 4c8b 8424 | 9000 0000 

  0x000001d196e51c0c: ; implicit exception: dispatches to 0x000001d196e520c3
  0x000001d196e51c0c: 418b 7014 

  0x000001d196e51c10: ; implicit exception: dispatches to 0x000001d196e520c8
  0x000001d196e51c10: 8b56 0c45 | 0fbe 4810 | 498b c9c1 | e118 c1f9 | 18d3 fa48 | 8bfa ffcf | 4183 f900 | ba00 0000 
  0x000001d196e51c30: 000f 8505 | 0000 00ba | 0100 0000 | 83e2 0183 | fa00 488b | d641 b82e | 0000 004c | 8bcf 0f84 
  0x000001d196e51c50: 0d00 0000 

  0x000001d196e51c54: ;   {static_call}
  0x000001d196e51c54: 6666 90e8 

  0x000001d196e51c58: ; ImmutableOopMap {[152]=Oop [160]=Oop [168]=Oop [144]=Oop }
                      ;*invokestatic lastIndexOf {reexecute=0 rethrow=0 return_oop=0}
                      ; - java.lang.String::lastIndexOf@13 (line 2489)
                      ; - java.lang.String::lastIndexOf@8 (line 2451)
                      ; - jdk.internal.loader.BuiltinClassLoader::defineClass@8 (line 845)
  0x000001d196e51c58: c4a0 e8ff | e90b 0000 | 0066 0f1f 

  0x000001d196e51c64: ;   {static_call}
  0x000001d196e51c64: 4400 00e8 

  0x000001d196e51c68: ; ImmutableOopMap {[152]=Oop [160]=Oop [168]=Oop [144]=Oop }
                      ;*invokestatic lastIndexOf {reexecute=0 rethrow=0 return_oop=0}
                      ; - java.lang.String::lastIndexOf@25 (line 2490)
                      ; - java.lang.String::lastIndexOf@8 (line 2451)
                      ; - jdk.internal.loader.BuiltinClassLoader::defineClass@8 (line 845)
  0x000001d196e51c68: 14fd d0ff | 83f8 ff0f | 8467 0000 | 0041 b800 | 0000 004c | 8bc8 488b | 9424 9000 

  0x000001d196e51c84: ;   {optimized virtual_call}
  0x000001d196e51c84: 0000 90e8 

  0x000001d196e51c88: ; ImmutableOopMap {[152]=Oop [160]=Oop [168]=Oop [144]=Oop }
                      ;*invokevirtual substring {reexecute=0 rethrow=0 return_oop=0}
                      ; - jdk.internal.loader.BuiltinClassLoader::defineClass@23 (line 847)
  0x000001d196e51c88: f47c e7ff | 488b 9424 | 9800 0000 | 4889 8424 | b000 0000 | 9048 b868 | ab19 9fd1 

  0x000001d196e51ca4: ;   {virtual_call}
  0x000001d196e51ca4: 0100 00e8 

  0x000001d196e51ca8: ; ImmutableOopMap {[152]=Oop [160]=Oop [168]=Oop [144]=Oop [176]=Oop }
                      ;*invokevirtual getManifest {reexecute=0 rethrow=0 return_oop=0}
                      ; - jdk.internal.loader.BuiltinClassLoader::defineClass@29 (line 848)
  0x000001d196e51ca8: d4c6 0100 | 4c8b 8424 | b000 0000 | 4c8b c848 | 8bbc 24a8 | 0000 0048 | 8b94 24a0 | 0000 0066 
  0x000001d196e51cc8: 0f1f 4400 | 0048 b838 | dc07 9fd1 

  0x000001d196e51cd4: ;   {virtual_call}
  0x000001d196e51cd4: 0100 00e8 

  0x000001d196e51cd8: ; ImmutableOopMap {[152]=Oop [160]=Oop [168]=Oop [144]=Oop }
                      ;*invokevirtual defineOrCheckPackage {reexecute=0 rethrow=0 return_oop=0}
                      ; - jdk.internal.loader.BuiltinClassLoader::defineClass@40 (line 849)
  0x000001d196e51cd8: c4fa ffff | 4c8b 8c24 | 9800 0000 | 488d 9424 | e000 0000 | 4c89 4a08 | 498b 0148 | 83c8 0148 
  0x000001d196e51cf8: 8902 f049 | 0fb1 110f | 8413 0000 | 0048 2bc4 | 4881 e007 | f0ff ff48 | 8902 0f85 | b503 0000 
  0x000001d196e51d18: 418b 510c | 4883 fa00 | 0f85 4700 | 0000 498b | d10f 1f40 | 0048 b868 | ab19 9fd1 

  0x000001d196e51d34: ;   {virtual_call}
  0x000001d196e51d34: 0100 00e8 

  0x000001d196e51d38: ; ImmutableOopMap {[160]=Oop [168]=Oop [144]=Oop [152]=Oop [232]=Oop }
                      ;*invokevirtual getInputStream {reexecute=0 rethrow=0 return_oop=0}
                      ; - jdk.internal.loader.Resource::cachedInputStream@9 (line 77)
                      ; - jdk.internal.loader.Resource::getByteBuffer@1 (line 163)
                      ; - jdk.internal.loader.BuiltinClassLoader::defineClass@45 (line 853)
  0x000001d196e51d38: e401 0200 | 410f be57 | 3883 fa00 | 4c8b 8c24 | 9800 0000 | 0f85 8e03 | 0000 4c8b | d045 8951 
  0x000001d196e51d58: 0c49 8bd1 | 4833 d048 | c1ea 1448 | 83fa 000f | 858f 0300 | 0041 8b51 | 0c48 8d84 | 24e0 0000 
  0x000001d196e51d78: 0048 8b30 | 4885 f60f | 840f 0000 | 0048 8b78 | 08f0 480f | b137 0f85 | 8003 0000 | 4883 fa00 
  0x000001d196e51d98: 0f84 4400 

  0x000001d196e51d9c: ;   {metadata('sun/nio/ByteBuffered')}
  0x000001d196e51d9c: 0000 48b8 | 40dd 0d9f | d101 0000 | 8b5a 0849 | ba00 0000 | 9fd1 0100 | 0049 03da | 483b 4320 
  0x000001d196e51dbc: 0f84 2500 | 0000 483b | d80f 841c | 0000 0053 

  0x000001d196e51dcc: ;   {runtime_call slow_subtype_check Runtime1 stub}
  0x000001d196e51dcc: 50e8 2e2b | dbff 5b5b | 83fb 000f | 8405 0000 | 00e9 0500 | 0000 4833 | f6eb 0a48 | be01 0000 
  0x000001d196e51dec: 0000 0000 | 0083 fe00 | 0f84 6700 | 0000 4883 | fa00 0f84 | 4400 0000 

  0x000001d196e51e04: ;   {metadata('sun/nio/ByteBuffered')}
  0x000001d196e51e04: 48bb 40dd | 0d9f d101 | 0000 8b7a | 0849 ba00 | 0000 9fd1 | 0100 0049 | 03fa 483b | 5f20 0f84 
  0x000001d196e51e24: 2000 0000 | 483b fb0f | 8417 0000 

  0x000001d196e51e30: ;   {runtime_call slow_subtype_check Runtime1 stub}
  0x000001d196e51e30: 0057 53e8 | c82a dbff | 5f5f 83ff | 000f 84e7 | 0200 00e9 | 0000 0000 | 0f1f 4400 | 0048 b8ff 
  0x000001d196e51e50: ffff ffff 

  0x000001d196e51e54: ;   {virtual_call}
  0x000001d196e51e54: ffff ffe8 

  0x000001d196e51e58: ; ImmutableOopMap {[160]=Oop [168]=Oop [144]=Oop [152]=Oop }
                      ;*invokeinterface getByteBuffer {reexecute=0 rethrow=0 return_oop=0}
                      ; - jdk.internal.loader.Resource::getByteBuffer@16 (line 165)
                      ; - jdk.internal.loader.BuiltinClassLoader::defineClass@45 (line 853)
  0x000001d196e51e58: 24f8 d0ff | e90a 0000 

  0x000001d196e51e60: ;   {oop(NULL)}
  0x000001d196e51e60: 0048 b800 | 0000 0000 | 0000 0048 | 83f8 000f | 84e5 0000 | 0048 8984 | 24b8 0000 | 0048 8b94 
  0x000001d196e51e80: 2498 0000 | 0048 b8ff | ffff ffff 

  0x000001d196e51e8c: ;   {virtual_call}
  0x000001d196e51e8c: ffff ffe8 

  0x000001d196e51e90: ; ImmutableOopMap {[160]=Oop [168]=Oop [144]=Oop [184]=Oop }
                      ;*invokevirtual getCodeSigners {reexecute=0 rethrow=0 return_oop=0}
                      ; - jdk.internal.loader.BuiltinClassLoader::defineClass@56 (line 855)
  0x000001d196e51e90: ecf7 d0ff 

  0x000001d196e51e94: ;   {metadata('java/security/CodeSource')}
  0x000001d196e51e94: 4c8b c848 | bab0 ee00 | 9fd1 0100 | 0049 8b87 | 0801 0000 | 488d 7828 | 493b bf18 | 0100 000f 
  0x000001d196e51eb4: 877a 0200 | 0049 89bf | 0801 0000 | 48c7 0001 | 0000 0048 | 8bca 49ba | 0000 009f | d101 0000 
  0x000001d196e51ed4: 492b ca89 | 4808 4833 | c989 480c | 4833 c948 | 8948 1048 | 8948 1848 | 8948 204c | 8b84 24a8 
  0x000001d196e51ef4: 0000 0048 | 8bd0 4889 | 8424 c000 | 0000 0f1f 

  0x000001d196e51f04: ;   {optimized virtual_call}
  0x000001d196e51f04: 4400 00e8 

  0x000001d196e51f08: ; ImmutableOopMap {[160]=Oop [144]=Oop [184]=Oop [192]=Oop }
                      ;*invokespecial <init> {reexecute=0 rethrow=0 return_oop=0}
                      ; - jdk.internal.loader.BuiltinClassLoader::defineClass@68 (line 856)
  0x000001d196e51f08: 74f4 d0ff | 4c8b 8424 | c000 0000 | 488b 9424 | a000 0000 

  0x000001d196e51f1c: ;   {optimized virtual_call}
  0x000001d196e51f1c: 6666 90e8 

  0x000001d196e51f20: ; ImmutableOopMap {[160]=Oop [144]=Oop [184]=Oop }
                      ;*invokevirtual getProtectionDomain {reexecute=0 rethrow=0 return_oop=0}
                      ; - java.security.SecureClassLoader::defineClass@5 (line 182)
                      ; - jdk.internal.loader.BuiltinClassLoader::defineClass@79 (line 857)
  0x000001d196e51f20: 5cf4 d0ff | 4c8b 8424 | 9000 0000 | 4c8b 8c24 | b800 0000 | 488b f848 | 8b94 24a0 

  0x000001d196e51f3c: ;   {optimized virtual_call}
  0x000001d196e51f3c: 0000 00e8 

  0x000001d196e51f40: ; ImmutableOopMap {}
                      ;*invokevirtual defineClass {reexecute=0 rethrow=0 return_oop=0}
                      ; - java.security.SecureClassLoader::defineClass@8 (line 182)
                      ; - jdk.internal.loader.BuiltinClassLoader::defineClass@79 (line 857)
  0x000001d196e51f40: 3cf4 d0ff | 4881 c400 | 0100 005d 

  0x000001d196e51f4c: ;   {poll_return}
  0x000001d196e51f4c: 493b a750 | 0300 000f | 87e7 0100 | 00c3 4c8b | 8c24 9800 | 0000 498b | d148 b868 | ab19 9fd1 
  0x000001d196e51f6c: ;   {virtual_call}
  0x000001d196e51f6c: 0100 00e8 

  0x000001d196e51f70: ; ImmutableOopMap {[160]=Oop [144]=Oop [152]=Oop [168]=Oop }
                      ;*invokevirtual getBytes {reexecute=0 rethrow=0 return_oop=0}
                      ; - jdk.internal.loader.BuiltinClassLoader::defineClass@84 (line 859)
  0x000001d196e51f70: 6c06 0200 | 4889 8424 | c800 0000 | 488b 9424 | 9800 0000 | 9048 b868 | ab19 9fd1 

  0x000001d196e51f8c: ;   {virtual_call}
  0x000001d196e51f8c: 0100 00e8 

  0x000001d196e51f90: ; ImmutableOopMap {[160]=Oop [144]=Oop [168]=Oop [200]=Oop }
                      ;*invokevirtual getCodeSigners {reexecute=0 rethrow=0 return_oop=0}
                      ; - jdk.internal.loader.BuiltinClassLoader::defineClass@90 (line 860)
  0x000001d196e51f90: 0c39 0000 

  0x000001d196e51f94: ;   {metadata('java/security/CodeSource')}
  0x000001d196e51f94: 4c8b c848 | bab0 ee00 | 9fd1 0100 | 0049 8b87 | 0801 0000 | 488d 7828 | 493b bf18 | 0100 000f 
  0x000001d196e51fb4: 879d 0100 | 0049 89bf | 0801 0000 | 48c7 0001 | 0000 0048 | 8bca 49ba | 0000 009f | d101 0000 
  0x000001d196e51fd4: 492b ca89 | 4808 4833 | c989 480c | 4833 c948 | 8948 1048 | 8948 1848 | 8948 204c | 8b84 24a8 
  0x000001d196e51ff4: 0000 0048 | 8bd0 4889 | 8424 d000 | 0000 0f1f 

  0x000001d196e52004: ;   {optimized virtual_call}
  0x000001d196e52004: 4400 00e8 

  0x000001d196e52008: ; ImmutableOopMap {[160]=Oop [144]=Oop [200]=Oop [208]=Oop }
                      ;*invokespecial <init> {reexecute=0 rethrow=0 return_oop=0}
                      ; - jdk.internal.loader.BuiltinClassLoader::defineClass@102 (line 861)
  0x000001d196e52008: f4bb ffff | 488b 8424 | c800 0000 

  0x000001d196e52014: ; implicit exception: dispatches to 0x000001d196e52163
  0x000001d196e52014: 8b70 0c4c | 8b84 24d0 | 0000 0048 | 8b94 24a0 | 0000 0089 | b424 d800 

  0x000001d196e5202c: ;   {optimized virtual_call}
  0x000001d196e5202c: 0000 90e8 

  0x000001d196e52030: ; ImmutableOopMap {[160]=Oop [144]=Oop [200]=Oop }
                      ;*invokevirtual getProtectionDomain {reexecute=0 rethrow=0 return_oop=0}
                      ; - java.security.SecureClassLoader::defineClass@9 (line 150)
                      ; - jdk.internal.loader.BuiltinClassLoader::defineClass@117 (line 862)
  0x000001d196e52030: acc1 ffff | 4c8b 8424 | 9000 0000 | 4c8b 8c24 | c800 0000 | bf00 0000 | 008b b424 | d800 0000 
  0x000001d196e52050: 488b c848 | 8b94 24a0 | 0000 000f 

  0x000001d196e5205c: ;   {optimized virtual_call}
  0x000001d196e5205c: 1f40 00e8 

  0x000001d196e52060: ; ImmutableOopMap {}
                      ;*invokevirtual defineClass {reexecute=0 rethrow=0 return_oop=0}
                      ; - java.security.SecureClassLoader::defineClass@12 (line 150)
                      ; - jdk.internal.loader.BuiltinClassLoader::defineClass@117 (line 862)
  0x000001d196e52060: 9cb9 0100 | 4881 c400 | 0100 005d 

  0x000001d196e5206c: ;   {poll_return}
  0x000001d196e5206c: 493b a750 | 0300 000f | 87ef 0000 | 00c3 498b | 87e0 0300 | 004d 33d2 | 4d89 97e0 | 0300 004d 
  0x000001d196e5208c: 33d2 4d89 | 97e8 0300 | 0048 8bf0 | 488d 8424 | e000 0000 | 488b 3848 | 85ff 0f84 | 0f00 0000 
  0x000001d196e520ac: 488b 5808 | f048 0fb1 | 3b0f 85c3 | 0000 0048 | 8bc6 e9f0 

  0x000001d196e520c0: ;   {runtime_call throw_null_pointer_exception Runtime1 stub}
  0x000001d196e520c0: 0000 00e8 

  0x000001d196e520c4: ; ImmutableOopMap {[152]=Oop [160]=Oop rax=Oop [168]=Oop r8=Oop [144]=Oop }
                      ;*invokevirtual lastIndexOf {reexecute=0 rethrow=0 return_oop=0}
                      ; - jdk.internal.loader.BuiltinClassLoader::defineClass@8 (line 845)
  0x000001d196e520c4: 58fb daff 

  0x000001d196e520c8: ;   {runtime_call throw_null_pointer_exception Runtime1 stub}
  0x000001d196e520c8: e853 fbda 

  0x000001d196e520cc: ; ImmutableOopMap {[152]=Oop [160]=Oop rax=Oop [168]=Oop r8=Oop [144]=Oop rsi=Oop }
                      ;*arraylength {reexecute=0 rethrow=0 return_oop=0}
                      ; - java.lang.String::length@4 (line 1481)
                      ; - java.lang.String::lastIndexOf@3 (line 2451)
                      ; - jdk.internal.loader.BuiltinClassLoader::defineClass@8 (line 845)
  0x000001d196e520cc: ff4c 894c | 2408 4889 

  0x000001d196e520d4: ;   {runtime_call monitorenter_nofpu Runtime1 stub}
  0x000001d196e520d4: 1424 e825 

  0x000001d196e520d8: ; ImmutableOopMap {[160]=Oop [168]=Oop [144]=Oop r9=Oop [152]=Oop [232]=Oop }
                      ;*synchronization entry
                      ; - jdk.internal.loader.Resource::cachedInputStream@-1 (line 76)
                      ; - jdk.internal.loader.Resource::getByteBuffer@1 (line 163)
                      ; - jdk.internal.loader.BuiltinClassLoader::defineClass@45 (line 853)
  0x000001d196e520d8: 2edb ffe9 | 38fc ffff | 418b 510c | 4883 fa00 | 0f84 64fc | ffff 4889 

  0x000001d196e520f0: ;   {runtime_call g1_pre_barrier_slow}
  0x000001d196e520f0: 1424 e809 | 5bdb ffe9 | 56fc ffff | 4883 f800 | 0f84 67fc | ffff 4c89 

  0x000001d196e52108: ;   {runtime_call g1_post_barrier_slow}
  0x000001d196e52108: 0c24 e8f1 | 5ddb ffe9 | 59fc ffff | 488d 8424 | e000 0000 | 4889 0424 

  0x000001d196e52120: ;   {runtime_call monitorexit_nofpu Runtime1 stub}
  0x000001d196e52120: e8db 33db | ffe9 6afc | ffff 4889 

  0x000001d196e5212c: ;   {runtime_call throw_class_cast_exception Runtime1 stub}
  0x000001d196e5212c: 1424 e8ed 

  0x000001d196e52130: ; ImmutableOopMap {[160]=Oop [168]=Oop [144]=Oop [152]=Oop }
                      ;*checkcast {reexecute=0 rethrow=0 return_oop=0}
                      ; - jdk.internal.loader.Resource::getByteBuffer@13 (line 165)
                      ; - jdk.internal.loader.BuiltinClassLoader::defineClass@45 (line 853)
  0x000001d196e52130: 21db ff48 

  0x000001d196e52134: ;   {runtime_call fast_new_instance Runtime1 stub}
  0x000001d196e52134: 8bd2 e8c5 

  0x000001d196e52138: ; ImmutableOopMap {[160]=Oop [168]=Oop [144]=Oop [184]=Oop r9=Oop }
                      ;*new {reexecute=0 rethrow=0 return_oop=0}
                      ; - jdk.internal.loader.BuiltinClassLoader::defineClass@61 (line 856)
  0x000001d196e52138: 03db ffe9 | affd ffff 

  0x000001d196e52140: ;   {internal_word}
  0x000001d196e52140: 49ba 4c1f | e596 d101 | 0000 4d89 | 9768 0300 

  0x000001d196e52150: ;   {runtime_call SafepointBlob}
  0x000001d196e52150: 00e9 aa58 | d1ff 488b 

  0x000001d196e52158: ;   {runtime_call fast_new_instance Runtime1 stub}
  0x000001d196e52158: d2e8 a203 

  0x000001d196e5215c: ; ImmutableOopMap {[160]=Oop [144]=Oop [168]=Oop [200]=Oop r9=Oop }
                      ;*new {reexecute=0 rethrow=0 return_oop=0}
                      ; - jdk.internal.loader.BuiltinClassLoader::defineClass@95 (line 861)
  0x000001d196e5215c: dbff e98c 

  0x000001d196e52160: ;   {runtime_call throw_null_pointer_exception Runtime1 stub}
  0x000001d196e52160: feff ffe8 

  0x000001d196e52164: ; ImmutableOopMap {[160]=Oop [144]=Oop [208]=Oop rax=Oop [200]=Oop }
                      ;*arraylength {reexecute=0 rethrow=0 return_oop=0}
                      ; - jdk.internal.loader.BuiltinClassLoader::defineClass@114 (line 862)
  0x000001d196e52164: b8fa daff 

  0x000001d196e52168: ;   {internal_word}
  0x000001d196e52168: 49ba 6c20 | e596 d101 | 0000 4d89 | 9768 0300 

  0x000001d196e52178: ;   {runtime_call SafepointBlob}
  0x000001d196e52178: 00e9 8258 | d1ff 488d | 8424 e000 | 0000 4889 

  0x000001d196e52188: ;   {runtime_call monitorexit_nofpu Runtime1 stub}
  0x000001d196e52188: 0424 e871 | 33db ffe9 | 27ff ffff | 9090 498b | 87e0 0300 | 0049 c787 | e003 0000 | 0000 0000 
  0x000001d196e521a8: 49c7 87e8 | 0300 0000 | 0000 0048 | 81c4 0001 

  0x000001d196e521b8: ;   {runtime_call unwind_exception Runtime1 stub}
  0x000001d196e521b8: 0000 5de9 | 40e5 daff 
[Stub Code]
  0x000001d196e521c0: ;   {no_reloc}
  0x000001d196e521c0: 0f1f 4400 

  0x000001d196e521c4: ;   {static_stub}
  0x000001d196e521c4: 0048 bb00 | 0000 0000 

  0x000001d196e521cc: ;   {runtime_call}
  0x000001d196e521cc: 0000 00e9 | fbff ffff 

  0x000001d196e521d4: ;   {static_stub}
  0x000001d196e521d4: 9048 bb00 | 0000 0000 

  0x000001d196e521dc: ;   {runtime_call}
  0x000001d196e521dc: 0000 00e9 | fbff ffff 

  0x000001d196e521e4: ;   {static_stub}
  0x000001d196e521e4: 9048 bb00 | 0000 0000 

  0x000001d196e521ec: ;   {runtime_call}
  0x000001d196e521ec: 0000 00e9 | fbff ffff 

  0x000001d196e521f4: ;   {static_stub}
  0x000001d196e521f4: 9048 bb00 | 0000 0000 

  0x000001d196e521fc: ;   {runtime_call}
  0x000001d196e521fc: 0000 00e9 | fbff ffff 

  0x000001d196e52204: ;   {static_stub}
  0x000001d196e52204: 9048 bb00 | 0000 0000 

  0x000001d196e5220c: ;   {runtime_call}
  0x000001d196e5220c: 0000 00e9 | fbff ffff 

  0x000001d196e52214: ;   {static_stub}
  0x000001d196e52214: 9048 bb00 | 0000 0000 

  0x000001d196e5221c: ;   {runtime_call}
  0x000001d196e5221c: 0000 00e9 | fbff ffff 

  0x000001d196e52224: ;   {static_stub}
  0x000001d196e52224: 9048 bb00 | 0000 0000 

  0x000001d196e5222c: ;   {runtime_call}
  0x000001d196e5222c: 0000 00e9 | fbff ffff 

  0x000001d196e52234: ;   {static_stub}
  0x000001d196e52234: 9048 bb00 | 0000 0000 

  0x000001d196e5223c: ;   {runtime_call}
  0x000001d196e5223c: 0000 00e9 | fbff ffff 

  0x000001d196e52244: ;   {static_stub}
  0x000001d196e52244: 9048 bb00 | 0000 0000 

  0x000001d196e5224c: ;   {runtime_call}
  0x000001d196e5224c: 0000 00e9 | fbff ffff 

  0x000001d196e52254: ;   {static_stub}
  0x000001d196e52254: 9048 bb00 | 0000 0000 

  0x000001d196e5225c: ;   {runtime_call}
  0x000001d196e5225c: 0000 00e9 | fbff ffff 

  0x000001d196e52264: ;   {static_stub}
  0x000001d196e52264: 9048 bb00 | 0000 0000 

  0x000001d196e5226c: ;   {runtime_call}
  0x000001d196e5226c: 0000 00e9 | fbff ffff 

  0x000001d196e52274: ;   {static_stub}
  0x000001d196e52274: 9048 bb00 | 0000 0000 

  0x000001d196e5227c: ;   {runtime_call}
  0x000001d196e5227c: 0000 00e9 | fbff ffff 

  0x000001d196e52284: ;   {static_stub}
  0x000001d196e52284: 9048 bb00 | 0000 0000 

  0x000001d196e5228c: ;   {runtime_call}
  0x000001d196e5228c: 0000 00e9 | fbff ffff 

  0x000001d196e52294: ;   {static_stub}
  0x000001d196e52294: 9048 bb00 | 0000 0000 

  0x000001d196e5229c: ;   {runtime_call}
  0x000001d196e5229c: 0000 00e9 | fbff ffff 

  0x000001d196e522a4: ;   {static_stub}
  0x000001d196e522a4: 9048 bb00 | 0000 0000 

  0x000001d196e522ac: ;   {runtime_call}
  0x000001d196e522ac: 0000 00e9 | fbff ffff 

  0x000001d196e522b4: ;   {static_stub}
  0x000001d196e522b4: 9048 bb00 | 0000 0000 

  0x000001d196e522bc: ;   {runtime_call}
  0x000001d196e522bc: 0000 00e9 | fbff ffff 

  0x000001d196e522c4: ;   {static_stub}
  0x000001d196e522c4: 9048 bbb8 | 0c01 9fd1 

  0x000001d196e522cc: ;   {runtime_call I2C/C2I adapters}
  0x000001d196e522cc: 0100 00e9 | 1754 d0ff 
[Exception Handler]
  0x000001d196e522d4: ;   {runtime_call handle_exception_from_callee Runtime1 stub}
  0x000001d196e522d4: e827 17db 

  0x000001d196e522d8: ;   {external_word}
  0x000001d196e522d8: ff48 b940 | 9a4a adf9 | 7f00 0048 

  0x000001d196e522e4: ;   {runtime_call}
  0x000001d196e522e4: 83e4 f049 | ba20 2713 | adf9 7f00 | 0041 ffd2 

  0x000001d196e522f4: ;   {section_word}
  0x000001d196e522f4: f449 baf5 | 22e5 96d1 | 0100 0041 

  0x000001d196e52300: ;   {runtime_call DeoptimizationBlob}
  0x000001d196e52300: 52e9 9a49 | d1ff f4f4 
[/MachCode]


---------------  P R O C E S S  ---------------

Threads class SMR info:
_java_thread_list=0x000001d1e4640f60, length=15, elements={
0x000001d18effd7a0, 0x000001d19e336520, 0x000001d19e3373a0, 0x000001d19e349ee0,
0x000001d19e34b570, 0x000001d19e34d0a0, 0x000001d19e34da60, 0x000001d19e34ece0,
0x000001d19e35bc00, 0x000001d19e32c0d0, 0x000001d19e40e610, 0x000001d19e90c8a0,
0x000001d19e90cd80, 0x000001d1e4284fc0, 0x000001d1e46be800
}

Java Threads: ( => current thread )
  0x000001d18effd7a0 JavaThread "main" [_thread_in_vm, id=11208, stack(0x000000b450900000,0x000000b450a00000)]
  0x000001d19e336520 JavaThread "Reference Handler" daemon [_thread_blocked, id=5500, stack(0x000000b451000000,0x000000b451100000)]
  0x000001d19e3373a0 JavaThread "Finalizer" daemon [_thread_blocked, id=7224, stack(0x000000b451100000,0x000000b451200000)]
  0x000001d19e349ee0 JavaThread "Signal Dispatcher" daemon [_thread_blocked, id=9532, stack(0x000000b451200000,0x000000b451300000)]
  0x000001d19e34b570 JavaThread "Attach Listener" daemon [_thread_blocked, id=11184, stack(0x000000b451300000,0x000000b451400000)]
  0x000001d19e34d0a0 JavaThread "Service Thread" daemon [_thread_blocked, id=10456, stack(0x000000b451400000,0x000000b451500000)]
  0x000001d19e34da60 JavaThread "Monitor Deflation Thread" daemon [_thread_blocked, id=9560, stack(0x000000b451500000,0x000000b451600000)]
  0x000001d19e34ece0 JavaThread "C1 CompilerThread0" daemon [_thread_blocked, id=8160, stack(0x000000b451600000,0x000000b451700000)]
  0x000001d19e35bc00 JavaThread "Sweeper thread" daemon [_thread_blocked, id=4248, stack(0x000000b451700000,0x000000b451800000)]
  0x000001d19e32c0d0 JavaThread "Common-Cleaner" daemon [_thread_blocked, id=5104, stack(0x000000b451800000,0x000000b451900000)]
  0x000001d19e40e610 JavaThread "C1 CompilerThread1" daemon [_thread_blocked, id=7432, stack(0x000000b451900000,0x000000b451a00000)]
  0x000001d19e90c8a0 JavaThread "Monitor Ctrl-Break" daemon [_thread_in_native, id=10180, stack(0x000000b451a00000,0x000000b451b00000)]
  0x000001d19e90cd80 JavaThread "Notification Thread" daemon [_thread_blocked, id=1012, stack(0x000000b451b00000,0x000000b451c00000)]
  0x000001d1e4284fc0 JavaThread "RMI TCP Accept-0" daemon [_thread_in_native, id=7572, stack(0x000000b451c00000,0x000000b451d00000)]
=>0x000001d1e46be800 JavaThread "background-preinit" [_thread_in_vm, id=7192, stack(0x000000b452200000,0x000000b452300000)]

Other Threads:
  0x000001d19e333060 VMThread "VM Thread" [stack: 0x000000b450f00000,0x000000b451000000] [id=6824]
  0x000001d18effe760 WatcherThread [stack: 0x000000b451d00000,0x000000b451e00000] [id=10304]
  0x000001d18f038010 GCTaskThread "GC Thread#0" [stack: 0x000000b450a00000,0x000000b450b00000] [id=11108]
  0x000001d1e4180e80 GCTaskThread "GC Thread#1" [stack: 0x000000b451e00000,0x000000b451f00000] [id=10692]
  0x000001d1e42b1b90 GCTaskThread "GC Thread#2" [stack: 0x000000b451f00000,0x000000b452000000] [id=11100]
  0x000001d1e431a710 GCTaskThread "GC Thread#3" [stack: 0x000000b452000000,0x000000b452100000] [id=4500]
  0x000001d18f040de0 ConcurrentGCThread "G1 Main Marker" [stack: 0x000000b450b00000,0x000000b450c00000] [id=10956]
  0x000001d18f041800 ConcurrentGCThread "G1 Conc#0" [stack: 0x000000b450c00000,0x000000b450d00000] [id=7160]
  0x000001d18f08ec30 ConcurrentGCThread "G1 Refine#0" [stack: 0x000000b450d00000,0x000000b450e00000] [id=8324]
  0x000001d1e42a2ac0 ConcurrentGCThread "G1 Refine#1" [stack: 0x000000b452100000,0x000000b452200000] [id=7388]
  0x000001d18f08ff40 ConcurrentGCThread "G1 Service" [stack: 0x000000b450e00000,0x000000b450f00000] [id=7524]

Threads with active compile tasks:

VM state: not at safepoint (normal execution)

VM Mutex/Monitor currently owned by a thread:  ([mutex/lock_event])
[0x000001d18eff8080] Metaspace_lock - owner thread: 0x000001d1e46be800

Heap address: 0x00000000c0c00000, size: 1012 MB, Compressed Oops mode: 32-bit

CDS archive(s) mapped at: [0x000001d19f000000-0x000001d19fbb0000-0x000001d19fbb0000), size 12255232, SharedBaseAddress: 0x000001d19f000000, ArchiveRelocationMode: 1.
Compressed class space mapped at: 0x000001d1a0000000-0x000001d1e0000000, reserved size: 1073741824
Narrow klass base: 0x000001d19f000000, Narrow klass shift: 0, Narrow klass range: 0x100000000

GC Precious Log:
 CPUs: 4 total, 4 available
 Memory: 4041M
 Large Page Support: Disabled
 NUMA Support: Disabled
 Compressed Oops: Enabled (32-bit)
 Heap Region Size: 1M
 Heap Min Capacity: 8M
 Heap Initial Capacity: 64M
 Heap Max Capacity: 1012M
 Pre-touch: Disabled
 Parallel Workers: 4
 Concurrent Workers: 1
 Concurrent Refinement Workers: 4
 Periodic GC: Disabled

Heap:
 garbage-first heap   total 65536K, used 9430K [0x00000000c0c00000, 0x0000000100000000)
  region size 1024K, 4 young (4096K), 2 survivors (2048K)
 Metaspace       used 11468K, committed 11712K, reserved 1114112K
  class space    used 1563K, committed 1664K, reserved 1048576K

Heap Regions: E=young(eden), S=young(survivor), O=old, HS=humongous(starts), HC=humongous(continues), CS=collection set, F=free, OA=open archive, CA=closed archive, TAMS=top-at-mark-start (previous, next)
|   0|0x00000000c0c00000, 0x00000000c0d00000, 0x00000000c0d00000|100%|HS|  |TAMS 0x00000000c0c00000, 0x00000000c0c00000| Complete 
|   1|0x00000000c0d00000, 0x00000000c0e00000, 0x00000000c0e00000|100%| O|  |TAMS 0x00000000c0d00000, 0x00000000c0d00000| Untracked 
|   2|0x00000000c0e00000, 0x00000000c0f00000, 0x00000000c0f00000|100%| O|  |TAMS 0x00000000c0e00000, 0x00000000c0e00000| Untracked 
|   3|0x00000000c0f00000, 0x00000000c1000000, 0x00000000c1000000|100%| O|  |TAMS 0x00000000c0f00000, 0x00000000c0f00000| Untracked 
|   4|0x00000000c1000000, 0x00000000c1100000, 0x00000000c1100000|100%| O|  |TAMS 0x00000000c1000000, 0x00000000c1000000| Untracked 
|   5|0x00000000c1100000, 0x00000000c1200000, 0x00000000c1200000|100%| O|  |TAMS 0x00000000c1100000, 0x00000000c1100000| Untracked 
|   6|0x00000000c1200000, 0x00000000c1300000, 0x00000000c1300000|100%| O|  |TAMS 0x00000000c1200000, 0x00000000c1200000| Untracked 
|   7|0x00000000c1300000, 0x00000000c1348c00, 0x00000000c1400000| 28%| O|  |TAMS 0x00000000c1300000, 0x00000000c1300000| Untracked 
|   8|0x00000000c1400000, 0x00000000c1400000, 0x00000000c1500000|  0%| F|  |TAMS 0x00000000c1400000, 0x00000000c1400000| Untracked 
|   9|0x00000000c1500000, 0x00000000c1500000, 0x00000000c1600000|  0%| F|  |TAMS 0x00000000c1500000, 0x00000000c1500000| Untracked 
|  10|0x00000000c1600000, 0x00000000c1600000, 0x00000000c1700000|  0%| F|  |TAMS 0x00000000c1600000, 0x00000000c1600000| Untracked 
|  11|0x00000000c1700000, 0x00000000c1700000, 0x00000000c1800000|  0%| F|  |TAMS 0x00000000c1700000, 0x00000000c1700000| Untracked 
|  12|0x00000000c1800000, 0x00000000c1800000, 0x00000000c1900000|  0%| F|  |TAMS 0x00000000c1800000, 0x00000000c1800000| Untracked 
|  13|0x00000000c1900000, 0x00000000c1900000, 0x00000000c1a00000|  0%| F|  |TAMS 0x00000000c1900000, 0x00000000c1900000| Untracked 
|  14|0x00000000c1a00000, 0x00000000c1a00000, 0x00000000c1b00000|  0%| F|  |TAMS 0x00000000c1a00000, 0x00000000c1a00000| Untracked 
|  15|0x00000000c1b00000, 0x00000000c1b00000, 0x00000000c1c00000|  0%| F|  |TAMS 0x00000000c1b00000, 0x00000000c1b00000| Untracked 
|  16|0x00000000c1c00000, 0x00000000c1c00000, 0x00000000c1d00000|  0%| F|  |TAMS 0x00000000c1c00000, 0x00000000c1c00000| Untracked 
|  17|0x00000000c1d00000, 0x00000000c1d00000, 0x00000000c1e00000|  0%| F|  |TAMS 0x00000000c1d00000, 0x00000000c1d00000| Untracked 
|  18|0x00000000c1e00000, 0x00000000c1e00000, 0x00000000c1f00000|  0%| F|  |TAMS 0x00000000c1e00000, 0x00000000c1e00000| Untracked 
|  19|0x00000000c1f00000, 0x00000000c1f00000, 0x00000000c2000000|  0%| F|  |TAMS 0x00000000c1f00000, 0x00000000c1f00000| Untracked 
|  20|0x00000000c2000000, 0x00000000c2000000, 0x00000000c2100000|  0%| F|  |TAMS 0x00000000c2000000, 0x00000000c2000000| Untracked 
|  21|0x00000000c2100000, 0x00000000c2100000, 0x00000000c2200000|  0%| F|  |TAMS 0x00000000c2100000, 0x00000000c2100000| Untracked 
|  22|0x00000000c2200000, 0x00000000c2200000, 0x00000000c2300000|  0%| F|  |TAMS 0x00000000c2200000, 0x00000000c2200000| Untracked 
|  23|0x00000000c2300000, 0x00000000c2300000, 0x00000000c2400000|  0%| F|  |TAMS 0x00000000c2300000, 0x00000000c2300000| Untracked 
|  24|0x00000000c2400000, 0x00000000c2400000, 0x00000000c2500000|  0%| F|  |TAMS 0x00000000c2400000, 0x00000000c2400000| Untracked 
|  25|0x00000000c2500000, 0x00000000c2500000, 0x00000000c2600000|  0%| F|  |TAMS 0x00000000c2500000, 0x00000000c2500000| Untracked 
|  26|0x00000000c2600000, 0x00000000c2600000, 0x00000000c2700000|  0%| F|  |TAMS 0x00000000c2600000, 0x00000000c2600000| Untracked 
|  27|0x00000000c2700000, 0x00000000c2700000, 0x00000000c2800000|  0%| F|  |TAMS 0x00000000c2700000, 0x00000000c2700000| Untracked 
|  28|0x00000000c2800000, 0x00000000c2800000, 0x00000000c2900000|  0%| F|  |TAMS 0x00000000c2800000, 0x00000000c2800000| Untracked 
|  29|0x00000000c2900000, 0x00000000c2900000, 0x00000000c2a00000|  0%| F|  |TAMS 0x00000000c2900000, 0x00000000c2900000| Untracked 
|  30|0x00000000c2a00000, 0x00000000c2a00000, 0x00000000c2b00000|  0%| F|  |TAMS 0x00000000c2a00000, 0x00000000c2a00000| Untracked 
|  31|0x00000000c2b00000, 0x00000000c2b00000, 0x00000000c2c00000|  0%| F|  |TAMS 0x00000000c2b00000, 0x00000000c2b00000| Untracked 
|  32|0x00000000c2c00000, 0x00000000c2c00000, 0x00000000c2d00000|  0%| F|  |TAMS 0x00000000c2c00000, 0x00000000c2c00000| Untracked 
|  33|0x00000000c2d00000, 0x00000000c2d00000, 0x00000000c2e00000|  0%| F|  |TAMS 0x00000000c2d00000, 0x00000000c2d00000| Untracked 
|  34|0x00000000c2e00000, 0x00000000c2e00000, 0x00000000c2f00000|  0%| F|  |TAMS 0x00000000c2e00000, 0x00000000c2e00000| Untracked 
|  35|0x00000000c2f00000, 0x00000000c2f00000, 0x00000000c3000000|  0%| F|  |TAMS 0x00000000c2f00000, 0x00000000c2f00000| Untracked 
|  36|0x00000000c3000000, 0x00000000c3000000, 0x00000000c3100000|  0%| F|  |TAMS 0x00000000c3000000, 0x00000000c3000000| Untracked 
|  37|0x00000000c3100000, 0x00000000c3100000, 0x00000000c3200000|  0%| F|  |TAMS 0x00000000c3100000, 0x00000000c3100000| Untracked 
|  38|0x00000000c3200000, 0x00000000c3200000, 0x00000000c3300000|  0%| F|  |TAMS 0x00000000c3200000, 0x00000000c3200000| Untracked 
|  39|0x00000000c3300000, 0x00000000c3300000, 0x00000000c3400000|  0%| F|  |TAMS 0x00000000c3300000, 0x00000000c3300000| Untracked 
|  40|0x00000000c3400000, 0x00000000c3400000, 0x00000000c3500000|  0%| F|  |TAMS 0x00000000c3400000, 0x00000000c3400000| Untracked 
|  41|0x00000000c3500000, 0x00000000c3500000, 0x00000000c3600000|  0%| F|  |TAMS 0x00000000c3500000, 0x00000000c3500000| Untracked 
|  42|0x00000000c3600000, 0x00000000c36ecd50, 0x00000000c3700000| 92%| S|CS|TAMS 0x00000000c3600000, 0x00000000c3600000| Complete 
|  43|0x00000000c3700000, 0x00000000c3800000, 0x00000000c3800000|100%| S|CS|TAMS 0x00000000c3700000, 0x00000000c3700000| Complete 
|  44|0x00000000c3800000, 0x00000000c3800000, 0x00000000c3900000|  0%| F|  |TAMS 0x00000000c3800000, 0x00000000c3800000| Untracked 
|  45|0x00000000c3900000, 0x00000000c3900000, 0x00000000c3a00000|  0%| F|  |TAMS 0x00000000c3900000, 0x00000000c3900000| Untracked 
|  46|0x00000000c3a00000, 0x00000000c3a00000, 0x00000000c3b00000|  0%| F|  |TAMS 0x00000000c3a00000, 0x00000000c3a00000| Untracked 
|  47|0x00000000c3b00000, 0x00000000c3b00000, 0x00000000c3c00000|  0%| F|  |TAMS 0x00000000c3b00000, 0x00000000c3b00000| Untracked 
|  48|0x00000000c3c00000, 0x00000000c3c00000, 0x00000000c3d00000|  0%| F|  |TAMS 0x00000000c3c00000, 0x00000000c3c00000| Untracked 
|  49|0x00000000c3d00000, 0x00000000c3d00000, 0x00000000c3e00000|  0%| F|  |TAMS 0x00000000c3d00000, 0x00000000c3d00000| Untracked 
|  50|0x00000000c3e00000, 0x00000000c3e00000, 0x00000000c3f00000|  0%| F|  |TAMS 0x00000000c3e00000, 0x00000000c3e00000| Untracked 
|  51|0x00000000c3f00000, 0x00000000c3f00000, 0x00000000c4000000|  0%| F|  |TAMS 0x00000000c3f00000, 0x00000000c3f00000| Untracked 
|  52|0x00000000c4000000, 0x00000000c4000000, 0x00000000c4100000|  0%| F|  |TAMS 0x00000000c4000000, 0x00000000c4000000| Untracked 
|  53|0x00000000c4100000, 0x00000000c4100000, 0x00000000c4200000|  0%| F|  |TAMS 0x00000000c4100000, 0x00000000c4100000| Untracked 
|  54|0x00000000c4200000, 0x00000000c4200000, 0x00000000c4300000|  0%| F|  |TAMS 0x00000000c4200000, 0x00000000c4200000| Untracked 
|  55|0x00000000c4300000, 0x00000000c4300000, 0x00000000c4400000|  0%| F|  |TAMS 0x00000000c4300000, 0x00000000c4300000| Untracked 
|  56|0x00000000c4400000, 0x00000000c4400000, 0x00000000c4500000|  0%| F|  |TAMS 0x00000000c4400000, 0x00000000c4400000| Untracked 
|  57|0x00000000c4500000, 0x00000000c4500000, 0x00000000c4600000|  0%| F|  |TAMS 0x00000000c4500000, 0x00000000c4500000| Untracked 
|  58|0x00000000c4600000, 0x00000000c4600000, 0x00000000c4700000|  0%| F|  |TAMS 0x00000000c4600000, 0x00000000c4600000| Untracked 
|  59|0x00000000c4700000, 0x00000000c4700000, 0x00000000c4800000|  0%| F|  |TAMS 0x00000000c4700000, 0x00000000c4700000| Untracked 
|  60|0x00000000c4800000, 0x00000000c4800000, 0x00000000c4900000|  0%| F|  |TAMS 0x00000000c4800000, 0x00000000c4800000| Untracked 
|  61|0x00000000c4900000, 0x00000000c4900000, 0x00000000c4a00000|  0%| F|  |TAMS 0x00000000c4900000, 0x00000000c4900000| Untracked 
|  62|0x00000000c4a00000, 0x00000000c4a684e0, 0x00000000c4b00000| 40%| E|  |TAMS 0x00000000c4a00000, 0x00000000c4a00000| Complete 
|  63|0x00000000c4b00000, 0x00000000c4c00000, 0x00000000c4c00000|100%| E|  |TAMS 0x00000000c4b00000, 0x00000000c4b00000| Complete 

Card table byte_map: [0x000001d199b10000,0x000001d199d10000] _byte_map_base: 0x000001d19950a000

Marking Bits (Prev, Next): (CMBitMap*) 0x000001d18f038630, (CMBitMap*) 0x000001d18f038670
 Prev Bits: [0x000001d199f10000, 0x000001d19aee0000)
 Next Bits: [0x000001d19aee0000, 0x000001d19beb0000)

Polling page: 0x000001d18cee0000

Metaspace:

Usage:
  Non-class:      9.67 MB used.
      Class:      1.53 MB used.
       Both:     11.20 MB used.

Virtual space:
  Non-class space:       64.00 MB reserved,       9.81 MB ( 15%) committed,  1 nodes.
      Class space:        1.00 GB reserved,       1.62 MB ( <1%) committed,  1 nodes.
             Both:        1.06 GB reserved,      11.44 MB (  1%) committed. 

Chunk freelists:
   Non-Class:  6.14 MB
       Class:  14.37 MB
        Both:  20.51 MB

MaxMetaspaceSize: unlimited
CompressedClassSpaceSize: 1.00 GB
Initial GC threshold: 21.00 MB
Current GC threshold: 21.00 MB
CDS: on
MetaspaceReclaimPolicy: balanced
 - commit_granule_bytes: 65536.
 - commit_granule_words: 8192.
 - virtual_space_node_default_size: 8388608.
 - enlarge_chunks_in_place: 1.
 - new_chunks_are_fully_committed: 0.
 - uncommit_free_chunks: 1.
 - use_allocation_guard: 0.
 - handle_deallocations: 1.


Internal statistics:

num_allocs_failed_limit: 0.
num_arena_births: 214.
num_arena_deaths: 0.
num_vsnodes_births: 2.
num_vsnodes_deaths: 0.
num_space_committed: 183.
num_space_uncommitted: 0.
num_chunks_returned_to_freelist: 0.
num_chunks_taken_from_freelist: 518.
num_chunk_merges: 0.
num_chunk_splits: 333.
num_chunks_enlarged: 238.
num_inconsistent_stats: 0.

CodeCache: size=49152Kb used=4333Kb max_used=4333Kb free=44818Kb
 bounds [0x000001d196b10000, 0x000001d196f50000, 0x000001d199b10000]
 total_blobs=2242 nmethods=1785 adapters=383
 compilation: enabled
              stopped_count=0, restarted_count=0
 full_count=0

Compilation events (20 events):
Event: 3.628 Thread 0x000001d19e34ece0 1774       1       java.lang.reflect.Modifier::isAbstract (14 bytes)
Event: 3.629 Thread 0x000001d19e34ece0 nmethod 1774 0x000001d196f48010 code [0x000001d196f481a0, 0x000001d196f48258]
Event: 3.630 Thread 0x000001d19e40e610 1775       1       java.util.jar.JavaUtilJarAccessImpl::getTrustedAttributes (6 bytes)
Event: 3.630 Thread 0x000001d19e40e610 nmethod 1775 0x000001d196f48310 code [0x000001d196f484a0, 0x000001d196f48588]
Event: 3.637 Thread 0x000001d19e40e610 1776       1       java.lang.ClassLoader::getUnnamedModule (5 bytes)
Event: 3.637 Thread 0x000001d19e40e610 nmethod 1776 0x000001d196f48690 code [0x000001d196f48820, 0x000001d196f488f8]
Event: 3.649 Thread 0x000001d19e40e610 1778       1       java.lang.ref.Reference::enqueueFromPending (19 bytes)
Event: 3.649 Thread 0x000001d19e34ece0 1779   !   1       java.lang.ref.ReferenceQueue::enqueue (119 bytes)
Event: 3.649 Thread 0x000001d19e40e610 nmethod 1778 0x000001d196f48d90 code [0x000001d196f48f20, 0x000001d196f49028]
Event: 3.649 Thread 0x000001d19e40e610 1780       1       java.lang.ref.ReferenceQueue::reallyPoll (65 bytes)
Event: 3.650 Thread 0x000001d19e34ece0 nmethod 1779 0x000001d196f49490 code [0x000001d196f49660, 0x000001d196f49aa8]
Event: 3.650 Thread 0x000001d19e34ece0 1781   !   1       java.lang.ref.ReferenceQueue::remove (125 bytes)
Event: 3.650 Thread 0x000001d19e40e610 nmethod 1780 0x000001d196f49c10 code [0x000001d196f49dc0, 0x000001d196f4a0b8]
Event: 3.650 Thread 0x000001d19e40e610 1782   !   1       jdk.internal.ref.PhantomCleanable::isListEmpty (34 bytes)
Event: 3.650 Thread 0x000001d19e40e610 nmethod 1782 0x000001d196f4a190 code [0x000001d196f4a320, 0x000001d196f4a4d8]
Event: 3.650 Thread 0x000001d19e40e610 1783       1       jdk.internal.misc.InnocuousThread::eraseThreadLocals (23 bytes)
Event: 3.651 Thread 0x000001d19e40e610 nmethod 1783 0x000001d196f4a610 code [0x000001d196f4a7a0, 0x000001d196f4a938]
Event: 3.651 Thread 0x000001d19e40e610 1784       1       java.lang.invoke.MethodHandleNatives$CallSiteContext::run (5 bytes)
Event: 3.651 Thread 0x000001d19e34ece0 nmethod 1781 0x000001d196f4a990 code [0x000001d196f4ab80, 0x000001d196f4b078]
Event: 3.651 Thread 0x000001d19e40e610 nmethod 1784 0x000001d196f4b310 code [0x000001d196f4b4a0, 0x000001d196f4b588]

GC Heap History (6 events):
Event: 1.703 GC heap before
{Heap before GC invocations=0 (full 0):
 garbage-first heap   total 65536K, used 14336K [0x00000000c0c00000, 0x0000000100000000)
  region size 1024K, 13 young (13312K), 0 survivors (0K)
 Metaspace       used 5113K, committed 5312K, reserved 1114112K
  class space    used 603K, committed 704K, reserved 1048576K
}
Event: 1.721 GC heap after
{Heap after GC invocations=1 (full 0):
 garbage-first heap   total 65536K, used 7264K [0x00000000c0c00000, 0x0000000100000000)
  region size 1024K, 2 young (2048K), 2 survivors (2048K)
 Metaspace       used 5113K, committed 5312K, reserved 1114112K
  class space    used 603K, committed 704K, reserved 1048576K
}
Event: 2.298 GC heap before
{Heap before GC invocations=1 (full 0):
 garbage-first heap   total 65536K, used 14432K [0x00000000c0c00000, 0x0000000100000000)
  region size 1024K, 9 young (9216K), 2 survivors (2048K)
 Metaspace       used 6953K, committed 7168K, reserved 1114112K
  class space    used 870K, committed 1024K, reserved 1048576K
}
Event: 2.307 GC heap after
{Heap after GC invocations=2 (full 0):
 garbage-first heap   total 65536K, used 8043K [0x00000000c0c00000, 0x0000000100000000)
  region size 1024K, 1 young (1024K), 1 survivors (1024K)
 Metaspace       used 6953K, committed 7168K, reserved 1114112K
  class space    used 870K, committed 1024K, reserved 1048576K
}
Event: 3.642 GC heap before
{Heap before GC invocations=2 (full 0):
 garbage-first heap   total 65536K, used 27499K [0x00000000c0c00000, 0x0000000100000000)
  region size 1024K, 20 young (20480K), 1 survivors (1024K)
 Metaspace       used 11069K, committed 11392K, reserved 1114112K
  class space    used 1520K, committed 1664K, reserved 1048576K
}
Event: 3.648 GC heap after
{Heap after GC invocations=3 (full 0):
 garbage-first heap   total 65536K, used 9430K [0x00000000c0c00000, 0x0000000100000000)
  region size 1024K, 2 young (2048K), 2 survivors (2048K)
 Metaspace       used 11069K, committed 11392K, reserved 1114112K
  class space    used 1520K, committed 1664K, reserved 1048576K
}

Dll operation events (12 events):
Event: 0.030 Loaded shared library C:\Users\Willy.nyawira\.jdks\corretto-17.0.11\bin\java.dll
Event: 0.078 Loaded shared library C:\Users\Willy.nyawira\.jdks\corretto-17.0.11\bin\jsvml.dll
Event: 0.474 Loaded shared library C:\Users\Willy.nyawira\.jdks\corretto-17.0.11\bin\zip.dll
Event: 0.481 Loaded shared library C:\Users\Willy.nyawira\.jdks\corretto-17.0.11\bin\instrument.dll
Event: 0.498 Loaded shared library C:\Users\Willy.nyawira\.jdks\corretto-17.0.11\bin\net.dll
Event: 0.503 Loaded shared library C:\Users\Willy.nyawira\.jdks\corretto-17.0.11\bin\nio.dll
Event: 0.510 Loaded shared library C:\Users\Willy.nyawira\.jdks\corretto-17.0.11\bin\zip.dll
Event: 0.739 Loaded shared library C:\Program Files\JetBrains\IntelliJ IDEA 2024.1.1\bin\breakgen64.dll
Event: 0.757 Loaded shared library C:\Users\Willy.nyawira\.jdks\corretto-17.0.11\bin\jimage.dll
Event: 0.780 Loaded shared library C:\Users\Willy.nyawira\.jdks\corretto-17.0.11\bin\extnet.dll
Event: 0.814 Loaded shared library C:\Users\Willy.nyawira\.jdks\corretto-17.0.11\bin\management.dll
Event: 0.855 Loaded shared library C:\Users\Willy.nyawira\.jdks\corretto-17.0.11\bin\management_ext.dll

Deoptimization events (0 events):
No events

Classes unloaded (0 events):
No events

Classes redefined (0 events):
No events

Internal exceptions (20 events):
Event: 2.850 Thread 0x000001d18effd7a0 Exception <a 'java/lang/NoSuchMethodError'{0x00000000c4237b80}: 'java.lang.Object java.lang.invoke.DirectMethodHandle$Holder.newInvokeSpecial(java.lang.Object, java.lang.Object, java.lang.Object, java.lang.Object, java.lang.Object, java.lang.Object, int)'> (0x00000000c4237b80) 
thrown [s\src\hotspot\share\interpreter\linkResolver.cpp, line 759]
Event: 2.851 Thread 0x000001d18effd7a0 Exception <a 'java/lang/NoSuchMethodError'{0x00000000c423cbc0}: 'java.lang.Object java.lang.invoke.DirectMethodHandle$Holder.invokeSpecial(java.lang.Object, java.lang.Object, java.lang.Object, java.lang.Object, java.lang.Object, java.lang.Object, java.lang.Object, int)'> (0x00000000c423cbc0) 
thrown [s\src\hotspot\share\interpreter\linkResolver.cpp, line 759]
Event: 2.987 Thread 0x000001d18effd7a0 Exception <a 'java/lang/NoSuchMethodError'{0x00000000c4023db8}: 'void java.lang.invoke.DirectMethodHandle$Holder.invokeSpecial(java.lang.Object, java.lang.Object, java.lang.Object, java.lang.Object, java.lang.Object)'> (0x00000000c4023db8) 
thrown [s\src\hotspot\share\interpreter\linkResolver.cpp, line 759]
Event: 3.166 Thread 0x000001d18effd7a0 Exception <a 'java/lang/NoSuchMethodError'{0x00000000c3ea9698}: 'void java.lang.invoke.DirectMethodHandle$Holder.invokeSpecial(java.lang.Object, java.lang.Object, java.lang.Object, java.lang.Object, java.lang.Object, java.lang.Object)'> (0x00000000c3ea9698) 
thrown [s\src\hotspot\share\interpreter\linkResolver.cpp, line 759]
Event: 3.209 Thread 0x000001d18effd7a0 Exception <a 'java/lang/NoSuchMethodError'{0x00000000c3d50818}: 'java.lang.Object java.lang.invoke.DirectMethodHandle$Holder.invokeSpecial(java.lang.Object, java.lang.Object, java.lang.Object, int, java.lang.Object)'> (0x00000000c3d50818) 
thrown [s\src\hotspot\share\interpreter\linkResolver.cpp, line 759]
Event: 3.211 Thread 0x000001d18effd7a0 Exception <a 'java/lang/NoSuchMethodError'{0x00000000c3d58e78}: 'java.lang.Object java.lang.invoke.DirectMethodHandle$Holder.newInvokeSpecial(java.lang.Object, java.lang.Object, java.lang.Object, int, java.lang.Object)'> (0x00000000c3d58e78) 
thrown [s\src\hotspot\share\interpreter\linkResolver.cpp, line 759]
Event: 3.212 Thread 0x000001d18effd7a0 Exception <a 'java/lang/NoSuchMethodError'{0x00000000c3d60880}: 'java.lang.Object java.lang.invoke.Invokers$Holder.linkToTargetMethod(java.lang.Object, java.lang.Object, int, java.lang.Object, java.lang.Object)'> (0x00000000c3d60880) 
thrown [s\src\hotspot\share\interpreter\linkResolver.cpp, line 759]
Event: 3.217 Thread 0x000001d18effd7a0 Exception <a 'java/lang/NoSuchMethodError'{0x00000000c3d70190}: 'java.lang.Object java.lang.invoke.DirectMethodHandle$Holder.newInvokeSpecial(java.lang.Object, int, java.lang.Object)'> (0x00000000c3d70190) 
thrown [s\src\hotspot\share\interpreter\linkResolver.cpp, line 759]
Event: 3.218 Thread 0x000001d18effd7a0 Exception <a 'java/lang/NoSuchMethodError'{0x00000000c3d74bd0}: 'int java.lang.invoke.DirectMethodHandle$Holder.invokeSpecialIFC(java.lang.Object, java.lang.Object, java.lang.Object, java.lang.Object)'> (0x00000000c3d74bd0) 
thrown [s\src\hotspot\share\interpreter\linkResolver.cpp, line 759]
Event: 3.269 Thread 0x000001d18effd7a0 Exception <a 'java/lang/NoSuchMethodError'{0x00000000c3c2fb48}: 'void java.lang.invoke.DirectMethodHandle$Holder.invokeInterface(java.lang.Object, java.lang.Object, java.lang.Object)'> (0x00000000c3c2fb48) 
thrown [s\src\hotspot\share\interpreter\linkResolver.cpp, line 759]
Event: 3.321 Thread 0x000001d18effd7a0 Exception <a 'java/lang/NoSuchMethodError'{0x00000000c3cb6b00}: 'java.lang.Object java.lang.invoke.DirectMethodHandle$Holder.invokeVirtual(java.lang.Object, java.lang.Object, java.lang.Object)'> (0x00000000c3cb6b00) 
thrown [s\src\hotspot\share\interpreter\linkResolver.cpp, line 759]
Event: 3.375 Thread 0x000001d18effd7a0 Exception <a 'java/lang/NoSuchMethodError'{0x00000000c3b90eb8}: 'void java.lang.invoke.DirectMethodHandle$Holder.invokeStatic(java.lang.Object, java.lang.Object, int)'> (0x00000000c3b90eb8) 
thrown [s\src\hotspot\share\interpreter\linkResolver.cpp, line 759]
Event: 3.385 Thread 0x000001d18effd7a0 Exception <a 'java/lang/NoSuchMethodError'{0x00000000c3ba8790}: 'void java.lang.invoke.DirectMethodHandle$Holder.invokeStaticInit(java.lang.Object, java.lang.Object, java.lang.Object)'> (0x00000000c3ba8790) 
thrown [s\src\hotspot\share\interpreter\linkResolver.cpp, line 759]
Event: 3.397 Thread 0x000001d18effd7a0 Exception <a 'java/lang/NoSuchMethodError'{0x00000000c3befa28}: 'java.lang.Object java.lang.invoke.DirectMethodHandle$Holder.invokeStatic(java.lang.Object, java.lang.Object, long, java.lang.Object)'> (0x00000000c3befa28) 
thrown [s\src\hotspot\share\interpreter\linkResolver.cpp, line 759]
Event: 3.398 Thread 0x000001d18effd7a0 Exception <a 'java/lang/NoSuchMethodError'{0x00000000c3bf34c0}: 'java.lang.Object java.lang.invoke.DirectMethodHandle$Holder.invokeStaticInit(java.lang.Object, java.lang.Object, long, java.lang.Object)'> (0x00000000c3bf34c0) 
thrown [s\src\hotspot\share\interpreter\linkResolver.cpp, line 759]
Event: 3.399 Thread 0x000001d18effd7a0 Exception <a 'java/lang/NoSuchMethodError'{0x00000000c3bf9ad0}: 'java.lang.Object java.lang.invoke.DirectMethodHandle$Holder.newInvokeSpecial(java.lang.Object, java.lang.Object, long)'> (0x00000000c3bf9ad0) 
thrown [s\src\hotspot\share\interpreter\linkResolver.cpp, line 759]
Event: 3.400 Thread 0x000001d18effd7a0 Exception <a 'java/lang/NoSuchMethodError'{0x00000000c3bfd640}: 'java.lang.Object java.lang.invoke.Invokers$Holder.linkToTargetMethod(java.lang.Object, long, java.lang.Object)'> (0x00000000c3bfd640) 
thrown [s\src\hotspot\share\interpreter\linkResolver.cpp, line 759]
Event: 3.434 Thread 0x000001d18effd7a0 Exception <a 'java/lang/NoSuchMethodError'{0x00000000c3a58e20}: 'void java.lang.invoke.DirectMethodHandle$Holder.invokeVirtual(java.lang.Object, java.lang.Object, java.lang.Object, java.lang.Object)'> (0x00000000c3a58e20) 
thrown [s\src\hotspot\share\interpreter\linkResolver.cpp, line 759]
Event: 3.576 Thread 0x000001d18effd7a0 Exception <a 'java/lang/NoSuchMethodError'{0x00000000c39e8540}: 'void java.lang.invoke.DirectMethodHandle$Holder.invokeSpecial(java.lang.Object, java.lang.Object, java.lang.Object)'> (0x00000000c39e8540) 
thrown [s\src\hotspot\share\interpreter\linkResolver.cpp, line 759]
Event: 3.598 Thread 0x000001d18effd7a0 Exception <a 'java/lang/IncompatibleClassChangeError'{0x00000000c3818388}: Found class java.lang.Object, but interface was expected> (0x00000000c3818388) 
thrown [s\src\hotspot\share\interpreter\linkResolver.cpp, line 826]

VM Operations (20 events):
Event: 1.575 Executing VM operation: HandshakeAllThreads
Event: 1.575 Executing VM operation: HandshakeAllThreads done
Event: 1.685 Executing VM operation: HandshakeAllThreads
Event: 1.685 Executing VM operation: HandshakeAllThreads done
Event: 1.697 Executing VM operation: HandshakeAllThreads
Event: 1.697 Executing VM operation: HandshakeAllThreads done
Event: 1.703 Executing VM operation: G1CollectForAllocation
Event: 1.721 Executing VM operation: G1CollectForAllocation done
Event: 2.298 Executing VM operation: G1CollectForAllocation
Event: 2.307 Executing VM operation: G1CollectForAllocation done
Event: 2.432 Executing VM operation: HandshakeAllThreads
Event: 2.432 Executing VM operation: HandshakeAllThreads done
Event: 3.440 Executing VM operation: Cleanup
Event: 3.440 Executing VM operation: Cleanup done
Event: 3.555 Executing VM operation: HandshakeAllThreads
Event: 3.555 Executing VM operation: HandshakeAllThreads done
Event: 3.568 Executing VM operation: HandshakeAllThreads
Event: 3.568 Executing VM operation: HandshakeAllThreads done
Event: 3.642 Executing VM operation: G1CollectForAllocation
Event: 3.648 Executing VM operation: G1CollectForAllocation done

Events (20 events):
Event: 3.376 loading class java/util/stream/ForEachOps$ForEachOp$OfInt done
Event: 3.376 loading class java/util/stream/IntPipeline$4$1
Event: 3.377 loading class java/util/stream/IntPipeline$4$1 done
Event: 3.378 loading class java/util/RegularEnumSet$EnumSetIterator
Event: 3.378 loading class java/util/RegularEnumSet$EnumSetIterator done
Event: 3.394 loading class java/nio/file/attribute/PosixFilePermission
Event: 3.394 loading class java/nio/file/attribute/PosixFilePermission done
Event: 3.395 loading class java/lang/ProcessHandle
Event: 3.395 loading class java/lang/ProcessHandle done
Event: 3.395 loading class java/lang/ProcessHandleImpl
Event: 3.396 loading class java/lang/ProcessHandleImpl done
Event: 3.401 loading class java/util/concurrent/Executors
Event: 3.401 loading class java/util/concurrent/Executors done
Event: 3.430 loading class java/util/concurrent/Executors$DefaultThreadFactory
Event: 3.431 loading class java/util/concurrent/Executors$DefaultThreadFactory done
Event: 3.484 loading class java/util/Stack
Event: 3.484 loading class java/util/Stack done
Event: 3.485 loading class java/util/Vector$Itr
Event: 3.486 loading class java/util/Vector$Itr done
Event: 3.589 Thread 0x000001d1e46be800 Thread added: 0x000001d1e46be800


Dynamic libraries:
0x00007ff768680000 - 0x00007ff76868e000 	C:\Users\Willy.nyawira\.jdks\corretto-17.0.11\bin\java.exe
0x00007ff9d9950000 - 0x00007ff9d9b48000 	C:\WINDOWS\SYSTEM32\ntdll.dll
0x00007ff9d82a0000 - 0x00007ff9d835d000 	C:\WINDOWS\System32\KERNEL32.DLL
0x00007ff9d7540000 - 0x00007ff9d7836000 	C:\WINDOWS\System32\KERNELBASE.dll
0x00007ff9d7410000 - 0x00007ff9d7510000 	C:\WINDOWS\System32\ucrtbase.dll
0x00007ff9d2ac0000 - 0x00007ff9d2adb000 	C:\Users\Willy.nyawira\.jdks\corretto-17.0.11\bin\VCRUNTIME140.dll
0x00007ff9d2aa0000 - 0x00007ff9d2ab7000 	C:\Users\Willy.nyawira\.jdks\corretto-17.0.11\bin\jli.dll
0x00007ff9d9620000 - 0x00007ff9d97bf000 	C:\WINDOWS\System32\USER32.dll
0x00007ff9c39f0000 - 0x00007ff9c3c8a000 	C:\WINDOWS\WinSxS\amd64_microsoft.windows.common-controls_6595b64144ccf1df_6.0.19041.4355_none_60b8b9eb71f62e16\COMCTL32.dll
0x00007ff9d7510000 - 0x00007ff9d7532000 	C:\WINDOWS\System32\win32u.dll
0x00007ff9d9580000 - 0x00007ff9d961e000 	C:\WINDOWS\System32\msvcrt.dll
0x00007ff9d8360000 - 0x00007ff9d838b000 	C:\WINDOWS\System32\GDI32.dll
0x00007ff9d7000000 - 0x00007ff9d7117000 	C:\WINDOWS\System32\gdi32full.dll
0x00007ff9d7170000 - 0x00007ff9d720d000 	C:\WINDOWS\System32\msvcp_win.dll
0x00007ff9d8800000 - 0x00007ff9d8832000 	C:\WINDOWS\System32\IMM32.DLL
0x00007ff9d2a90000 - 0x00007ff9d2a9c000 	C:\Users\Willy.nyawira\.jdks\corretto-17.0.11\bin\vcruntime140_1.dll
0x00007ff9cca50000 - 0x00007ff9ccadd000 	C:\Users\Willy.nyawira\.jdks\corretto-17.0.11\bin\msvcp140.dll
0x00007ff9acb80000 - 0x00007ff9ad7e2000 	C:\Users\Willy.nyawira\.jdks\corretto-17.0.11\bin\server\jvm.dll
0x00007ff9d7a70000 - 0x00007ff9d7b20000 	C:\WINDOWS\System32\ADVAPI32.dll
0x00007ff9d97c0000 - 0x00007ff9d9860000 	C:\WINDOWS\System32\sechost.dll
0x00007ff9d7ba0000 - 0x00007ff9d7cc3000 	C:\WINDOWS\System32\RPCRT4.dll
0x00007ff9d73e0000 - 0x00007ff9d7407000 	C:\WINDOWS\System32\bcrypt.dll
0x00007ff9d6e50000 - 0x00007ff9d6e9b000 	C:\WINDOWS\SYSTEM32\POWRPROF.dll
0x00007ff9c72f0000 - 0x00007ff9c72f9000 	C:\WINDOWS\SYSTEM32\WSOCK32.dll
0x00007ff9c6520000 - 0x00007ff9c6547000 	C:\WINDOWS\SYSTEM32\WINMM.dll
0x00007ff9d7cd0000 - 0x00007ff9d7d3b000 	C:\WINDOWS\System32\WS2_32.dll
0x00007ff9c7fa0000 - 0x00007ff9c7faa000 	C:\WINDOWS\SYSTEM32\VERSION.dll
0x00007ff9d6e30000 - 0x00007ff9d6e42000 	C:\WINDOWS\SYSTEM32\UMPDC.dll
0x00007ff9d4e40000 - 0x00007ff9d4e52000 	C:\WINDOWS\SYSTEM32\kernel.appcore.dll
0x00007ff9d2a80000 - 0x00007ff9d2a8a000 	C:\Users\Willy.nyawira\.jdks\corretto-17.0.11\bin\jimage.dll
0x00007ff9c4850000 - 0x00007ff9c4a34000 	C:\WINDOWS\SYSTEM32\DBGHELP.DLL
0x00007ff9c09a0000 - 0x00007ff9c09d4000 	C:\WINDOWS\SYSTEM32\dbgcore.DLL
0x00007ff9d78f0000 - 0x00007ff9d7972000 	C:\WINDOWS\System32\bcryptPrimitives.dll
0x00007ff9d29d0000 - 0x00007ff9d29de000 	C:\Users\Willy.nyawira\.jdks\corretto-17.0.11\bin\instrument.dll
0x00007ff9d2a50000 - 0x00007ff9d2a75000 	C:\Users\Willy.nyawira\.jdks\corretto-17.0.11\bin\java.dll
0x00007ff9c4ab0000 - 0x00007ff9c4b87000 	C:\Users\Willy.nyawira\.jdks\corretto-17.0.11\bin\jsvml.dll
0x00007ff9d8db0000 - 0x00007ff9d951b000 	C:\WINDOWS\System32\SHELL32.dll
0x00007ff9d5040000 - 0x00007ff9d57dd000 	C:\WINDOWS\SYSTEM32\windows.storage.dll
0x00007ff9d7da0000 - 0x00007ff9d80f3000 	C:\WINDOWS\System32\combase.dll
0x00007ff9d6870000 - 0x00007ff9d689e000 	C:\WINDOWS\SYSTEM32\Wldp.dll
0x00007ff9d88d0000 - 0x00007ff9d899d000 	C:\WINDOWS\System32\OLEAUT32.dll
0x00007ff9d9860000 - 0x00007ff9d990d000 	C:\WINDOWS\System32\SHCORE.dll
0x00007ff9d8120000 - 0x00007ff9d8175000 	C:\WINDOWS\System32\shlwapi.dll
0x00007ff9d6f30000 - 0x00007ff9d6f54000 	C:\WINDOWS\SYSTEM32\profapi.dll
0x00007ff9cdeb0000 - 0x00007ff9cdec8000 	C:\Users\Willy.nyawira\.jdks\corretto-17.0.11\bin\zip.dll
0x00007ff9d29b0000 - 0x00007ff9d29c9000 	C:\Users\Willy.nyawira\.jdks\corretto-17.0.11\bin\net.dll
0x00007ff9cb7b0000 - 0x00007ff9cb8ba000 	C:\WINDOWS\SYSTEM32\WINHTTP.dll
0x00007ff9d6650000 - 0x00007ff9d66ba000 	C:\WINDOWS\system32\mswsock.dll
0x00007ff9d15c0000 - 0x00007ff9d15d6000 	C:\Users\Willy.nyawira\.jdks\corretto-17.0.11\bin\nio.dll
0x00007ff9cde90000 - 0x00007ff9cdeaa000 	C:\Program Files\JetBrains\IntelliJ IDEA 2024.1.1\bin\breakgen64.dll
0x00007ff9d29a0000 - 0x00007ff9d29a9000 	C:\Users\Willy.nyawira\.jdks\corretto-17.0.11\bin\extnet.dll
0x00007ff9d6390000 - 0x00007ff9d645b000 	C:\WINDOWS\SYSTEM32\DNSAPI.dll
0x00007ff9d6350000 - 0x00007ff9d638b000 	C:\WINDOWS\SYSTEM32\IPHLPAPI.DLL
0x00007ff9d81e0000 - 0x00007ff9d81e8000 	C:\WINDOWS\System32\NSI.dll
0x00007ff9ccea0000 - 0x00007ff9cceaa000 	C:\Windows\System32\rasadhlp.dll
0x00007ff9c8a60000 - 0x00007ff9c8ae0000 	C:\WINDOWS\System32\fwpuclnt.dll
0x00007ff9d15b0000 - 0x00007ff9d15b9000 	C:\Users\Willy.nyawira\.jdks\corretto-17.0.11\bin\management.dll
0x00007ff9cde10000 - 0x00007ff9cde1b000 	C:\Users\Willy.nyawira\.jdks\corretto-17.0.11\bin\management_ext.dll
0x00007ff9d8c80000 - 0x00007ff9d8c88000 	C:\WINDOWS\System32\PSAPI.DLL
0x00007ff9d6a10000 - 0x00007ff9d6a28000 	C:\WINDOWS\SYSTEM32\CRYPTSP.dll
0x00007ff9d5f90000 - 0x00007ff9d5fc4000 	C:\WINDOWS\system32\rsaenh.dll
0x00007ff9d6ea0000 - 0x00007ff9d6ece000 	C:\WINDOWS\SYSTEM32\USERENV.dll
0x00007ff9d67e0000 - 0x00007ff9d67ec000 	C:\WINDOWS\SYSTEM32\CRYPTBASE.dll
0x00007ff9cbe90000 - 0x00007ff9cbea7000 	C:\WINDOWS\SYSTEM32\dhcpcsvc6.DLL
0x00007ff9ccd50000 - 0x00007ff9ccd6d000 	C:\WINDOWS\SYSTEM32\dhcpcsvc.DLL
0x00007ff9c4bf0000 - 0x00007ff9c4c07000 	C:\WINDOWS\system32\napinsp.dll
0x00007ff9c4bd0000 - 0x00007ff9c4beb000 	C:\WINDOWS\system32\pnrpnsp.dll
0x00007ff9d2930000 - 0x00007ff9d294d000 	C:\WINDOWS\system32\NLAapi.dll
0x00007ff9c4bb0000 - 0x00007ff9c4bc2000 	C:\WINDOWS\System32\winrnr.dll
0x00007ff9d1d50000 - 0x00007ff9d1d65000 	C:\WINDOWS\system32\wshbth.dll

dbghelp: loaded successfully - version: 4.0.5 - missing functions: none
symbol engine: initialized successfully - sym options: 0x614 - pdb path: .;C:\Users\Willy.nyawira\.jdks\corretto-17.0.11\bin;C:\WINDOWS\SYSTEM32;C:\WINDOWS\WinSxS\amd64_microsoft.windows.common-controls_6595b64144ccf1df_6.0.19041.4355_none_60b8b9eb71f62e16;C:\Users\Willy.nyawira\.jdks\corretto-17.0.11\bin\server;C:\Program Files\JetBrains\IntelliJ IDEA 2024.1.1\bin

VM Arguments:
jvm_args: -XX:TieredStopAtLevel=1 -Dspring.output.ansi.enabled=always -Dcom.sun.management.jmxremote -Dspring.jmx.enabled=true -Dspring.liveBeansView.mbeanDomain -Dspring.application.admin.enabled=true -Dmanagement.endpoints.jmx.exposure.include=* -javaagent:C:\Program Files\JetBrains\IntelliJ IDEA 2024.1.1\lib\idea_rt.jar=50890:C:\Program Files\JetBrains\IntelliJ IDEA 2024.1.1\bin -Dfile.encoding=UTF-8 
java_command: com.emtech.Fixed.Assets.Emtech.Fixed.Assets.EmtechFixedAssetsApplication
java_class_path (initial): C:\Users\Willy.nyawira\Desktop\AIG\Emtech-Fixed-Assets\target\classes;C:\Users\Willy.nyawira\.m2\repository\org\springframework\boot\spring-boot-starter-data-jpa\3.2.5\spring-boot-starter-data-jpa-3.2.5.jar;C:\Users\Willy.nyawira\.m2\repository\org\springframework\boot\spring-boot-starter-aop\3.2.5\spring-boot-starter-aop-3.2.5.jar;C:\Users\Willy.nyawira\.m2\repository\org\aspectj\aspectjweaver\1.9.22\aspectjweaver-1.9.22.jar;C:\Users\Willy.nyawira\.m2\repository\org\springframework\boot\spring-boot-starter-jdbc\3.2.5\spring-boot-starter-jdbc-3.2.5.jar;C:\Users\Willy.nyawira\.m2\repository\com\zaxxer\HikariCP\5.0.1\HikariCP-5.0.1.jar;C:\Users\Willy.nyawira\.m2\repository\org\springframework\spring-jdbc\6.1.6\spring-jdbc-6.1.6.jar;C:\Users\Willy.nyawira\.m2\repository\org\hibernate\orm\hibernate-core\6.4.4.Final\hibernate-core-6.4.4.Final.jar;C:\Users\Willy.nyawira\.m2\repository\jakarta\persistence\jakarta.persistence-api\3.1.0\jakarta.persistence-api-3.1.0.jar;C:\Users\Willy.nyawira\.m2\repository\jakarta\transaction\jakarta.transaction-api\2.0.1\jakarta.transaction-api-2.0.1.jar;C:\Users\Willy.nyawira\.m2\repository\org\jboss\logging\jboss-logging\3.5.3.Final\jboss-logging-3.5.3.Final.jar;C:\Users\Willy.nyawira\.m2\repository\org\hibernate\common\hibernate-commons-annotations\6.0.6.Final\hibernate-commons-annotations-6.0.6.Final.jar;C:\Users\Willy.nyawira\.m2\repository\io\smallrye\jandex\3.1.2\jandex-3.1.2.jar;C:\Users\Willy.nyawira\.m2\repository\com\fasterxml\classmate\1.6.0\classmate-1.6.0.jar;C:\Users\Willy.nyawira\.m2\repository\net\bytebuddy\byte-buddy\1.14.13\byte-buddy-1.14.13.jar;C:\Users\Willy.nyawira\.m2\repository\org\glassfish\jaxb\jaxb-runtime\4.0.5\jaxb-runtime-4.0.5.jar;C:\Users\Willy.nyawira\.m2\repository\org\glassfish\jaxb\jaxb-core\4.0.5\jaxb-core-4.0.5.jar;C:\Users\Willy.nyawira\.m2\repository\org\eclipse\angus\angus-activation\2.0.2\angus-activation-2.0.2.jar;C:\Users\Willy.nyawira\.m2\repository\org\glassfish\ja
Launcher Type: SUN_STANDARD

[Global flags]
     intx CICompilerCount                          = 3                                         {product} {ergonomic}
     uint ConcGCThreads                            = 1                                         {product} {ergonomic}
     uint G1ConcRefinementThreads                  = 4                                         {product} {ergonomic}
   size_t G1HeapRegionSize                         = 1048576                                   {product} {ergonomic}
    uintx GCDrainStackTargetSize                   = 64                                        {product} {ergonomic}
   size_t InitialHeapSize                          = 67108864                                  {product} {ergonomic}
     bool ManagementServer                         = true                                      {product} {command line}
   size_t MarkStackSize                            = 4194304                                   {product} {ergonomic}
   size_t MaxHeapSize                              = 1061158912                                {product} {ergonomic}
   size_t MaxNewSize                               = 636485632                                 {product} {ergonomic}
   size_t MinHeapDeltaBytes                        = 1048576                                   {product} {ergonomic}
   size_t MinHeapSize                              = 8388608                                   {product} {ergonomic}
    uintx NonProfiledCodeHeapSize                  = 0                                      {pd product} {ergonomic}
     bool ProfileInterpreter                       = false                                  {pd product} {command line}
    uintx ProfiledCodeHeapSize                     = 0                                      {pd product} {ergonomic}
   size_t SoftMaxHeapSize                          = 1061158912                             {manageable} {ergonomic}
     intx TieredStopAtLevel                        = 1                                         {product} {command line}
     bool UseCompressedClassPointers               = true                           {product lp64_product} {ergonomic}
     bool UseCompressedOops                        = true                           {product lp64_product} {ergonomic}
     bool UseG1GC                                  = true                                      {product} {ergonomic}
     bool UseLargePagesIndividualAllocation        = false                                  {pd product} {ergonomic}

Logging:
Log output configuration:
 #0: stdout all=warning uptime,level,tags
 #1: stderr all=off uptime,level,tags

Environment Variables:
JAVA_HOME=C:\Program Files\Java\jdk-21
PATH=C:\OraHome_2\jre\1.4.2\bin\client;C:\OraHome_2\jre\1.4.2\bin;C:\OraHome_1\bin;C:\OraHome_1\jre\1.4.2\bin\client;C:\OraHome_1\jre\1.4.2\bin;C:\DevSuiteHome_4\jdk\jre\bin\classic;C:\DevSuiteHome_4\jdk\jre\bin;C:\DevSuiteHome_4\jdk\jre\bin\client;C:\DevSuiteHome_4\jlib;C:\DevSuiteHome_4\bin;C:\DevSuiteHome_4\jre\1.4.2\bin\client;C:\DevSuiteHome_4\jre\1.4.2\bin;D:\DevSuiteHome_8\jdk\jre\bin\classic;D:\DevSuiteHome_8\jdk\jre\bin;D:\DevSuiteHome_8\jdk\jre\bin\client;D:\DevSuiteHome_8\jlib;D:\DevSuiteHome_8\bin;D:\DevSuiteHome_8\jre\1.4.2\bin\client;D:\DevSuiteHome_8\jre\1.4.2\bin;C:\oraclexe\app\oracle\product\11.2.0\server\bin;C:\Program Files\Common Files\Oracle\Java\javapath;C:\Program Files (x86)\Common Files\Oracle\Java\java8path;C:\Program Files (x86)\Common Files\Oracle\Java\javapath;C:\oraclexe\app\oracle\product\11.2.0\server\bin;C:\WINDOWS\system32;C:\WINDOWS;C:\WINDOWS\System32\Wbem;C:\WINDOWS\System32\WindowsPowerShell\v1.0\;C:\WINDOWS\System32\OpenSSH\;C:\Program Files (x86)\WinSCP\;C:\Program Files\Java\jdk-21;C:\Program Files\PuTTY\;C:\Program Files\Amazon\AWSCLIV2\;C:\Users\Willy.nyawira\AppData\Local\Programs\Microsoft VS Code\bin;C:\Program Files\heroku\bin;C:\Program Files\JetBrains\IntelliJ IDEA 2024.1.1\bin;;C:\Program Files\Java\jdk-21;C:\xampp\mysql\bin;
USERNAME=Willy.nyawira
OS=Windows_NT
PROCESSOR_IDENTIFIER=Intel64 Family 6 Model 42 Stepping 7, GenuineIntel
TMP=C:\Users\WILLY~1.NYA\AppData\Local\Temp
TEMP=C:\Users\WILLY~1.NYA\AppData\Local\Temp



Periodic native trim disabled


---------------  S Y S T E M  ---------------

OS:
 Windows 10 , 64 bit Build 19041 (10.0.19041.3636)
OS uptime: 0 days 1:43 hours
Hyper-V role detected

CPU: total 4 (initial active 4) (2 cores per cpu, 2 threads per core) family 6 model 42 stepping 7 microcode 0x2f, cx8, cmov, fxsr, ht, mmx, sse, sse2, sse3, ssse3, sse4.1, sse4.2, popcnt, tsc, tscinvbit, avx, aes, clmul, vzeroupper, clflush, hv
Processor Information for all 4 processors :
  Max Mhz: 1601, Current Mhz: 1600, Mhz Limit: 1584

Memory: 4k page, system-wide physical 4041M (385M free)
TotalPageFile size 7111M (AvailPageFile size 0M)
current process WorkingSet (physical memory assigned to process): 85M, peak: 85M
current process commit charge ("private bytes"): 154M, peak: 154M

vm_info: OpenJDK 64-Bit Server VM (17.0.11+9-LTS) for windows-amd64 JRE (17.0.11+9-LTS), built on Apr 10 2024 22:12:24 by "Administrator" with MS VC++ 16.10 / 16.11 (VS2019)

END.
