#
# There is insufficient memory for the Java Runtime Environment to continue.
# Native memory allocation (mmap) failed to map 48234496 bytes. Error detail: G1 virtual space
# Possible reasons:
#   The system is out of physical RAM or swap space
#   This process is running with CompressedOops enabled, and the Java Heap may be blocking the growth of the native heap
# Possible solutions:
#   Reduce memory load on the system
#   Increase physical memory or swap space
#   Check if swap backing store is full
#   Decrease Java heap size (-Xmx/-Xms)
#   Decrease number of Java threads
#   Decrease Java thread stack sizes (-Xss)
#   Set larger code cache with -XX:ReservedCodeCacheSize=
#   JVM is running with Unscaled Compressed Oops mode in which the Java heap is
#     placed in the first 4GB address space. The Java Heap base address is the
#     maximum limit for the native heap growth. Please use -XX:HeapBaseMinAddress
#     to set the Java Heap base and to place the Java Heap above 4GB virtual address.
# This output file may be truncated or incomplete.
#
#  Out of Memory Error (os_windows.cpp:3613), pid=9532, tid=6076
#
# JRE version: OpenJDK Runtime Environment Corretto-17.0.11.9.1 (17.0.11+9) (build 17.0.11+9-LTS)
# Java VM: OpenJDK 64-Bit Server VM Corretto-17.0.11.9.1 (17.0.11+9-LTS, mixed mode, emulated-client, sharing, tiered, compressed oops, compressed class ptrs, g1 gc, windows-amd64)
# No core dump will be written. Minidumps are not enabled by default on client versions of Windows
#

---------------  S U M M A R Y ------------

Command Line: -XX:TieredStopAtLevel=1 -Dspring.output.ansi.enabled=always -Dcom.sun.management.jmxremote -Dspring.jmx.enabled=true -Dspring.liveBeansView.mbeanDomain -Dspring.application.admin.enabled=true -Dmanagement.endpoints.jmx.exposure.include=* -javaagent:C:\Program Files\JetBrains\IntelliJ IDEA 2024.1.1\lib\idea_rt.jar=60602:C:\Program Files\JetBrains\IntelliJ IDEA 2024.1.1\bin -Dfile.encoding=UTF-8 com.emtech.Fixed.Assets.Emtech.Fixed.Assets.EmtechFixedAssetsApplication

Host: Intel(R) Core(TM) i5-2467M CPU @ 1.60GHz, 4 cores, 3G,  Windows 10 , 64 bit Build 19041 (10.0.19041.3636)
Time: Tue May 21 23:13:01 2024 E. Africa Standard Time elapsed time: 11.928357 seconds (0d 0h 0m 11s)

---------------  T H R E A D  ---------------

Current thread (0x0000016978125140):  VMThread "VM Thread" [stack: 0x00000056c2f00000,0x00000056c3000000] [id=6076]

Stack: [0x00000056c2f00000,0x00000056c3000000]
Native frames: (J=compiled Java code, j=interpreted, Vv=VM code, C=native code)
V  [jvm.dll+0x67d009]
V  [jvm.dll+0x83489a]
V  [jvm.dll+0x83635e]
V  [jvm.dll+0x8369c3]
V  [jvm.dll+0x2479df]
V  [jvm.dll+0x679e49]
V  [jvm.dll+0x66e8ba]
V  [jvm.dll+0x30755b]
V  [jvm.dll+0x30ea06]
V  [jvm.dll+0x35e40e]
V  [jvm.dll+0x35e63f]
V  [jvm.dll+0x2de298]
V  [jvm.dll+0x2dc6a4]
V  [jvm.dll+0x2dbcac]
V  [jvm.dll+0x31f6cb]
V  [jvm.dll+0x83aebb]
V  [jvm.dll+0x83bbf2]
V  [jvm.dll+0x83c10d]
V  [jvm.dll+0x83c4e4]
V  [jvm.dll+0x83c5b0]
V  [jvm.dll+0x7e3e0a]
V  [jvm.dll+0x67bef5]
C  [ucrtbase.dll+0x21bb2]
C  [KERNEL32.DLL+0x17344]
C  [ntdll.dll+0x526b1]

VM_Operation (0x00000056c29f1490): G1CollectForAllocation, mode: safepoint, requested by thread 0x0000016927c8cba0


---------------  P R O C E S S  ---------------

Threads class SMR info:
_java_thread_list=0x0000016978a53400, length=21, elements={
0x0000016927c8cba0, 0x0000016978127d40, 0x0000016978128bc0, 0x0000016978138660,
0x00000169781393f0, 0x000001697813e040, 0x000001697813ea00, 0x000001697813f470,
0x000001697814cba0, 0x00000169782302b0, 0x000001697811c0d0, 0x00000169785f87c0,
0x00000169786050a0, 0x000001697878e510, 0x000001697d37ef70, 0x000001697886b840,
0x0000016978875f70, 0x00000169788003c0, 0x0000016978800de0, 0x00000169788008d0,
0x0000016978802220
}

Java Threads: ( => current thread )
  0x0000016927c8cba0 JavaThread "main" [_thread_blocked, id=2348, stack(0x00000056c2900000,0x00000056c2a00000)]
  0x0000016978127d40 JavaThread "Reference Handler" daemon [_thread_blocked, id=4088, stack(0x00000056c3000000,0x00000056c3100000)]
  0x0000016978128bc0 JavaThread "Finalizer" daemon [_thread_blocked, id=11100, stack(0x00000056c3100000,0x00000056c3200000)]
  0x0000016978138660 JavaThread "Signal Dispatcher" daemon [_thread_blocked, id=9580, stack(0x00000056c3200000,0x00000056c3300000)]
  0x00000169781393f0 JavaThread "Attach Listener" daemon [_thread_blocked, id=10368, stack(0x00000056c3300000,0x00000056c3400000)]
  0x000001697813e040 JavaThread "Service Thread" daemon [_thread_blocked, id=8276, stack(0x00000056c3400000,0x00000056c3500000)]
  0x000001697813ea00 JavaThread "Monitor Deflation Thread" daemon [_thread_blocked, id=4600, stack(0x00000056c3500000,0x00000056c3600000)]
  0x000001697813f470 JavaThread "C1 CompilerThread0" daemon [_thread_blocked, id=9244, stack(0x00000056c3600000,0x00000056c3700000)]
  0x000001697814cba0 JavaThread "Sweeper thread" daemon [_thread_blocked, id=8148, stack(0x00000056c3700000,0x00000056c3800000)]
  0x00000169782302b0 JavaThread "Common-Cleaner" daemon [_thread_blocked, id=8332, stack(0x00000056c3800000,0x00000056c3900000)]
  0x000001697811c0d0 JavaThread "C1 CompilerThread1" daemon [_thread_blocked, id=7136, stack(0x00000056c3900000,0x00000056c3a00000)]
  0x00000169785f87c0 JavaThread "Monitor Ctrl-Break" daemon [_thread_in_native, id=7164, stack(0x00000056c3a00000,0x00000056c3b00000)]
  0x00000169786050a0 JavaThread "Notification Thread" daemon [_thread_blocked, id=5704, stack(0x00000056c3b00000,0x00000056c3c00000)]
  0x000001697878e510 JavaThread "RMI TCP Accept-0" daemon [_thread_in_native, id=10992, stack(0x00000056c3c00000,0x00000056c3d00000)]
  0x000001697d37ef70 JavaThread "C1 CompilerThread2" daemon [_thread_blocked, id=10416, stack(0x00000056c4300000,0x00000056c4400000)]
  0x000001697886b840 JavaThread "Catalina-utility-1" [_thread_blocked, id=11088, stack(0x00000056c4400000,0x00000056c4500000)]
  0x0000016978875f70 JavaThread "Catalina-utility-2" [_thread_blocked, id=1496, stack(0x00000056c4500000,0x00000056c4600000)]
  0x00000169788003c0 JavaThread "container-0" [_thread_blocked, id=7280, stack(0x00000056c4600000,0x00000056c4700000)]
  0x0000016978800de0 JavaThread "mysql-cj-abandoned-connection-cleanup" daemon [_thread_blocked, id=8976, stack(0x00000056c4700000,0x00000056c4800000)]
  0x00000169788008d0 JavaThread "HikariPool-1 housekeeper" daemon [_thread_blocked, id=12192, stack(0x00000056c4900000,0x00000056c4a00000)]
  0x0000016978802220 JavaThread "HikariPool-1 connection adder" daemon [_thread_blocked, id=2852, stack(0x00000056c4a00000,0x00000056c4b00000)]

Other Threads:
=>0x0000016978125140 VMThread "VM Thread" [stack: 0x00000056c2f00000,0x00000056c3000000] [id=6076]
  0x000001697878e9f0 WatcherThread [stack: 0x00000056c3d00000,0x00000056c3e00000] [id=9864]
  0x0000016927cc8420 GCTaskThread "GC Thread#0" [stack: 0x00000056c2a00000,0x00000056c2b00000] [id=12104]
  0x000001697890d560 GCTaskThread "GC Thread#1" [stack: 0x00000056c3e00000,0x00000056c3f00000] [id=6280]
  0x0000016978921ed0 GCTaskThread "GC Thread#2" [stack: 0x00000056c3f00000,0x00000056c4000000] [id=1216]
  0x0000016978922190 GCTaskThread "GC Thread#3" [stack: 0x00000056c4000000,0x00000056c4100000] [id=10744]
  0x0000016927cd11f0 ConcurrentGCThread "G1 Main Marker" [stack: 0x00000056c2b00000,0x00000056c2c00000] [id=3824]
  0x0000016927cd1c10 ConcurrentGCThread "G1 Conc#0" [stack: 0x00000056c2c00000,0x00000056c2d00000] [id=6796]
  0x0000016927d20860 ConcurrentGCThread "G1 Refine#0" [stack: 0x00000056c2d00000,0x00000056c2e00000] [id=12188]
  0x0000016978905210 ConcurrentGCThread "G1 Refine#1" [stack: 0x00000056c4100000,0x00000056c4200000] [id=7256]
  0x000001697d7837f0 ConcurrentGCThread "G1 Refine#2" [stack: 0x00000056c4200000,0x00000056c4300000] [id=10624]
  0x0000016927d222a0 ConcurrentGCThread "G1 Service" [stack: 0x00000056c2e00000,0x00000056c2f00000] [id=6400]

Threads with active compile tasks:

VM state: at safepoint (normal execution)

VM Mutex/Monitor currently owned by a thread:  ([mutex/lock_event])
[0x0000016927c880a0] Threads_lock - owner thread: 0x0000016978125140
[0x0000016927c88ac0] Heap_lock - owner thread: 0x0000016927c8cba0

Heap address: 0x00000000c0c00000, size: 1012 MB, Compressed Oops mode: 32-bit

CDS archive(s) mapped at: [0x0000016937000000-0x0000016937bb0000-0x0000016937bb0000), size 12255232, SharedBaseAddress: 0x0000016937000000, ArchiveRelocationMode: 1.
Compressed class space mapped at: 0x0000016938000000-0x0000016978000000, reserved size: 1073741824
Narrow klass base: 0x0000016937000000, Narrow klass shift: 0, Narrow klass range: 0x100000000

GC Precious Log:
 CPUs: 4 total, 4 available
 Memory: 4041M
 Large Page Support: Disabled
 NUMA Support: Disabled
 Compressed Oops: Enabled (32-bit)
 Heap Region Size: 1M
 Heap Min Capacity: 8M
 Heap Initial Capacity: 64M
 Heap Max Capacity: 1012M
 Pre-touch: Disabled
 Parallel Workers: 4
 Concurrent Workers: 1
 Concurrent Refinement Workers: 4
 Periodic GC: Disabled

Heap:
 garbage-first heap   total 65536K, used 23787K [0x00000000c0c00000, 0x0000000100000000)
  region size 1024K, 2 young (2048K), 2 survivors (2048K)
 Metaspace       used 47082K, committed 47552K, reserved 1114112K
  class space    used 6589K, committed 6784K, reserved 1048576K

Heap Regions: E=young(eden), S=young(survivor), O=old, HS=humongous(starts), HC=humongous(continues), CS=collection set, F=free, OA=open archive, CA=closed archive, TAMS=top-at-mark-start (previous, next)
|   0|0x00000000c0c00000, 0x00000000c0d00000, 0x00000000c0d00000|100%|HS|  |TAMS 0x00000000c0d00000, 0x00000000c0c00000| Complete 
|   1|0x00000000c0d00000, 0x00000000c0e00000, 0x00000000c0e00000|100%| O|  |TAMS 0x00000000c0e00000, 0x00000000c0d00000| Untracked 
|   2|0x00000000c0e00000, 0x00000000c0f00000, 0x00000000c0f00000|100%| O|  |TAMS 0x00000000c0f00000, 0x00000000c0e00000| Untracked 
|   3|0x00000000c0f00000, 0x00000000c1000000, 0x00000000c1000000|100%| O|  |TAMS 0x00000000c1000000, 0x00000000c0f00000| Untracked 
|   4|0x00000000c1000000, 0x00000000c1100000, 0x00000000c1100000|100%| O|  |TAMS 0x00000000c1100000, 0x00000000c1000000| Untracked 
|   5|0x00000000c1100000, 0x00000000c1200000, 0x00000000c1200000|100%| O|  |TAMS 0x00000000c1200000, 0x00000000c1100000| Untracked 
|   6|0x00000000c1200000, 0x00000000c1300000, 0x00000000c1300000|100%| O|  |TAMS 0x00000000c1300000, 0x00000000c1200000| Untracked 
|   7|0x00000000c1300000, 0x00000000c1400000, 0x00000000c1400000|100%| O|  |TAMS 0x00000000c1400000, 0x00000000c1300000| Untracked 
|   8|0x00000000c1400000, 0x00000000c14f1800, 0x00000000c1500000| 94%| O|  |TAMS 0x00000000c14f1800, 0x00000000c1400000| Untracked 
|   9|0x00000000c1500000, 0x00000000c1600000, 0x00000000c1600000|100%| O|  |TAMS 0x00000000c1600000, 0x00000000c1500000| Untracked 
|  10|0x00000000c1600000, 0x00000000c1700000, 0x00000000c1700000|100%| O|  |TAMS 0x00000000c1700000, 0x00000000c1600000| Untracked 
|  11|0x00000000c1700000, 0x00000000c1800000, 0x00000000c1800000|100%| O|  |TAMS 0x00000000c1800000, 0x00000000c1700000| Untracked 
|  12|0x00000000c1800000, 0x00000000c1900000, 0x00000000c1900000|100%| O|  |TAMS 0x00000000c1900000, 0x00000000c1800000| Untracked 
|  13|0x00000000c1900000, 0x00000000c1a00000, 0x00000000c1a00000|100%| O|  |TAMS 0x00000000c1a00000, 0x00000000c1900000| Untracked 
|  14|0x00000000c1a00000, 0x00000000c1b00000, 0x00000000c1b00000|100%| O|  |TAMS 0x00000000c1b00000, 0x00000000c1a00000| Untracked 
|  15|0x00000000c1b00000, 0x00000000c1c00000, 0x00000000c1c00000|100%| O|  |TAMS 0x00000000c1c00000, 0x00000000c1b00000| Untracked 
|  16|0x00000000c1c00000, 0x00000000c1d00000, 0x00000000c1d00000|100%| O|  |TAMS 0x00000000c1cbae00, 0x00000000c1c00000| Untracked 
|  17|0x00000000c1d00000, 0x00000000c1e00000, 0x00000000c1e00000|100%| O|  |TAMS 0x00000000c1d00000, 0x00000000c1d00000| Untracked 
|  18|0x00000000c1e00000, 0x00000000c1f00000, 0x00000000c1f00000|100%| O|  |TAMS 0x00000000c1e00000, 0x00000000c1e00000| Untracked 
|  19|0x00000000c1f00000, 0x00000000c2000000, 0x00000000c2000000|100%| O|  |TAMS 0x00000000c1f00000, 0x00000000c1f00000| Untracked 
|  20|0x00000000c2000000, 0x00000000c2100000, 0x00000000c2100000|100%| O|  |TAMS 0x00000000c2000000, 0x00000000c2000000| Untracked 
|  21|0x00000000c2100000, 0x00000000c2200000, 0x00000000c2200000|100%| O|  |TAMS 0x00000000c2100000, 0x00000000c2100000| Untracked 
|  22|0x00000000c2200000, 0x00000000c2200000, 0x00000000c2300000|  0%| F|  |TAMS 0x00000000c2200000, 0x00000000c2200000| Untracked 
|  23|0x00000000c2300000, 0x00000000c2300000, 0x00000000c2400000|  0%| F|  |TAMS 0x00000000c2300000, 0x00000000c2300000| Untracked 
|  24|0x00000000c2400000, 0x00000000c2400000, 0x00000000c2500000|  0%| F|  |TAMS 0x00000000c2400000, 0x00000000c2400000| Untracked 
|  25|0x00000000c2500000, 0x00000000c2500000, 0x00000000c2600000|  0%| F|  |TAMS 0x00000000c2500000, 0x00000000c2500000| Untracked 
|  26|0x00000000c2600000, 0x00000000c2600000, 0x00000000c2700000|  0%| F|  |TAMS 0x00000000c2600000, 0x00000000c2600000| Untracked 
|  27|0x00000000c2700000, 0x00000000c2700000, 0x00000000c2800000|  0%| F|  |TAMS 0x00000000c2700000, 0x00000000c2700000| Untracked 
|  28|0x00000000c2800000, 0x00000000c2800000, 0x00000000c2900000|  0%| F|  |TAMS 0x00000000c2800000, 0x00000000c2800000| Untracked 
|  29|0x00000000c2900000, 0x00000000c2900000, 0x00000000c2a00000|  0%| F|  |TAMS 0x00000000c2900000, 0x00000000c2900000| Untracked 
|  30|0x00000000c2a00000, 0x00000000c2a00000, 0x00000000c2b00000|  0%| F|  |TAMS 0x00000000c2a00000, 0x00000000c2a00000| Untracked 
|  31|0x00000000c2b00000, 0x00000000c2b00000, 0x00000000c2c00000|  0%| F|  |TAMS 0x00000000c2b00000, 0x00000000c2b00000| Untracked 
|  32|0x00000000c2c00000, 0x00000000c2c00000, 0x00000000c2d00000|  0%| F|  |TAMS 0x00000000c2c00000, 0x00000000c2c00000| Untracked 
|  33|0x00000000c2d00000, 0x00000000c2d00000, 0x00000000c2e00000|  0%| F|  |TAMS 0x00000000c2d00000, 0x00000000c2d00000| Untracked 
|  34|0x00000000c2e00000, 0x00000000c2e496c0, 0x00000000c2f00000| 28%| S|CS|TAMS 0x00000000c2e00000, 0x00000000c2e00000| Complete 
|  35|0x00000000c2f00000, 0x00000000c3000000, 0x00000000c3000000|100%| S|CS|TAMS 0x00000000c2f00000, 0x00000000c2f00000| Complete 
|  36|0x00000000c3000000, 0x00000000c3000000, 0x00000000c3100000|  0%| F|  |TAMS 0x00000000c3000000, 0x00000000c3000000| Untracked 
|  37|0x00000000c3100000, 0x00000000c3100000, 0x00000000c3200000|  0%| F|  |TAMS 0x00000000c3100000, 0x00000000c3100000| Untracked 
|  38|0x00000000c3200000, 0x00000000c3200000, 0x00000000c3300000|  0%| F|  |TAMS 0x00000000c3200000, 0x00000000c3200000| Untracked 
|  39|0x00000000c3300000, 0x00000000c3300000, 0x00000000c3400000|  0%| F|  |TAMS 0x00000000c3300000, 0x00000000c3300000| Untracked 
|  40|0x00000000c3400000, 0x00000000c3400000, 0x00000000c3500000|  0%| F|  |TAMS 0x00000000c3400000, 0x00000000c3400000| Untracked 
|  41|0x00000000c3500000, 0x00000000c3500000, 0x00000000c3600000|  0%| F|  |TAMS 0x00000000c3500000, 0x00000000c3500000| Untracked 
|  42|0x00000000c3600000, 0x00000000c3600000, 0x00000000c3700000|  0%| F|  |TAMS 0x00000000c3600000, 0x00000000c3600000| Untracked 
|  43|0x00000000c3700000, 0x00000000c3700000, 0x00000000c3800000|  0%| F|  |TAMS 0x00000000c3700000, 0x00000000c3700000| Untracked 
|  44|0x00000000c3800000, 0x00000000c3800000, 0x00000000c3900000|  0%| F|  |TAMS 0x00000000c3800000, 0x00000000c3800000| Untracked 
|  45|0x00000000c3900000, 0x00000000c3900000, 0x00000000c3a00000|  0%| F|  |TAMS 0x00000000c3900000, 0x00000000c3900000| Untracked 
|  46|0x00000000c3a00000, 0x00000000c3a00000, 0x00000000c3b00000|  0%| F|  |TAMS 0x00000000c3a00000, 0x00000000c3a00000| Untracked 
|  47|0x00000000c3b00000, 0x00000000c3b00000, 0x00000000c3c00000|  0%| F|  |TAMS 0x00000000c3b00000, 0x00000000c3b00000| Untracked 
|  48|0x00000000c3c00000, 0x00000000c3c00000, 0x00000000c3d00000|  0%| F|  |TAMS 0x00000000c3c00000, 0x00000000c3c00000| Untracked 
|  49|0x00000000c3d00000, 0x00000000c3d00000, 0x00000000c3e00000|  0%| F|  |TAMS 0x00000000c3d00000, 0x00000000c3d00000| Untracked 
|  50|0x00000000c3e00000, 0x00000000c3e00000, 0x00000000c3f00000|  0%| F|  |TAMS 0x00000000c3e00000, 0x00000000c3e00000| Untracked 
|  51|0x00000000c3f00000, 0x00000000c3f00000, 0x00000000c4000000|  0%| F|  |TAMS 0x00000000c3f00000, 0x00000000c3f00000| Untracked 
|  52|0x00000000c4000000, 0x00000000c4000000, 0x00000000c4100000|  0%| F|  |TAMS 0x00000000c4000000, 0x00000000c4000000| Untracked 
|  53|0x00000000c4100000, 0x00000000c4100000, 0x00000000c4200000|  0%| F|  |TAMS 0x00000000c4100000, 0x00000000c4100000| Untracked 
|  54|0x00000000c4200000, 0x00000000c4200000, 0x00000000c4300000|  0%| F|  |TAMS 0x00000000c4200000, 0x00000000c4200000| Untracked 
|  55|0x00000000c4300000, 0x00000000c4300000, 0x00000000c4400000|  0%| F|  |TAMS 0x00000000c4300000, 0x00000000c4300000| Untracked 
|  56|0x00000000c4400000, 0x00000000c4400000, 0x00000000c4500000|  0%| F|  |TAMS 0x00000000c4400000, 0x00000000c4400000| Untracked 
|  57|0x00000000c4500000, 0x00000000c4500000, 0x00000000c4600000|  0%| F|  |TAMS 0x00000000c4500000, 0x00000000c4500000| Untracked 
|  58|0x00000000c4600000, 0x00000000c4600000, 0x00000000c4700000|  0%| F|  |TAMS 0x00000000c4600000, 0x00000000c4600000| Untracked 
|  59|0x00000000c4700000, 0x00000000c4700000, 0x00000000c4800000|  0%| F|  |TAMS 0x00000000c4700000, 0x00000000c4700000| Untracked 
|  60|0x00000000c4800000, 0x00000000c4800000, 0x00000000c4900000|  0%| F|  |TAMS 0x00000000c4800000, 0x00000000c4800000| Untracked 
|  61|0x00000000c4900000, 0x00000000c4900000, 0x00000000c4a00000|  0%| F|  |TAMS 0x00000000c4900000, 0x00000000c4900000| Untracked 
|  62|0x00000000c4a00000, 0x00000000c4a00000, 0x00000000c4b00000|  0%| F|  |TAMS 0x00000000c4a00000, 0x00000000c4a00000| Untracked 
|  63|0x00000000c4b00000, 0x00000000c4b00000, 0x00000000c4c00000|  0%| F|  |TAMS 0x00000000c4b00000, 0x00000000c4b00000| Untracked 

Card table byte_map: [0x00000169327a0000,0x00000169329a0000] _byte_map_base: 0x000001693219a000

Marking Bits (Prev, Next): (CMBitMap*) 0x0000016927cc8a40, (CMBitMap*) 0x0000016927cc8a80
 Prev Bits: [0x0000016932ba0000, 0x0000016933b70000)
 Next Bits: [0x0000016933b70000, 0x0000016934b40000)

Polling page: 0x0000016925bb0000

Metaspace:

Usage:
  Non-class:     39.54 MB used.
      Class:      6.44 MB used.
       Both:     45.98 MB used.

Virtual space:
  Non-class space:       64.00 MB reserved,      39.81 MB ( 62%) committed,  1 nodes.
      Class space:        1.00 GB reserved,       6.62 MB ( <1%) committed,  1 nodes.
             Both:        1.06 GB reserved,      46.44 MB (  4%) committed. 

Chunk freelists:
   Non-Class:  8.05 MB
       Class:  9.39 MB
        Both:  17.44 MB

MaxMetaspaceSize: unlimited
CompressedClassSpaceSize: 1.00 GB
Initial GC threshold: 21.00 MB
Current GC threshold: 59.19 MB
CDS: on
MetaspaceReclaimPolicy: balanced
 - commit_granule_bytes: 65536.
 - commit_granule_words: 8192.
 - virtual_space_node_default_size: 8388608.
 - enlarge_chunks_in_place: 1.
 - new_chunks_are_fully_committed: 0.
 - uncommit_free_chunks: 1.
 - use_allocation_guard: 0.
 - handle_deallocations: 1.


Internal statistics:

num_allocs_failed_limit: 6.
num_arena_births: 594.
num_arena_deaths: 0.
num_vsnodes_births: 2.
num_vsnodes_deaths: 0.
num_space_committed: 743.
num_space_uncommitted: 0.
num_chunks_returned_to_freelist: 6.
num_chunks_taken_from_freelist: 2218.
num_chunk_merges: 6.
num_chunk_splits: 1673.
num_chunks_enlarged: 1321.
num_inconsistent_stats: 0.

CodeCache: size=49152Kb used=8753Kb max_used=8753Kb free=40398Kb
 bounds [0x000001692f7a0000, 0x0000016930030000, 0x00000169327a0000]
 total_blobs=4741 nmethods=4158 adapters=508
 compilation: enabled
              stopped_count=0, restarted_count=0
 full_count=0

Compilation events (20 events):
Event: 11.643 Thread 0x000001697813f470 4149       1       java.util.stream.SpinedBuffer::get (123 bytes)
Event: 11.643 Thread 0x000001697d37ef70 nmethod 4148 0x0000016930026e10 code [0x0000016930026fa0, 0x0000016930027088]
Event: 11.644 Thread 0x000001697811c0d0 nmethod 4147 0x0000016930027110 code [0x00000169300272e0, 0x00000169300275e8]
Event: 11.644 Thread 0x000001697813f470 nmethod 4149 0x0000016930027790 code [0x00000169300279a0, 0x0000016930027e38]
Event: 11.705 Thread 0x000001697813f470 4150       1       java.util.Formatter$FixedString::index (3 bytes)
Event: 11.706 Thread 0x000001697813f470 nmethod 4150 0x0000016930028790 code [0x0000016930028920, 0x00000169300289f8]
Event: 11.716 Thread 0x000001697d37ef70 4151       1       java.util.Formatter$Flags::contains (22 bytes)
Event: 11.716 Thread 0x000001697d37ef70 nmethod 4151 0x0000016930028a90 code [0x0000016930028c20, 0x0000016930028d18]
Event: 11.742 Thread 0x000001697811c0d0 4153       1       java.lang.invoke.InvokerBytecodeGenerator::loadMethod (33 bytes)
Event: 11.743 Thread 0x000001697811c0d0 nmethod 4153 0x0000016930029090 code [0x0000016930029260, 0x0000016930029518]
Event: 11.805 Thread 0x000001697d37ef70 4154       1       java.util.regex.Pattern::range (294 bytes)
Event: 11.806 Thread 0x000001697813f470 4157       1       org.hibernate.internal.util.collections.CaseInsensitiveDictionary::trueKey (8 bytes)
Event: 11.806 Thread 0x000001697811c0d0 4155       1       java.lang.Character::isDigit (9 bytes)
Event: 11.806 Thread 0x000001697811c0d0 nmethod 4155 0x0000016930029990 code [0x0000016930029b40, 0x0000016930029c38]
Event: 11.806 Thread 0x000001697811c0d0 4156       1       java.lang.CharacterDataLatin1::isDigit (18 bytes)
Event: 11.806 Thread 0x000001697813f470 nmethod 4157 0x0000016930029d10 code [0x0000016930029ec0, 0x000001693002a018]
Event: 11.807 Thread 0x000001697811c0d0 nmethod 4156 0x000001693002a110 code [0x000001693002a2a0, 0x000001693002a398]
Event: 11.809 Thread 0x000001697d37ef70 nmethod 4154 0x000001693002a410 code [0x000001693002a740, 0x000001693002b428]
Event: 11.829 Thread 0x000001697811c0d0 4158       1       org.hibernate.service.spi.ServiceBinding::getService (5 bytes)
Event: 11.830 Thread 0x000001697811c0d0 nmethod 4158 0x000001693002c190 code [0x000001693002c320, 0x000001693002c3f8]

GC Heap History (20 events):
Event: 2.219 GC heap after
{Heap after GC invocations=2 (full 0):
 garbage-first heap   total 65536K, used 7871K [0x00000000c0c00000, 0x0000000100000000)
  region size 1024K, 1 young (1024K), 1 survivors (1024K)
 Metaspace       used 6920K, committed 7104K, reserved 1114112K
  class space    used 866K, committed 960K, reserved 1048576K
}
Event: 3.364 GC heap before
{Heap before GC invocations=2 (full 0):
 garbage-first heap   total 65536K, used 27327K [0x00000000c0c00000, 0x0000000100000000)
  region size 1024K, 20 young (20480K), 1 survivors (1024K)
 Metaspace       used 10969K, committed 11264K, reserved 1114112K
  class space    used 1516K, committed 1664K, reserved 1048576K
}
Event: 3.370 GC heap after
{Heap after GC invocations=3 (full 0):
 garbage-first heap   total 65536K, used 9273K [0x00000000c0c00000, 0x0000000100000000)
  region size 1024K, 2 young (2048K), 2 survivors (2048K)
 Metaspace       used 10969K, committed 11264K, reserved 1114112K
  class space    used 1516K, committed 1664K, reserved 1048576K
}
Event: 4.323 GC heap before
{Heap before GC invocations=3 (full 0):
 garbage-first heap   total 65536K, used 38969K [0x00000000c0c00000, 0x0000000100000000)
  region size 1024K, 32 young (32768K), 2 survivors (2048K)
 Metaspace       used 17122K, committed 17344K, reserved 1114112K
  class space    used 2395K, committed 2496K, reserved 1048576K
}
Event: 4.338 GC heap after
{Heap after GC invocations=4 (full 0):
 garbage-first heap   total 65536K, used 10943K [0x00000000c0c00000, 0x0000000100000000)
  region size 1024K, 4 young (4096K), 4 survivors (4096K)
 Metaspace       used 17122K, committed 17344K, reserved 1114112K
  class space    used 2395K, committed 2496K, reserved 1048576K
}
Event: 4.929 GC heap before
{Heap before GC invocations=4 (full 0):
 garbage-first heap   total 65536K, used 34495K [0x00000000c0c00000, 0x0000000100000000)
  region size 1024K, 29 young (29696K), 4 survivors (4096K)
 Metaspace       used 21246K, committed 21504K, reserved 1114112K
  class space    used 2924K, committed 3008K, reserved 1048576K
}
Event: 4.946 GC heap after
{Heap after GC invocations=5 (full 0):
 garbage-first heap   total 65536K, used 13254K [0x00000000c0c00000, 0x0000000100000000)
  region size 1024K, 4 young (4096K), 4 survivors (4096K)
 Metaspace       used 21246K, committed 21504K, reserved 1114112K
  class space    used 2924K, committed 3008K, reserved 1048576K
}
Event: 6.167 GC heap before
{Heap before GC invocations=6 (full 0):
 garbage-first heap   total 48128K, used 36806K [0x00000000c0c00000, 0x0000000100000000)
  region size 1024K, 28 young (28672K), 4 survivors (4096K)
 Metaspace       used 23686K, committed 24000K, reserved 1114112K
  class space    used 3302K, committed 3456K, reserved 1048576K
}
Event: 6.187 GC heap after
{Heap after GC invocations=7 (full 0):
 garbage-first heap   total 48128K, used 15109K [0x00000000c0c00000, 0x0000000100000000)
  region size 1024K, 3 young (3072K), 3 survivors (3072K)
 Metaspace       used 23686K, committed 24000K, reserved 1114112K
  class space    used 3302K, committed 3456K, reserved 1048576K
}
Event: 6.241 GC heap before
{Heap before GC invocations=7 (full 0):
 garbage-first heap   total 48128K, used 16133K [0x00000000c0c00000, 0x0000000100000000)
  region size 1024K, 4 young (4096K), 3 survivors (3072K)
 Metaspace       used 23807K, committed 24128K, reserved 1114112K
  class space    used 3319K, committed 3456K, reserved 1048576K
}
Event: 6.263 GC heap after
{Heap after GC invocations=8 (full 0):
 garbage-first heap   total 58368K, used 15312K [0x00000000c0c00000, 0x0000000100000000)
  region size 1024K, 1 young (1024K), 1 survivors (1024K)
 Metaspace       used 23807K, committed 24128K, reserved 1114112K
  class space    used 3319K, committed 3456K, reserved 1048576K
}
Event: 7.598 GC heap before
{Heap before GC invocations=8 (full 0):
 garbage-first heap   total 58368K, used 40912K [0x00000000c0c00000, 0x0000000100000000)
  region size 1024K, 26 young (26624K), 1 survivors (1024K)
 Metaspace       used 27898K, committed 28288K, reserved 1114112K
  class space    used 3953K, committed 4160K, reserved 1048576K
}
Event: 7.614 GC heap after
{Heap after GC invocations=9 (full 0):
 garbage-first heap   total 58368K, used 17205K [0x00000000c0c00000, 0x0000000100000000)
  region size 1024K, 3 young (3072K), 3 survivors (3072K)
 Metaspace       used 27898K, committed 28288K, reserved 1114112K
  class space    used 3953K, committed 4160K, reserved 1048576K
}
Event: 8.694 GC heap before
{Heap before GC invocations=9 (full 0):
 garbage-first heap   total 58368K, used 41781K [0x00000000c0c00000, 0x0000000100000000)
  region size 1024K, 27 young (27648K), 3 survivors (3072K)
 Metaspace       used 31163K, committed 31616K, reserved 1114112K
  class space    used 4427K, committed 4608K, reserved 1048576K
}
Event: 8.710 GC heap after
{Heap after GC invocations=10 (full 0):
 garbage-first heap   total 58368K, used 19214K [0x00000000c0c00000, 0x0000000100000000)
  region size 1024K, 3 young (3072K), 3 survivors (3072K)
 Metaspace       used 31163K, committed 31616K, reserved 1114112K
  class space    used 4427K, committed 4608K, reserved 1048576K
}
Event: 9.721 GC heap before
{Heap before GC invocations=10 (full 0):
 garbage-first heap   total 58368K, used 36622K [0x00000000c0c00000, 0x0000000100000000)
  region size 1024K, 21 young (21504K), 3 survivors (3072K)
 Metaspace       used 35698K, committed 36096K, reserved 1114112K
  class space    used 5089K, committed 5248K, reserved 1048576K
}
Event: 9.730 GC heap after
{Heap after GC invocations=11 (full 0):
 garbage-first heap   total 58368K, used 19978K [0x00000000c0c00000, 0x0000000100000000)
  region size 1024K, 3 young (3072K), 3 survivors (3072K)
 Metaspace       used 35698K, committed 36096K, reserved 1114112K
  class space    used 5089K, committed 5248K, reserved 1048576K
}
Event: 10.949 GC heap before
{Heap before GC invocations=12 (full 0):
 garbage-first heap   total 58368K, used 43530K [0x00000000c0c00000, 0x0000000100000000)
  region size 1024K, 27 young (27648K), 3 survivors (3072K)
 Metaspace       used 41976K, committed 42496K, reserved 1114112K
  class space    used 5966K, committed 6208K, reserved 1048576K
}
Event: 10.963 GC heap after
{Heap after GC invocations=13 (full 0):
 garbage-first heap   total 58368K, used 22558K [0x00000000c0c00000, 0x0000000100000000)
  region size 1024K, 4 young (4096K), 4 survivors (4096K)
 Metaspace       used 41976K, committed 42496K, reserved 1114112K
  class space    used 5966K, committed 6208K, reserved 1048576K
}
Event: 11.913 GC heap before
{Heap before GC invocations=13 (full 0):
 garbage-first heap   total 58368K, used 43038K [0x00000000c0c00000, 0x0000000100000000)
  region size 1024K, 25 young (25600K), 4 survivors (4096K)
 Metaspace       used 47082K, committed 47552K, reserved 1114112K
  class space    used 6589K, committed 6784K, reserved 1048576K
}

Dll operation events (14 events):
Event: 0.057 Loaded shared library C:\Users\Willy.nyawira\.jdks\corretto-17.0.11\bin\java.dll
Event: 0.170 Loaded shared library C:\Users\Willy.nyawira\.jdks\corretto-17.0.11\bin\jsvml.dll
Event: 0.544 Loaded shared library C:\Users\Willy.nyawira\.jdks\corretto-17.0.11\bin\zip.dll
Event: 0.550 Loaded shared library C:\Users\Willy.nyawira\.jdks\corretto-17.0.11\bin\instrument.dll
Event: 0.565 Loaded shared library C:\Users\Willy.nyawira\.jdks\corretto-17.0.11\bin\net.dll
Event: 0.569 Loaded shared library C:\Users\Willy.nyawira\.jdks\corretto-17.0.11\bin\nio.dll
Event: 0.576 Loaded shared library C:\Users\Willy.nyawira\.jdks\corretto-17.0.11\bin\zip.dll
Event: 0.767 Loaded shared library C:\Program Files\JetBrains\IntelliJ IDEA 2024.1.1\bin\breakgen64.dll
Event: 0.780 Loaded shared library C:\Users\Willy.nyawira\.jdks\corretto-17.0.11\bin\jimage.dll
Event: 0.799 Loaded shared library C:\Users\Willy.nyawira\.jdks\corretto-17.0.11\bin\extnet.dll
Event: 0.828 Loaded shared library C:\Users\Willy.nyawira\.jdks\corretto-17.0.11\bin\management.dll
Event: 0.860 Loaded shared library C:\Users\Willy.nyawira\.jdks\corretto-17.0.11\bin\management_ext.dll
Event: 5.058 Loaded shared library C:\Users\Willy.nyawira\.jdks\corretto-17.0.11\bin\sunmscapi.dll
Event: 9.531 Loaded shared library C:\Users\Willy.nyawira\.jdks\corretto-17.0.11\bin\verify.dll

Deoptimization events (4 events):
Event: 8.465 Thread 0x0000016927c8cba0 DEOPT PACKING pc=0x000001692fc1ba81 sp=0x00000056c29fe520
Event: 8.465 Thread 0x0000016927c8cba0 DEOPT UNPACKING pc=0x000001692f7f7143 sp=0x00000056c29fd9b0 mode 3
Event: 8.466 Thread 0x000001697886b840 DEOPT PACKING pc=0x000001692fbe5b97 sp=0x00000056c44ff160
Event: 8.466 Thread 0x000001697886b840 DEOPT UNPACKING pc=0x000001692f7f7143 sp=0x00000056c44fe5b8 mode 3

Classes unloaded (0 events):
No events

Classes redefined (0 events):
No events

Internal exceptions (20 events):
Event: 7.065 Thread 0x0000016927c8cba0 Exception <a 'java/lang/NoClassDefFoundError'{0x00000000c33ad828}: org/springframework/session/jdbc/JdbcIndexedSessionRepository> (0x00000000c33ad828) 
thrown [s\src\hotspot\share\classfile\systemDictionary.cpp, line 245]
Event: 7.705 Thread 0x0000016927c8cba0 Exception <a 'java/lang/NoSuchMethodError'{0x00000000c43f5810}: 'void java.lang.invoke.DirectMethodHandle$Holder.invokeInterface(java.lang.Object, java.lang.Object, int)'> (0x00000000c43f5810) 
thrown [s\src\hotspot\share\interpreter\linkResolver.cpp, line 759]
Event: 7.715 Thread 0x0000016927c8cba0 Exception <a 'java/lang/IncompatibleClassChangeError'{0x00000000c4245940}: Found class java.lang.Object, but interface was expected> (0x00000000c4245940) 
thrown [s\src\hotspot\share\interpreter\linkResolver.cpp, line 826]
Event: 7.718 Thread 0x0000016927c8cba0 Exception <a 'java/lang/NoSuchMethodError'{0x00000000c425e420}: 'void java.lang.invoke.DirectMethodHandle$Holder.invokeStatic(java.lang.Object, int, java.lang.Object)'> (0x00000000c425e420) 
thrown [s\src\hotspot\share\interpreter\linkResolver.cpp, line 759]
Event: 7.727 Thread 0x0000016927c8cba0 Exception <a 'java/lang/NoSuchMethodError'{0x00000000c429a900}: 'void java.lang.invoke.DirectMethodHandle$Holder.invokeVirtual(java.lang.Object, java.lang.Object, int)'> (0x00000000c429a900) 
thrown [s\src\hotspot\share\interpreter\linkResolver.cpp, line 759]
Event: 7.727 Thread 0x0000016927c8cba0 Exception <a 'java/lang/NoSuchMethodError'{0x00000000c42a0b48}: 'void java.lang.invoke.DirectMethodHandle$Holder.invokeStatic(java.lang.Object, java.lang.Object, java.lang.Object, int, java.lang.Object)'> (0x00000000c42a0b48) 
thrown [s\src\hotspot\share\interpreter\linkResolver.cpp, line 759]
Event: 7.728 Thread 0x0000016927c8cba0 Exception <a 'java/lang/NoSuchMethodError'{0x00000000c42a8050}: 'java.lang.Object java.lang.invoke.DirectMethodHandle$Holder.newInvokeSpecial(java.lang.Object, java.lang.Object, java.lang.Object, int)'> (0x00000000c42a8050) 
thrown [s\src\hotspot\share\interpreter\linkResolver.cpp, line 759]
Event: 7.729 Thread 0x0000016927c8cba0 Exception <a 'java/lang/NoSuchMethodError'{0x00000000c42ac338}: 'java.lang.Object java.lang.invoke.DirectMethodHandle$Holder.invokeSpecial(java.lang.Object, java.lang.Object, java.lang.Object, java.lang.Object, int)'> (0x00000000c42ac338) 
thrown [s\src\hotspot\share\interpreter\linkResolver.cpp, line 759]
Event: 7.729 Thread 0x0000016927c8cba0 Exception <a 'java/lang/NoSuchMethodError'{0x00000000c42aff00}: 'java.lang.Object java.lang.invoke.Invokers$Holder.linkToTargetMethod(java.lang.Object, java.lang.Object, int, java.lang.Object)'> (0x00000000c42aff00) 
thrown [s\src\hotspot\share\interpreter\linkResolver.cpp, line 759]
Event: 8.129 Thread 0x0000016927c8cba0 Exception <a 'java/lang/NoSuchMethodError'{0x00000000c3808768}: 'java.lang.Object java.lang.invoke.DirectMethodHandle$Holder.invokeSpecial(java.lang.Object, java.lang.Object, long, java.lang.Object, java.lang.Object, java.lang.Object, java.lang.Object, java.lang.Object, java.lang.Object)'> (0x00000000c3808768) 
thrown [s\src\hotspot\share\interpreter\linkResolver.cpp, line 759]
Event: 8.130 Thread 0x0000016927c8cba0 Exception <a 'java/lang/NoSuchMethodError'{0x00000000c380d290}: 'java.lang.Object java.lang.invoke.DelegatingMethodHandle$Holder.reinvoke_L(java.lang.Object, long, java.lang.Object, java.lang.Object, java.lang.Object, java.lang.Object, java.lang.Object, java.lang.Object)'> (0x00000000c380d290) 
thrown [s\src\hotspot\share\interpreter\linkResolver.cpp, line 759]
Event: 8.217 Thread 0x0000016927c8cba0 Exception <a 'java/io/FileNotFoundException'{0x00000000c3777890}> (0x00000000c3777890) 
thrown [s\src\hotspot\share\prims\jni.cpp, line 516]
Event: 8.280 Thread 0x0000016927c8cba0 Exception <a 'java/lang/NoSuchMethodError'{0x00000000c3527178}: 'int java.lang.invoke.DirectMethodHandle$Holder.invokeInterface(java.lang.Object, java.lang.Object, java.lang.Object, java.lang.Object)'> (0x00000000c3527178) 
thrown [s\src\hotspot\share\interpreter\linkResolver.cpp, line 759]
Event: 8.424 Thread 0x0000016927c8cba0 Exception <a 'java/lang/NoSuchMethodError'{0x00000000c33b27f0}: 'long java.lang.invoke.DirectMethodHandle$Holder.invokeVirtual(java.lang.Object, java.lang.Object)'> (0x00000000c33b27f0) 
thrown [s\src\hotspot\share\interpreter\linkResolver.cpp, line 759]
Event: 8.724 Thread 0x0000016927c8cba0 Exception <a 'sun/nio/fs/WindowsException'{0x00000000c4b2e4d0}> (0x00000000c4b2e4d0) 
thrown [s\src\hotspot\share\prims\jni.cpp, line 516]
Event: 9.998 Thread 0x0000016927c8cba0 Exception <a 'java/lang/NoSuchMethodError'{0x00000000c3f29110}: 'int java.lang.invoke.DirectMethodHandle$Holder.invokeStatic(java.lang.Object)'> (0x00000000c3f29110) 
thrown [s\src\hotspot\share\interpreter\linkResolver.cpp, line 759]
Event: 10.740 Thread 0x0000016927c8cba0 Exception <a 'java/lang/NoSuchMethodError'{0x00000000c2e96620}: 'java.lang.Object java.lang.invoke.DirectMethodHandle$Holder.invokeStaticInit(java.lang.Object, java.lang.Object, java.lang.Object, java.lang.Object)'> (0x00000000c2e96620) 
thrown [s\src\hotspot\share\interpreter\linkResolver.cpp, line 759]
Event: 11.700 Thread 0x0000016927c8cba0 Exception <a 'java/lang/IncompatibleClassChangeError'{0x00000000c3483bf8}: Found class java.lang.Object, but interface was expected> (0x00000000c3483bf8) 
thrown [s\src\hotspot\share\interpreter\linkResolver.cpp, line 826]
Event: 11.741 Thread 0x0000016927c8cba0 Exception <a 'java/lang/NoSuchMethodError'{0x00000000c334c990}: 'java.lang.Object java.lang.invoke.DirectMethodHandle$Holder.invokeStatic(java.lang.Object, java.lang.Object, int, java.lang.Object)'> (0x00000000c334c990) 
thrown [s\src\hotspot\share\interpreter\linkResolver.cpp, line 759]
Event: 11.742 Thread 0x0000016927c8cba0 Exception <a 'java/lang/NoSuchMethodError'{0x00000000c3350428}: 'java.lang.Object java.lang.invoke.DirectMethodHandle$Holder.invokeStaticInit(java.lang.Object, java.lang.Object, int, java.lang.Object)'> (0x00000000c3350428) 
thrown [s\src\hotspot\share\interpreter\linkResolver.cpp, line 759]

VM Operations (20 events):
Event: 8.542 Executing VM operation: HandshakeAllThreads done
Event: 8.614 Executing VM operation: HandshakeAllThreads
Event: 8.614 Executing VM operation: HandshakeAllThreads done
Event: 8.614 Executing VM operation: Cleanup
Event: 8.614 Executing VM operation: Cleanup done
Event: 8.693 Executing VM operation: G1CollectForAllocation
Event: 8.710 Executing VM operation: G1CollectForAllocation done
Event: 9.711 Executing VM operation: Cleanup
Event: 9.712 Executing VM operation: Cleanup done
Event: 9.721 Executing VM operation: CollectForMetadataAllocation
Event: 9.730 Executing VM operation: CollectForMetadataAllocation done
Event: 9.792 Executing VM operation: G1PauseRemark
Event: 9.797 Executing VM operation: G1PauseRemark done
Event: 9.821 Executing VM operation: G1PauseCleanup
Event: 9.821 Executing VM operation: G1PauseCleanup done
Event: 10.823 Executing VM operation: Cleanup
Event: 10.824 Executing VM operation: Cleanup done
Event: 10.949 Executing VM operation: G1CollectForAllocation
Event: 10.963 Executing VM operation: G1CollectForAllocation done
Event: 11.913 Executing VM operation: G1CollectForAllocation

Events (20 events):
Event: 11.232 loading class java/util/stream/ReduceOps$1ReducingSink
Event: 11.232 loading class java/util/stream/ReduceOps$1ReducingSink done
Event: 11.358 loading class javax/naming/RefAddr
Event: 11.358 loading class javax/naming/RefAddr done
Event: 11.358 loading class javax/naming/StringRefAddr
Event: 11.358 loading class javax/naming/StringRefAddr done
Event: 11.421 loading class java/util/concurrent/CompletionStage
Event: 11.421 loading class java/util/concurrent/CompletionStage done
Event: 11.422 loading class java/util/concurrent/CompletableFuture
Event: 11.424 loading class java/util/concurrent/CompletableFuture done
Event: 11.424 loading class java/util/concurrent/CompletableFuture$AltResult
Event: 11.424 loading class java/util/concurrent/CompletableFuture$AltResult done
Event: 11.424 loading class java/util/concurrent/CompletableFuture$Completion
Event: 11.424 loading class java/util/concurrent/CompletableFuture$AsynchronousCompletionTask
Event: 11.424 loading class java/util/concurrent/CompletableFuture$AsynchronousCompletionTask done
Event: 11.424 loading class java/util/concurrent/CompletableFuture$Completion done
Event: 11.617 loading class sun/reflect/annotation/TypeAnnotation$TypeAnnotationTargetInfo
Event: 11.617 loading class sun/reflect/annotation/TypeAnnotation$TypeAnnotationTargetInfo done
Event: 11.679 loading class java/util/concurrent/CancellationException
Event: 11.679 loading class java/util/concurrent/CancellationException done


Dynamic libraries:
0x00007ff765160000 - 0x00007ff76516e000 	C:\Users\Willy.nyawira\.jdks\corretto-17.0.11\bin\java.exe
0x00007ff9d9950000 - 0x00007ff9d9b48000 	C:\WINDOWS\SYSTEM32\ntdll.dll
0x00007ff9d82a0000 - 0x00007ff9d835d000 	C:\WINDOWS\System32\KERNEL32.DLL
0x00007ff9d7540000 - 0x00007ff9d7836000 	C:\WINDOWS\System32\KERNELBASE.dll
0x00007ff9d7410000 - 0x00007ff9d7510000 	C:\WINDOWS\System32\ucrtbase.dll
0x00007ff9c8a10000 - 0x00007ff9c8a27000 	C:\Users\Willy.nyawira\.jdks\corretto-17.0.11\bin\jli.dll
0x00007ff9d9620000 - 0x00007ff9d97bf000 	C:\WINDOWS\System32\USER32.dll
0x00007ff9d7510000 - 0x00007ff9d7532000 	C:\WINDOWS\System32\win32u.dll
0x00007ff9d8360000 - 0x00007ff9d838b000 	C:\WINDOWS\System32\GDI32.dll
0x00007ff9d7000000 - 0x00007ff9d7117000 	C:\WINDOWS\System32\gdi32full.dll
0x00007ff9d7170000 - 0x00007ff9d720d000 	C:\WINDOWS\System32\msvcp_win.dll
0x00007ff9c2c50000 - 0x00007ff9c2c6b000 	C:\Users\Willy.nyawira\.jdks\corretto-17.0.11\bin\VCRUNTIME140.dll
0x00007ff9c39f0000 - 0x00007ff9c3c8a000 	C:\WINDOWS\WinSxS\amd64_microsoft.windows.common-controls_6595b64144ccf1df_6.0.19041.4355_none_60b8b9eb71f62e16\COMCTL32.dll
0x00007ff9d9580000 - 0x00007ff9d961e000 	C:\WINDOWS\System32\msvcrt.dll
0x00007ff9d8800000 - 0x00007ff9d8832000 	C:\WINDOWS\System32\IMM32.DLL
0x00007ff9cded0000 - 0x00007ff9cdedc000 	C:\Users\Willy.nyawira\.jdks\corretto-17.0.11\bin\vcruntime140_1.dll
0x00007ff9bf790000 - 0x00007ff9bf81d000 	C:\Users\Willy.nyawira\.jdks\corretto-17.0.11\bin\msvcp140.dll
0x00007ff97b2f0000 - 0x00007ff97bf52000 	C:\Users\Willy.nyawira\.jdks\corretto-17.0.11\bin\server\jvm.dll
0x00007ff9d7a70000 - 0x00007ff9d7b20000 	C:\WINDOWS\System32\ADVAPI32.dll
0x00007ff9d97c0000 - 0x00007ff9d9860000 	C:\WINDOWS\System32\sechost.dll
0x00007ff9d7ba0000 - 0x00007ff9d7cc3000 	C:\WINDOWS\System32\RPCRT4.dll
0x00007ff9d73e0000 - 0x00007ff9d7407000 	C:\WINDOWS\System32\bcrypt.dll
0x00007ff9d6e50000 - 0x00007ff9d6e9b000 	C:\WINDOWS\SYSTEM32\POWRPROF.dll
0x00007ff9c72f0000 - 0x00007ff9c72f9000 	C:\WINDOWS\SYSTEM32\WSOCK32.dll
0x00007ff9d7cd0000 - 0x00007ff9d7d3b000 	C:\WINDOWS\System32\WS2_32.dll
0x00007ff9c6520000 - 0x00007ff9c6547000 	C:\WINDOWS\SYSTEM32\WINMM.dll
0x00007ff9c7fa0000 - 0x00007ff9c7faa000 	C:\WINDOWS\SYSTEM32\VERSION.dll
0x00007ff9d6e30000 - 0x00007ff9d6e42000 	C:\WINDOWS\SYSTEM32\UMPDC.dll
0x00007ff9d4e40000 - 0x00007ff9d4e52000 	C:\WINDOWS\SYSTEM32\kernel.appcore.dll
0x00007ff9cde10000 - 0x00007ff9cde1a000 	C:\Users\Willy.nyawira\.jdks\corretto-17.0.11\bin\jimage.dll
0x00007ff9c4850000 - 0x00007ff9c4a34000 	C:\WINDOWS\SYSTEM32\DBGHELP.DLL
0x00007ff9c09a0000 - 0x00007ff9c09d4000 	C:\WINDOWS\SYSTEM32\dbgcore.DLL
0x00007ff9d78f0000 - 0x00007ff9d7972000 	C:\WINDOWS\System32\bcryptPrimitives.dll
0x00007ff9d00d0000 - 0x00007ff9d00de000 	C:\Users\Willy.nyawira\.jdks\corretto-17.0.11\bin\instrument.dll
0x00007ff9c0380000 - 0x00007ff9c03a5000 	C:\Users\Willy.nyawira\.jdks\corretto-17.0.11\bin\java.dll
0x00007ff9b2780000 - 0x00007ff9b2857000 	C:\Users\Willy.nyawira\.jdks\corretto-17.0.11\bin\jsvml.dll
0x00007ff9d8db0000 - 0x00007ff9d951b000 	C:\WINDOWS\System32\SHELL32.dll
0x00007ff9d5040000 - 0x00007ff9d57dd000 	C:\WINDOWS\SYSTEM32\windows.storage.dll
0x00007ff9d7da0000 - 0x00007ff9d80f3000 	C:\WINDOWS\System32\combase.dll
0x00007ff9d6870000 - 0x00007ff9d689e000 	C:\WINDOWS\SYSTEM32\Wldp.dll
0x00007ff9d88d0000 - 0x00007ff9d899d000 	C:\WINDOWS\System32\OLEAUT32.dll
0x00007ff9d9860000 - 0x00007ff9d990d000 	C:\WINDOWS\System32\SHCORE.dll
0x00007ff9d8120000 - 0x00007ff9d8175000 	C:\WINDOWS\System32\shlwapi.dll
0x00007ff9d6f30000 - 0x00007ff9d6f54000 	C:\WINDOWS\SYSTEM32\profapi.dll
0x00007ff9c1f10000 - 0x00007ff9c1f28000 	C:\Users\Willy.nyawira\.jdks\corretto-17.0.11\bin\zip.dll
0x00007ff9c1fd0000 - 0x00007ff9c1fe9000 	C:\Users\Willy.nyawira\.jdks\corretto-17.0.11\bin\net.dll
0x00007ff9cb7b0000 - 0x00007ff9cb8ba000 	C:\WINDOWS\SYSTEM32\WINHTTP.dll
0x00007ff9d6650000 - 0x00007ff9d66ba000 	C:\WINDOWS\system32\mswsock.dll
0x00007ff9c1760000 - 0x00007ff9c1776000 	C:\Users\Willy.nyawira\.jdks\corretto-17.0.11\bin\nio.dll
0x00007ff9d00b0000 - 0x00007ff9d00ca000 	C:\Program Files\JetBrains\IntelliJ IDEA 2024.1.1\bin\breakgen64.dll
0x00007ff9c4a40000 - 0x00007ff9c4a49000 	C:\Users\Willy.nyawira\.jdks\corretto-17.0.11\bin\extnet.dll
0x00007ff9d6390000 - 0x00007ff9d645b000 	C:\WINDOWS\SYSTEM32\DNSAPI.dll
0x00007ff9d6350000 - 0x00007ff9d638b000 	C:\WINDOWS\SYSTEM32\IPHLPAPI.DLL
0x00007ff9d81e0000 - 0x00007ff9d81e8000 	C:\WINDOWS\System32\NSI.dll
0x00007ff9ccea0000 - 0x00007ff9cceaa000 	C:\Windows\System32\rasadhlp.dll
0x00007ff9c8a60000 - 0x00007ff9c8ae0000 	C:\WINDOWS\System32\fwpuclnt.dll
0x00007ff9d00a0000 - 0x00007ff9d00a9000 	C:\Users\Willy.nyawira\.jdks\corretto-17.0.11\bin\management.dll
0x00007ff9cc9f0000 - 0x00007ff9cc9fb000 	C:\Users\Willy.nyawira\.jdks\corretto-17.0.11\bin\management_ext.dll
0x00007ff9d8c80000 - 0x00007ff9d8c88000 	C:\WINDOWS\System32\PSAPI.DLL
0x00007ff9d6a10000 - 0x00007ff9d6a28000 	C:\WINDOWS\SYSTEM32\CRYPTSP.dll
0x00007ff9d5f90000 - 0x00007ff9d5fc4000 	C:\WINDOWS\system32\rsaenh.dll
0x00007ff9d6ea0000 - 0x00007ff9d6ece000 	C:\WINDOWS\SYSTEM32\USERENV.dll
0x00007ff9d67e0000 - 0x00007ff9d67ec000 	C:\WINDOWS\SYSTEM32\CRYPTBASE.dll
0x00007ff9cbe90000 - 0x00007ff9cbea7000 	C:\WINDOWS\SYSTEM32\dhcpcsvc6.DLL
0x00007ff9ccd50000 - 0x00007ff9ccd6d000 	C:\WINDOWS\SYSTEM32\dhcpcsvc.DLL
0x00007ff9c4bf0000 - 0x00007ff9c4c07000 	C:\WINDOWS\system32\napinsp.dll
0x00007ff9c4bd0000 - 0x00007ff9c4beb000 	C:\WINDOWS\system32\pnrpnsp.dll
0x00007ff9d2930000 - 0x00007ff9d294d000 	C:\WINDOWS\system32\NLAapi.dll
0x00007ff9c4bb0000 - 0x00007ff9c4bc2000 	C:\WINDOWS\System32\winrnr.dll
0x00007ff9d1d50000 - 0x00007ff9d1d65000 	C:\WINDOWS\system32\wshbth.dll
0x00007ff9cc9b0000 - 0x00007ff9cc9be000 	C:\Users\Willy.nyawira\.jdks\corretto-17.0.11\bin\sunmscapi.dll
0x00007ff9d7280000 - 0x00007ff9d73de000 	C:\WINDOWS\System32\CRYPT32.dll
0x00007ff9d68e0000 - 0x00007ff9d6909000 	C:\WINDOWS\SYSTEM32\ncrypt.dll
0x00007ff9d68a0000 - 0x00007ff9d68db000 	C:\WINDOWS\SYSTEM32\NTASN1.dll
0x00007ff9c2d80000 - 0x00007ff9c2d90000 	C:\Users\Willy.nyawira\.jdks\corretto-17.0.11\bin\verify.dll

dbghelp: loaded successfully - version: 4.0.5 - missing functions: none
symbol engine: initialized successfully - sym options: 0x614 - pdb path: .;C:\Users\Willy.nyawira\.jdks\corretto-17.0.11\bin;C:\WINDOWS\SYSTEM32;C:\WINDOWS\WinSxS\amd64_microsoft.windows.common-controls_6595b64144ccf1df_6.0.19041.4355_none_60b8b9eb71f62e16;C:\Users\Willy.nyawira\.jdks\corretto-17.0.11\bin\server;C:\Program Files\JetBrains\IntelliJ IDEA 2024.1.1\bin

VM Arguments:
jvm_args: -XX:TieredStopAtLevel=1 -Dspring.output.ansi.enabled=always -Dcom.sun.management.jmxremote -Dspring.jmx.enabled=true -Dspring.liveBeansView.mbeanDomain -Dspring.application.admin.enabled=true -Dmanagement.endpoints.jmx.exposure.include=* -javaagent:C:\Program Files\JetBrains\IntelliJ IDEA 2024.1.1\lib\idea_rt.jar=60602:C:\Program Files\JetBrains\IntelliJ IDEA 2024.1.1\bin -Dfile.encoding=UTF-8 
java_command: com.emtech.Fixed.Assets.Emtech.Fixed.Assets.EmtechFixedAssetsApplication
java_class_path (initial): C:\Users\Willy.nyawira\Desktop\AIG\Emtech-Fixed-Assets\target\classes;C:\Users\Willy.nyawira\.m2\repository\org\springframework\boot\spring-boot-starter-data-jpa\3.2.5\spring-boot-starter-data-jpa-3.2.5.jar;C:\Users\Willy.nyawira\.m2\repository\org\springframework\boot\spring-boot-starter-aop\3.2.5\spring-boot-starter-aop-3.2.5.jar;C:\Users\Willy.nyawira\.m2\repository\org\aspectj\aspectjweaver\1.9.22\aspectjweaver-1.9.22.jar;C:\Users\Willy.nyawira\.m2\repository\org\springframework\boot\spring-boot-starter-jdbc\3.2.5\spring-boot-starter-jdbc-3.2.5.jar;C:\Users\Willy.nyawira\.m2\repository\com\zaxxer\HikariCP\5.0.1\HikariCP-5.0.1.jar;C:\Users\Willy.nyawira\.m2\repository\org\springframework\spring-jdbc\6.1.6\spring-jdbc-6.1.6.jar;C:\Users\Willy.nyawira\.m2\repository\org\hibernate\orm\hibernate-core\6.4.4.Final\hibernate-core-6.4.4.Final.jar;C:\Users\Willy.nyawira\.m2\repository\jakarta\persistence\jakarta.persistence-api\3.1.0\jakarta.persistence-api-3.1.0.jar;C:\Users\Willy.nyawira\.m2\repository\jakarta\transaction\jakarta.transaction-api\2.0.1\jakarta.transaction-api-2.0.1.jar;C:\Users\Willy.nyawira\.m2\repository\org\jboss\logging\jboss-logging\3.5.3.Final\jboss-logging-3.5.3.Final.jar;C:\Users\Willy.nyawira\.m2\repository\org\hibernate\common\hibernate-commons-annotations\6.0.6.Final\hibernate-commons-annotations-6.0.6.Final.jar;C:\Users\Willy.nyawira\.m2\repository\io\smallrye\jandex\3.1.2\jandex-3.1.2.jar;C:\Users\Willy.nyawira\.m2\repository\com\fasterxml\classmate\1.6.0\classmate-1.6.0.jar;C:\Users\Willy.nyawira\.m2\repository\net\bytebuddy\byte-buddy\1.14.13\byte-buddy-1.14.13.jar;C:\Users\Willy.nyawira\.m2\repository\org\glassfish\jaxb\jaxb-runtime\4.0.5\jaxb-runtime-4.0.5.jar;C:\Users\Willy.nyawira\.m2\repository\org\glassfish\jaxb\jaxb-core\4.0.5\jaxb-core-4.0.5.jar;C:\Users\Willy.nyawira\.m2\repository\org\eclipse\angus\angus-activation\2.0.2\angus-activation-2.0.2.jar;C:\Users\Willy.nyawira\.m2\repository\org\glassfish\ja
Launcher Type: SUN_STANDARD

[Global flags]
     intx CICompilerCount                          = 3                                         {product} {ergonomic}
     uint ConcGCThreads                            = 1                                         {product} {ergonomic}
     uint G1ConcRefinementThreads                  = 4                                         {product} {ergonomic}
   size_t G1HeapRegionSize                         = 1048576                                   {product} {ergonomic}
    uintx GCDrainStackTargetSize                   = 64                                        {product} {ergonomic}
   size_t InitialHeapSize                          = 67108864                                  {product} {ergonomic}
     bool ManagementServer                         = true                                      {product} {command line}
   size_t MarkStackSize                            = 4194304                                   {product} {ergonomic}
   size_t MaxHeapSize                              = 1061158912                                {product} {ergonomic}
   size_t MaxNewSize                               = 636485632                                 {product} {ergonomic}
   size_t MinHeapDeltaBytes                        = 1048576                                   {product} {ergonomic}
   size_t MinHeapSize                              = 8388608                                   {product} {ergonomic}
    uintx NonProfiledCodeHeapSize                  = 0                                      {pd product} {ergonomic}
     bool ProfileInterpreter                       = false                                  {pd product} {command line}
    uintx ProfiledCodeHeapSize                     = 0                                      {pd product} {ergonomic}
   size_t SoftMaxHeapSize                          = 1061158912                             {manageable} {ergonomic}
     intx TieredStopAtLevel                        = 1                                         {product} {command line}
     bool UseCompressedClassPointers               = true                           {product lp64_product} {ergonomic}
     bool UseCompressedOops                        = true                           {product lp64_product} {ergonomic}
     bool UseG1GC                                  = true                                      {product} {ergonomic}
     bool UseLargePagesIndividualAllocation        = false                                  {pd product} {ergonomic}

Logging:
Log output configuration:
 #0: stdout all=warning uptime,level,tags
 #1: stderr all=off uptime,level,tags

Environment Variables:
JAVA_HOME=C:\Program Files\Java\jdk-21
PATH=C:\OraHome_2\jre\1.4.2\bin\client;C:\OraHome_2\jre\1.4.2\bin;C:\OraHome_1\bin;C:\OraHome_1\jre\1.4.2\bin\client;C:\OraHome_1\jre\1.4.2\bin;C:\DevSuiteHome_4\jdk\jre\bin\classic;C:\DevSuiteHome_4\jdk\jre\bin;C:\DevSuiteHome_4\jdk\jre\bin\client;C:\DevSuiteHome_4\jlib;C:\DevSuiteHome_4\bin;C:\DevSuiteHome_4\jre\1.4.2\bin\client;C:\DevSuiteHome_4\jre\1.4.2\bin;D:\DevSuiteHome_8\jdk\jre\bin\classic;D:\DevSuiteHome_8\jdk\jre\bin;D:\DevSuiteHome_8\jdk\jre\bin\client;D:\DevSuiteHome_8\jlib;D:\DevSuiteHome_8\bin;D:\DevSuiteHome_8\jre\1.4.2\bin\client;D:\DevSuiteHome_8\jre\1.4.2\bin;C:\oraclexe\app\oracle\product\11.2.0\server\bin;C:\Program Files\Common Files\Oracle\Java\javapath;C:\Program Files (x86)\Common Files\Oracle\Java\java8path;C:\Program Files (x86)\Common Files\Oracle\Java\javapath;C:\oraclexe\app\oracle\product\11.2.0\server\bin;C:\WINDOWS\system32;C:\WINDOWS;C:\WINDOWS\System32\Wbem;C:\WINDOWS\System32\WindowsPowerShell\v1.0\;C:\WINDOWS\System32\OpenSSH\;C:\Program Files (x86)\WinSCP\;C:\Program Files\Java\jdk-21;C:\Program Files\PuTTY\;C:\Program Files\Amazon\AWSCLIV2\;C:\Users\Willy.nyawira\AppData\Local\Programs\Microsoft VS Code\bin;C:\Program Files\heroku\bin;C:\Program Files\JetBrains\IntelliJ IDEA 2024.1.1\bin;;C:\Program Files\Java\jdk-21;C:\xampp\mysql\bin;
USERNAME=Willy.nyawira
OS=Windows_NT
PROCESSOR_IDENTIFIER=Intel64 Family 6 Model 42 Stepping 7, GenuineIntel
TMP=C:\Users\WILLY~1.NYA\AppData\Local\Temp
TEMP=C:\Users\WILLY~1.NYA\AppData\Local\Temp



Periodic native trim disabled


---------------  S Y S T E M  ---------------

OS:
 Windows 10 , 64 bit Build 19041 (10.0.19041.3636)
OS uptime: 0 days 9:35 hours
Hyper-V role detected

CPU: total 4 (initial active 4) (2 cores per cpu, 2 threads per core) family 6 model 42 stepping 7 microcode 0x2f, cx8, cmov, fxsr, ht, mmx, sse, sse2, sse3, ssse3, sse4.1, sse4.2, popcnt, tsc, tscinvbit, avx, aes, clmul, vzeroupper, clflush, hv
Processor Information for all 4 processors :
  Max Mhz: 1601, Current Mhz: 1601, Mhz Limit: 1601

Memory: 4k page, system-wide physical 4041M (299M free)
TotalPageFile size 7111M (AvailPageFile size 9M)
current process WorkingSet (physical memory assigned to process): 170M, peak: 170M
current process commit charge ("private bytes"): 208M, peak: 254M

vm_info: OpenJDK 64-Bit Server VM (17.0.11+9-LTS) for windows-amd64 JRE (17.0.11+9-LTS), built on Apr 10 2024 22:12:24 by "Administrator" with MS VC++ 16.10 / 16.11 (VS2019)

END.
