#
# There is insufficient memory for the Java Runtime Environment to continue.
# Native memory allocation (mmap) failed to map 10485760 bytes. Error detail: G1 virtual space
# Possible reasons:
#   The system is out of physical RAM or swap space
#   This process is running with CompressedOops enabled, and the Java Heap may be blocking the growth of the native heap
# Possible solutions:
#   Reduce memory load on the system
#   Increase physical memory or swap space
#   Check if swap backing store is full
#   Decrease Java heap size (-Xmx/-Xms)
#   Decrease number of Java threads
#   Decrease Java thread stack sizes (-Xss)
#   Set larger code cache with -XX:ReservedCodeCacheSize=
#   JVM is running with Unscaled Compressed Oops mode in which the Java heap is
#     placed in the first 4GB address space. The Java Heap base address is the
#     maximum limit for the native heap growth. Please use -XX:HeapBaseMinAddress
#     to set the Java Heap base and to place the Java Heap above 4GB virtual address.
# This output file may be truncated or incomplete.
#
#  Out of Memory Error (os_windows.cpp:3613), pid=3976, tid=2136
#
# JRE version: OpenJDK Runtime Environment Corretto-17.0.11.9.1 (17.0.11+9) (build 17.0.11+9-LTS)
# Java VM: OpenJDK 64-Bit Server VM Corretto-17.0.11.9.1 (17.0.11+9-LTS, mixed mode, emulated-client, sharing, tiered, compressed oops, compressed class ptrs, g1 gc, windows-amd64)
# No core dump will be written. Minidumps are not enabled by default on client versions of Windows
#

---------------  S U M M A R Y ------------

Command Line: -XX:TieredStopAtLevel=1 -Dspring.output.ansi.enabled=always -Dcom.sun.management.jmxremote -Dspring.jmx.enabled=true -Dspring.liveBeansView.mbeanDomain -Dspring.application.admin.enabled=true -Dmanagement.endpoints.jmx.exposure.include=* -javaagent:C:\Program Files\JetBrains\IntelliJ IDEA 2024.1.1\lib\idea_rt.jar=51948:C:\Program Files\JetBrains\IntelliJ IDEA 2024.1.1\bin -Dfile.encoding=UTF-8 com.emtech.Fixed.Assets.Emtech.Fixed.Assets.EmtechFixedAssetsApplication

Host: Intel(R) Core(TM) i5-2467M CPU @ 1.60GHz, 4 cores, 3G,  Windows 10 , 64 bit Build 19041 (10.0.19041.3636)
Time: Tue May 21 16:09:13 2024 E. Africa Standard Time elapsed time: 8.562094 seconds (0d 0h 0m 8s)

---------------  T H R E A D  ---------------

Current thread (0x000001b49cbb3130):  VMThread "VM Thread" [stack: 0x0000002536800000,0x0000002536900000] [id=2136]

Stack: [0x0000002536800000,0x0000002536900000]
Native frames: (J=compiled Java code, j=interpreted, Vv=VM code, C=native code)
V  [jvm.dll+0x67d009]
V  [jvm.dll+0x83489a]
V  [jvm.dll+0x83635e]
V  [jvm.dll+0x8369c3]
V  [jvm.dll+0x2479df]
V  [jvm.dll+0x679e49]
V  [jvm.dll+0x66e8ba]
V  [jvm.dll+0x30755b]
V  [jvm.dll+0x30ea06]
V  [jvm.dll+0x35e40e]
V  [jvm.dll+0x35e63f]
V  [jvm.dll+0x2de298]
V  [jvm.dll+0x2dc6a4]
V  [jvm.dll+0x2dbcac]
V  [jvm.dll+0x31f6cb]
V  [jvm.dll+0x83aebb]
V  [jvm.dll+0x83bbf2]
V  [jvm.dll+0x83c10d]
V  [jvm.dll+0x83c4e4]
V  [jvm.dll+0x83c5b0]
V  [jvm.dll+0x7e3e0a]
V  [jvm.dll+0x67bef5]
C  [ucrtbase.dll+0x21bb2]
C  [KERNEL32.DLL+0x17344]
C  [ntdll.dll+0x526b1]

VM_Operation (0x00000025362fdb00): G1CollectForAllocation, mode: safepoint, requested by thread 0x000001b48d8ad190


---------------  P R O C E S S  ---------------

Threads class SMR info:
_java_thread_list=0x000001b4e312db60, length=15, elements={
0x000001b48d8ad190, 0x000001b49cbb73f0, 0x000001b49cbb8920, 0x000001b49cbca350,
0x000001b49cbcb0e0, 0x000001b49cbd0280, 0x000001b49cbd0b50, 0x000001b49cbd14d0,
0x000001b49cbd3590, 0x000001b4e20282c0, 0x000001b4e202d7d0, 0x000001b4e24002e0,
0x000001b4e24007c0, 0x000001b4e25602b0, 0x000001b4e31108a0
}

Java Threads: ( => current thread )
  0x000001b48d8ad190 JavaThread "main" [_thread_blocked, id=8196, stack(0x0000002536200000,0x0000002536300000)]
  0x000001b49cbb73f0 JavaThread "Reference Handler" daemon [_thread_blocked, id=10140, stack(0x0000002536900000,0x0000002536a00000)]
  0x000001b49cbb8920 JavaThread "Finalizer" daemon [_thread_blocked, id=7260, stack(0x0000002536a00000,0x0000002536b00000)]
  0x000001b49cbca350 JavaThread "Signal Dispatcher" daemon [_thread_blocked, id=4736, stack(0x0000002536b00000,0x0000002536c00000)]
  0x000001b49cbcb0e0 JavaThread "Attach Listener" daemon [_thread_blocked, id=7564, stack(0x0000002536c00000,0x0000002536d00000)]
  0x000001b49cbd0280 JavaThread "Service Thread" daemon [_thread_blocked, id=2860, stack(0x0000002536d00000,0x0000002536e00000)]
  0x000001b49cbd0b50 JavaThread "Monitor Deflation Thread" daemon [_thread_blocked, id=7476, stack(0x0000002536e00000,0x0000002536f00000)]
  0x000001b49cbd14d0 JavaThread "C1 CompilerThread0" daemon [_thread_blocked, id=10740, stack(0x0000002536f00000,0x0000002537000000)]
  0x000001b49cbd3590 JavaThread "Sweeper thread" daemon [_thread_blocked, id=7844, stack(0x0000002537000000,0x0000002537100000)]
  0x000001b4e20282c0 JavaThread "Common-Cleaner" daemon [_thread_blocked, id=7652, stack(0x0000002537100000,0x0000002537200000)]
  0x000001b4e202d7d0 JavaThread "C1 CompilerThread1" daemon [_thread_blocked, id=10384, stack(0x0000002537200000,0x0000002537300000)]
  0x000001b4e24002e0 JavaThread "Monitor Ctrl-Break" daemon [_thread_in_native, id=7952, stack(0x0000002537300000,0x0000002537400000)]
  0x000001b4e24007c0 JavaThread "Notification Thread" daemon [_thread_blocked, id=10552, stack(0x0000002537400000,0x0000002537500000)]
  0x000001b4e25602b0 JavaThread "RMI TCP Accept-0" daemon [_thread_in_native, id=4052, stack(0x0000002537500000,0x0000002537600000)]
  0x000001b4e31108a0 JavaThread "C1 CompilerThread2" daemon [_thread_blocked, id=6948, stack(0x0000002537d00000,0x0000002537e00000)]

Other Threads:
=>0x000001b49cbb3130 VMThread "VM Thread" [stack: 0x0000002536800000,0x0000002536900000] [id=2136]
  0x000001b48d8ae150 WatcherThread [stack: 0x0000002537600000,0x0000002537700000] [id=10388]
  0x000001b48d8e8a40 GCTaskThread "GC Thread#0" [stack: 0x0000002536300000,0x0000002536400000] [id=8368]
  0x000001b4e253f730 GCTaskThread "GC Thread#1" [stack: 0x0000002537700000,0x0000002537800000] [id=9708]
  0x000001b4e2749390 GCTaskThread "GC Thread#2" [stack: 0x0000002537800000,0x0000002537900000] [id=3652]
  0x000001b4e274d660 GCTaskThread "GC Thread#3" [stack: 0x0000002537900000,0x0000002537a00000] [id=7736]
  0x000001b48d8f2730 ConcurrentGCThread "G1 Main Marker" [stack: 0x0000002536400000,0x0000002536500000] [id=9024]
  0x000001b48d8f3800 ConcurrentGCThread "G1 Conc#0" [stack: 0x0000002536500000,0x0000002536600000] [id=11036]
  0x000001b48d941ae0 ConcurrentGCThread "G1 Refine#0" [stack: 0x0000002536600000,0x0000002536700000] [id=1372]
  0x000001b4e254d120 ConcurrentGCThread "G1 Refine#1" [stack: 0x0000002537a00000,0x0000002537b00000] [id=10296]
  0x000001b4e27154a0 ConcurrentGCThread "G1 Refine#2" [stack: 0x0000002537b00000,0x0000002537c00000] [id=7452]
  0x000001b48d942420 ConcurrentGCThread "G1 Service" [stack: 0x0000002536700000,0x0000002536800000] [id=2628]

Threads with active compile tasks:

VM state: at safepoint (normal execution)

VM Mutex/Monitor currently owned by a thread:  ([mutex/lock_event])
[0x000001b48d8a7e20] Threads_lock - owner thread: 0x000001b49cbb3130
[0x000001b48d8a8e70] Heap_lock - owner thread: 0x000001b48d8ad190

Heap address: 0x00000000c0c00000, size: 1012 MB, Compressed Oops mode: 32-bit

CDS archive(s) mapped at: [0x000001b49d000000-0x000001b49dbb0000-0x000001b49dbb0000), size 12255232, SharedBaseAddress: 0x000001b49d000000, ArchiveRelocationMode: 1.
Compressed class space mapped at: 0x000001b49e000000-0x000001b4de000000, reserved size: 1073741824
Narrow klass base: 0x000001b49d000000, Narrow klass shift: 0, Narrow klass range: 0x100000000

GC Precious Log:
 CPUs: 4 total, 4 available
 Memory: 4041M
 Large Page Support: Disabled
 NUMA Support: Disabled
 Compressed Oops: Enabled (32-bit)
 Heap Region Size: 1M
 Heap Min Capacity: 8M
 Heap Initial Capacity: 64M
 Heap Max Capacity: 1012M
 Pre-touch: Disabled
 Parallel Workers: 4
 Concurrent Workers: 1
 Concurrent Refinement Workers: 4
 Periodic GC: Disabled

Heap:
 garbage-first heap   total 48128K, used 18521K [0x00000000c0c00000, 0x0000000100000000)
  region size 1024K, 3 young (3072K), 3 survivors (3072K)
 Metaspace       used 29550K, committed 29888K, reserved 1114112K
  class space    used 4192K, committed 4352K, reserved 1048576K

Heap Regions: E=young(eden), S=young(survivor), O=old, HS=humongous(starts), HC=humongous(continues), CS=collection set, F=free, OA=open archive, CA=closed archive, TAMS=top-at-mark-start (previous, next)
|   0|0x00000000c0c00000, 0x00000000c0d00000, 0x00000000c0d00000|100%|HS|  |TAMS 0x00000000c0d00000, 0x00000000c0c00000| Complete 
|   1|0x00000000c0d00000, 0x00000000c0e00000, 0x00000000c0e00000|100%| O|  |TAMS 0x00000000c0e00000, 0x00000000c0d00000| Untracked 
|   2|0x00000000c0e00000, 0x00000000c0f00000, 0x00000000c0f00000|100%| O|  |TAMS 0x00000000c0f00000, 0x00000000c0e00000| Untracked 
|   3|0x00000000c0f00000, 0x00000000c1000000, 0x00000000c1000000|100%| O|  |TAMS 0x00000000c1000000, 0x00000000c0f00000| Untracked 
|   4|0x00000000c1000000, 0x00000000c1100000, 0x00000000c1100000|100%| O|  |TAMS 0x00000000c1100000, 0x00000000c1000000| Untracked 
|   5|0x00000000c1100000, 0x00000000c1200000, 0x00000000c1200000|100%| O|  |TAMS 0x00000000c1200000, 0x00000000c1100000| Untracked 
|   6|0x00000000c1200000, 0x00000000c1300000, 0x00000000c1300000|100%| O|  |TAMS 0x00000000c1300000, 0x00000000c1200000| Untracked 
|   7|0x00000000c1300000, 0x00000000c1400000, 0x00000000c1400000|100%| O|  |TAMS 0x00000000c1337c00, 0x00000000c1300000| Untracked 
|   8|0x00000000c1400000, 0x00000000c14fc808, 0x00000000c1500000| 98%| O|  |TAMS 0x00000000c1400000, 0x00000000c1400000| Untracked 
|   9|0x00000000c1500000, 0x00000000c1600000, 0x00000000c1600000|100%| O|  |TAMS 0x00000000c1500000, 0x00000000c1500000| Untracked 
|  10|0x00000000c1600000, 0x00000000c1700000, 0x00000000c1700000|100%| O|  |TAMS 0x00000000c1600000, 0x00000000c1600000| Untracked 
|  11|0x00000000c1700000, 0x00000000c1800000, 0x00000000c1800000|100%| O|  |TAMS 0x00000000c1700000, 0x00000000c1700000| Untracked 
|  12|0x00000000c1800000, 0x00000000c1900000, 0x00000000c1900000|100%| O|  |TAMS 0x00000000c1800000, 0x00000000c1800000| Untracked 
|  13|0x00000000c1900000, 0x00000000c1a00000, 0x00000000c1a00000|100%| O|  |TAMS 0x00000000c1900000, 0x00000000c1900000| Untracked 
|  14|0x00000000c1a00000, 0x00000000c1b00000, 0x00000000c1b00000|100%| O|  |TAMS 0x00000000c1a00000, 0x00000000c1a00000| Untracked 
|  15|0x00000000c1b00000, 0x00000000c1be5e00, 0x00000000c1c00000| 89%| O|  |TAMS 0x00000000c1b00000, 0x00000000c1b00000| Untracked 
|  16|0x00000000c1c00000, 0x00000000c1c00000, 0x00000000c1d00000|  0%| F|  |TAMS 0x00000000c1c00000, 0x00000000c1c00000| Untracked 
|  17|0x00000000c1d00000, 0x00000000c1d00000, 0x00000000c1e00000|  0%| F|  |TAMS 0x00000000c1d00000, 0x00000000c1d00000| Untracked 
|  18|0x00000000c1e00000, 0x00000000c1e00000, 0x00000000c1f00000|  0%| F|  |TAMS 0x00000000c1e00000, 0x00000000c1e00000| Untracked 
|  19|0x00000000c1f00000, 0x00000000c1f00000, 0x00000000c2000000|  0%| F|  |TAMS 0x00000000c1f00000, 0x00000000c1f00000| Untracked 
|  20|0x00000000c2000000, 0x00000000c2000000, 0x00000000c2100000|  0%| F|  |TAMS 0x00000000c2000000, 0x00000000c2000000| Untracked 
|  21|0x00000000c2100000, 0x00000000c2100000, 0x00000000c2200000|  0%| F|  |TAMS 0x00000000c2100000, 0x00000000c2100000| Untracked 
|  22|0x00000000c2200000, 0x00000000c2200000, 0x00000000c2300000|  0%| F|  |TAMS 0x00000000c2200000, 0x00000000c2200000| Untracked 
|  23|0x00000000c2300000, 0x00000000c2300000, 0x00000000c2400000|  0%| F|  |TAMS 0x00000000c2300000, 0x00000000c2300000| Untracked 
|  24|0x00000000c2400000, 0x00000000c2433e50, 0x00000000c2500000| 20%| S|CS|TAMS 0x00000000c2400000, 0x00000000c2400000| Complete 
|  25|0x00000000c2500000, 0x00000000c2600000, 0x00000000c2600000|100%| S|CS|TAMS 0x00000000c2500000, 0x00000000c2500000| Complete 
|  26|0x00000000c2600000, 0x00000000c2600000, 0x00000000c2700000|  0%| F|  |TAMS 0x00000000c2600000, 0x00000000c2600000| Untracked 
|  27|0x00000000c2700000, 0x00000000c2700000, 0x00000000c2800000|  0%| F|  |TAMS 0x00000000c2700000, 0x00000000c2700000| Untracked 
|  28|0x00000000c2800000, 0x00000000c2900000, 0x00000000c2900000|100%| S|CS|TAMS 0x00000000c2800000, 0x00000000c2800000| Complete 
|  29|0x00000000c2900000, 0x00000000c2900000, 0x00000000c2a00000|  0%| F|  |TAMS 0x00000000c2900000, 0x00000000c2900000| Untracked 
|  30|0x00000000c2a00000, 0x00000000c2a00000, 0x00000000c2b00000|  0%| F|  |TAMS 0x00000000c2a00000, 0x00000000c2a00000| Untracked 
|  31|0x00000000c2b00000, 0x00000000c2b00000, 0x00000000c2c00000|  0%| F|  |TAMS 0x00000000c2b00000, 0x00000000c2b00000| Untracked 
|  32|0x00000000c2c00000, 0x00000000c2c00000, 0x00000000c2d00000|  0%| F|  |TAMS 0x00000000c2c00000, 0x00000000c2c00000| Untracked 
|  33|0x00000000c2d00000, 0x00000000c2d00000, 0x00000000c2e00000|  0%| F|  |TAMS 0x00000000c2d00000, 0x00000000c2d00000| Untracked 
|  34|0x00000000c2e00000, 0x00000000c2e00000, 0x00000000c2f00000|  0%| F|  |TAMS 0x00000000c2e00000, 0x00000000c2e00000| Untracked 
|  35|0x00000000c2f00000, 0x00000000c2f00000, 0x00000000c3000000|  0%| F|  |TAMS 0x00000000c2f00000, 0x00000000c2f00000| Untracked 
|  36|0x00000000c3000000, 0x00000000c3000000, 0x00000000c3100000|  0%| F|  |TAMS 0x00000000c3000000, 0x00000000c3000000| Untracked 
|  37|0x00000000c3100000, 0x00000000c3100000, 0x00000000c3200000|  0%| F|  |TAMS 0x00000000c3100000, 0x00000000c3100000| Untracked 
|  38|0x00000000c3200000, 0x00000000c3200000, 0x00000000c3300000|  0%| F|  |TAMS 0x00000000c3200000, 0x00000000c3200000| Untracked 
|  39|0x00000000c3300000, 0x00000000c3300000, 0x00000000c3400000|  0%| F|  |TAMS 0x00000000c3300000, 0x00000000c3300000| Untracked 
|  40|0x00000000c3400000, 0x00000000c3400000, 0x00000000c3500000|  0%| F|  |TAMS 0x00000000c3400000, 0x00000000c3400000| Untracked 
|  41|0x00000000c3500000, 0x00000000c3500000, 0x00000000c3600000|  0%| F|  |TAMS 0x00000000c3500000, 0x00000000c3500000| Untracked 
|  42|0x00000000c3600000, 0x00000000c3600000, 0x00000000c3700000|  0%| F|  |TAMS 0x00000000c3600000, 0x00000000c3600000| Untracked 
|  43|0x00000000c3700000, 0x00000000c3700000, 0x00000000c3800000|  0%| F|  |TAMS 0x00000000c3700000, 0x00000000c3700000| Untracked 
|  44|0x00000000c3800000, 0x00000000c3800000, 0x00000000c3900000|  0%| F|  |TAMS 0x00000000c3800000, 0x00000000c3800000| Untracked 
|  45|0x00000000c3900000, 0x00000000c3900000, 0x00000000c3a00000|  0%| F|  |TAMS 0x00000000c3900000, 0x00000000c3900000| Untracked 
|  63|0x00000000c4b00000, 0x00000000c4b00000, 0x00000000c4c00000|  0%| F|  |TAMS 0x00000000c4b00000, 0x00000000c4b00000| Untracked 

Card table byte_map: [0x000001b4983c0000,0x000001b4985c0000] _byte_map_base: 0x000001b497dba000

Marking Bits (Prev, Next): (CMBitMap*) 0x000001b48d8e9fc0, (CMBitMap*) 0x000001b48d8e9f80
 Prev Bits: [0x000001b499790000, 0x000001b49a760000)
 Next Bits: [0x000001b4987c0000, 0x000001b499790000)

Polling page: 0x000001b48b830000

Metaspace:

Usage:
  Non-class:     24.76 MB used.
      Class:      4.09 MB used.
       Both:     28.86 MB used.

Virtual space:
  Non-class space:       64.00 MB reserved,      24.94 MB ( 39%) committed,  1 nodes.
      Class space:        1.00 GB reserved,       4.25 MB ( <1%) committed,  1 nodes.
             Both:        1.06 GB reserved,      29.19 MB (  3%) committed. 

Chunk freelists:
   Non-Class:  6.56 MB
       Class:  11.69 MB
        Both:  18.25 MB

MaxMetaspaceSize: unlimited
CompressedClassSpaceSize: 1.00 GB
Initial GC threshold: 21.00 MB
Current GC threshold: 35.12 MB
CDS: on
MetaspaceReclaimPolicy: balanced
 - commit_granule_bytes: 65536.
 - commit_granule_words: 8192.
 - virtual_space_node_default_size: 8388608.
 - enlarge_chunks_in_place: 1.
 - new_chunks_are_fully_committed: 0.
 - uncommit_free_chunks: 1.
 - use_allocation_guard: 0.
 - handle_deallocations: 1.


Internal statistics:

num_allocs_failed_limit: 3.
num_arena_births: 460.
num_arena_deaths: 0.
num_vsnodes_births: 2.
num_vsnodes_deaths: 0.
num_space_committed: 467.
num_space_uncommitted: 0.
num_chunks_returned_to_freelist: 3.
num_chunks_taken_from_freelist: 1489.
num_chunk_merges: 3.
num_chunk_splits: 1041.
num_chunks_enlarged: 775.
num_inconsistent_stats: 0.

CodeCache: size=49152Kb used=7979Kb max_used=7979Kb free=41173Kb
 bounds [0x000001b4953c0000, 0x000001b495b90000, 0x000001b4983c0000]
 total_blobs=4147 nmethods=3630 adapters=442
 compilation: enabled
              stopped_count=0, restarted_count=0
 full_count=0

Compilation events (20 events):
Event: 8.450 Thread 0x000001b4e202d7d0 3622       1       sun.nio.cs.UTF_8::updatePositions (23 bytes)
Event: 8.451 Thread 0x000001b49cbd14d0 nmethod 3621 0x000001b495b87410 code [0x000001b495b875c0, 0x000001b495b87798]
Event: 8.451 Thread 0x000001b4e202d7d0 nmethod 3622 0x000001b495b87890 code [0x000001b495b87a60, 0x000001b495b87bb8]
Event: 8.451 Thread 0x000001b49cbd14d0 3623       1       java.lang.System$2::decodeASCII (11 bytes)
Event: 8.451 Thread 0x000001b4e202d7d0 3624       1       java.lang.String::decodeASCII (64 bytes)
Event: 8.451 Thread 0x000001b49cbd14d0 nmethod 3623 0x000001b495b87c90 code [0x000001b495b87e20, 0x000001b495b87f08]
Event: 8.451 Thread 0x000001b49cbd14d0 3625       1       sun.nio.cs.UTF_8$Decoder::decodeLoop (28 bytes)
Event: 8.451 Thread 0x000001b4e31108a0 nmethod 3616 0x000001b495b87f90 code [0x000001b495b881c0, 0x000001b495b887c8]
Event: 8.451 Thread 0x000001b4e31108a0 3626       1       java.nio.charset.CharsetDecoder::averageCharsPerByte (5 bytes)
Event: 8.451 Thread 0x000001b4e31108a0 nmethod 3626 0x000001b495b88b10 code [0x000001b495b88ca0, 0x000001b495b88d78]
Event: 8.452 Thread 0x000001b4e202d7d0 nmethod 3624 0x000001b495b88e10 code [0x000001b495b88fc0, 0x000001b495b89218]
Event: 8.452 Thread 0x000001b49cbd14d0 nmethod 3625 0x000001b495b89510 code [0x000001b495b896c0, 0x000001b495b89858]
Event: 8.455 Thread 0x000001b4e202d7d0 3627       1       java.util.logging.LogManager$LoggerContext::requiresDefaultLoggers (29 bytes)
Event: 8.455 Thread 0x000001b4e202d7d0 nmethod 3627 0x000001b495b89990 code [0x000001b495b89b20, 0x000001b495b89c48]
Event: 8.502 Thread 0x000001b4e31108a0 3628       1       java.util.BitSet::expandTo (23 bytes)
Event: 8.502 Thread 0x000001b4e202d7d0 3629       1       java.util.BitSet::set (58 bytes)
Event: 8.502 Thread 0x000001b4e31108a0 nmethod 3628 0x000001b495b89d10 code [0x000001b495b89ea0, 0x000001b495b89fa8]
Event: 8.503 Thread 0x000001b4e202d7d0 nmethod 3629 0x000001b495b8a010 code [0x000001b495b8a220, 0x000001b495b8a6b8]
Event: 8.518 Thread 0x000001b49cbd14d0 3630       1       java.nio.Buffer::remaining (20 bytes)
Event: 8.518 Thread 0x000001b49cbd14d0 nmethod 3630 0x000001b495b8a910 code [0x000001b495b8aaa0, 0x000001b495b8ab78]

GC Heap History (15 events):
Event: 1.700 GC heap before
{Heap before GC invocations=0 (full 0):
 garbage-first heap   total 65536K, used 13312K [0x00000000c0c00000, 0x0000000100000000)
  region size 1024K, 13 young (13312K), 0 survivors (0K)
 Metaspace       used 5003K, committed 5248K, reserved 1114112K
  class space    used 594K, committed 704K, reserved 1048576K
}
Event: 1.718 GC heap after
{Heap after GC invocations=1 (full 0):
 garbage-first heap   total 65536K, used 7312K [0x00000000c0c00000, 0x0000000100000000)
  region size 1024K, 2 young (2048K), 2 survivors (2048K)
 Metaspace       used 5003K, committed 5248K, reserved 1114112K
  class space    used 594K, committed 704K, reserved 1048576K
}
Event: 2.323 GC heap before
{Heap before GC invocations=1 (full 0):
 garbage-first heap   total 65536K, used 14480K [0x00000000c0c00000, 0x0000000100000000)
  region size 1024K, 9 young (9216K), 2 survivors (2048K)
 Metaspace       used 6924K, committed 7104K, reserved 1114112K
  class space    used 868K, committed 960K, reserved 1048576K
}
Event: 2.333 GC heap after
{Heap after GC invocations=2 (full 0):
 garbage-first heap   total 65536K, used 7974K [0x00000000c0c00000, 0x0000000100000000)
  region size 1024K, 1 young (1024K), 1 survivors (1024K)
 Metaspace       used 6924K, committed 7104K, reserved 1114112K
  class space    used 868K, committed 960K, reserved 1048576K
}
Event: 3.650 GC heap before
{Heap before GC invocations=2 (full 0):
 garbage-first heap   total 65536K, used 27430K [0x00000000c0c00000, 0x0000000100000000)
  region size 1024K, 20 young (20480K), 1 survivors (1024K)
 Metaspace       used 10996K, committed 11328K, reserved 1114112K
  class space    used 1515K, committed 1664K, reserved 1048576K
}
Event: 3.657 GC heap after
{Heap after GC invocations=3 (full 0):
 garbage-first heap   total 65536K, used 9338K [0x00000000c0c00000, 0x0000000100000000)
  region size 1024K, 2 young (2048K), 2 survivors (2048K)
 Metaspace       used 10996K, committed 11328K, reserved 1114112K
  class space    used 1515K, committed 1664K, reserved 1048576K
}
Event: 4.812 GC heap before
{Heap before GC invocations=3 (full 0):
 garbage-first heap   total 65536K, used 39034K [0x00000000c0c00000, 0x0000000100000000)
  region size 1024K, 32 young (32768K), 2 survivors (2048K)
 Metaspace       used 17416K, committed 17600K, reserved 1114112K
  class space    used 2416K, committed 2496K, reserved 1048576K
}
Event: 4.823 GC heap after
{Heap after GC invocations=4 (full 0):
 garbage-first heap   total 65536K, used 10930K [0x00000000c0c00000, 0x0000000100000000)
  region size 1024K, 4 young (4096K), 4 survivors (4096K)
 Metaspace       used 17416K, committed 17600K, reserved 1114112K
  class space    used 2416K, committed 2496K, reserved 1048576K
}
Event: 5.472 GC heap before
{Heap before GC invocations=4 (full 0):
 garbage-first heap   total 65536K, used 33458K [0x00000000c0c00000, 0x0000000100000000)
  region size 1024K, 27 young (27648K), 4 survivors (4096K)
 Metaspace       used 21264K, committed 21504K, reserved 1114112K
  class space    used 2921K, committed 3072K, reserved 1048576K
}
Event: 5.486 GC heap after
{Heap after GC invocations=5 (full 0):
 garbage-first heap   total 65536K, used 13124K [0x00000000c0c00000, 0x0000000100000000)
  region size 1024K, 4 young (4096K), 4 survivors (4096K)
 Metaspace       used 21264K, committed 21504K, reserved 1114112K
  class space    used 2921K, committed 3072K, reserved 1048576K
}
Event: 6.702 GC heap before
{Heap before GC invocations=6 (full 0):
 garbage-first heap   total 48128K, used 36676K [0x00000000c0c00000, 0x0000000100000000)
  region size 1024K, 28 young (28672K), 4 survivors (4096K)
 Metaspace       used 23582K, committed 23872K, reserved 1114112K
  class space    used 3283K, committed 3392K, reserved 1048576K
}
Event: 6.721 GC heap after
{Heap after GC invocations=7 (full 0):
 garbage-first heap   total 48128K, used 14854K [0x00000000c0c00000, 0x0000000100000000)
  region size 1024K, 4 young (4096K), 4 survivors (4096K)
 Metaspace       used 23582K, committed 23872K, reserved 1114112K
  class space    used 3283K, committed 3392K, reserved 1048576K
}
Event: 7.639 GC heap before
{Heap before GC invocations=7 (full 0):
 garbage-first heap   total 48128K, used 34310K [0x00000000c0c00000, 0x0000000100000000)
  region size 1024K, 23 young (23552K), 4 survivors (4096K)
 Metaspace       used 26412K, committed 26880K, reserved 1114112K
  class space    used 3724K, committed 3968K, reserved 1048576K
}
Event: 7.665 GC heap after
{Heap after GC invocations=8 (full 0):
 garbage-first heap   total 48128K, used 16370K [0x00000000c0c00000, 0x0000000100000000)
  region size 1024K, 2 young (2048K), 2 survivors (2048K)
 Metaspace       used 26412K, committed 26880K, reserved 1114112K
  class space    used 3724K, committed 3968K, reserved 1048576K
}
Event: 8.536 GC heap before
{Heap before GC invocations=8 (full 0):
 garbage-first heap   total 48128K, used 34802K [0x00000000c0c00000, 0x0000000100000000)
  region size 1024K, 20 young (20480K), 2 survivors (2048K)
 Metaspace       used 29550K, committed 29888K, reserved 1114112K
  class space    used 4192K, committed 4352K, reserved 1048576K
}

Dll operation events (13 events):
Event: 0.036 Loaded shared library C:\Users\Willy.nyawira\.jdks\corretto-17.0.11\bin\java.dll
Event: 0.085 Loaded shared library C:\Users\Willy.nyawira\.jdks\corretto-17.0.11\bin\jsvml.dll
Event: 0.527 Loaded shared library C:\Users\Willy.nyawira\.jdks\corretto-17.0.11\bin\zip.dll
Event: 0.537 Loaded shared library C:\Users\Willy.nyawira\.jdks\corretto-17.0.11\bin\instrument.dll
Event: 0.554 Loaded shared library C:\Users\Willy.nyawira\.jdks\corretto-17.0.11\bin\net.dll
Event: 0.559 Loaded shared library C:\Users\Willy.nyawira\.jdks\corretto-17.0.11\bin\nio.dll
Event: 0.567 Loaded shared library C:\Users\Willy.nyawira\.jdks\corretto-17.0.11\bin\zip.dll
Event: 0.774 Loaded shared library C:\Program Files\JetBrains\IntelliJ IDEA 2024.1.1\bin\breakgen64.dll
Event: 0.789 Loaded shared library C:\Users\Willy.nyawira\.jdks\corretto-17.0.11\bin\jimage.dll
Event: 0.812 Loaded shared library C:\Users\Willy.nyawira\.jdks\corretto-17.0.11\bin\extnet.dll
Event: 0.842 Loaded shared library C:\Users\Willy.nyawira\.jdks\corretto-17.0.11\bin\management.dll
Event: 0.883 Loaded shared library C:\Users\Willy.nyawira\.jdks\corretto-17.0.11\bin\management_ext.dll
Event: 5.580 Loaded shared library C:\Users\Willy.nyawira\.jdks\corretto-17.0.11\bin\sunmscapi.dll

Deoptimization events (0 events):
No events

Classes unloaded (0 events):
No events

Classes redefined (0 events):
No events

Internal exceptions (20 events):
Event: 7.333 Thread 0x000001b48d8ad190 Exception <a 'java/lang/NoSuchMethodError'{0x00000000c2e9ef08}: 'int java.lang.invoke.Invokers$Holder.linkToTargetMethod(java.lang.Object, java.lang.Object)'> (0x00000000c2e9ef08) 
thrown [s\src\hotspot\share\interpreter\linkResolver.cpp, line 759]
Event: 7.361 Thread 0x000001b48d8ad190 Exception <a 'java/lang/NoSuchMethodError'{0x00000000c2d426c8}: 'java.lang.Object java.lang.invoke.DirectMethodHandle$Holder.invokeSpecial(java.lang.Object, java.lang.Object, java.lang.Object, java.lang.Object, java.lang.Object, java.lang.Object, java.lang.Object, java.lang.Object, java.lang.Object, java.lang.Object)'> (0x00000000c2d426c8) 
thrown [s\src\hotspot\share\interpreter\linkResolver.cpp, line 759]
Event: 7.361 Thread 0x000001b48d8ad190 Exception <a 'java/lang/NoSuchMethodError'{0x00000000c2d46cb0}: 'java.lang.Object java.lang.invoke.Invokers$Holder.invoke_MT(java.lang.Object, java.lang.Object, java.lang.Object, java.lang.Object, java.lang.Object, java.lang.Object, java.lang.Object, java.lang.Object, java.lang.Object, java.lang.Object)'> (0x00000000c2d46cb0) 
thrown [s\src\hotspot\share\interpreter\linkResolver.cpp, line 759]
Event: 7.372 Thread 0x000001b48d8ad190 Exception <a 'java/lang/NoSuchMethodError'{0x00000000c2d88400}: 'java.lang.Object java.lang.invoke.DirectMethodHandle$Holder.invokeSpecial(java.lang.Object, java.lang.Object, int, java.lang.Object, java.lang.Object)'> (0x00000000c2d88400) 
thrown [s\src\hotspot\share\interpreter\linkResolver.cpp, line 759]
Event: 7.372 Thread 0x000001b48d8ad190 Exception <a 'java/lang/NoSuchMethodError'{0x00000000c2d8c0a8}: 'java.lang.Object java.lang.invoke.DelegatingMethodHandle$Holder.delegate(java.lang.Object, int, java.lang.Object, java.lang.Object)'> (0x00000000c2d8c0a8) 
thrown [s\src\hotspot\share\interpreter\linkResolver.cpp, line 759]
Event: 7.375 Thread 0x000001b48d8ad190 Exception <a 'java/lang/NoSuchMethodError'{0x00000000c2d9d000}: 'int java.lang.invoke.Invokers$Holder.linkToTargetMethod(java.lang.Object, java.lang.Object, java.lang.Object)'> (0x00000000c2d9d000) 
thrown [s\src\hotspot\share\interpreter\linkResolver.cpp, line 759]
Event: 7.488 Thread 0x000001b48d8ad190 Exception <a 'java/lang/NoClassDefFoundError'{0x00000000c2b7fe58}: org/flywaydb/core/Flyway> (0x00000000c2b7fe58) 
thrown [s\src\hotspot\share\classfile\systemDictionary.cpp, line 245]
Event: 7.489 Thread 0x000001b48d8ad190 Exception <a 'java/lang/NoClassDefFoundError'{0x00000000c2b81f28}: liquibase/integration/spring/SpringLiquibase> (0x00000000c2b81f28) 
thrown [s\src\hotspot\share\classfile\systemDictionary.cpp, line 245]
Event: 7.554 Thread 0x000001b48d8ad190 Exception <a 'java/lang/NoClassDefFoundError'{0x00000000c2996b98}: org/jooq/DSLContext> (0x00000000c2996b98) 
thrown [s\src\hotspot\share\classfile\systemDictionary.cpp, line 245]
Event: 7.556 Thread 0x000001b48d8ad190 Exception <a 'java/lang/NoClassDefFoundError'{0x00000000c29a4b80}: org/springframework/batch/core/repository/JobRepository> (0x00000000c29a4b80) 
thrown [s\src\hotspot\share\classfile\systemDictionary.cpp, line 245]
Event: 7.556 Thread 0x000001b48d8ad190 Exception <a 'java/lang/NoClassDefFoundError'{0x00000000c29a69b0}: org/quartz/Scheduler> (0x00000000c29a69b0) 
thrown [s\src\hotspot\share\classfile\systemDictionary.cpp, line 245]
Event: 7.556 Thread 0x000001b48d8ad190 Exception <a 'java/lang/NoClassDefFoundError'{0x00000000c29a8cd0}: org/springframework/session/jdbc/JdbcIndexedSessionRepository> (0x00000000c29a8cd0) 
thrown [s\src\hotspot\share\classfile\systemDictionary.cpp, line 245]
Event: 8.150 Thread 0x000001b48d8ad190 Exception <a 'java/lang/NoSuchMethodError'{0x00000000c3127ec8}: 'void java.lang.invoke.DirectMethodHandle$Holder.invokeInterface(java.lang.Object, java.lang.Object, int)'> (0x00000000c3127ec8) 
thrown [s\src\hotspot\share\interpreter\linkResolver.cpp, line 759]
Event: 8.161 Thread 0x000001b48d8ad190 Exception <a 'java/lang/IncompatibleClassChangeError'{0x00000000c3177ca0}: Found class java.lang.Object, but interface was expected> (0x00000000c3177ca0) 
thrown [s\src\hotspot\share\interpreter\linkResolver.cpp, line 826]
Event: 8.164 Thread 0x000001b48d8ad190 Exception <a 'java/lang/NoSuchMethodError'{0x00000000c3190780}: 'void java.lang.invoke.DirectMethodHandle$Holder.invokeStatic(java.lang.Object, int, java.lang.Object)'> (0x00000000c3190780) 
thrown [s\src\hotspot\share\interpreter\linkResolver.cpp, line 759]
Event: 8.176 Thread 0x000001b48d8ad190 Exception <a 'java/lang/NoSuchMethodError'{0x00000000c31cc9e0}: 'void java.lang.invoke.DirectMethodHandle$Holder.invokeVirtual(java.lang.Object, java.lang.Object, int)'> (0x00000000c31cc9e0) 
thrown [s\src\hotspot\share\interpreter\linkResolver.cpp, line 759]
Event: 8.177 Thread 0x000001b48d8ad190 Exception <a 'java/lang/NoSuchMethodError'{0x00000000c31d2c28}: 'void java.lang.invoke.DirectMethodHandle$Holder.invokeStatic(java.lang.Object, java.lang.Object, java.lang.Object, int, java.lang.Object)'> (0x00000000c31d2c28) 
thrown [s\src\hotspot\share\interpreter\linkResolver.cpp, line 759]
Event: 8.178 Thread 0x000001b48d8ad190 Exception <a 'java/lang/NoSuchMethodError'{0x00000000c31da130}: 'java.lang.Object java.lang.invoke.DirectMethodHandle$Holder.newInvokeSpecial(java.lang.Object, java.lang.Object, java.lang.Object, int)'> (0x00000000c31da130) 
thrown [s\src\hotspot\share\interpreter\linkResolver.cpp, line 759]
Event: 8.179 Thread 0x000001b48d8ad190 Exception <a 'java/lang/NoSuchMethodError'{0x00000000c31de418}: 'java.lang.Object java.lang.invoke.DirectMethodHandle$Holder.invokeSpecial(java.lang.Object, java.lang.Object, java.lang.Object, java.lang.Object, int)'> (0x00000000c31de418) 
thrown [s\src\hotspot\share\interpreter\linkResolver.cpp, line 759]
Event: 8.179 Thread 0x000001b48d8ad190 Exception <a 'java/lang/NoSuchMethodError'{0x00000000c31e1fe0}: 'java.lang.Object java.lang.invoke.Invokers$Holder.linkToTargetMethod(java.lang.Object, java.lang.Object, int, java.lang.Object)'> (0x00000000c31e1fe0) 
thrown [s\src\hotspot\share\interpreter\linkResolver.cpp, line 759]

VM Operations (20 events):
Event: 6.826 Executing VM operation: HandshakeAllThreads done
Event: 6.829 Executing VM operation: HandshakeAllThreads
Event: 6.829 Executing VM operation: HandshakeAllThreads done
Event: 6.830 Executing VM operation: HandshakeAllThreads
Event: 6.830 Executing VM operation: HandshakeAllThreads done
Event: 6.957 Executing VM operation: HandshakeAllThreads
Event: 6.957 Executing VM operation: HandshakeAllThreads done
Event: 7.339 Executing VM operation: HandshakeAllThreads
Event: 7.339 Executing VM operation: HandshakeAllThreads done
Event: 7.638 Executing VM operation: HandshakeAllThreads
Event: 7.638 Executing VM operation: HandshakeAllThreads done
Event: 7.639 Executing VM operation: G1CollectForAllocation
Event: 7.665 Executing VM operation: G1CollectForAllocation done
Event: 7.696 Executing VM operation: HandshakeAllThreads
Event: 7.696 Executing VM operation: HandshakeAllThreads done
Event: 8.519 Executing VM operation: HandshakeAllThreads
Event: 8.519 Executing VM operation: HandshakeAllThreads done
Event: 8.522 Executing VM operation: HandshakeAllThreads
Event: 8.522 Executing VM operation: HandshakeAllThreads done
Event: 8.536 Executing VM operation: G1CollectForAllocation

Events (20 events):
Event: 8.389 loading class java/net/SocketTimeoutException
Event: 8.389 loading class java/io/InterruptedIOException
Event: 8.389 loading class java/io/InterruptedIOException done
Event: 8.389 loading class java/net/SocketTimeoutException done
Event: 8.391 loading class java/beans/PropertyChangeSupport
Event: 8.391 loading class java/beans/PropertyChangeSupport done
Event: 8.392 loading class java/beans/PropertyChangeSupport$PropertyChangeListenerMap
Event: 8.392 loading class java/beans/ChangeListenerMap
Event: 8.393 loading class java/beans/ChangeListenerMap done
Event: 8.393 loading class java/beans/PropertyChangeSupport$PropertyChangeListenerMap done
Event: 8.393 loading class java/beans/PropertyChangeListener
Event: 8.393 loading class java/beans/PropertyChangeListener done
Event: 8.423 loading class java/beans/PropertyChangeEvent
Event: 8.423 loading class java/beans/PropertyChangeEvent done
Event: 8.448 loading class java/nio/BufferUnderflowException
Event: 8.448 loading class java/nio/BufferUnderflowException done
Event: 8.468 loading class java/io/FileReader
Event: 8.468 loading class java/io/FileReader done
Event: 8.519 loading class java/lang/instrument/IllegalClassFormatException
Event: 8.519 loading class java/lang/instrument/IllegalClassFormatException done


Dynamic libraries:
0x00007ff768680000 - 0x00007ff76868e000 	C:\Users\Willy.nyawira\.jdks\corretto-17.0.11\bin\java.exe
0x00007ff9d9950000 - 0x00007ff9d9b48000 	C:\WINDOWS\SYSTEM32\ntdll.dll
0x00007ff9d82a0000 - 0x00007ff9d835d000 	C:\WINDOWS\System32\KERNEL32.DLL
0x00007ff9d7540000 - 0x00007ff9d7836000 	C:\WINDOWS\System32\KERNELBASE.dll
0x00007ff9d7410000 - 0x00007ff9d7510000 	C:\WINDOWS\System32\ucrtbase.dll
0x00007ff9d2ac0000 - 0x00007ff9d2adb000 	C:\Users\Willy.nyawira\.jdks\corretto-17.0.11\bin\VCRUNTIME140.dll
0x00007ff9d2aa0000 - 0x00007ff9d2ab7000 	C:\Users\Willy.nyawira\.jdks\corretto-17.0.11\bin\jli.dll
0x00007ff9d9620000 - 0x00007ff9d97bf000 	C:\WINDOWS\System32\USER32.dll
0x00007ff9d7510000 - 0x00007ff9d7532000 	C:\WINDOWS\System32\win32u.dll
0x00007ff9c39f0000 - 0x00007ff9c3c8a000 	C:\WINDOWS\WinSxS\amd64_microsoft.windows.common-controls_6595b64144ccf1df_6.0.19041.4355_none_60b8b9eb71f62e16\COMCTL32.dll
0x00007ff9d8360000 - 0x00007ff9d838b000 	C:\WINDOWS\System32\GDI32.dll
0x00007ff9d9580000 - 0x00007ff9d961e000 	C:\WINDOWS\System32\msvcrt.dll
0x00007ff9d7000000 - 0x00007ff9d7117000 	C:\WINDOWS\System32\gdi32full.dll
0x00007ff9d7170000 - 0x00007ff9d720d000 	C:\WINDOWS\System32\msvcp_win.dll
0x00007ff9d8800000 - 0x00007ff9d8832000 	C:\WINDOWS\System32\IMM32.DLL
0x00007ff9d2a90000 - 0x00007ff9d2a9c000 	C:\Users\Willy.nyawira\.jdks\corretto-17.0.11\bin\vcruntime140_1.dll
0x00007ff9cc9f0000 - 0x00007ff9cca7d000 	C:\Users\Willy.nyawira\.jdks\corretto-17.0.11\bin\msvcp140.dll
0x00007ff9ac4d0000 - 0x00007ff9ad132000 	C:\Users\Willy.nyawira\.jdks\corretto-17.0.11\bin\server\jvm.dll
0x00007ff9d7a70000 - 0x00007ff9d7b20000 	C:\WINDOWS\System32\ADVAPI32.dll
0x00007ff9d97c0000 - 0x00007ff9d9860000 	C:\WINDOWS\System32\sechost.dll
0x00007ff9d7ba0000 - 0x00007ff9d7cc3000 	C:\WINDOWS\System32\RPCRT4.dll
0x00007ff9d73e0000 - 0x00007ff9d7407000 	C:\WINDOWS\System32\bcrypt.dll
0x00007ff9c72f0000 - 0x00007ff9c72f9000 	C:\WINDOWS\SYSTEM32\WSOCK32.dll
0x00007ff9d6e50000 - 0x00007ff9d6e9b000 	C:\WINDOWS\SYSTEM32\POWRPROF.dll
0x00007ff9d7cd0000 - 0x00007ff9d7d3b000 	C:\WINDOWS\System32\WS2_32.dll
0x00007ff9c6520000 - 0x00007ff9c6547000 	C:\WINDOWS\SYSTEM32\WINMM.dll
0x00007ff9c7fa0000 - 0x00007ff9c7faa000 	C:\WINDOWS\SYSTEM32\VERSION.dll
0x00007ff9d6e30000 - 0x00007ff9d6e42000 	C:\WINDOWS\SYSTEM32\UMPDC.dll
0x00007ff9d4e40000 - 0x00007ff9d4e52000 	C:\WINDOWS\SYSTEM32\kernel.appcore.dll
0x00007ff9d2a80000 - 0x00007ff9d2a8a000 	C:\Users\Willy.nyawira\.jdks\corretto-17.0.11\bin\jimage.dll
0x00007ff9c4850000 - 0x00007ff9c4a34000 	C:\WINDOWS\SYSTEM32\DBGHELP.DLL
0x00007ff9c09a0000 - 0x00007ff9c09d4000 	C:\WINDOWS\SYSTEM32\dbgcore.DLL
0x00007ff9d78f0000 - 0x00007ff9d7972000 	C:\WINDOWS\System32\bcryptPrimitives.dll
0x00007ff9d29f0000 - 0x00007ff9d29fe000 	C:\Users\Willy.nyawira\.jdks\corretto-17.0.11\bin\instrument.dll
0x00007ff9d2a20000 - 0x00007ff9d2a45000 	C:\Users\Willy.nyawira\.jdks\corretto-17.0.11\bin\java.dll
0x00007ff9c2de0000 - 0x00007ff9c2eb7000 	C:\Users\Willy.nyawira\.jdks\corretto-17.0.11\bin\jsvml.dll
0x00007ff9d8db0000 - 0x00007ff9d951b000 	C:\WINDOWS\System32\SHELL32.dll
0x00007ff9d5040000 - 0x00007ff9d57dd000 	C:\WINDOWS\SYSTEM32\windows.storage.dll
0x00007ff9d7da0000 - 0x00007ff9d80f3000 	C:\WINDOWS\System32\combase.dll
0x00007ff9d6870000 - 0x00007ff9d689e000 	C:\WINDOWS\SYSTEM32\Wldp.dll
0x00007ff9d88d0000 - 0x00007ff9d899d000 	C:\WINDOWS\System32\OLEAUT32.dll
0x00007ff9d9860000 - 0x00007ff9d990d000 	C:\WINDOWS\System32\SHCORE.dll
0x00007ff9d8120000 - 0x00007ff9d8175000 	C:\WINDOWS\System32\shlwapi.dll
0x00007ff9d6f30000 - 0x00007ff9d6f54000 	C:\WINDOWS\SYSTEM32\profapi.dll
0x00007ff9d29a0000 - 0x00007ff9d29b8000 	C:\Users\Willy.nyawira\.jdks\corretto-17.0.11\bin\zip.dll
0x00007ff9d2a60000 - 0x00007ff9d2a79000 	C:\Users\Willy.nyawira\.jdks\corretto-17.0.11\bin\net.dll
0x00007ff9cb7b0000 - 0x00007ff9cb8ba000 	C:\WINDOWS\SYSTEM32\WINHTTP.dll
0x00007ff9d6650000 - 0x00007ff9d66ba000 	C:\WINDOWS\system32\mswsock.dll
0x00007ff9d2a00000 - 0x00007ff9d2a16000 	C:\Users\Willy.nyawira\.jdks\corretto-17.0.11\bin\nio.dll
0x00007ff9d15c0000 - 0x00007ff9d15da000 	C:\Program Files\JetBrains\IntelliJ IDEA 2024.1.1\bin\breakgen64.dll
0x00007ff9d15b0000 - 0x00007ff9d15b9000 	C:\Users\Willy.nyawira\.jdks\corretto-17.0.11\bin\extnet.dll
0x00007ff9d6390000 - 0x00007ff9d645b000 	C:\WINDOWS\SYSTEM32\DNSAPI.dll
0x00007ff9d6350000 - 0x00007ff9d638b000 	C:\WINDOWS\SYSTEM32\IPHLPAPI.DLL
0x00007ff9d81e0000 - 0x00007ff9d81e8000 	C:\WINDOWS\System32\NSI.dll
0x00007ff9ccea0000 - 0x00007ff9cceaa000 	C:\Windows\System32\rasadhlp.dll
0x00007ff9c8a60000 - 0x00007ff9c8ae0000 	C:\WINDOWS\System32\fwpuclnt.dll
0x00007ff9ce1f0000 - 0x00007ff9ce1f9000 	C:\Users\Willy.nyawira\.jdks\corretto-17.0.11\bin\management.dll
0x00007ff9ce1e0000 - 0x00007ff9ce1eb000 	C:\Users\Willy.nyawira\.jdks\corretto-17.0.11\bin\management_ext.dll
0x00007ff9d8c80000 - 0x00007ff9d8c88000 	C:\WINDOWS\System32\PSAPI.DLL
0x00007ff9d6a10000 - 0x00007ff9d6a28000 	C:\WINDOWS\SYSTEM32\CRYPTSP.dll
0x00007ff9d5f90000 - 0x00007ff9d5fc4000 	C:\WINDOWS\system32\rsaenh.dll
0x00007ff9d6ea0000 - 0x00007ff9d6ece000 	C:\WINDOWS\SYSTEM32\USERENV.dll
0x00007ff9d67e0000 - 0x00007ff9d67ec000 	C:\WINDOWS\SYSTEM32\CRYPTBASE.dll
0x00007ff9cbe90000 - 0x00007ff9cbea7000 	C:\WINDOWS\SYSTEM32\dhcpcsvc6.DLL
0x00007ff9ccd50000 - 0x00007ff9ccd6d000 	C:\WINDOWS\SYSTEM32\dhcpcsvc.DLL
0x00007ff9c4bf0000 - 0x00007ff9c4c07000 	C:\WINDOWS\system32\napinsp.dll
0x00007ff9c4bd0000 - 0x00007ff9c4beb000 	C:\WINDOWS\system32\pnrpnsp.dll
0x00007ff9d2930000 - 0x00007ff9d294d000 	C:\WINDOWS\system32\NLAapi.dll
0x00007ff9c4bb0000 - 0x00007ff9c4bc2000 	C:\WINDOWS\System32\winrnr.dll
0x00007ff9d1d50000 - 0x00007ff9d1d65000 	C:\WINDOWS\system32\wshbth.dll
0x00007ff9ce1d0000 - 0x00007ff9ce1de000 	C:\Users\Willy.nyawira\.jdks\corretto-17.0.11\bin\sunmscapi.dll
0x00007ff9d7280000 - 0x00007ff9d73de000 	C:\WINDOWS\System32\CRYPT32.dll
0x00007ff9d68e0000 - 0x00007ff9d6909000 	C:\WINDOWS\SYSTEM32\ncrypt.dll
0x00007ff9d68a0000 - 0x00007ff9d68db000 	C:\WINDOWS\SYSTEM32\NTASN1.dll

dbghelp: loaded successfully - version: 4.0.5 - missing functions: none
symbol engine: initialized successfully - sym options: 0x614 - pdb path: .;C:\Users\Willy.nyawira\.jdks\corretto-17.0.11\bin;C:\WINDOWS\SYSTEM32;C:\WINDOWS\WinSxS\amd64_microsoft.windows.common-controls_6595b64144ccf1df_6.0.19041.4355_none_60b8b9eb71f62e16;C:\Users\Willy.nyawira\.jdks\corretto-17.0.11\bin\server;C:\Program Files\JetBrains\IntelliJ IDEA 2024.1.1\bin

VM Arguments:
jvm_args: -XX:TieredStopAtLevel=1 -Dspring.output.ansi.enabled=always -Dcom.sun.management.jmxremote -Dspring.jmx.enabled=true -Dspring.liveBeansView.mbeanDomain -Dspring.application.admin.enabled=true -Dmanagement.endpoints.jmx.exposure.include=* -javaagent:C:\Program Files\JetBrains\IntelliJ IDEA 2024.1.1\lib\idea_rt.jar=51948:C:\Program Files\JetBrains\IntelliJ IDEA 2024.1.1\bin -Dfile.encoding=UTF-8 
java_command: com.emtech.Fixed.Assets.Emtech.Fixed.Assets.EmtechFixedAssetsApplication
java_class_path (initial): C:\Users\Willy.nyawira\Desktop\AIG\Emtech-Fixed-Assets\target\classes;C:\Users\Willy.nyawira\.m2\repository\org\springframework\boot\spring-boot-starter-data-jpa\3.2.5\spring-boot-starter-data-jpa-3.2.5.jar;C:\Users\Willy.nyawira\.m2\repository\org\springframework\boot\spring-boot-starter-aop\3.2.5\spring-boot-starter-aop-3.2.5.jar;C:\Users\Willy.nyawira\.m2\repository\org\aspectj\aspectjweaver\1.9.22\aspectjweaver-1.9.22.jar;C:\Users\Willy.nyawira\.m2\repository\org\springframework\boot\spring-boot-starter-jdbc\3.2.5\spring-boot-starter-jdbc-3.2.5.jar;C:\Users\Willy.nyawira\.m2\repository\com\zaxxer\HikariCP\5.0.1\HikariCP-5.0.1.jar;C:\Users\Willy.nyawira\.m2\repository\org\springframework\spring-jdbc\6.1.6\spring-jdbc-6.1.6.jar;C:\Users\Willy.nyawira\.m2\repository\org\hibernate\orm\hibernate-core\6.4.4.Final\hibernate-core-6.4.4.Final.jar;C:\Users\Willy.nyawira\.m2\repository\jakarta\persistence\jakarta.persistence-api\3.1.0\jakarta.persistence-api-3.1.0.jar;C:\Users\Willy.nyawira\.m2\repository\jakarta\transaction\jakarta.transaction-api\2.0.1\jakarta.transaction-api-2.0.1.jar;C:\Users\Willy.nyawira\.m2\repository\org\jboss\logging\jboss-logging\3.5.3.Final\jboss-logging-3.5.3.Final.jar;C:\Users\Willy.nyawira\.m2\repository\org\hibernate\common\hibernate-commons-annotations\6.0.6.Final\hibernate-commons-annotations-6.0.6.Final.jar;C:\Users\Willy.nyawira\.m2\repository\io\smallrye\jandex\3.1.2\jandex-3.1.2.jar;C:\Users\Willy.nyawira\.m2\repository\com\fasterxml\classmate\1.6.0\classmate-1.6.0.jar;C:\Users\Willy.nyawira\.m2\repository\net\bytebuddy\byte-buddy\1.14.13\byte-buddy-1.14.13.jar;C:\Users\Willy.nyawira\.m2\repository\org\glassfish\jaxb\jaxb-runtime\4.0.5\jaxb-runtime-4.0.5.jar;C:\Users\Willy.nyawira\.m2\repository\org\glassfish\jaxb\jaxb-core\4.0.5\jaxb-core-4.0.5.jar;C:\Users\Willy.nyawira\.m2\repository\org\eclipse\angus\angus-activation\2.0.2\angus-activation-2.0.2.jar;C:\Users\Willy.nyawira\.m2\repository\org\glassfish\ja
Launcher Type: SUN_STANDARD

[Global flags]
     intx CICompilerCount                          = 3                                         {product} {ergonomic}
     uint ConcGCThreads                            = 1                                         {product} {ergonomic}
     uint G1ConcRefinementThreads                  = 4                                         {product} {ergonomic}
   size_t G1HeapRegionSize                         = 1048576                                   {product} {ergonomic}
    uintx GCDrainStackTargetSize                   = 64                                        {product} {ergonomic}
   size_t InitialHeapSize                          = 67108864                                  {product} {ergonomic}
     bool ManagementServer                         = true                                      {product} {command line}
   size_t MarkStackSize                            = 4194304                                   {product} {ergonomic}
   size_t MaxHeapSize                              = 1061158912                                {product} {ergonomic}
   size_t MaxNewSize                               = 636485632                                 {product} {ergonomic}
   size_t MinHeapDeltaBytes                        = 1048576                                   {product} {ergonomic}
   size_t MinHeapSize                              = 8388608                                   {product} {ergonomic}
    uintx NonProfiledCodeHeapSize                  = 0                                      {pd product} {ergonomic}
     bool ProfileInterpreter                       = false                                  {pd product} {command line}
    uintx ProfiledCodeHeapSize                     = 0                                      {pd product} {ergonomic}
   size_t SoftMaxHeapSize                          = 1061158912                             {manageable} {ergonomic}
     intx TieredStopAtLevel                        = 1                                         {product} {command line}
     bool UseCompressedClassPointers               = true                           {product lp64_product} {ergonomic}
     bool UseCompressedOops                        = true                           {product lp64_product} {ergonomic}
     bool UseG1GC                                  = true                                      {product} {ergonomic}
     bool UseLargePagesIndividualAllocation        = false                                  {pd product} {ergonomic}

Logging:
Log output configuration:
 #0: stdout all=warning uptime,level,tags
 #1: stderr all=off uptime,level,tags

Environment Variables:
JAVA_HOME=C:\Program Files\Java\jdk-21
PATH=C:\OraHome_2\jre\1.4.2\bin\client;C:\OraHome_2\jre\1.4.2\bin;C:\OraHome_1\bin;C:\OraHome_1\jre\1.4.2\bin\client;C:\OraHome_1\jre\1.4.2\bin;C:\DevSuiteHome_4\jdk\jre\bin\classic;C:\DevSuiteHome_4\jdk\jre\bin;C:\DevSuiteHome_4\jdk\jre\bin\client;C:\DevSuiteHome_4\jlib;C:\DevSuiteHome_4\bin;C:\DevSuiteHome_4\jre\1.4.2\bin\client;C:\DevSuiteHome_4\jre\1.4.2\bin;D:\DevSuiteHome_8\jdk\jre\bin\classic;D:\DevSuiteHome_8\jdk\jre\bin;D:\DevSuiteHome_8\jdk\jre\bin\client;D:\DevSuiteHome_8\jlib;D:\DevSuiteHome_8\bin;D:\DevSuiteHome_8\jre\1.4.2\bin\client;D:\DevSuiteHome_8\jre\1.4.2\bin;C:\oraclexe\app\oracle\product\11.2.0\server\bin;C:\Program Files\Common Files\Oracle\Java\javapath;C:\Program Files (x86)\Common Files\Oracle\Java\java8path;C:\Program Files (x86)\Common Files\Oracle\Java\javapath;C:\oraclexe\app\oracle\product\11.2.0\server\bin;C:\WINDOWS\system32;C:\WINDOWS;C:\WINDOWS\System32\Wbem;C:\WINDOWS\System32\WindowsPowerShell\v1.0\;C:\WINDOWS\System32\OpenSSH\;C:\Program Files (x86)\WinSCP\;C:\Program Files\Java\jdk-21;C:\Program Files\PuTTY\;C:\Program Files\Amazon\AWSCLIV2\;C:\Users\Willy.nyawira\AppData\Local\Programs\Microsoft VS Code\bin;C:\Program Files\heroku\bin;C:\Program Files\JetBrains\IntelliJ IDEA 2024.1.1\bin;;C:\Program Files\Java\jdk-21;C:\xampp\mysql\bin;
USERNAME=Willy.nyawira
OS=Windows_NT
PROCESSOR_IDENTIFIER=Intel64 Family 6 Model 42 Stepping 7, GenuineIntel
TMP=C:\Users\WILLY~1.NYA\AppData\Local\Temp
TEMP=C:\Users\WILLY~1.NYA\AppData\Local\Temp



Periodic native trim disabled


---------------  S Y S T E M  ---------------

OS:
 Windows 10 , 64 bit Build 19041 (10.0.19041.3636)
OS uptime: 0 days 2:31 hours
Hyper-V role detected

CPU: total 4 (initial active 4) (2 cores per cpu, 2 threads per core) family 6 model 42 stepping 7 microcode 0x2f, cx8, cmov, fxsr, ht, mmx, sse, sse2, sse3, ssse3, sse4.1, sse4.2, popcnt, tsc, tscinvbit, avx, aes, clmul, vzeroupper, clflush, hv
Processor Information for all 4 processors :
  Max Mhz: 1601, Current Mhz: 1600, Mhz Limit: 1584

Memory: 4k page, system-wide physical 4041M (380M free)
TotalPageFile size 7111M (AvailPageFile size 9M)
current process WorkingSet (physical memory assigned to process): 133M, peak: 133M
current process commit charge ("private bytes"): 165M, peak: 175M

vm_info: OpenJDK 64-Bit Server VM (17.0.11+9-LTS) for windows-amd64 JRE (17.0.11+9-LTS), built on Apr 10 2024 22:12:24 by "Administrator" with MS VC++ 16.10 / 16.11 (VS2019)

END.
